<?xml version="1.0" encoding="utf-8" standalone="no"?>
<test-results xmlns:xsi="http://www.w3.org/2001/XMLSchema-instance" xsi:noNamespaceSchemaLocation="nunit_schema_2.5.xsd" name="Pester" total="831" errors="0" failures="192" not-run="0" inconclusive="0" ignored="0" skipped="2" invalid="0" date="2024-02-04" time="22:07:10">
  <environment user-domain="JLA-LoftHTPC" cwd="E:\Owner\Documents\Google Drive\Programs\Scripts\PowerShell\Permission\tests" platform="Microsoft Windows 10 Pro|C:\WINDOWS|\Device\Harddisk0\Partition2" clr-version="Unknown" os-version="10.0.19044" machine-name="JLA-LOFTHTPC" nunit-version="2.5.8.0" user="Owner" />
  <culture-info current-culture="en-US" current-uiculture="en-US" />
  <test-suite type="TestFixture" name="Pester" executed="True" result="Failure" success="False" time="8.5741" asserts="0" description="Pester">
    <results>
      <test-suite type="TestFixture" name="E:\Owner\Documents\Google Drive\Programs\Scripts\PowerShell\Permission\tests\Function.tests.ps1" executed="True" result="Success" success="True" time="0.8914" asserts="0" description="E:\Owner\Documents\Google Drive\Programs\Scripts\PowerShell\Permission\tests\Function.tests.ps1">
        <results>
          <test-suite type="TestFixture" name="function 'Expand-AcctPermission.ps1'" executed="True" result="Success" success="True" time="0.0185" asserts="0" description="function 'Expand-AcctPermission.ps1'">
            <results>
              <test-suite type="ParameterizedTest" name="function 'Expand-AcctPermission.ps1'.runs without throwing errors" executed="True" result="Success" success="True" time="0.007" asserts="0" description="runs without throwing errors">
                <results>
                  <test-case description="runs without throwing errors" name="function 'Expand-AcctPermission.ps1'.runs without throwing errors(&quot;E:\Owner\Documents\Google Drive\Programs\Scripts\PowerShell\Permission\src\functions\public\Expand-AcctPermission.ps1&quot;)" time="0.007" asserts="0" success="True" result="Success" executed="True" />
                </results>
              </test-suite>
              <test-suite type="ParameterizedTest" name="function 'Expand-AcctPermission.ps1'.can be tokenized by the PowerShell parser without any errors" executed="True" result="Success" success="True" time="0.0082" asserts="0" description="can be tokenized by the PowerShell parser without any errors">
                <results>
                  <test-case description="can be tokenized by the PowerShell parser without any errors" name="function 'Expand-AcctPermission.ps1'.can be tokenized by the PowerShell parser without any errors(&quot;E:\Owner\Documents\Google Drive\Programs\Scripts\PowerShell\Permission\src\functions\public\Expand-AcctPermission.ps1&quot;)" time="0.0082" asserts="0" success="True" result="Success" executed="True" />
                </results>
              </test-suite>
            </results>
          </test-suite>
          <test-suite type="TestFixture" name="function 'Expand-Folder.ps1'" executed="True" result="Success" success="True" time="0.0424" asserts="0" description="function 'Expand-Folder.ps1'">
            <results>
              <test-suite type="ParameterizedTest" name="function 'Expand-Folder.ps1'.runs without throwing errors" executed="True" result="Success" success="True" time="0.0071" asserts="0" description="runs without throwing errors">
                <results>
                  <test-case description="runs without throwing errors" name="function 'Expand-Folder.ps1'.runs without throwing errors(&quot;E:\Owner\Documents\Google Drive\Programs\Scripts\PowerShell\Permission\src\functions\public\Expand-Folder.ps1&quot;)" time="0.0071" asserts="0" success="True" result="Success" executed="True" />
                </results>
              </test-suite>
              <test-suite type="ParameterizedTest" name="function 'Expand-Folder.ps1'.can be tokenized by the PowerShell parser without any errors" executed="True" result="Success" success="True" time="0.0134" asserts="0" description="can be tokenized by the PowerShell parser without any errors">
                <results>
                  <test-case description="can be tokenized by the PowerShell parser without any errors" name="function 'Expand-Folder.ps1'.can be tokenized by the PowerShell parser without any errors(&quot;E:\Owner\Documents\Google Drive\Programs\Scripts\PowerShell\Permission\src\functions\public\Expand-Folder.ps1&quot;)" time="0.0134" asserts="0" success="True" result="Success" executed="True" />
                </results>
              </test-suite>
            </results>
          </test-suite>
          <test-suite type="TestFixture" name="function 'Export-FolderPermissionHtml.ps1'" executed="True" result="Success" success="True" time="0.0609" asserts="0" description="function 'Export-FolderPermissionHtml.ps1'">
            <results>
              <test-suite type="ParameterizedTest" name="function 'Export-FolderPermissionHtml.ps1'.runs without throwing errors" executed="True" result="Success" success="True" time="0.0076" asserts="0" description="runs without throwing errors">
                <results>
                  <test-case description="runs without throwing errors" name="function 'Export-FolderPermissionHtml.ps1'.runs without throwing errors(&quot;E:\Owner\Documents\Google Drive\Programs\Scripts\PowerShell\Permission\src\functions\public\Export-FolderPermissionHtml.ps1&quot;)" time="0.0076" asserts="0" success="True" result="Success" executed="True" />
                </results>
              </test-suite>
              <test-suite type="ParameterizedTest" name="function 'Export-FolderPermissionHtml.ps1'.can be tokenized by the PowerShell parser without any errors" executed="True" result="Success" success="True" time="0.0082" asserts="0" description="can be tokenized by the PowerShell parser without any errors">
                <results>
                  <test-case description="can be tokenized by the PowerShell parser without any errors" name="function 'Export-FolderPermissionHtml.ps1'.can be tokenized by the PowerShell parser without any errors(&quot;E:\Owner\Documents\Google Drive\Programs\Scripts\PowerShell\Permission\src\functions\public\Export-FolderPermissionHtml.ps1&quot;)" time="0.0082" asserts="0" success="True" result="Success" executed="True" />
                </results>
              </test-suite>
            </results>
          </test-suite>
          <test-suite type="TestFixture" name="function 'Export-RawPermissionCsv.ps1'" executed="True" result="Success" success="True" time="0.0812" asserts="0" description="function 'Export-RawPermissionCsv.ps1'">
            <results>
              <test-suite type="ParameterizedTest" name="function 'Export-RawPermissionCsv.ps1'.runs without throwing errors" executed="True" result="Success" success="True" time="0.011" asserts="0" description="runs without throwing errors">
                <results>
                  <test-case description="runs without throwing errors" name="function 'Export-RawPermissionCsv.ps1'.runs without throwing errors(&quot;E:\Owner\Documents\Google Drive\Programs\Scripts\PowerShell\Permission\src\functions\public\Export-RawPermissionCsv.ps1&quot;)" time="0.011" asserts="0" success="True" result="Success" executed="True" />
                </results>
              </test-suite>
              <test-suite type="ParameterizedTest" name="function 'Export-RawPermissionCsv.ps1'.can be tokenized by the PowerShell parser without any errors" executed="True" result="Success" success="True" time="0.0064" asserts="0" description="can be tokenized by the PowerShell parser without any errors">
                <results>
                  <test-case description="can be tokenized by the PowerShell parser without any errors" name="function 'Export-RawPermissionCsv.ps1'.can be tokenized by the PowerShell parser without any errors(&quot;E:\Owner\Documents\Google Drive\Programs\Scripts\PowerShell\Permission\src\functions\public\Export-RawPermissionCsv.ps1&quot;)" time="0.0064" asserts="0" success="True" result="Success" executed="True" />
                </results>
              </test-suite>
            </results>
          </test-suite>
          <test-suite type="TestFixture" name="function 'Export-ResolvedPermissionCsv.ps1'" executed="True" result="Success" success="True" time="0.1031" asserts="0" description="function 'Export-ResolvedPermissionCsv.ps1'">
            <results>
              <test-suite type="ParameterizedTest" name="function 'Export-ResolvedPermissionCsv.ps1'.runs without throwing errors" executed="True" result="Success" success="True" time="0.0057" asserts="0" description="runs without throwing errors">
                <results>
                  <test-case description="runs without throwing errors" name="function 'Export-ResolvedPermissionCsv.ps1'.runs without throwing errors(&quot;E:\Owner\Documents\Google Drive\Programs\Scripts\PowerShell\Permission\src\functions\public\Export-ResolvedPermissionCsv.ps1&quot;)" time="0.0057" asserts="0" success="True" result="Success" executed="True" />
                </results>
              </test-suite>
              <test-suite type="ParameterizedTest" name="function 'Export-ResolvedPermissionCsv.ps1'.can be tokenized by the PowerShell parser without any errors" executed="True" result="Success" success="True" time="0.0079" asserts="0" description="can be tokenized by the PowerShell parser without any errors">
                <results>
                  <test-case description="can be tokenized by the PowerShell parser without any errors" name="function 'Export-ResolvedPermissionCsv.ps1'.can be tokenized by the PowerShell parser without any errors(&quot;E:\Owner\Documents\Google Drive\Programs\Scripts\PowerShell\Permission\src\functions\public\Export-ResolvedPermissionCsv.ps1&quot;)" time="0.0079" asserts="0" success="True" result="Success" executed="True" />
                </results>
              </test-suite>
            </results>
          </test-suite>
          <test-suite type="TestFixture" name="function 'Format-FolderPermission.ps1'" executed="True" result="Success" success="True" time="0.1253" asserts="0" description="function 'Format-FolderPermission.ps1'">
            <results>
              <test-suite type="ParameterizedTest" name="function 'Format-FolderPermission.ps1'.runs without throwing errors" executed="True" result="Success" success="True" time="0.0091" asserts="0" description="runs without throwing errors">
                <results>
                  <test-case description="runs without throwing errors" name="function 'Format-FolderPermission.ps1'.runs without throwing errors(&quot;E:\Owner\Documents\Google Drive\Programs\Scripts\PowerShell\Permission\src\functions\public\Format-FolderPermission.ps1&quot;)" time="0.0091" asserts="0" success="True" result="Success" executed="True" />
                </results>
              </test-suite>
              <test-suite type="ParameterizedTest" name="function 'Format-FolderPermission.ps1'.can be tokenized by the PowerShell parser without any errors" executed="True" result="Success" success="True" time="0.0094" asserts="0" description="can be tokenized by the PowerShell parser without any errors">
                <results>
                  <test-case description="can be tokenized by the PowerShell parser without any errors" name="function 'Format-FolderPermission.ps1'.can be tokenized by the PowerShell parser without any errors(&quot;E:\Owner\Documents\Google Drive\Programs\Scripts\PowerShell\Permission\src\functions\public\Format-FolderPermission.ps1&quot;)" time="0.0094" asserts="0" success="True" result="Success" executed="True" />
                </results>
              </test-suite>
            </results>
          </test-suite>
          <test-suite type="TestFixture" name="function 'Format-PermissionAccount.ps1'" executed="True" result="Success" success="True" time="0.1461" asserts="0" description="function 'Format-PermissionAccount.ps1'">
            <results>
              <test-suite type="ParameterizedTest" name="function 'Format-PermissionAccount.ps1'.runs without throwing errors" executed="True" result="Success" success="True" time="0.0068" asserts="0" description="runs without throwing errors">
                <results>
                  <test-case description="runs without throwing errors" name="function 'Format-PermissionAccount.ps1'.runs without throwing errors(&quot;E:\Owner\Documents\Google Drive\Programs\Scripts\PowerShell\Permission\src\functions\public\Format-PermissionAccount.ps1&quot;)" time="0.0068" asserts="0" success="True" result="Success" executed="True" />
                </results>
              </test-suite>
              <test-suite type="ParameterizedTest" name="function 'Format-PermissionAccount.ps1'.can be tokenized by the PowerShell parser without any errors" executed="True" result="Success" success="True" time="0.0104" asserts="0" description="can be tokenized by the PowerShell parser without any errors">
                <results>
                  <test-case description="can be tokenized by the PowerShell parser without any errors" name="function 'Format-PermissionAccount.ps1'.can be tokenized by the PowerShell parser without any errors(&quot;E:\Owner\Documents\Google Drive\Programs\Scripts\PowerShell\Permission\src\functions\public\Format-PermissionAccount.ps1&quot;)" time="0.0104" asserts="0" success="True" result="Success" executed="True" />
                </results>
              </test-suite>
            </results>
          </test-suite>
          <test-suite type="TestFixture" name="function 'Format-TimeSpan.ps1'" executed="True" result="Success" success="True" time="0.1674" asserts="0" description="function 'Format-TimeSpan.ps1'">
            <results>
              <test-suite type="ParameterizedTest" name="function 'Format-TimeSpan.ps1'.runs without throwing errors" executed="True" result="Success" success="True" time="0.0063" asserts="0" description="runs without throwing errors">
                <results>
                  <test-case description="runs without throwing errors" name="function 'Format-TimeSpan.ps1'.runs without throwing errors(&quot;E:\Owner\Documents\Google Drive\Programs\Scripts\PowerShell\Permission\src\functions\public\Format-TimeSpan.ps1&quot;)" time="0.0063" asserts="0" success="True" result="Success" executed="True" />
                </results>
              </test-suite>
              <test-suite type="ParameterizedTest" name="function 'Format-TimeSpan.ps1'.can be tokenized by the PowerShell parser without any errors" executed="True" result="Success" success="True" time="0.0117" asserts="0" description="can be tokenized by the PowerShell parser without any errors">
                <results>
                  <test-case description="can be tokenized by the PowerShell parser without any errors" name="function 'Format-TimeSpan.ps1'.can be tokenized by the PowerShell parser without any errors(&quot;E:\Owner\Documents\Google Drive\Programs\Scripts\PowerShell\Permission\src\functions\public\Format-TimeSpan.ps1&quot;)" time="0.0117" asserts="0" success="True" result="Success" executed="True" />
                </results>
              </test-suite>
            </results>
          </test-suite>
          <test-suite type="TestFixture" name="function 'Get-CachedCimInstance.ps1'" executed="True" result="Success" success="True" time="0.201" asserts="0" description="function 'Get-CachedCimInstance.ps1'">
            <results>
              <test-suite type="ParameterizedTest" name="function 'Get-CachedCimInstance.ps1'.runs without throwing errors" executed="True" result="Success" success="True" time="0.0225" asserts="0" description="runs without throwing errors">
                <results>
                  <test-case description="runs without throwing errors" name="function 'Get-CachedCimInstance.ps1'.runs without throwing errors(&quot;E:\Owner\Documents\Google Drive\Programs\Scripts\PowerShell\Permission\src\functions\public\Get-CachedCimInstance.ps1&quot;)" time="0.0225" asserts="0" success="True" result="Success" executed="True" />
                </results>
              </test-suite>
              <test-suite type="ParameterizedTest" name="function 'Get-CachedCimInstance.ps1'.can be tokenized by the PowerShell parser without any errors" executed="True" result="Success" success="True" time="0.0082" asserts="0" description="can be tokenized by the PowerShell parser without any errors">
                <results>
                  <test-case description="can be tokenized by the PowerShell parser without any errors" name="function 'Get-CachedCimInstance.ps1'.can be tokenized by the PowerShell parser without any errors(&quot;E:\Owner\Documents\Google Drive\Programs\Scripts\PowerShell\Permission\src\functions\public\Get-CachedCimInstance.ps1&quot;)" time="0.0082" asserts="0" success="True" result="Success" executed="True" />
                </results>
              </test-suite>
            </results>
          </test-suite>
          <test-suite type="TestFixture" name="function 'Get-CachedCimSession.ps1'" executed="True" result="Success" success="True" time="0.2263" asserts="0" description="function 'Get-CachedCimSession.ps1'">
            <results>
              <test-suite type="ParameterizedTest" name="function 'Get-CachedCimSession.ps1'.runs without throwing errors" executed="True" result="Success" success="True" time="0.0067" asserts="0" description="runs without throwing errors">
                <results>
                  <test-case description="runs without throwing errors" name="function 'Get-CachedCimSession.ps1'.runs without throwing errors(&quot;E:\Owner\Documents\Google Drive\Programs\Scripts\PowerShell\Permission\src\functions\public\Get-CachedCimSession.ps1&quot;)" time="0.0067" asserts="0" success="True" result="Success" executed="True" />
                </results>
              </test-suite>
              <test-suite type="ParameterizedTest" name="function 'Get-CachedCimSession.ps1'.can be tokenized by the PowerShell parser without any errors" executed="True" result="Success" success="True" time="0.0153" asserts="0" description="can be tokenized by the PowerShell parser without any errors">
                <results>
                  <test-case description="can be tokenized by the PowerShell parser without any errors" name="function 'Get-CachedCimSession.ps1'.can be tokenized by the PowerShell parser without any errors(&quot;E:\Owner\Documents\Google Drive\Programs\Scripts\PowerShell\Permission\src\functions\public\Get-CachedCimSession.ps1&quot;)" time="0.0153" asserts="0" success="True" result="Success" executed="True" />
                </results>
              </test-suite>
            </results>
          </test-suite>
          <test-suite type="TestFixture" name="function 'Get-FolderAccessList.ps1'" executed="True" result="Success" success="True" time="0.2485" asserts="0" description="function 'Get-FolderAccessList.ps1'">
            <results>
              <test-suite type="ParameterizedTest" name="function 'Get-FolderAccessList.ps1'.runs without throwing errors" executed="True" result="Success" success="True" time="0.0104" asserts="0" description="runs without throwing errors">
                <results>
                  <test-case description="runs without throwing errors" name="function 'Get-FolderAccessList.ps1'.runs without throwing errors(&quot;E:\Owner\Documents\Google Drive\Programs\Scripts\PowerShell\Permission\src\functions\public\Get-FolderAccessList.ps1&quot;)" time="0.0104" asserts="0" success="True" result="Success" executed="True" />
                </results>
              </test-suite>
              <test-suite type="ParameterizedTest" name="function 'Get-FolderAccessList.ps1'.can be tokenized by the PowerShell parser without any errors" executed="True" result="Success" success="True" time="0.0088" asserts="0" description="can be tokenized by the PowerShell parser without any errors">
                <results>
                  <test-case description="can be tokenized by the PowerShell parser without any errors" name="function 'Get-FolderAccessList.ps1'.can be tokenized by the PowerShell parser without any errors(&quot;E:\Owner\Documents\Google Drive\Programs\Scripts\PowerShell\Permission\src\functions\public\Get-FolderAccessList.ps1&quot;)" time="0.0088" asserts="0" success="True" result="Success" executed="True" />
                </results>
              </test-suite>
            </results>
          </test-suite>
          <test-suite type="TestFixture" name="function 'Get-FolderBlock.ps1'" executed="True" result="Success" success="True" time="0.2642" asserts="0" description="function 'Get-FolderBlock.ps1'">
            <results>
              <test-suite type="ParameterizedTest" name="function 'Get-FolderBlock.ps1'.runs without throwing errors" executed="True" result="Success" success="True" time="0.0061" asserts="0" description="runs without throwing errors">
                <results>
                  <test-case description="runs without throwing errors" name="function 'Get-FolderBlock.ps1'.runs without throwing errors(&quot;E:\Owner\Documents\Google Drive\Programs\Scripts\PowerShell\Permission\src\functions\public\Get-FolderBlock.ps1&quot;)" time="0.0061" asserts="0" success="True" result="Success" executed="True" />
                </results>
              </test-suite>
              <test-suite type="ParameterizedTest" name="function 'Get-FolderBlock.ps1'.can be tokenized by the PowerShell parser without any errors" executed="True" result="Success" success="True" time="0.0061" asserts="0" description="can be tokenized by the PowerShell parser without any errors">
                <results>
                  <test-case description="can be tokenized by the PowerShell parser without any errors" name="function 'Get-FolderBlock.ps1'.can be tokenized by the PowerShell parser without any errors(&quot;E:\Owner\Documents\Google Drive\Programs\Scripts\PowerShell\Permission\src\functions\public\Get-FolderBlock.ps1&quot;)" time="0.0061" asserts="0" success="True" result="Success" executed="True" />
                </results>
              </test-suite>
            </results>
          </test-suite>
          <test-suite type="TestFixture" name="function 'Get-FolderColumnJson.ps1'" executed="True" result="Success" success="True" time="0.2816" asserts="0" description="function 'Get-FolderColumnJson.ps1'">
            <results>
              <test-suite type="ParameterizedTest" name="function 'Get-FolderColumnJson.ps1'.runs without throwing errors" executed="True" result="Success" success="True" time="0.0092" asserts="0" description="runs without throwing errors">
                <results>
                  <test-case description="runs without throwing errors" name="function 'Get-FolderColumnJson.ps1'.runs without throwing errors(&quot;E:\Owner\Documents\Google Drive\Programs\Scripts\PowerShell\Permission\src\functions\public\Get-FolderColumnJson.ps1&quot;)" time="0.0092" asserts="0" success="True" result="Success" executed="True" />
                </results>
              </test-suite>
              <test-suite type="ParameterizedTest" name="function 'Get-FolderColumnJson.ps1'.can be tokenized by the PowerShell parser without any errors" executed="True" result="Success" success="True" time="0.0049" asserts="0" description="can be tokenized by the PowerShell parser without any errors">
                <results>
                  <test-case description="can be tokenized by the PowerShell parser without any errors" name="function 'Get-FolderColumnJson.ps1'.can be tokenized by the PowerShell parser without any errors(&quot;E:\Owner\Documents\Google Drive\Programs\Scripts\PowerShell\Permission\src\functions\public\Get-FolderColumnJson.ps1&quot;)" time="0.0049" asserts="0" success="True" result="Success" executed="True" />
                </results>
              </test-suite>
            </results>
          </test-suite>
          <test-suite type="TestFixture" name="function 'Get-FolderPermissionsBlock.ps1'" executed="True" result="Success" success="True" time="0.298" asserts="0" description="function 'Get-FolderPermissionsBlock.ps1'">
            <results>
              <test-suite type="ParameterizedTest" name="function 'Get-FolderPermissionsBlock.ps1'.runs without throwing errors" executed="True" result="Success" success="True" time="0.0071" asserts="0" description="runs without throwing errors">
                <results>
                  <test-case description="runs without throwing errors" name="function 'Get-FolderPermissionsBlock.ps1'.runs without throwing errors(&quot;E:\Owner\Documents\Google Drive\Programs\Scripts\PowerShell\Permission\src\functions\public\Get-FolderPermissionsBlock.ps1&quot;)" time="0.0071" asserts="0" success="True" result="Success" executed="True" />
                </results>
              </test-suite>
              <test-suite type="ParameterizedTest" name="function 'Get-FolderPermissionsBlock.ps1'.can be tokenized by the PowerShell parser without any errors" executed="True" result="Success" success="True" time="0.0064" asserts="0" description="can be tokenized by the PowerShell parser without any errors">
                <results>
                  <test-case description="can be tokenized by the PowerShell parser without any errors" name="function 'Get-FolderPermissionsBlock.ps1'.can be tokenized by the PowerShell parser without any errors(&quot;E:\Owner\Documents\Google Drive\Programs\Scripts\PowerShell\Permission\src\functions\public\Get-FolderPermissionsBlock.ps1&quot;)" time="0.0064" asserts="0" success="True" result="Success" executed="True" />
                </results>
              </test-suite>
            </results>
          </test-suite>
          <test-suite type="TestFixture" name="function 'Get-FolderPermissionTableHeader.ps1'" executed="True" result="Success" success="True" time="0.3171" asserts="0" description="function 'Get-FolderPermissionTableHeader.ps1'">
            <results>
              <test-suite type="ParameterizedTest" name="function 'Get-FolderPermissionTableHeader.ps1'.runs without throwing errors" executed="True" result="Success" success="True" time="0.0096" asserts="0" description="runs without throwing errors">
                <results>
                  <test-case description="runs without throwing errors" name="function 'Get-FolderPermissionTableHeader.ps1'.runs without throwing errors(&quot;E:\Owner\Documents\Google Drive\Programs\Scripts\PowerShell\Permission\src\functions\public\Get-FolderPermissionTableHeader.ps1&quot;)" time="0.0096" asserts="0" success="True" result="Success" executed="True" />
                </results>
              </test-suite>
              <test-suite type="ParameterizedTest" name="function 'Get-FolderPermissionTableHeader.ps1'.can be tokenized by the PowerShell parser without any errors" executed="True" result="Success" success="True" time="0.0071" asserts="0" description="can be tokenized by the PowerShell parser without any errors">
                <results>
                  <test-case description="can be tokenized by the PowerShell parser without any errors" name="function 'Get-FolderPermissionTableHeader.ps1'.can be tokenized by the PowerShell parser without any errors(&quot;E:\Owner\Documents\Google Drive\Programs\Scripts\PowerShell\Permission\src\functions\public\Get-FolderPermissionTableHeader.ps1&quot;)" time="0.0071" asserts="0" success="True" result="Success" executed="True" />
                </results>
              </test-suite>
            </results>
          </test-suite>
          <test-suite type="TestFixture" name="function 'Get-FolderTableHeader.ps1'" executed="True" result="Success" success="True" time="0.3315" asserts="0" description="function 'Get-FolderTableHeader.ps1'">
            <results>
              <test-suite type="ParameterizedTest" name="function 'Get-FolderTableHeader.ps1'.runs without throwing errors" executed="True" result="Success" success="True" time="0.0056" asserts="0" description="runs without throwing errors">
                <results>
                  <test-case description="runs without throwing errors" name="function 'Get-FolderTableHeader.ps1'.runs without throwing errors(&quot;E:\Owner\Documents\Google Drive\Programs\Scripts\PowerShell\Permission\src\functions\public\Get-FolderTableHeader.ps1&quot;)" time="0.0056" asserts="0" success="True" result="Success" executed="True" />
                </results>
              </test-suite>
              <test-suite type="ParameterizedTest" name="function 'Get-FolderTableHeader.ps1'.can be tokenized by the PowerShell parser without any errors" executed="True" result="Success" success="True" time="0.0062" asserts="0" description="can be tokenized by the PowerShell parser without any errors">
                <results>
                  <test-case description="can be tokenized by the PowerShell parser without any errors" name="function 'Get-FolderTableHeader.ps1'.can be tokenized by the PowerShell parser without any errors(&quot;E:\Owner\Documents\Google Drive\Programs\Scripts\PowerShell\Permission\src\functions\public\Get-FolderTableHeader.ps1&quot;)" time="0.0062" asserts="0" success="True" result="Success" executed="True" />
                </results>
              </test-suite>
            </results>
          </test-suite>
          <test-suite type="TestFixture" name="function 'Get-HtmlBody.ps1'" executed="True" result="Success" success="True" time="0.3524" asserts="0" description="function 'Get-HtmlBody.ps1'">
            <results>
              <test-suite type="ParameterizedTest" name="function 'Get-HtmlBody.ps1'.runs without throwing errors" executed="True" result="Success" success="True" time="0.0097" asserts="0" description="runs without throwing errors">
                <results>
                  <test-case description="runs without throwing errors" name="function 'Get-HtmlBody.ps1'.runs without throwing errors(&quot;E:\Owner\Documents\Google Drive\Programs\Scripts\PowerShell\Permission\src\functions\public\Get-HtmlBody.ps1&quot;)" time="0.0097" asserts="0" success="True" result="Success" executed="True" />
                </results>
              </test-suite>
              <test-suite type="ParameterizedTest" name="function 'Get-HtmlBody.ps1'.can be tokenized by the PowerShell parser without any errors" executed="True" result="Success" success="True" time="0.0089" asserts="0" description="can be tokenized by the PowerShell parser without any errors">
                <results>
                  <test-case description="can be tokenized by the PowerShell parser without any errors" name="function 'Get-HtmlBody.ps1'.can be tokenized by the PowerShell parser without any errors(&quot;E:\Owner\Documents\Google Drive\Programs\Scripts\PowerShell\Permission\src\functions\public\Get-HtmlBody.ps1&quot;)" time="0.0089" asserts="0" success="True" result="Success" executed="True" />
                </results>
              </test-suite>
            </results>
          </test-suite>
          <test-suite type="TestFixture" name="function 'Get-HtmlReportFooter.ps1'" executed="True" result="Success" success="True" time="0.3708" asserts="0" description="function 'Get-HtmlReportFooter.ps1'">
            <results>
              <test-suite type="ParameterizedTest" name="function 'Get-HtmlReportFooter.ps1'.runs without throwing errors" executed="True" result="Success" success="True" time="0.0076" asserts="0" description="runs without throwing errors">
                <results>
                  <test-case description="runs without throwing errors" name="function 'Get-HtmlReportFooter.ps1'.runs without throwing errors(&quot;E:\Owner\Documents\Google Drive\Programs\Scripts\PowerShell\Permission\src\functions\public\Get-HtmlReportFooter.ps1&quot;)" time="0.0076" asserts="0" success="True" result="Success" executed="True" />
                </results>
              </test-suite>
              <test-suite type="ParameterizedTest" name="function 'Get-HtmlReportFooter.ps1'.can be tokenized by the PowerShell parser without any errors" executed="True" result="Success" success="True" time="0.0084" asserts="0" description="can be tokenized by the PowerShell parser without any errors">
                <results>
                  <test-case description="can be tokenized by the PowerShell parser without any errors" name="function 'Get-HtmlReportFooter.ps1'.can be tokenized by the PowerShell parser without any errors(&quot;E:\Owner\Documents\Google Drive\Programs\Scripts\PowerShell\Permission\src\functions\public\Get-HtmlReportFooter.ps1&quot;)" time="0.0084" asserts="0" success="True" result="Success" executed="True" />
                </results>
              </test-suite>
            </results>
          </test-suite>
          <test-suite type="TestFixture" name="function 'Get-PermissionPrincipal.ps1'" executed="True" result="Success" success="True" time="0.412" asserts="0" description="function 'Get-PermissionPrincipal.ps1'">
            <results>
              <test-suite type="ParameterizedTest" name="function 'Get-PermissionPrincipal.ps1'.runs without throwing errors" executed="True" result="Success" success="True" time="0.0246" asserts="0" description="runs without throwing errors">
                <results>
                  <test-case description="runs without throwing errors" name="function 'Get-PermissionPrincipal.ps1'.runs without throwing errors(&quot;E:\Owner\Documents\Google Drive\Programs\Scripts\PowerShell\Permission\src\functions\public\Get-PermissionPrincipal.ps1&quot;)" time="0.0246" asserts="0" success="True" result="Success" executed="True" />
                </results>
              </test-suite>
              <test-suite type="ParameterizedTest" name="function 'Get-PermissionPrincipal.ps1'.can be tokenized by the PowerShell parser without any errors" executed="True" result="Success" success="True" time="0.0137" asserts="0" description="can be tokenized by the PowerShell parser without any errors">
                <results>
                  <test-case description="can be tokenized by the PowerShell parser without any errors" name="function 'Get-PermissionPrincipal.ps1'.can be tokenized by the PowerShell parser without any errors(&quot;E:\Owner\Documents\Google Drive\Programs\Scripts\PowerShell\Permission\src\functions\public\Get-PermissionPrincipal.ps1&quot;)" time="0.0137" asserts="0" success="True" result="Success" executed="True" />
                </results>
              </test-suite>
            </results>
          </test-suite>
          <test-suite type="TestFixture" name="function 'Get-PrtgXmlSensorOutput.ps1'" executed="True" result="Success" success="True" time="0.4305" asserts="0" description="function 'Get-PrtgXmlSensorOutput.ps1'">
            <results>
              <test-suite type="ParameterizedTest" name="function 'Get-PrtgXmlSensorOutput.ps1'.runs without throwing errors" executed="True" result="Success" success="True" time="0.0073" asserts="0" description="runs without throwing errors">
                <results>
                  <test-case description="runs without throwing errors" name="function 'Get-PrtgXmlSensorOutput.ps1'.runs without throwing errors(&quot;E:\Owner\Documents\Google Drive\Programs\Scripts\PowerShell\Permission\src\functions\public\Get-PrtgXmlSensorOutput.ps1&quot;)" time="0.0073" asserts="0" success="True" result="Success" executed="True" />
                </results>
              </test-suite>
              <test-suite type="ParameterizedTest" name="function 'Get-PrtgXmlSensorOutput.ps1'.can be tokenized by the PowerShell parser without any errors" executed="True" result="Success" success="True" time="0.0077" asserts="0" description="can be tokenized by the PowerShell parser without any errors">
                <results>
                  <test-case description="can be tokenized by the PowerShell parser without any errors" name="function 'Get-PrtgXmlSensorOutput.ps1'.can be tokenized by the PowerShell parser without any errors(&quot;E:\Owner\Documents\Google Drive\Programs\Scripts\PowerShell\Permission\src\functions\public\Get-PrtgXmlSensorOutput.ps1&quot;)" time="0.0077" asserts="0" success="True" result="Success" executed="True" />
                </results>
              </test-suite>
            </results>
          </test-suite>
          <test-suite type="TestFixture" name="function 'Get-ReportDescription.ps1'" executed="True" result="Success" success="True" time="0.4483" asserts="0" description="function 'Get-ReportDescription.ps1'">
            <results>
              <test-suite type="ParameterizedTest" name="function 'Get-ReportDescription.ps1'.runs without throwing errors" executed="True" result="Success" success="True" time="0.007" asserts="0" description="runs without throwing errors">
                <results>
                  <test-case description="runs without throwing errors" name="function 'Get-ReportDescription.ps1'.runs without throwing errors(&quot;E:\Owner\Documents\Google Drive\Programs\Scripts\PowerShell\Permission\src\functions\public\Get-ReportDescription.ps1&quot;)" time="0.007" asserts="0" success="True" result="Success" executed="True" />
                </results>
              </test-suite>
              <test-suite type="ParameterizedTest" name="function 'Get-ReportDescription.ps1'.can be tokenized by the PowerShell parser without any errors" executed="True" result="Success" success="True" time="0.0068" asserts="0" description="can be tokenized by the PowerShell parser without any errors">
                <results>
                  <test-case description="can be tokenized by the PowerShell parser without any errors" name="function 'Get-ReportDescription.ps1'.can be tokenized by the PowerShell parser without any errors(&quot;E:\Owner\Documents\Google Drive\Programs\Scripts\PowerShell\Permission\src\functions\public\Get-ReportDescription.ps1&quot;)" time="0.0068" asserts="0" success="True" result="Success" executed="True" />
                </results>
              </test-suite>
            </results>
          </test-suite>
          <test-suite type="TestFixture" name="function 'Get-TimeZoneName.ps1'" executed="True" result="Success" success="True" time="0.4688" asserts="0" description="function 'Get-TimeZoneName.ps1'">
            <results>
              <test-suite type="ParameterizedTest" name="function 'Get-TimeZoneName.ps1'.runs without throwing errors" executed="True" result="Success" success="True" time="0.0068" asserts="0" description="runs without throwing errors">
                <results>
                  <test-case description="runs without throwing errors" name="function 'Get-TimeZoneName.ps1'.runs without throwing errors(&quot;E:\Owner\Documents\Google Drive\Programs\Scripts\PowerShell\Permission\src\functions\public\Get-TimeZoneName.ps1&quot;)" time="0.0068" asserts="0" success="True" result="Success" executed="True" />
                </results>
              </test-suite>
              <test-suite type="ParameterizedTest" name="function 'Get-TimeZoneName.ps1'.can be tokenized by the PowerShell parser without any errors" executed="True" result="Success" success="True" time="0.0111" asserts="0" description="can be tokenized by the PowerShell parser without any errors">
                <results>
                  <test-case description="can be tokenized by the PowerShell parser without any errors" name="function 'Get-TimeZoneName.ps1'.can be tokenized by the PowerShell parser without any errors(&quot;E:\Owner\Documents\Google Drive\Programs\Scripts\PowerShell\Permission\src\functions\public\Get-TimeZoneName.ps1&quot;)" time="0.0111" asserts="0" success="True" result="Success" executed="True" />
                </results>
              </test-suite>
            </results>
          </test-suite>
          <test-suite type="TestFixture" name="function 'Get-UniqueServerFqdn.ps1'" executed="True" result="Success" success="True" time="0.4865" asserts="0" description="function 'Get-UniqueServerFqdn.ps1'">
            <results>
              <test-suite type="ParameterizedTest" name="function 'Get-UniqueServerFqdn.ps1'.runs without throwing errors" executed="True" result="Success" success="True" time="0.006" asserts="0" description="runs without throwing errors">
                <results>
                  <test-case description="runs without throwing errors" name="function 'Get-UniqueServerFqdn.ps1'.runs without throwing errors(&quot;E:\Owner\Documents\Google Drive\Programs\Scripts\PowerShell\Permission\src\functions\public\Get-UniqueServerFqdn.ps1&quot;)" time="0.006" asserts="0" success="True" result="Success" executed="True" />
                </results>
              </test-suite>
              <test-suite type="ParameterizedTest" name="function 'Get-UniqueServerFqdn.ps1'.can be tokenized by the PowerShell parser without any errors" executed="True" result="Success" success="True" time="0.0086" asserts="0" description="can be tokenized by the PowerShell parser without any errors">
                <results>
                  <test-case description="can be tokenized by the PowerShell parser without any errors" name="function 'Get-UniqueServerFqdn.ps1'.can be tokenized by the PowerShell parser without any errors(&quot;E:\Owner\Documents\Google Drive\Programs\Scripts\PowerShell\Permission\src\functions\public\Get-UniqueServerFqdn.ps1&quot;)" time="0.0086" asserts="0" success="True" result="Success" executed="True" />
                </results>
              </test-suite>
            </results>
          </test-suite>
          <test-suite type="TestFixture" name="function 'Initialize-Cache.ps1'" executed="True" result="Success" success="True" time="0.5282" asserts="0" description="function 'Initialize-Cache.ps1'">
            <results>
              <test-suite type="ParameterizedTest" name="function 'Initialize-Cache.ps1'.runs without throwing errors" executed="True" result="Success" success="True" time="0.0276" asserts="0" description="runs without throwing errors">
                <results>
                  <test-case description="runs without throwing errors" name="function 'Initialize-Cache.ps1'.runs without throwing errors(&quot;E:\Owner\Documents\Google Drive\Programs\Scripts\PowerShell\Permission\src\functions\public\Initialize-Cache.ps1&quot;)" time="0.0276" asserts="0" success="True" result="Success" executed="True" />
                </results>
              </test-suite>
              <test-suite type="ParameterizedTest" name="function 'Initialize-Cache.ps1'.can be tokenized by the PowerShell parser without any errors" executed="True" result="Success" success="True" time="0.0075" asserts="0" description="can be tokenized by the PowerShell parser without any errors">
                <results>
                  <test-case description="can be tokenized by the PowerShell parser without any errors" name="function 'Initialize-Cache.ps1'.can be tokenized by the PowerShell parser without any errors(&quot;E:\Owner\Documents\Google Drive\Programs\Scripts\PowerShell\Permission\src\functions\public\Initialize-Cache.ps1&quot;)" time="0.0075" asserts="0" success="True" result="Success" executed="True" />
                </results>
              </test-suite>
            </results>
          </test-suite>
          <test-suite type="TestFixture" name="function 'Invoke-PermissionCommand.ps1'" executed="True" result="Success" success="True" time="0.5599" asserts="0" description="function 'Invoke-PermissionCommand.ps1'">
            <results>
              <test-suite type="ParameterizedTest" name="function 'Invoke-PermissionCommand.ps1'.runs without throwing errors" executed="True" result="Success" success="True" time="0.0093" asserts="0" description="runs without throwing errors">
                <results>
                  <test-case description="runs without throwing errors" name="function 'Invoke-PermissionCommand.ps1'.runs without throwing errors(&quot;E:\Owner\Documents\Google Drive\Programs\Scripts\PowerShell\Permission\src\functions\public\Invoke-PermissionCommand.ps1&quot;)" time="0.0093" asserts="0" success="True" result="Success" executed="True" />
                </results>
              </test-suite>
              <test-suite type="ParameterizedTest" name="function 'Invoke-PermissionCommand.ps1'.can be tokenized by the PowerShell parser without any errors" executed="True" result="Success" success="True" time="0.0171" asserts="0" description="can be tokenized by the PowerShell parser without any errors">
                <results>
                  <test-case description="can be tokenized by the PowerShell parser without any errors" name="function 'Invoke-PermissionCommand.ps1'.can be tokenized by the PowerShell parser without any errors(&quot;E:\Owner\Documents\Google Drive\Programs\Scripts\PowerShell\Permission\src\functions\public\Invoke-PermissionCommand.ps1&quot;)" time="0.0171" asserts="0" success="True" result="Success" executed="True" />
                </results>
              </test-suite>
            </results>
          </test-suite>
          <test-suite type="TestFixture" name="function 'Remove-CachedCimSession.ps1'" executed="True" result="Success" success="True" time="0.5766" asserts="0" description="function 'Remove-CachedCimSession.ps1'">
            <results>
              <test-suite type="ParameterizedTest" name="function 'Remove-CachedCimSession.ps1'.runs without throwing errors" executed="True" result="Success" success="True" time="0.0075" asserts="0" description="runs without throwing errors">
                <results>
                  <test-case description="runs without throwing errors" name="function 'Remove-CachedCimSession.ps1'.runs without throwing errors(&quot;E:\Owner\Documents\Google Drive\Programs\Scripts\PowerShell\Permission\src\functions\public\Remove-CachedCimSession.ps1&quot;)" time="0.0075" asserts="0" success="True" result="Success" executed="True" />
                </results>
              </test-suite>
              <test-suite type="ParameterizedTest" name="function 'Remove-CachedCimSession.ps1'.can be tokenized by the PowerShell parser without any errors" executed="True" result="Success" success="True" time="0.0061" asserts="0" description="can be tokenized by the PowerShell parser without any errors">
                <results>
                  <test-case description="can be tokenized by the PowerShell parser without any errors" name="function 'Remove-CachedCimSession.ps1'.can be tokenized by the PowerShell parser without any errors(&quot;E:\Owner\Documents\Google Drive\Programs\Scripts\PowerShell\Permission\src\functions\public\Remove-CachedCimSession.ps1&quot;)" time="0.0061" asserts="0" success="True" result="Success" executed="True" />
                </results>
              </test-suite>
            </results>
          </test-suite>
          <test-suite type="TestFixture" name="function 'Resolve-PermissionIdentity.ps1'" executed="True" result="Success" success="True" time="0.6196" asserts="0" description="function 'Resolve-PermissionIdentity.ps1'">
            <results>
              <test-suite type="ParameterizedTest" name="function 'Resolve-PermissionIdentity.ps1'.runs without throwing errors" executed="True" result="Success" success="True" time="0.0326" asserts="0" description="runs without throwing errors">
                <results>
                  <test-case description="runs without throwing errors" name="function 'Resolve-PermissionIdentity.ps1'.runs without throwing errors(&quot;E:\Owner\Documents\Google Drive\Programs\Scripts\PowerShell\Permission\src\functions\public\Resolve-PermissionIdentity.ps1&quot;)" time="0.0326" asserts="0" success="True" result="Success" executed="True" />
                </results>
              </test-suite>
              <test-suite type="ParameterizedTest" name="function 'Resolve-PermissionIdentity.ps1'.can be tokenized by the PowerShell parser without any errors" executed="True" result="Success" success="True" time="0.0068" asserts="0" description="can be tokenized by the PowerShell parser without any errors">
                <results>
                  <test-case description="can be tokenized by the PowerShell parser without any errors" name="function 'Resolve-PermissionIdentity.ps1'.can be tokenized by the PowerShell parser without any errors(&quot;E:\Owner\Documents\Google Drive\Programs\Scripts\PowerShell\Permission\src\functions\public\Resolve-PermissionIdentity.ps1&quot;)" time="0.0068" asserts="0" success="True" result="Success" executed="True" />
                </results>
              </test-suite>
            </results>
          </test-suite>
          <test-suite type="TestFixture" name="function 'Resolve-PermissionTarget.ps1'" executed="True" result="Success" success="True" time="0.6369" asserts="0" description="function 'Resolve-PermissionTarget.ps1'">
            <results>
              <test-suite type="ParameterizedTest" name="function 'Resolve-PermissionTarget.ps1'.runs without throwing errors" executed="True" result="Success" success="True" time="0.007" asserts="0" description="runs without throwing errors">
                <results>
                  <test-case description="runs without throwing errors" name="function 'Resolve-PermissionTarget.ps1'.runs without throwing errors(&quot;E:\Owner\Documents\Google Drive\Programs\Scripts\PowerShell\Permission\src\functions\public\Resolve-PermissionTarget.ps1&quot;)" time="0.007" asserts="0" success="True" result="Success" executed="True" />
                </results>
              </test-suite>
              <test-suite type="ParameterizedTest" name="function 'Resolve-PermissionTarget.ps1'.can be tokenized by the PowerShell parser without any errors" executed="True" result="Success" success="True" time="0.0072" asserts="0" description="can be tokenized by the PowerShell parser without any errors">
                <results>
                  <test-case description="can be tokenized by the PowerShell parser without any errors" name="function 'Resolve-PermissionTarget.ps1'.can be tokenized by the PowerShell parser without any errors(&quot;E:\Owner\Documents\Google Drive\Programs\Scripts\PowerShell\Permission\src\functions\public\Resolve-PermissionTarget.ps1&quot;)" time="0.0072" asserts="0" success="True" result="Success" executed="True" />
                </results>
              </test-suite>
            </results>
          </test-suite>
          <test-suite type="TestFixture" name="function 'Select-FolderPermissionTableProperty.ps1'" executed="True" result="Success" success="True" time="0.6548" asserts="0" description="function 'Select-FolderPermissionTableProperty.ps1'">
            <results>
              <test-suite type="ParameterizedTest" name="function 'Select-FolderPermissionTableProperty.ps1'.runs without throwing errors" executed="True" result="Success" success="True" time="0.0084" asserts="0" description="runs without throwing errors">
                <results>
                  <test-case description="runs without throwing errors" name="function 'Select-FolderPermissionTableProperty.ps1'.runs without throwing errors(&quot;E:\Owner\Documents\Google Drive\Programs\Scripts\PowerShell\Permission\src\functions\public\Select-FolderPermissionTableProperty.ps1&quot;)" time="0.0084" asserts="0" success="True" result="Success" executed="True" />
                </results>
              </test-suite>
              <test-suite type="ParameterizedTest" name="function 'Select-FolderPermissionTableProperty.ps1'.can be tokenized by the PowerShell parser without any errors" executed="True" result="Success" success="True" time="0.0062" asserts="0" description="can be tokenized by the PowerShell parser without any errors">
                <results>
                  <test-case description="can be tokenized by the PowerShell parser without any errors" name="function 'Select-FolderPermissionTableProperty.ps1'.can be tokenized by the PowerShell parser without any errors(&quot;E:\Owner\Documents\Google Drive\Programs\Scripts\PowerShell\Permission\src\functions\public\Select-FolderPermissionTableProperty.ps1&quot;)" time="0.0062" asserts="0" success="True" result="Success" executed="True" />
                </results>
              </test-suite>
            </results>
          </test-suite>
          <test-suite type="TestFixture" name="function 'Select-FolderTableProperty.ps1'" executed="True" result="Success" success="True" time="0.6771" asserts="0" description="function 'Select-FolderTableProperty.ps1'">
            <results>
              <test-suite type="ParameterizedTest" name="function 'Select-FolderTableProperty.ps1'.runs without throwing errors" executed="True" result="Success" success="True" time="0.0127" asserts="0" description="runs without throwing errors">
                <results>
                  <test-case description="runs without throwing errors" name="function 'Select-FolderTableProperty.ps1'.runs without throwing errors(&quot;E:\Owner\Documents\Google Drive\Programs\Scripts\PowerShell\Permission\src\functions\public\Select-FolderTableProperty.ps1&quot;)" time="0.0127" asserts="0" success="True" result="Success" executed="True" />
                </results>
              </test-suite>
              <test-suite type="ParameterizedTest" name="function 'Select-FolderTableProperty.ps1'.can be tokenized by the PowerShell parser without any errors" executed="True" result="Success" success="True" time="0.0048" asserts="0" description="can be tokenized by the PowerShell parser without any errors">
                <results>
                  <test-case description="can be tokenized by the PowerShell parser without any errors" name="function 'Select-FolderTableProperty.ps1'.can be tokenized by the PowerShell parser without any errors(&quot;E:\Owner\Documents\Google Drive\Programs\Scripts\PowerShell\Permission\src\functions\public\Select-FolderTableProperty.ps1&quot;)" time="0.0048" asserts="0" success="True" result="Success" executed="True" />
                </results>
              </test-suite>
            </results>
          </test-suite>
          <test-suite type="TestFixture" name="function 'Select-UniqueAccountPermission.ps1'" executed="True" result="Success" success="True" time="0.7008" asserts="0" description="function 'Select-UniqueAccountPermission.ps1'">
            <results>
              <test-suite type="ParameterizedTest" name="function 'Select-UniqueAccountPermission.ps1'.runs without throwing errors" executed="True" result="Success" success="True" time="0.0092" asserts="0" description="runs without throwing errors">
                <results>
                  <test-case description="runs without throwing errors" name="function 'Select-UniqueAccountPermission.ps1'.runs without throwing errors(&quot;E:\Owner\Documents\Google Drive\Programs\Scripts\PowerShell\Permission\src\functions\public\Select-UniqueAccountPermission.ps1&quot;)" time="0.0092" asserts="0" success="True" result="Success" executed="True" />
                </results>
              </test-suite>
              <test-suite type="ParameterizedTest" name="function 'Select-UniqueAccountPermission.ps1'.can be tokenized by the PowerShell parser without any errors" executed="True" result="Success" success="True" time="0.0088" asserts="0" description="can be tokenized by the PowerShell parser without any errors">
                <results>
                  <test-case description="can be tokenized by the PowerShell parser without any errors" name="function 'Select-UniqueAccountPermission.ps1'.can be tokenized by the PowerShell parser without any errors(&quot;E:\Owner\Documents\Google Drive\Programs\Scripts\PowerShell\Permission\src\functions\public\Select-UniqueAccountPermission.ps1&quot;)" time="0.0088" asserts="0" success="True" result="Success" executed="True" />
                </results>
              </test-suite>
            </results>
          </test-suite>
          <test-suite type="TestFixture" name="function 'Update-CaptionCapitalization.ps1'" executed="True" result="Success" success="True" time="0.734" asserts="0" description="function 'Update-CaptionCapitalization.ps1'">
            <results>
              <test-suite type="ParameterizedTest" name="function 'Update-CaptionCapitalization.ps1'.runs without throwing errors" executed="True" result="Success" success="True" time="0.0211" asserts="0" description="runs without throwing errors">
                <results>
                  <test-case description="runs without throwing errors" name="function 'Update-CaptionCapitalization.ps1'.runs without throwing errors(&quot;E:\Owner\Documents\Google Drive\Programs\Scripts\PowerShell\Permission\src\functions\public\Update-CaptionCapitalization.ps1&quot;)" time="0.0211" asserts="0" success="True" result="Success" executed="True" />
                </results>
              </test-suite>
              <test-suite type="ParameterizedTest" name="function 'Update-CaptionCapitalization.ps1'.can be tokenized by the PowerShell parser without any errors" executed="True" result="Success" success="True" time="0.0075" asserts="0" description="can be tokenized by the PowerShell parser without any errors">
                <results>
                  <test-case description="can be tokenized by the PowerShell parser without any errors" name="function 'Update-CaptionCapitalization.ps1'.can be tokenized by the PowerShell parser without any errors(&quot;E:\Owner\Documents\Google Drive\Programs\Scripts\PowerShell\Permission\src\functions\public\Update-CaptionCapitalization.ps1&quot;)" time="0.0075" asserts="0" success="True" result="Success" executed="True" />
                </results>
              </test-suite>
            </results>
          </test-suite>
        </results>
      </test-suite>
      <test-suite type="TestFixture" name="E:\Owner\Documents\Google Drive\Programs\Scripts\PowerShell\Permission\tests\Help.tests.ps1" executed="True" result="Failure" success="False" time="6.355" asserts="0" description="E:\Owner\Documents\Google Drive\Programs\Scripts\PowerShell\Permission\tests\Help.tests.ps1">
        <results>
          <test-suite type="TestFixture" name="help for Expand-AcctPermission" executed="True" result="Failure" success="False" time="0.2108" asserts="0" description="help for Expand-AcctPermission">
            <results>
              <test-suite type="TestFixture" name="help for Expand-AcctPermission.- Help for parameter 'DebugOutputStream'" executed="True" result="Failure" success="False" time="0.0395" asserts="0" description="help for Expand-AcctPermission.- Help for parameter 'DebugOutputStream'">
                <results>
                  <test-case description="has a description" name="help for Expand-AcctPermission.- Help for parameter 'DebugOutputStream'.has a description" time="0.0042" asserts="0" success="True" result="Success" executed="True" />
                  <test-case description="has the correct [mandatory] value" name="help for Expand-AcctPermission.- Help for parameter 'DebugOutputStream'.has the correct [mandatory] value" time="0.0085" asserts="0" success="True" result="Success" executed="True" />
                  <test-case description="has the correct parameter type" name="help for Expand-AcctPermission.- Help for parameter 'DebugOutputStream'.has the correct parameter type" time="0.0091" asserts="0" success="False" result="Failure" executed="True">
                    <failure>
                      <message>Expected strings to be the same, but they were different.
Expected length: 6
Actual length:   13
Strings differ at index 1.
Expected: 'String'
But was:  'System.String'
           -^</message>
                      <stack-trace>at $parameterHelpType | Should -Be $parameter.ParameterType.Name, E:\Owner\Documents\Google Drive\Programs\Scripts\PowerShell\Permission\tests\Help.tests.ps1:114
at &lt;ScriptBlock&gt;, E:\Owner\Documents\Google Drive\Programs\Scripts\PowerShell\Permission\tests\Help.tests.ps1:114</stack-trace>
                    </failure>
                  </test-case>
                </results>
              </test-suite>
              <test-suite type="TestFixture" name="help for Expand-AcctPermission.- Help for parameter 'LogMsgCache'" executed="True" result="Failure" success="False" time="0.0629" asserts="0" description="help for Expand-AcctPermission.- Help for parameter 'LogMsgCache'">
                <results>
                  <test-case description="has a description" name="help for Expand-AcctPermission.- Help for parameter 'LogMsgCache'.has a description" time="0.003" asserts="0" success="True" result="Success" executed="True" />
                  <test-case description="has the correct [mandatory] value" name="help for Expand-AcctPermission.- Help for parameter 'LogMsgCache'.has the correct [mandatory] value" time="0.0027" asserts="0" success="True" result="Success" executed="True" />
                  <test-case description="has the correct parameter type" name="help for Expand-AcctPermission.- Help for parameter 'LogMsgCache'.has the correct parameter type" time="0.0146" asserts="0" success="False" result="Failure" executed="True">
                    <failure>
                      <message>Expected strings to be the same, but they were different.
Expected length: 9
Actual length:   28
Strings differ at index 0.
Expected: 'Hashtable'
But was:  'System.Collections.Hashtable'
           ^</message>
                      <stack-trace>at $parameterHelpType | Should -Be $parameter.ParameterType.Name, E:\Owner\Documents\Google Drive\Programs\Scripts\PowerShell\Permission\tests\Help.tests.ps1:114
at &lt;ScriptBlock&gt;, E:\Owner\Documents\Google Drive\Programs\Scripts\PowerShell\Permission\tests\Help.tests.ps1:114</stack-trace>
                    </failure>
                  </test-case>
                </results>
              </test-suite>
              <test-suite type="TestFixture" name="help for Expand-AcctPermission.- Help for parameter 'ProgressAction'" executed="True" result="Failure" success="False" time="0.08" asserts="0" description="help for Expand-AcctPermission.- Help for parameter 'ProgressAction'">
                <results>
                  <test-case description="has a description" name="help for Expand-AcctPermission.- Help for parameter 'ProgressAction'.has a description" time="0.0036" asserts="0" success="True" result="Success" executed="True" />
                  <test-case description="has the correct [mandatory] value" name="help for Expand-AcctPermission.- Help for parameter 'ProgressAction'.has the correct [mandatory] value" time="0.0026" asserts="0" success="True" result="Success" executed="True" />
                  <test-case description="has the correct parameter type" name="help for Expand-AcctPermission.- Help for parameter 'ProgressAction'.has the correct parameter type" time="0.0068" asserts="0" success="False" result="Failure" executed="True">
                    <failure>
                      <message>Expected strings to be the same, but they were different.
Expected length: 16
Actual length:   45
Strings differ at index 0.
Expected: 'ActionPreference'
But was:  'System.Management.Automation.ActionPreference'
           ^</message>
                      <stack-trace>at $parameterHelpType | Should -Be $parameter.ParameterType.Name, E:\Owner\Documents\Google Drive\Programs\Scripts\PowerShell\Permission\tests\Help.tests.ps1:114
at &lt;ScriptBlock&gt;, E:\Owner\Documents\Google Drive\Programs\Scripts\PowerShell\Permission\tests\Help.tests.ps1:114</stack-trace>
                    </failure>
                  </test-case>
                </results>
              </test-suite>
              <test-suite type="TestFixture" name="help for Expand-AcctPermission.- Help for parameter 'ProgressParentId'" executed="True" result="Failure" success="False" time="0.1045" asserts="0" description="help for Expand-AcctPermission.- Help for parameter 'ProgressParentId'">
                <results>
                  <test-case description="has a description" name="help for Expand-AcctPermission.- Help for parameter 'ProgressParentId'.has a description" time="0.0032" asserts="0" success="True" result="Success" executed="True" />
                  <test-case description="has the correct [mandatory] value" name="help for Expand-AcctPermission.- Help for parameter 'ProgressParentId'.has the correct [mandatory] value" time="0.003" asserts="0" success="True" result="Success" executed="True" />
                  <test-case description="has the correct parameter type" name="help for Expand-AcctPermission.- Help for parameter 'ProgressParentId'.has the correct parameter type" time="0.0073" asserts="0" success="False" result="Failure" executed="True">
                    <failure>
                      <message>Expected strings to be the same, but they were different.
Expected length: 5
Actual length:   12
Strings differ at index 0.
Expected: 'Int32'
But was:  'System.Int32'
           ^</message>
                      <stack-trace>at $parameterHelpType | Should -Be $parameter.ParameterType.Name, E:\Owner\Documents\Google Drive\Programs\Scripts\PowerShell\Permission\tests\Help.tests.ps1:114
at &lt;ScriptBlock&gt;, E:\Owner\Documents\Google Drive\Programs\Scripts\PowerShell\Permission\tests\Help.tests.ps1:114</stack-trace>
                    </failure>
                  </test-case>
                </results>
              </test-suite>
              <test-suite type="TestFixture" name="help for Expand-AcctPermission.- Help for parameter 'SecurityPrincipal'" executed="True" result="Failure" success="False" time="0.1274" asserts="0" description="help for Expand-AcctPermission.- Help for parameter 'SecurityPrincipal'">
                <results>
                  <test-case description="has a description" name="help for Expand-AcctPermission.- Help for parameter 'SecurityPrincipal'.has a description" time="0.0039" asserts="0" success="True" result="Success" executed="True" />
                  <test-case description="has the correct [mandatory] value" name="help for Expand-AcctPermission.- Help for parameter 'SecurityPrincipal'.has the correct [mandatory] value" time="0.0084" asserts="0" success="True" result="Success" executed="True" />
                  <test-case description="has the correct parameter type" name="help for Expand-AcctPermission.- Help for parameter 'SecurityPrincipal'.has the correct parameter type" time="0.0077" asserts="0" success="False" result="Failure" executed="True">
                    <failure>
                      <message>Expected strings to be the same, but they were different.
Expected length: 8
Actual length:   15
Strings differ at index 0.
Expected: 'Object[]'
But was:  'System.Object[]'
           ^</message>
                      <stack-trace>at $parameterHelpType | Should -Be $parameter.ParameterType.Name, E:\Owner\Documents\Google Drive\Programs\Scripts\PowerShell\Permission\tests\Help.tests.ps1:114
at &lt;ScriptBlock&gt;, E:\Owner\Documents\Google Drive\Programs\Scripts\PowerShell\Permission\tests\Help.tests.ps1:114</stack-trace>
                    </failure>
                  </test-case>
                </results>
              </test-suite>
              <test-suite type="TestFixture" name="help for Expand-AcctPermission.- Help for parameter 'ThisHostName'" executed="True" result="Failure" success="False" time="0.1508" asserts="0" description="help for Expand-AcctPermission.- Help for parameter 'ThisHostName'">
                <results>
                  <test-case description="has a description" name="help for Expand-AcctPermission.- Help for parameter 'ThisHostName'.has a description" time="0.0045" asserts="0" success="True" result="Success" executed="True" />
                  <test-case description="has the correct [mandatory] value" name="help for Expand-AcctPermission.- Help for parameter 'ThisHostName'.has the correct [mandatory] value" time="0.0033" asserts="0" success="True" result="Success" executed="True" />
                  <test-case description="has the correct parameter type" name="help for Expand-AcctPermission.- Help for parameter 'ThisHostName'.has the correct parameter type" time="0.0126" asserts="0" success="False" result="Failure" executed="True">
                    <failure>
                      <message>Expected strings to be the same, but they were different.
Expected length: 6
Actual length:   13
Strings differ at index 1.
Expected: 'String'
But was:  'System.String'
           -^</message>
                      <stack-trace>at $parameterHelpType | Should -Be $parameter.ParameterType.Name, E:\Owner\Documents\Google Drive\Programs\Scripts\PowerShell\Permission\tests\Help.tests.ps1:114
at &lt;ScriptBlock&gt;, E:\Owner\Documents\Google Drive\Programs\Scripts\PowerShell\Permission\tests\Help.tests.ps1:114</stack-trace>
                    </failure>
                  </test-case>
                </results>
              </test-suite>
              <test-suite type="TestFixture" name="help for Expand-AcctPermission.- Help for parameter 'ThreadCount'" executed="True" result="Failure" success="False" time="0.1691" asserts="0" description="help for Expand-AcctPermission.- Help for parameter 'ThreadCount'">
                <results>
                  <test-case description="has a description" name="help for Expand-AcctPermission.- Help for parameter 'ThreadCount'.has a description" time="0.0041" asserts="0" success="True" result="Success" executed="True" />
                  <test-case description="has the correct [mandatory] value" name="help for Expand-AcctPermission.- Help for parameter 'ThreadCount'.has the correct [mandatory] value" time="0.0031" asserts="0" success="True" result="Success" executed="True" />
                  <test-case description="has the correct parameter type" name="help for Expand-AcctPermission.- Help for parameter 'ThreadCount'.has the correct parameter type" time="0.0085" asserts="0" success="False" result="Failure" executed="True">
                    <failure>
                      <message>Expected strings to be the same, but they were different.
Expected length: 5
Actual length:   12
Strings differ at index 0.
Expected: 'Int32'
But was:  'System.Int32'
           ^</message>
                      <stack-trace>at $parameterHelpType | Should -Be $parameter.ParameterType.Name, E:\Owner\Documents\Google Drive\Programs\Scripts\PowerShell\Permission\tests\Help.tests.ps1:114
at &lt;ScriptBlock&gt;, E:\Owner\Documents\Google Drive\Programs\Scripts\PowerShell\Permission\tests\Help.tests.ps1:114</stack-trace>
                    </failure>
                  </test-case>
                </results>
              </test-suite>
              <test-suite type="TestFixture" name="help for Expand-AcctPermission.- Help for parameter 'WhoAmI'" executed="True" result="Failure" success="False" time="0.1948" asserts="0" description="help for Expand-AcctPermission.- Help for parameter 'WhoAmI'">
                <results>
                  <test-case description="has a description" name="help for Expand-AcctPermission.- Help for parameter 'WhoAmI'.has a description" time="0.0039" asserts="0" success="True" result="Success" executed="True" />
                  <test-case description="has the correct [mandatory] value" name="help for Expand-AcctPermission.- Help for parameter 'WhoAmI'.has the correct [mandatory] value" time="0.0031" asserts="0" success="True" result="Success" executed="True" />
                  <test-case description="has the correct parameter type" name="help for Expand-AcctPermission.- Help for parameter 'WhoAmI'.has the correct parameter type" time="0.0157" asserts="0" success="False" result="Failure" executed="True">
                    <failure>
                      <message>Expected strings to be the same, but they were different.
Expected length: 6
Actual length:   13
Strings differ at index 1.
Expected: 'String'
But was:  'System.String'
           -^</message>
                      <stack-trace>at $parameterHelpType | Should -Be $parameter.ParameterType.Name, E:\Owner\Documents\Google Drive\Programs\Scripts\PowerShell\Permission\tests\Help.tests.ps1:114
at &lt;ScriptBlock&gt;, E:\Owner\Documents\Google Drive\Programs\Scripts\PowerShell\Permission\tests\Help.tests.ps1:114</stack-trace>
                    </failure>
                  </test-case>
                </results>
              </test-suite>
              <test-case description="is not auto-generated" name="help for Expand-AcctPermission.is not auto-generated" time="0.0035" asserts="0" success="True" result="Success" executed="True" />
              <test-case description="has a description" name="help for Expand-AcctPermission.has a description" time="0.0035" asserts="0" success="True" result="Success" executed="True" />
              <test-case description="has example code" name="help for Expand-AcctPermission.has example code" time="0.0029" asserts="0" success="True" result="Success" executed="True" />
              <test-case description="has example help" name="help for Expand-AcctPermission.has example help" time="0.0023" asserts="0" success="True" result="Success" executed="True" />
            </results>
          </test-suite>
          <test-suite type="TestFixture" name="help for Expand-Folder" executed="True" result="Failure" success="False" time="0.432" asserts="0" description="help for Expand-Folder">
            <results>
              <test-suite type="TestFixture" name="help for Expand-Folder.- Help for parameter 'DebugOutputStream'" executed="True" result="Failure" success="False" time="0.0392" asserts="0" description="help for Expand-Folder.- Help for parameter 'DebugOutputStream'">
                <results>
                  <test-case description="has a description" name="help for Expand-Folder.- Help for parameter 'DebugOutputStream'.has a description" time="0.0042" asserts="0" success="True" result="Success" executed="True" />
                  <test-case description="has the correct [mandatory] value" name="help for Expand-Folder.- Help for parameter 'DebugOutputStream'.has the correct [mandatory] value" time="0.0036" asserts="0" success="True" result="Success" executed="True" />
                  <test-case description="has the correct parameter type" name="help for Expand-Folder.- Help for parameter 'DebugOutputStream'.has the correct parameter type" time="0.0077" asserts="0" success="False" result="Failure" executed="True">
                    <failure>
                      <message>Expected strings to be the same, but they were different.
Expected length: 6
Actual length:   13
Strings differ at index 1.
Expected: 'String'
But was:  'System.String'
           -^</message>
                      <stack-trace>at $parameterHelpType | Should -Be $parameter.ParameterType.Name, E:\Owner\Documents\Google Drive\Programs\Scripts\PowerShell\Permission\tests\Help.tests.ps1:114
at &lt;ScriptBlock&gt;, E:\Owner\Documents\Google Drive\Programs\Scripts\PowerShell\Permission\tests\Help.tests.ps1:114</stack-trace>
                    </failure>
                  </test-case>
                </results>
              </test-suite>
              <test-suite type="TestFixture" name="help for Expand-Folder.- Help for parameter 'Folder'" executed="True" result="Failure" success="False" time="0.0661" asserts="0" description="help for Expand-Folder.- Help for parameter 'Folder'">
                <results>
                  <test-case description="has a description" name="help for Expand-Folder.- Help for parameter 'Folder'.has a description" time="0.0048" asserts="0" success="True" result="Success" executed="True" />
                  <test-case description="has the correct [mandatory] value" name="help for Expand-Folder.- Help for parameter 'Folder'.has the correct [mandatory] value" time="0.0099" asserts="0" success="True" result="Success" executed="True" />
                  <test-case description="has the correct parameter type" name="help for Expand-Folder.- Help for parameter 'Folder'.has the correct parameter type" time="0.0091" asserts="0" success="False" result="Failure" executed="True">
                    <failure>
                      <message>Expected strings to be the same, but they were different.
Expected length: 6
Actual length:   13
Strings differ at index 0.
Expected: 'Object'
But was:  'System.Object'
           ^</message>
                      <stack-trace>at $parameterHelpType | Should -Be $parameter.ParameterType.Name, E:\Owner\Documents\Google Drive\Programs\Scripts\PowerShell\Permission\tests\Help.tests.ps1:114
at &lt;ScriptBlock&gt;, E:\Owner\Documents\Google Drive\Programs\Scripts\PowerShell\Permission\tests\Help.tests.ps1:114</stack-trace>
                    </failure>
                  </test-case>
                </results>
              </test-suite>
              <test-suite type="TestFixture" name="help for Expand-Folder.- Help for parameter 'LogMsgCache'" executed="True" result="Failure" success="False" time="0.0898" asserts="0" description="help for Expand-Folder.- Help for parameter 'LogMsgCache'">
                <results>
                  <test-case description="has a description" name="help for Expand-Folder.- Help for parameter 'LogMsgCache'.has a description" time="0.0039" asserts="0" success="True" result="Success" executed="True" />
                  <test-case description="has the correct [mandatory] value" name="help for Expand-Folder.- Help for parameter 'LogMsgCache'.has the correct [mandatory] value" time="0.0028" asserts="0" success="True" result="Success" executed="True" />
                  <test-case description="has the correct parameter type" name="help for Expand-Folder.- Help for parameter 'LogMsgCache'.has the correct parameter type" time="0.014" asserts="0" success="False" result="Failure" executed="True">
                    <failure>
                      <message>Expected strings to be the same, but they were different.
Expected length: 9
Actual length:   28
Strings differ at index 0.
Expected: 'Hashtable'
But was:  'System.Collections.Hashtable'
           ^</message>
                      <stack-trace>at $parameterHelpType | Should -Be $parameter.ParameterType.Name, E:\Owner\Documents\Google Drive\Programs\Scripts\PowerShell\Permission\tests\Help.tests.ps1:114
at &lt;ScriptBlock&gt;, E:\Owner\Documents\Google Drive\Programs\Scripts\PowerShell\Permission\tests\Help.tests.ps1:114</stack-trace>
                    </failure>
                  </test-case>
                </results>
              </test-suite>
              <test-suite type="TestFixture" name="help for Expand-Folder.- Help for parameter 'ProgressParentId'" executed="True" result="Failure" success="False" time="0.1124" asserts="0" description="help for Expand-Folder.- Help for parameter 'ProgressParentId'">
                <results>
                  <test-case description="has a description" name="help for Expand-Folder.- Help for parameter 'ProgressParentId'.has a description" time="0.0042" asserts="0" success="True" result="Success" executed="True" />
[...]
                  <test-case description="Script 'E:\Owner\Documents\Google Drive\Programs\Scripts\PowerShell\Permission\src\functions\public\Get-FolderColumnJson.ps1' is valid PowerShell" name="'Permission' Function Tests.Script 'E:\Owner\Documents\Google Drive\Programs\Scripts\PowerShell\Permission\src\functions\public\Get-FolderColumnJson.ps1' is valid PowerShell" time="0.0043" asserts="0" success="True" result="Success" executed="True" />
                  <test-case description="Script 'E:\Owner\Documents\Google Drive\Programs\Scripts\PowerShell\Permission\src\functions\public\Get-FolderPermissionsBlock.ps1' is valid PowerShell" name="'Permission' Function Tests.Script 'E:\Owner\Documents\Google Drive\Programs\Scripts\PowerShell\Permission\src\functions\public\Get-FolderPermissionsBlock.ps1' is valid PowerShell" time="0.0055" asserts="0" success="True" result="Success" executed="True" />
                  <test-case description="Script 'E:\Owner\Documents\Google Drive\Programs\Scripts\PowerShell\Permission\src\functions\public\Get-FolderPermissionTableHeader.ps1' is valid PowerShell" name="'Permission' Function Tests.Script 'E:\Owner\Documents\Google Drive\Programs\Scripts\PowerShell\Permission\src\functions\public\Get-FolderPermissionTableHeader.ps1' is valid PowerShell" time="0.0095" asserts="0" success="True" result="Success" executed="True" />
                  <test-case description="Script 'E:\Owner\Documents\Google Drive\Programs\Scripts\PowerShell\Permission\src\functions\public\Get-FolderTableHeader.ps1' is valid PowerShell" name="'Permission' Function Tests.Script 'E:\Owner\Documents\Google Drive\Programs\Scripts\PowerShell\Permission\src\functions\public\Get-FolderTableHeader.ps1' is valid PowerShell" time="0.0045" asserts="0" success="True" result="Success" executed="True" />
                  <test-case description="Script 'E:\Owner\Documents\Google Drive\Programs\Scripts\PowerShell\Permission\src\functions\public\Get-HtmlBody.ps1' is valid PowerShell" name="'Permission' Function Tests.Script 'E:\Owner\Documents\Google Drive\Programs\Scripts\PowerShell\Permission\src\functions\public\Get-HtmlBody.ps1' is valid PowerShell" time="0.0046" asserts="0" success="True" result="Success" executed="True" />
                  <test-case description="Script 'E:\Owner\Documents\Google Drive\Programs\Scripts\PowerShell\Permission\src\functions\public\Get-HtmlReportFooter.ps1' is valid PowerShell" name="'Permission' Function Tests.Script 'E:\Owner\Documents\Google Drive\Programs\Scripts\PowerShell\Permission\src\functions\public\Get-HtmlReportFooter.ps1' is valid PowerShell" time="0.0051" asserts="0" success="True" result="Success" executed="True" />
                  <test-case description="Script 'E:\Owner\Documents\Google Drive\Programs\Scripts\PowerShell\Permission\src\functions\public\Get-PermissionPrincipal.ps1' is valid PowerShell" name="'Permission' Function Tests.Script 'E:\Owner\Documents\Google Drive\Programs\Scripts\PowerShell\Permission\src\functions\public\Get-PermissionPrincipal.ps1' is valid PowerShell" time="0.0097" asserts="0" success="True" result="Success" executed="True" />
                  <test-case description="Script 'E:\Owner\Documents\Google Drive\Programs\Scripts\PowerShell\Permission\src\functions\public\Get-PrtgXmlSensorOutput.ps1' is valid PowerShell" name="'Permission' Function Tests.Script 'E:\Owner\Documents\Google Drive\Programs\Scripts\PowerShell\Permission\src\functions\public\Get-PrtgXmlSensorOutput.ps1' is valid PowerShell" time="0.0055" asserts="0" success="True" result="Success" executed="True" />
                  <test-case description="Script 'E:\Owner\Documents\Google Drive\Programs\Scripts\PowerShell\Permission\src\functions\public\Get-ReportDescription.ps1' is valid PowerShell" name="'Permission' Function Tests.Script 'E:\Owner\Documents\Google Drive\Programs\Scripts\PowerShell\Permission\src\functions\public\Get-ReportDescription.ps1' is valid PowerShell" time="0.0045" asserts="0" success="True" result="Success" executed="True" />
                  <test-case description="Script 'E:\Owner\Documents\Google Drive\Programs\Scripts\PowerShell\Permission\src\functions\public\Get-TimeZoneName.ps1' is valid PowerShell" name="'Permission' Function Tests.Script 'E:\Owner\Documents\Google Drive\Programs\Scripts\PowerShell\Permission\src\functions\public\Get-TimeZoneName.ps1' is valid PowerShell" time="0.0045" asserts="0" success="True" result="Success" executed="True" />
                  <test-case description="Script 'E:\Owner\Documents\Google Drive\Programs\Scripts\PowerShell\Permission\src\functions\public\Get-UniqueServerFqdn.ps1' is valid PowerShell" name="'Permission' Function Tests.Script 'E:\Owner\Documents\Google Drive\Programs\Scripts\PowerShell\Permission\src\functions\public\Get-UniqueServerFqdn.ps1' is valid PowerShell" time="0.0095" asserts="0" success="True" result="Success" executed="True" />
                  <test-case description="Script 'E:\Owner\Documents\Google Drive\Programs\Scripts\PowerShell\Permission\src\functions\public\Initialize-Cache.ps1' is valid PowerShell" name="'Permission' Function Tests.Script 'E:\Owner\Documents\Google Drive\Programs\Scripts\PowerShell\Permission\src\functions\public\Initialize-Cache.ps1' is valid PowerShell" time="0.0055" asserts="0" success="True" result="Success" executed="True" />
                  <test-case description="Script 'E:\Owner\Documents\Google Drive\Programs\Scripts\PowerShell\Permission\src\functions\public\Invoke-PermissionCommand.ps1' is valid PowerShell" name="'Permission' Function Tests.Script 'E:\Owner\Documents\Google Drive\Programs\Scripts\PowerShell\Permission\src\functions\public\Invoke-PermissionCommand.ps1' is valid PowerShell" time="0.0052" asserts="0" success="True" result="Success" executed="True" />
                  <test-case description="Script 'E:\Owner\Documents\Google Drive\Programs\Scripts\PowerShell\Permission\src\functions\public\Remove-CachedCimSession.ps1' is valid PowerShell" name="'Permission' Function Tests.Script 'E:\Owner\Documents\Google Drive\Programs\Scripts\PowerShell\Permission\src\functions\public\Remove-CachedCimSession.ps1' is valid PowerShell" time="0.0045" asserts="0" success="True" result="Success" executed="True" />
                  <test-case description="Script 'E:\Owner\Documents\Google Drive\Programs\Scripts\PowerShell\Permission\src\functions\public\Resolve-PermissionIdentity.ps1' is valid PowerShell" name="'Permission' Function Tests.Script 'E:\Owner\Documents\Google Drive\Programs\Scripts\PowerShell\Permission\src\functions\public\Resolve-PermissionIdentity.ps1' is valid PowerShell" time="0.0087" asserts="0" success="True" result="Success" executed="True" />
                  <test-case description="Script 'E:\Owner\Documents\Google Drive\Programs\Scripts\PowerShell\Permission\src\functions\public\Resolve-PermissionTarget.ps1' is valid PowerShell" name="'Permission' Function Tests.Script 'E:\Owner\Documents\Google Drive\Programs\Scripts\PowerShell\Permission\src\functions\public\Resolve-PermissionTarget.ps1' is valid PowerShell" time="0.0047" asserts="0" success="True" result="Success" executed="True" />
                  <test-case description="Script 'E:\Owner\Documents\Google Drive\Programs\Scripts\PowerShell\Permission\src\functions\public\Select-FolderPermissionTableProperty.ps1' is valid PowerShell" name="'Permission' Function Tests.Script 'E:\Owner\Documents\Google Drive\Programs\Scripts\PowerShell\Permission\src\functions\public\Select-FolderPermissionTableProperty.ps1' is valid PowerShell" time="0.0044" asserts="0" success="True" result="Success" executed="True" />
                  <test-case description="Script 'E:\Owner\Documents\Google Drive\Programs\Scripts\PowerShell\Permission\src\functions\public\Select-FolderTableProperty.ps1' is valid PowerShell" name="'Permission' Function Tests.Script 'E:\Owner\Documents\Google Drive\Programs\Scripts\PowerShell\Permission\src\functions\public\Select-FolderTableProperty.ps1' is valid PowerShell" time="0.0073" asserts="0" success="True" result="Success" executed="True" />
                  <test-case description="Script 'E:\Owner\Documents\Google Drive\Programs\Scripts\PowerShell\Permission\src\functions\public\Select-UniqueAccountPermission.ps1' is valid PowerShell" name="'Permission' Function Tests.Script 'E:\Owner\Documents\Google Drive\Programs\Scripts\PowerShell\Permission\src\functions\public\Select-UniqueAccountPermission.ps1' is valid PowerShell" time="0.0058" asserts="0" success="True" result="Success" executed="True" />
                  <test-case description="Script 'E:\Owner\Documents\Google Drive\Programs\Scripts\PowerShell\Permission\src\functions\public\Update-CaptionCapitalization.ps1' is valid PowerShell" name="'Permission' Function Tests.Script 'E:\Owner\Documents\Google Drive\Programs\Scripts\PowerShell\Permission\src\functions\public\Update-CaptionCapitalization.ps1' is valid PowerShell" time="0.0048" asserts="0" success="True" result="Success" executed="True" />
                  <test-case description="Script 'E:\Owner\Documents\Google Drive\Programs\Scripts\PowerShell\Permission\src\Permission.psd1' is valid PowerShell" name="'Permission' Function Tests.Script 'E:\Owner\Documents\Google Drive\Programs\Scripts\PowerShell\Permission\src\Permission.psd1' is valid PowerShell" time="0.005" asserts="0" success="True" result="Success" executed="True" />
                  <test-case description="Script 'E:\Owner\Documents\Google Drive\Programs\Scripts\PowerShell\Permission\src\Permission.psm1' is valid PowerShell" name="'Permission' Function Tests.Script 'E:\Owner\Documents\Google Drive\Programs\Scripts\PowerShell\Permission\src\Permission.psm1' is valid PowerShell" time="0.008" asserts="0" success="True" result="Success" executed="True" />
                  <test-case description="Script 'E:\Owner\Documents\Google Drive\Programs\Scripts\PowerShell\Permission\tests\functions\public\Get-FolderAccessList.tests.ps1' is valid PowerShell" name="'Permission' Function Tests.Script 'E:\Owner\Documents\Google Drive\Programs\Scripts\PowerShell\Permission\tests\functions\public\Get-FolderAccessList.tests.ps1' is valid PowerShell" time="0.0047" asserts="0" success="True" result="Success" executed="True" />
                  <test-case description="Script 'E:\Owner\Documents\Google Drive\Programs\Scripts\PowerShell\Permission\tests\Function.tests.ps1' is valid PowerShell" name="'Permission' Function Tests.Script 'E:\Owner\Documents\Google Drive\Programs\Scripts\PowerShell\Permission\tests\Function.tests.ps1' is valid PowerShell" time="0.0056" asserts="0" success="True" result="Success" executed="True" />
                  <test-case description="Script 'E:\Owner\Documents\Google Drive\Programs\Scripts\PowerShell\Permission\tests\Help.tests.ps1' is valid PowerShell" name="'Permission' Function Tests.Script 'E:\Owner\Documents\Google Drive\Programs\Scripts\PowerShell\Permission\tests\Help.tests.ps1' is valid PowerShell" time="0.0111" asserts="0" success="True" result="Success" executed="True" />
                  <test-case description="Script 'E:\Owner\Documents\Google Drive\Programs\Scripts\PowerShell\Permission\tests\Manifest.tests.ps1' is valid PowerShell" name="'Permission' Function Tests.Script 'E:\Owner\Documents\Google Drive\Programs\Scripts\PowerShell\Permission\tests\Manifest.tests.ps1' is valid PowerShell" time="0.0051" asserts="0" success="True" result="Success" executed="True" />
                  <test-case description="Script 'E:\Owner\Documents\Google Drive\Programs\Scripts\PowerShell\Permission\tests\Metadata.tests.ps1' is valid PowerShell" name="'Permission' Function Tests.Script 'E:\Owner\Documents\Google Drive\Programs\Scripts\PowerShell\Permission\tests\Metadata.tests.ps1' is valid PowerShell" time="0.005" asserts="0" success="True" result="Success" executed="True" />
                  <test-case description="Script 'E:\Owner\Documents\Google Drive\Programs\Scripts\PowerShell\Permission\tests\MetaFixers.psm1' is valid PowerShell" name="'Permission' Function Tests.Script 'E:\Owner\Documents\Google Drive\Programs\Scripts\PowerShell\Permission\tests\MetaFixers.psm1' is valid PowerShell" time="0.0046" asserts="0" success="True" result="Success" executed="True" />
                  <test-case description="Script 'E:\Owner\Documents\Google Drive\Programs\Scripts\PowerShell\Permission\tests\Module.tests.ps1' is valid PowerShell" name="'Permission' Function Tests.Script 'E:\Owner\Documents\Google Drive\Programs\Scripts\PowerShell\Permission\tests\Module.tests.ps1' is valid PowerShell" time="0.0061" asserts="0" success="True" result="Success" executed="True" />
                  <test-case description="Script 'E:\Owner\Documents\Google Drive\Programs\Scripts\PowerShell\Permission\tests\Project.tests.ps1' is valid PowerShell" name="'Permission' Function Tests.Script 'E:\Owner\Documents\Google Drive\Programs\Scripts\PowerShell\Permission\tests\Project.tests.ps1' is valid PowerShell" time="0.0106" asserts="0" success="True" result="Success" executed="True" />
                  <test-case description="Script 'E:\Owner\Documents\Google Drive\Programs\Scripts\PowerShell\Permission\tests\ScriptAnalyzerSettings.psd1' is valid PowerShell" name="'Permission' Function Tests.Script 'E:\Owner\Documents\Google Drive\Programs\Scripts\PowerShell\Permission\tests\ScriptAnalyzerSettings.psd1' is valid PowerShell" time="0.0048" asserts="0" success="True" result="Success" executed="True" />
                  <test-case description="Script 'E:\Owner\Documents\Google Drive\Programs\Scripts\PowerShell\Permission\build.ps1' is valid PowerShell" name="'Permission' Function Tests.Script 'E:\Owner\Documents\Google Drive\Programs\Scripts\PowerShell\Permission\build.ps1' is valid PowerShell" time="0.0054" asserts="0" success="True" result="Success" executed="True" />
                  <test-case description="Script 'E:\Owner\Documents\Google Drive\Programs\Scripts\PowerShell\Permission\psakeFile.ps1' is valid PowerShell" name="'Permission' Function Tests.Script 'E:\Owner\Documents\Google Drive\Programs\Scripts\PowerShell\Permission\psakeFile.ps1' is valid PowerShell" time="0.0135" asserts="0" success="True" result="Success" executed="True" />
                  <test-case description="Script 'E:\Owner\Documents\Google Drive\Programs\Scripts\PowerShell\Permission\psdependRequirements.psd1' is valid PowerShell" name="'Permission' Function Tests.Script 'E:\Owner\Documents\Google Drive\Programs\Scripts\PowerShell\Permission\psdependRequirements.psd1' is valid PowerShell" time="0.0062" asserts="0" success="True" result="Success" executed="True" />
                </results>
              </test-suite>
            </results>
          </test-suite>
          <test-suite type="TestFixture" name="'Permission.psm1' Module Tests" executed="True" result="Success" success="True" time="0.479" asserts="0" description="'Permission.psm1' Module Tests">
            <results>
              <test-suite type="ParameterizedTest" name="'Permission.psm1' Module Tests.Module file '&lt;ThisModule&gt;' can be imported without any errors" executed="True" result="Success" success="True" time="0.0142" asserts="0" description="Module file '&lt;ThisModule&gt;' can be imported without any errors">
                <results>
                  <test-case description="Module file 'E:\Owner\Documents\Google Drive\Programs\Scripts\PowerShell\Permission\dist\0.0.160\Permission\Permission.psm1' can be imported without any errors" name="'Permission.psm1' Module Tests.Module file 'E:\Owner\Documents\Google Drive\Programs\Scripts\PowerShell\Permission\dist\0.0.160\Permission\Permission.psm1' can be imported without any errors" time="0.0142" asserts="0" success="True" result="Success" executed="True" />
                </results>
              </test-suite>
            </results>
          </test-suite>
        </results>
      </test-suite>
      <test-suite type="TestFixture" name="E:\Owner\Documents\Google Drive\Programs\Scripts\PowerShell\Permission\tests\Project.tests.ps1" executed="True" result="Success" success="True" time="0.1606" asserts="0" description="E:\Owner\Documents\Google Drive\Programs\Scripts\PowerShell\Permission\tests\Project.tests.ps1">
        <results>
          <test-suite type="TestFixture" name="change log" executed="True" result="Success" success="True" time="0.0122" asserts="0" description="change log">
            <results>
              <test-suite type="TestFixture" name="change log.- Version" executed="True" result="Success" success="True" time="0.0093" asserts="0" description="change log.- Version">
                <results>
                  <test-case description="has a valid version" name="change log.- Version.has a valid version" time="0.0044" asserts="0" success="True" result="Success" executed="True" />
                  <test-case description="has the same version as the manifest" name="change log.- Version.has the same version as the manifest" time="0.0025" asserts="0" success="True" result="Success" executed="True" />
                </results>
              </test-suite>
            </results>
          </test-suite>
        </results>
      </test-suite>
      <test-suite type="TestFixture" name="E:\Owner\Documents\Google Drive\Programs\Scripts\PowerShell\Permission\tests\functions\public\Get-FolderAccessList.tests.ps1" executed="True" result="Success" success="True" time="0.1423" asserts="0" description="E:\Owner\Documents\Google Drive\Programs\Scripts\PowerShell\Permission\tests\functions\public\Get-FolderAccessList.tests.ps1">
        <results>
          <test-suite type="TestFixture" name="'Get-FolderAccessList.ps1' Function Tests" executed="True" result="Success" success="True" time="0.0156" asserts="0" description="'Get-FolderAccessList.ps1' Function Tests">
            <results>
              <test-suite type="ParameterizedTest" name="'Get-FolderAccessList.ps1' Function Tests.Script file 'Get-FolderAccessList.ps1' can be run without any errors" executed="True" result="Success" success="True" time="0.0055" asserts="0" description="Script file 'Get-FolderAccessList.ps1' can be run without any errors">
                <results>
                  <test-case description="Script file 'Get-FolderAccessList.ps1' can be run without any errors" name="'Get-FolderAccessList.ps1' Function Tests.Script file 'Get-FolderAccessList.ps1' can be run without any errors(&quot;E:\Owner\Documents\Google Drive\Programs\Scripts\PowerShell\Permission\src\functions\public\Get-FolderAccessList.ps1&quot;)" time="0.0055" asserts="0" success="True" result="Success" executed="True" />
                </results>
              </test-suite>
              <test-suite type="ParameterizedTest" name="'Get-FolderAccessList.ps1' Function Tests.Script '&lt;Script&gt;' is valid PowerShell" executed="True" result="Success" success="True" time="0.0061" asserts="0" description="Script '&lt;Script&gt;' is valid PowerShell">
                <results>
                  <test-case description="Script 'E:\Owner\Documents\Google Drive\Programs\Scripts\PowerShell\Permission\src\functions\public\Get-FolderAccessList.ps1' is valid PowerShell" name="'Get-FolderAccessList.ps1' Function Tests.Script 'E:\Owner\Documents\Google Drive\Programs\Scripts\PowerShell\Permission\src\functions\public\Get-FolderAccessList.ps1' is valid PowerShell" time="0.0061" asserts="0" success="True" result="Success" executed="True" />
                </results>
              </test-suite>
            </results>
          </test-suite>
        </results>
      </test-suite>
    </results>
  </test-suite>
</test-results>