<?xml version="1.0" encoding="utf-8" standalone="no"?>
<test-results xmlns:xsi="http://www.w3.org/2001/XMLSchema-instance" xsi:noNamespaceSchemaLocation="nunit_schema_2.5.xsd" name="Pester" total="981" errors="0" failures="200" not-run="0" inconclusive="0" ignored="0" skipped="2" invalid="0" date="2024-03-02" time="22:09:32">
  <environment cwd="E:\Owner\Documents\Google Drive\Programs\Scripts\PowerShell\Permission\tests" clr-version="Unknown" nunit-version="2.5.8.0" platform="Microsoft Windows 10 Pro|C:\WINDOWS|\Device\Harddisk0\Partition2" user-domain="JLA-LoftHTPC" machine-name="JLA-LOFTHTPC" os-version="10.0.19044" user="Owner" />
  <culture-info current-culture="en-US" current-uiculture="en-US" />
  <test-suite type="TestFixture" name="Pester" executed="True" result="Failure" success="False" time="11.3724" asserts="0" description="Pester">
    <results>
      <test-suite type="TestFixture" name="E:\Owner\Documents\Google Drive\Programs\Scripts\PowerShell\Permission\tests\Function.tests.ps1" executed="True" result="Success" success="True" time="1.3664" asserts="0" description="E:\Owner\Documents\Google Drive\Programs\Scripts\PowerShell\Permission\tests\Function.tests.ps1">
        <results>
          <test-suite type="TestFixture" name="function 'ConvertTo-ClassExclusionDiv.ps1'" executed="True" result="Success" success="True" time="0.0258" asserts="0" description="function 'ConvertTo-ClassExclusionDiv.ps1'">
            <results>
              <test-suite type="ParameterizedTest" name="function 'ConvertTo-ClassExclusionDiv.ps1'.runs without throwing errors" executed="True" result="Success" success="True" time="0.0149" asserts="0" description="runs without throwing errors">
                <results>
                  <test-case description="runs without throwing errors" name="function 'ConvertTo-ClassExclusionDiv.ps1'.runs without throwing errors(&quot;E:\Owner\Documents\Google Drive\Programs\Scripts\PowerShell\Permission\src\functions\private\ConvertTo-ClassExclusionDiv.ps1&quot;)" time="0.0149" asserts="0" success="True" result="Success" executed="True" />
                </results>
              </test-suite>
              <test-suite type="ParameterizedTest" name="function 'ConvertTo-ClassExclusionDiv.ps1'.can be tokenized by the PowerShell parser without any errors" executed="True" result="Success" success="True" time="0.0068" asserts="0" description="can be tokenized by the PowerShell parser without any errors">
                <results>
                  <test-case description="can be tokenized by the PowerShell parser without any errors" name="function 'ConvertTo-ClassExclusionDiv.ps1'.can be tokenized by the PowerShell parser without any errors(&quot;E:\Owner\Documents\Google Drive\Programs\Scripts\PowerShell\Permission\src\functions\private\ConvertTo-ClassExclusionDiv.ps1&quot;)" time="0.0068" asserts="0" success="True" result="Success" executed="True" />
                </results>
              </test-suite>
            </results>
          </test-suite>
          <test-suite type="TestFixture" name="function 'ConvertTo-IgnoredDomainDiv.ps1'" executed="True" result="Success" success="True" time="0.042" asserts="0" description="function 'ConvertTo-IgnoredDomainDiv.ps1'">
            <results>
              <test-suite type="ParameterizedTest" name="function 'ConvertTo-IgnoredDomainDiv.ps1'.runs without throwing errors" executed="True" result="Success" success="True" time="0.0074" asserts="0" description="runs without throwing errors">
                <results>
                  <test-case description="runs without throwing errors" name="function 'ConvertTo-IgnoredDomainDiv.ps1'.runs without throwing errors(&quot;E:\Owner\Documents\Google Drive\Programs\Scripts\PowerShell\Permission\src\functions\private\ConvertTo-IgnoredDomainDiv.ps1&quot;)" time="0.0074" asserts="0" success="True" result="Success" executed="True" />
                </results>
              </test-suite>
              <test-suite type="ParameterizedTest" name="function 'ConvertTo-IgnoredDomainDiv.ps1'.can be tokenized by the PowerShell parser without any errors" executed="True" result="Success" success="True" time="0.0062" asserts="0" description="can be tokenized by the PowerShell parser without any errors">
                <results>
                  <test-case description="can be tokenized by the PowerShell parser without any errors" name="function 'ConvertTo-IgnoredDomainDiv.ps1'.can be tokenized by the PowerShell parser without any errors(&quot;E:\Owner\Documents\Google Drive\Programs\Scripts\PowerShell\Permission\src\functions\private\ConvertTo-IgnoredDomainDiv.ps1&quot;)" time="0.0062" asserts="0" success="True" result="Success" executed="True" />
                </results>
              </test-suite>
            </results>
          </test-suite>
          <test-suite type="TestFixture" name="function 'ConvertTo-MemberExclusionDiv.ps1'" executed="True" result="Success" success="True" time="0.0561" asserts="0" description="function 'ConvertTo-MemberExclusionDiv.ps1'">
            <results>
              <test-suite type="ParameterizedTest" name="function 'ConvertTo-MemberExclusionDiv.ps1'.runs without throwing errors" executed="True" result="Success" success="True" time="0.0058" asserts="0" description="runs without throwing errors">
                <results>
                  <test-case description="runs without throwing errors" name="function 'ConvertTo-MemberExclusionDiv.ps1'.runs without throwing errors(&quot;E:\Owner\Documents\Google Drive\Programs\Scripts\PowerShell\Permission\src\functions\private\ConvertTo-MemberExclusionDiv.ps1&quot;)" time="0.0058" asserts="0" success="True" result="Success" executed="True" />
                </results>
              </test-suite>
              <test-suite type="ParameterizedTest" name="function 'ConvertTo-MemberExclusionDiv.ps1'.can be tokenized by the PowerShell parser without any errors" executed="True" result="Success" success="True" time="0.005" asserts="0" description="can be tokenized by the PowerShell parser without any errors">
                <results>
                  <test-case description="can be tokenized by the PowerShell parser without any errors" name="function 'ConvertTo-MemberExclusionDiv.ps1'.can be tokenized by the PowerShell parser without any errors(&quot;E:\Owner\Documents\Google Drive\Programs\Scripts\PowerShell\Permission\src\functions\private\ConvertTo-MemberExclusionDiv.ps1&quot;)" time="0.005" asserts="0" success="True" result="Success" executed="True" />
                </results>
              </test-suite>
            </results>
          </test-suite>
          <test-suite type="TestFixture" name="function 'ConvertTo-NameExclusionDiv.ps1'" executed="True" result="Success" success="True" time="0.0826" asserts="0" description="function 'ConvertTo-NameExclusionDiv.ps1'">
            <results>
              <test-suite type="ParameterizedTest" name="function 'ConvertTo-NameExclusionDiv.ps1'.runs without throwing errors" executed="True" result="Success" success="True" time="0.0069" asserts="0" description="runs without throwing errors">
                <results>
                  <test-case description="runs without throwing errors" name="function 'ConvertTo-NameExclusionDiv.ps1'.runs without throwing errors(&quot;E:\Owner\Documents\Google Drive\Programs\Scripts\PowerShell\Permission\src\functions\private\ConvertTo-NameExclusionDiv.ps1&quot;)" time="0.0069" asserts="0" success="True" result="Success" executed="True" />
                </results>
              </test-suite>
              <test-suite type="ParameterizedTest" name="function 'ConvertTo-NameExclusionDiv.ps1'.can be tokenized by the PowerShell parser without any errors" executed="True" result="Success" success="True" time="0.0163" asserts="0" description="can be tokenized by the PowerShell parser without any errors">
                <results>
                  <test-case description="can be tokenized by the PowerShell parser without any errors" name="function 'ConvertTo-NameExclusionDiv.ps1'.can be tokenized by the PowerShell parser without any errors(&quot;E:\Owner\Documents\Google Drive\Programs\Scripts\PowerShell\Permission\src\functions\private\ConvertTo-NameExclusionDiv.ps1&quot;)" time="0.0163" asserts="0" success="True" result="Success" executed="True" />
                </results>
              </test-suite>
            </results>
          </test-suite>
          <test-suite type="TestFixture" name="function 'ConvertTo-PermissionGroup.ps1'" executed="True" result="Success" success="True" time="0.117" asserts="0" description="function 'ConvertTo-PermissionGroup.ps1'">
            <results>
              <test-suite type="ParameterizedTest" name="function 'ConvertTo-PermissionGroup.ps1'.runs without throwing errors" executed="True" result="Success" success="True" time="0.0246" asserts="0" description="runs without throwing errors">
                <results>
                  <test-case description="runs without throwing errors" name="function 'ConvertTo-PermissionGroup.ps1'.runs without throwing errors(&quot;E:\Owner\Documents\Google Drive\Programs\Scripts\PowerShell\Permission\src\functions\private\ConvertTo-PermissionGroup.ps1&quot;)" time="0.0246" asserts="0" success="True" result="Success" executed="True" />
                </results>
              </test-suite>
              <test-suite type="ParameterizedTest" name="function 'ConvertTo-PermissionGroup.ps1'.can be tokenized by the PowerShell parser without any errors" executed="True" result="Success" success="True" time="0.0057" asserts="0" description="can be tokenized by the PowerShell parser without any errors">
                <results>
                  <test-case description="can be tokenized by the PowerShell parser without any errors" name="function 'ConvertTo-PermissionGroup.ps1'.can be tokenized by the PowerShell parser without any errors(&quot;E:\Owner\Documents\Google Drive\Programs\Scripts\PowerShell\Permission\src\functions\private\ConvertTo-PermissionGroup.ps1&quot;)" time="0.0057" asserts="0" success="True" result="Success" executed="True" />
                </results>
              </test-suite>
            </results>
          </test-suite>
          <test-suite type="TestFixture" name="function 'ConvertTo-PermissionList.ps1'" executed="True" result="Success" success="True" time="0.1669" asserts="0" description="function 'ConvertTo-PermissionList.ps1'">
            <results>
              <test-suite type="ParameterizedTest" name="function 'ConvertTo-PermissionList.ps1'.runs without throwing errors" executed="True" result="Success" success="True" time="0.0253" asserts="0" description="runs without throwing errors">
                <results>
                  <test-case description="runs without throwing errors" name="function 'ConvertTo-PermissionList.ps1'.runs without throwing errors(&quot;E:\Owner\Documents\Google Drive\Programs\Scripts\PowerShell\Permission\src\functions\private\ConvertTo-PermissionList.ps1&quot;)" time="0.0253" asserts="0" success="True" result="Success" executed="True" />
                </results>
              </test-suite>
              <test-suite type="ParameterizedTest" name="function 'ConvertTo-PermissionList.ps1'.can be tokenized by the PowerShell parser without any errors" executed="True" result="Success" success="True" time="0.0206" asserts="0" description="can be tokenized by the PowerShell parser without any errors">
                <results>
                  <test-case description="can be tokenized by the PowerShell parser without any errors" name="function 'ConvertTo-PermissionList.ps1'.can be tokenized by the PowerShell parser without any errors(&quot;E:\Owner\Documents\Google Drive\Programs\Scripts\PowerShell\Permission\src\functions\private\ConvertTo-PermissionList.ps1&quot;)" time="0.0206" asserts="0" success="True" result="Success" executed="True" />
                </results>
              </test-suite>
            </results>
          </test-suite>
          <test-suite type="TestFixture" name="function 'ConvertTo-ScriptHtml.ps1'" executed="True" result="Success" success="True" time="0.1876" asserts="0" description="function 'ConvertTo-ScriptHtml.ps1'">
            <results>
              <test-suite type="ParameterizedTest" name="function 'ConvertTo-ScriptHtml.ps1'.runs without throwing errors" executed="True" result="Success" success="True" time="0.012" asserts="0" description="runs without throwing errors">
                <results>
                  <test-case description="runs without throwing errors" name="function 'ConvertTo-ScriptHtml.ps1'.runs without throwing errors(&quot;E:\Owner\Documents\Google Drive\Programs\Scripts\PowerShell\Permission\src\functions\private\ConvertTo-ScriptHtml.ps1&quot;)" time="0.012" asserts="0" success="True" result="Success" executed="True" />
                </results>
              </test-suite>
              <test-suite type="ParameterizedTest" name="function 'ConvertTo-ScriptHtml.ps1'.can be tokenized by the PowerShell parser without any errors" executed="True" result="Success" success="True" time="0.0056" asserts="0" description="can be tokenized by the PowerShell parser without any errors">
                <results>
                  <test-case description="can be tokenized by the PowerShell parser without any errors" name="function 'ConvertTo-ScriptHtml.ps1'.can be tokenized by the PowerShell parser without any errors(&quot;E:\Owner\Documents\Google Drive\Programs\Scripts\PowerShell\Permission\src\functions\private\ConvertTo-ScriptHtml.ps1&quot;)" time="0.0056" asserts="0" success="True" result="Success" executed="True" />
                </results>
              </test-suite>
            </results>
          </test-suite>
          <test-suite type="TestFixture" name="function 'Expand-AccountPermissionReference.ps1'" executed="True" result="Success" success="True" time="0.201" asserts="0" description="function 'Expand-AccountPermissionReference.ps1'">
            <results>
              <test-suite type="ParameterizedTest" name="function 'Expand-AccountPermissionReference.ps1'.runs without throwing errors" executed="True" result="Success" success="True" time="0.0051" asserts="0" description="runs without throwing errors">
                <results>
                  <test-case description="runs without throwing errors" name="function 'Expand-AccountPermissionReference.ps1'.runs without throwing errors(&quot;E:\Owner\Documents\Google Drive\Programs\Scripts\PowerShell\Permission\src\functions\private\Expand-AccountPermissionReference.ps1&quot;)" time="0.0051" asserts="0" success="True" result="Success" executed="True" />
                </results>
              </test-suite>
              <test-suite type="ParameterizedTest" name="function 'Expand-AccountPermissionReference.ps1'.can be tokenized by the PowerShell parser without any errors" executed="True" result="Success" success="True" time="0.0052" asserts="0" description="can be tokenized by the PowerShell parser without any errors">
                <results>
                  <test-case description="can be tokenized by the PowerShell parser without any errors" name="function 'Expand-AccountPermissionReference.ps1'.can be tokenized by the PowerShell parser without any errors(&quot;E:\Owner\Documents\Google Drive\Programs\Scripts\PowerShell\Permission\src\functions\private\Expand-AccountPermissionReference.ps1&quot;)" time="0.0052" asserts="0" success="True" result="Success" executed="True" />
                </results>
              </test-suite>
            </results>
          </test-suite>
          <test-suite type="TestFixture" name="function 'Expand-FlatPermissionReference.ps1'" executed="True" result="Success" success="True" time="0.2224" asserts="0" description="function 'Expand-FlatPermissionReference.ps1'">
            <results>
              <test-suite type="ParameterizedTest" name="function 'Expand-FlatPermissionReference.ps1'.runs without throwing errors" executed="True" result="Success" success="True" time="0.012" asserts="0" description="runs without throwing errors">
                <results>
                  <test-case description="runs without throwing errors" name="function 'Expand-FlatPermissionReference.ps1'.runs without throwing errors(&quot;E:\Owner\Documents\Google Drive\Programs\Scripts\PowerShell\Permission\src\functions\private\Expand-FlatPermissionReference.ps1&quot;)" time="0.012" asserts="0" success="True" result="Success" executed="True" />
                </results>
              </test-suite>
              <test-suite type="ParameterizedTest" name="function 'Expand-FlatPermissionReference.ps1'.can be tokenized by the PowerShell parser without any errors" executed="True" result="Success" success="True" time="0.0061" asserts="0" description="can be tokenized by the PowerShell parser without any errors">
                <results>
                  <test-case description="can be tokenized by the PowerShell parser without any errors" name="function 'Expand-FlatPermissionReference.ps1'.can be tokenized by the PowerShell parser without any errors(&quot;E:\Owner\Documents\Google Drive\Programs\Scripts\PowerShell\Permission\src\functions\private\Expand-FlatPermissionReference.ps1&quot;)" time="0.0061" asserts="0" success="True" result="Success" executed="True" />
                </results>
              </test-suite>
            </results>
          </test-suite>
          <test-suite type="TestFixture" name="function 'Expand-ItemPermissionReference.ps1'" executed="True" result="Success" success="True" time="0.2374" asserts="0" description="function 'Expand-ItemPermissionReference.ps1'">
            <results>
              <test-suite type="ParameterizedTest" name="function 'Expand-ItemPermissionReference.ps1'.runs without throwing errors" executed="True" result="Success" success="True" time="0.0066" asserts="0" description="runs without throwing errors">
                <results>
                  <test-case description="runs without throwing errors" name="function 'Expand-ItemPermissionReference.ps1'.runs without throwing errors(&quot;E:\Owner\Documents\Google Drive\Programs\Scripts\PowerShell\Permission\src\functions\private\Expand-ItemPermissionReference.ps1&quot;)" time="0.0066" asserts="0" success="True" result="Success" executed="True" />
                </results>
              </test-suite>
              <test-suite type="ParameterizedTest" name="function 'Expand-ItemPermissionReference.ps1'.can be tokenized by the PowerShell parser without any errors" executed="True" result="Success" success="True" time="0.0051" asserts="0" description="can be tokenized by the PowerShell parser without any errors">
                <results>
                  <test-case description="can be tokenized by the PowerShell parser without any errors" name="function 'Expand-ItemPermissionReference.ps1'.can be tokenized by the PowerShell parser without any errors(&quot;E:\Owner\Documents\Google Drive\Programs\Scripts\PowerShell\Permission\src\functions\private\Expand-ItemPermissionReference.ps1&quot;)" time="0.0051" asserts="0" success="True" result="Success" executed="True" />
                </results>
              </test-suite>
            </results>
          </test-suite>
          <test-suite type="TestFixture" name="function 'Get-FolderPermissionTableHeader.ps1'" executed="True" result="Success" success="True" time="0.2572" asserts="0" description="function 'Get-FolderPermissionTableHeader.ps1'">
            <results>
              <test-suite type="ParameterizedTest" name="function 'Get-FolderPermissionTableHeader.ps1'.runs without throwing errors" executed="True" result="Success" success="True" time="0.0129" asserts="0" description="runs without throwing errors">
                <results>
                  <test-case description="runs without throwing errors" name="function 'Get-FolderPermissionTableHeader.ps1'.runs without throwing errors(&quot;E:\Owner\Documents\Google Drive\Programs\Scripts\PowerShell\Permission\src\functions\private\Get-FolderPermissionTableHeader.ps1&quot;)" time="0.0129" asserts="0" success="True" result="Success" executed="True" />
                </results>
              </test-suite>
              <test-suite type="ParameterizedTest" name="function 'Get-FolderPermissionTableHeader.ps1'.can be tokenized by the PowerShell parser without any errors" executed="True" result="Success" success="True" time="0.0046" asserts="0" description="can be tokenized by the PowerShell parser without any errors">
                <results>
                  <test-case description="can be tokenized by the PowerShell parser without any errors" name="function 'Get-FolderPermissionTableHeader.ps1'.can be tokenized by the PowerShell parser without any errors(&quot;E:\Owner\Documents\Google Drive\Programs\Scripts\PowerShell\Permission\src\functions\private\Get-FolderPermissionTableHeader.ps1&quot;)" time="0.0046" asserts="0" success="True" result="Success" executed="True" />
                </results>
              </test-suite>
            </results>
          </test-suite>
          <test-suite type="TestFixture" name="function 'Get-HtmlBody.ps1'" executed="True" result="Success" success="True" time="0.2724" asserts="0" description="function 'Get-HtmlBody.ps1'">
            <results>
              <test-suite type="ParameterizedTest" name="function 'Get-HtmlBody.ps1'.runs without throwing errors" executed="True" result="Success" success="True" time="0.0068" asserts="0" description="runs without throwing errors">
                <results>
                  <test-case description="runs without throwing errors" name="function 'Get-HtmlBody.ps1'.runs without throwing errors(&quot;E:\Owner\Documents\Google Drive\Programs\Scripts\PowerShell\Permission\src\functions\private\Get-HtmlBody.ps1&quot;)" time="0.0068" asserts="0" success="True" result="Success" executed="True" />
                </results>
              </test-suite>
              <test-suite type="ParameterizedTest" name="function 'Get-HtmlBody.ps1'.can be tokenized by the PowerShell parser without any errors" executed="True" result="Success" success="True" time="0.0053" asserts="0" description="can be tokenized by the PowerShell parser without any errors">
                <results>
                  <test-case description="can be tokenized by the PowerShell parser without any errors" name="function 'Get-HtmlBody.ps1'.can be tokenized by the PowerShell parser without any errors(&quot;E:\Owner\Documents\Google Drive\Programs\Scripts\PowerShell\Permission\src\functions\private\Get-HtmlBody.ps1&quot;)" time="0.0053" asserts="0" success="True" result="Success" executed="True" />
                </results>
              </test-suite>
            </results>
          </test-suite>
          <test-suite type="TestFixture" name="function 'Get-ReportDescription.ps1'" executed="True" result="Success" success="True" time="0.2952" asserts="0" description="function 'Get-ReportDescription.ps1'">
            <results>
              <test-suite type="ParameterizedTest" name="function 'Get-ReportDescription.ps1'.runs without throwing errors" executed="True" result="Success" success="True" time="0.0131" asserts="0" description="runs without throwing errors">
                <results>
                  <test-case description="runs without throwing errors" name="function 'Get-ReportDescription.ps1'.runs without throwing errors(&quot;E:\Owner\Documents\Google Drive\Programs\Scripts\PowerShell\Permission\src\functions\private\Get-ReportDescription.ps1&quot;)" time="0.0131" asserts="0" success="True" result="Success" executed="True" />
                </results>
              </test-suite>
              <test-suite type="ParameterizedTest" name="function 'Get-ReportDescription.ps1'.can be tokenized by the PowerShell parser without any errors" executed="True" result="Success" success="True" time="0.0065" asserts="0" description="can be tokenized by the PowerShell parser without any errors">
                <results>
                  <test-case description="can be tokenized by the PowerShell parser without any errors" name="function 'Get-ReportDescription.ps1'.can be tokenized by the PowerShell parser without any errors(&quot;E:\Owner\Documents\Google Drive\Programs\Scripts\PowerShell\Permission\src\functions\private\Get-ReportDescription.ps1&quot;)" time="0.0065" asserts="0" success="True" result="Success" executed="True" />
                </results>
              </test-suite>
            </results>
          </test-suite>
          <test-suite type="TestFixture" name="function 'Get-SummaryTableHeader.ps1'" executed="True" result="Success" success="True" time="0.3089" asserts="0" description="function 'Get-SummaryTableHeader.ps1'">
            <results>
              <test-suite type="ParameterizedTest" name="function 'Get-SummaryTableHeader.ps1'.runs without throwing errors" executed="True" result="Success" success="True" time="0.0051" asserts="0" description="runs without throwing errors">
                <results>
                  <test-case description="runs without throwing errors" name="function 'Get-SummaryTableHeader.ps1'.runs without throwing errors(&quot;E:\Owner\Documents\Google Drive\Programs\Scripts\PowerShell\Permission\src\functions\private\Get-SummaryTableHeader.ps1&quot;)" time="0.0051" asserts="0" success="True" result="Success" executed="True" />
                </results>
              </test-suite>
              <test-suite type="ParameterizedTest" name="function 'Get-SummaryTableHeader.ps1'.can be tokenized by the PowerShell parser without any errors" executed="True" result="Success" success="True" time="0.0056" asserts="0" description="can be tokenized by the PowerShell parser without any errors">
                <results>
                  <test-case description="can be tokenized by the PowerShell parser without any errors" name="function 'Get-SummaryTableHeader.ps1'.can be tokenized by the PowerShell parser without any errors(&quot;E:\Owner\Documents\Google Drive\Programs\Scripts\PowerShell\Permission\src\functions\private\Get-SummaryTableHeader.ps1&quot;)" time="0.0056" asserts="0" success="True" result="Success" executed="True" />
                </results>
              </test-suite>
            </results>
          </test-suite>
          <test-suite type="TestFixture" name="function 'Group-AccountPermissionReference.ps1'" executed="True" result="Success" success="True" time="0.3286" asserts="0" description="function 'Group-AccountPermissionReference.ps1'">
            <results>
              <test-suite type="ParameterizedTest" name="function 'Group-AccountPermissionReference.ps1'.runs without throwing errors" executed="True" result="Success" success="True" time="0.0107" asserts="0" description="runs without throwing errors">
                <results>
                  <test-case description="runs without throwing errors" name="function 'Group-AccountPermissionReference.ps1'.runs without throwing errors(&quot;E:\Owner\Documents\Google Drive\Programs\Scripts\PowerShell\Permission\src\functions\private\Group-AccountPermissionReference.ps1&quot;)" time="0.0107" asserts="0" success="True" result="Success" executed="True" />
                </results>
              </test-suite>
              <test-suite type="ParameterizedTest" name="function 'Group-AccountPermissionReference.ps1'.can be tokenized by the PowerShell parser without any errors" executed="True" result="Success" success="True" time="0.0061" asserts="0" description="can be tokenized by the PowerShell parser without any errors">
                <results>
                  <test-case description="can be tokenized by the PowerShell parser without any errors" name="function 'Group-AccountPermissionReference.ps1'.can be tokenized by the PowerShell parser without any errors(&quot;E:\Owner\Documents\Google Drive\Programs\Scripts\PowerShell\Permission\src\functions\private\Group-AccountPermissionReference.ps1&quot;)" time="0.0061" asserts="0" success="True" result="Success" executed="True" />
                </results>
              </test-suite>
            </results>
          </test-suite>
          <test-suite type="TestFixture" name="function 'Group-ItemPermissionReference.ps1'" executed="True" result="Success" success="True" time="0.3476" asserts="0" description="function 'Group-ItemPermissionReference.ps1'">
            <results>
              <test-suite type="ParameterizedTest" name="function 'Group-ItemPermissionReference.ps1'.runs without throwing errors" executed="True" result="Success" success="True" time="0.0091" asserts="0" description="runs without throwing errors">
                <results>
                  <test-case description="runs without throwing errors" name="function 'Group-ItemPermissionReference.ps1'.runs without throwing errors(&quot;E:\Owner\Documents\Google Drive\Programs\Scripts\PowerShell\Permission\src\functions\private\Group-ItemPermissionReference.ps1&quot;)" time="0.0091" asserts="0" success="True" result="Success" executed="True" />
                </results>
              </test-suite>
              <test-suite type="ParameterizedTest" name="function 'Group-ItemPermissionReference.ps1'.can be tokenized by the PowerShell parser without any errors" executed="True" result="Success" success="True" time="0.0065" asserts="0" description="can be tokenized by the PowerShell parser without any errors">
                <results>
                  <test-case description="can be tokenized by the PowerShell parser without any errors" name="function 'Group-ItemPermissionReference.ps1'.can be tokenized by the PowerShell parser without any errors(&quot;E:\Owner\Documents\Google Drive\Programs\Scripts\PowerShell\Permission\src\functions\private\Group-ItemPermissionReference.ps1&quot;)" time="0.0065" asserts="0" success="True" result="Success" executed="True" />
                </results>
              </test-suite>
            </results>
          </test-suite>
          <test-suite type="TestFixture" name="function 'Memory.ps1'" executed="True" result="Success" success="True" time="0.3689" asserts="0" description="function 'Memory.ps1'">
            <results>
              <test-suite type="ParameterizedTest" name="function 'Memory.ps1'.runs without throwing errors" executed="True" result="Success" success="True" time="0.0125" asserts="0" description="runs without throwing errors">
                <results>
                  <test-case description="runs without throwing errors" name="function 'Memory.ps1'.runs without throwing errors(&quot;E:\Owner\Documents\Google Drive\Programs\Scripts\PowerShell\Permission\src\functions\private\Memory.ps1&quot;)" time="0.0125" asserts="0" success="True" result="Success" executed="True" />
                </results>
              </test-suite>
              <test-suite type="ParameterizedTest" name="function 'Memory.ps1'.can be tokenized by the PowerShell parser without any errors" executed="True" result="Success" success="True" time="0.0054" asserts="0" description="can be tokenized by the PowerShell parser without any errors">
                <results>
                  <test-case description="can be tokenized by the PowerShell parser without any errors" name="function 'Memory.ps1'.can be tokenized by the PowerShell parser without any errors(&quot;E:\Owner\Documents\Google Drive\Programs\Scripts\PowerShell\Permission\src\functions\private\Memory.ps1&quot;)" time="0.0054" asserts="0" success="True" result="Success" executed="True" />
                </results>
              </test-suite>
            </results>
          </test-suite>
          <test-suite type="TestFixture" name="function 'Resolve-SplitByParameter.ps1'" executed="True" result="Success" success="True" time="0.3846" asserts="0" description="function 'Resolve-SplitByParameter.ps1'">
            <results>
              <test-suite type="ParameterizedTest" name="function 'Resolve-SplitByParameter.ps1'.runs without throwing errors" executed="True" result="Success" success="True" time="0.0067" asserts="0" description="runs without throwing errors">
                <results>
                  <test-case description="runs without throwing errors" name="function 'Resolve-SplitByParameter.ps1'.runs without throwing errors(&quot;E:\Owner\Documents\Google Drive\Programs\Scripts\PowerShell\Permission\src\functions\private\Resolve-SplitByParameter.ps1&quot;)" time="0.0067" asserts="0" success="True" result="Success" executed="True" />
                </results>
              </test-suite>
              <test-suite type="ParameterizedTest" name="function 'Resolve-SplitByParameter.ps1'.can be tokenized by the PowerShell parser without any errors" executed="True" result="Success" success="True" time="0.0057" asserts="0" description="can be tokenized by the PowerShell parser without any errors">
                <results>
                  <test-case description="can be tokenized by the PowerShell parser without any errors" name="function 'Resolve-SplitByParameter.ps1'.can be tokenized by the PowerShell parser without any errors(&quot;E:\Owner\Documents\Google Drive\Programs\Scripts\PowerShell\Permission\src\functions\private\Resolve-SplitByParameter.ps1&quot;)" time="0.0057" asserts="0" success="True" result="Success" executed="True" />
                </results>
              </test-suite>
            </results>
          </test-suite>
          <test-suite type="TestFixture" name="function 'Select-ItemTableProperty.ps1'" executed="True" result="Success" success="True" time="0.4081" asserts="0" description="function 'Select-ItemTableProperty.ps1'">
            <results>
              <test-suite type="ParameterizedTest" name="function 'Select-ItemTableProperty.ps1'.runs without throwing errors" executed="True" result="Success" success="True" time="0.0141" asserts="0" description="runs without throwing errors">
                <results>
                  <test-case description="runs without throwing errors" name="function 'Select-ItemTableProperty.ps1'.runs without throwing errors(&quot;E:\Owner\Documents\Google Drive\Programs\Scripts\PowerShell\Permission\src\functions\private\Select-ItemTableProperty.ps1&quot;)" time="0.0141" asserts="0" success="True" result="Success" executed="True" />
                </results>
              </test-suite>
              <test-suite type="ParameterizedTest" name="function 'Select-ItemTableProperty.ps1'.can be tokenized by the PowerShell parser without any errors" executed="True" result="Success" success="True" time="0.0065" asserts="0" description="can be tokenized by the PowerShell parser without any errors">
                <results>
                  <test-case description="can be tokenized by the PowerShell parser without any errors" name="function 'Select-ItemTableProperty.ps1'.can be tokenized by the PowerShell parser without any errors(&quot;E:\Owner\Documents\Google Drive\Programs\Scripts\PowerShell\Permission\src\functions\private\Select-ItemTableProperty.ps1&quot;)" time="0.0065" asserts="0" success="True" result="Success" executed="True" />
                </results>
              </test-suite>
            </results>
          </test-suite>
          <test-suite type="TestFixture" name="function 'Select-PermissionTableProperty.ps1'" executed="True" result="Success" success="True" time="0.4237" asserts="0" description="function 'Select-PermissionTableProperty.ps1'">
            <results>
              <test-suite type="ParameterizedTest" name="function 'Select-PermissionTableProperty.ps1'.runs without throwing errors" executed="True" result="Success" success="True" time="0.0054" asserts="0" description="runs without throwing errors">
                <results>
                  <test-case description="runs without throwing errors" name="function 'Select-PermissionTableProperty.ps1'.runs without throwing errors(&quot;E:\Owner\Documents\Google Drive\Programs\Scripts\PowerShell\Permission\src\functions\private\Select-PermissionTableProperty.ps1&quot;)" time="0.0054" asserts="0" success="True" result="Success" executed="True" />
                </results>
              </test-suite>
              <test-suite type="ParameterizedTest" name="function 'Select-PermissionTableProperty.ps1'.can be tokenized by the PowerShell parser without any errors" executed="True" result="Success" success="True" time="0.007" asserts="0" description="can be tokenized by the PowerShell parser without any errors">
                <results>
                  <test-case description="can be tokenized by the PowerShell parser without any errors" name="function 'Select-PermissionTableProperty.ps1'.can be tokenized by the PowerShell parser without any errors(&quot;E:\Owner\Documents\Google Drive\Programs\Scripts\PowerShell\Permission\src\functions\private\Select-PermissionTableProperty.ps1&quot;)" time="0.007" asserts="0" success="True" result="Success" executed="True" />
                </results>
              </test-suite>
            </results>
          </test-suite>
          <test-suite type="TestFixture" name="function 'Add-CacheItem.ps1'" executed="True" result="Success" success="True" time="0.4492" asserts="0" description="function 'Add-CacheItem.ps1'">
            <results>
              <test-suite type="ParameterizedTest" name="function 'Add-CacheItem.ps1'.runs without throwing errors" executed="True" result="Success" success="True" time="0.0064" asserts="0" description="runs without throwing errors">
                <results>
                  <test-case description="runs without throwing errors" name="function 'Add-CacheItem.ps1'.runs without throwing errors(&quot;E:\Owner\Documents\Google Drive\Programs\Scripts\PowerShell\Permission\src\functions\public\Add-CacheItem.ps1&quot;)" time="0.0064" asserts="0" success="True" result="Success" executed="True" />
                </results>
              </test-suite>
              <test-suite type="ParameterizedTest" name="function 'Add-CacheItem.ps1'.can be tokenized by the PowerShell parser without any errors" executed="True" result="Success" success="True" time="0.0158" asserts="0" description="can be tokenized by the PowerShell parser without any errors">
                <results>
                  <test-case description="can be tokenized by the PowerShell parser without any errors" name="function 'Add-CacheItem.ps1'.can be tokenized by the PowerShell parser without any errors(&quot;E:\Owner\Documents\Google Drive\Programs\Scripts\PowerShell\Permission\src\functions\public\Add-CacheItem.ps1&quot;)" time="0.0158" asserts="0" success="True" result="Success" executed="True" />
                </results>
              </test-suite>
            </results>
          </test-suite>
          <test-suite type="TestFixture" name="function 'ConvertTo-ItemBlock.ps1'" executed="True" result="Success" success="True" time="0.4686" asserts="0" description="function 'ConvertTo-ItemBlock.ps1'">
            <results>
              <test-suite type="ParameterizedTest" name="function 'ConvertTo-ItemBlock.ps1'.runs without throwing errors" executed="True" result="Success" success="True" time="0.0074" asserts="0" description="runs without throwing errors">
                <results>
                  <test-case description="runs without throwing errors" name="function 'ConvertTo-ItemBlock.ps1'.runs without throwing errors(&quot;E:\Owner\Documents\Google Drive\Programs\Scripts\PowerShell\Permission\src\functions\public\ConvertTo-ItemBlock.ps1&quot;)" time="0.0074" asserts="0" success="True" result="Success" executed="True" />
                </results>
              </test-suite>
              <test-suite type="ParameterizedTest" name="function 'ConvertTo-ItemBlock.ps1'.can be tokenized by the PowerShell parser without any errors" executed="True" result="Success" success="True" time="0.0083" asserts="0" description="can be tokenized by the PowerShell parser without any errors">
                <results>
                  <test-case description="can be tokenized by the PowerShell parser without any errors" name="function 'ConvertTo-ItemBlock.ps1'.can be tokenized by the PowerShell parser without any errors(&quot;E:\Owner\Documents\Google Drive\Programs\Scripts\PowerShell\Permission\src\functions\public\ConvertTo-ItemBlock.ps1&quot;)" time="0.0083" asserts="0" success="True" result="Success" executed="True" />
                </results>
              </test-suite>
            </results>
          </test-suite>
          <test-suite type="TestFixture" name="function 'Expand-Permission.ps1'" executed="True" result="Success" success="True" time="0.4905" asserts="0" description="function 'Expand-Permission.ps1'">
            <results>
              <test-suite type="ParameterizedTest" name="function 'Expand-Permission.ps1'.runs without throwing errors" executed="True" result="Success" success="True" time="0.0056" asserts="0" description="runs without throwing errors">
                <results>
                  <test-case description="runs without throwing errors" name="function 'Expand-Permission.ps1'.runs without throwing errors(&quot;E:\Owner\Documents\Google Drive\Programs\Scripts\PowerShell\Permission\src\functions\public\Expand-Permission.ps1&quot;)" time="0.0056" asserts="0" success="True" result="Success" executed="True" />
                </results>
              </test-suite>
              <test-suite type="ParameterizedTest" name="function 'Expand-Permission.ps1'.can be tokenized by the PowerShell parser without any errors" executed="True" result="Success" success="True" time="0.0128" asserts="0" description="can be tokenized by the PowerShell parser without any errors">
                <results>
                  <test-case description="can be tokenized by the PowerShell parser without any errors" name="function 'Expand-Permission.ps1'.can be tokenized by the PowerShell parser without any errors(&quot;E:\Owner\Documents\Google Drive\Programs\Scripts\PowerShell\Permission\src\functions\public\Expand-Permission.ps1&quot;)" time="0.0128" asserts="0" success="True" result="Success" executed="True" />
                </results>
              </test-suite>
            </results>
          </test-suite>
          <test-suite type="TestFixture" name="function 'Expand-PermissionTarget.ps1'" executed="True" result="Success" success="True" time="0.5056" asserts="0" description="function 'Expand-PermissionTarget.ps1'">
            <results>
              <test-suite type="ParameterizedTest" name="function 'Expand-PermissionTarget.ps1'.runs without throwing errors" executed="True" result="Success" success="True" time="0.0072" asserts="0" description="runs without throwing errors">
                <results>
                  <test-case description="runs without throwing errors" name="function 'Expand-PermissionTarget.ps1'.runs without throwing errors(&quot;E:\Owner\Documents\Google Drive\Programs\Scripts\PowerShell\Permission\src\functions\public\Expand-PermissionTarget.ps1&quot;)" time="0.0072" asserts="0" success="True" result="Success" executed="True" />
                </results>
              </test-suite>
              <test-suite type="ParameterizedTest" name="function 'Expand-PermissionTarget.ps1'.can be tokenized by the PowerShell parser without any errors" executed="True" result="Success" success="True" time="0.0056" asserts="0" description="can be tokenized by the PowerShell parser without any errors">
                <results>
                  <test-case description="can be tokenized by the PowerShell parser without any errors" name="function 'Expand-PermissionTarget.ps1'.can be tokenized by the PowerShell parser without any errors(&quot;E:\Owner\Documents\Google Drive\Programs\Scripts\PowerShell\Permission\src\functions\public\Expand-PermissionTarget.ps1&quot;)" time="0.0056" asserts="0" success="True" result="Success" executed="True" />
                </results>
              </test-suite>
            </results>
          </test-suite>
          <test-suite type="TestFixture" name="function 'Find-ResolvedIDsWithAccess.ps1'" executed="True" result="Success" success="True" time="0.5197" asserts="0" description="function 'Find-ResolvedIDsWithAccess.ps1'">
            <results>
              <test-suite type="ParameterizedTest" name="function 'Find-ResolvedIDsWithAccess.ps1'.runs without throwing errors" executed="True" result="Success" success="True" time="0.006" asserts="0" description="runs without throwing errors">
                <results>
                  <test-case description="runs without throwing errors" name="function 'Find-ResolvedIDsWithAccess.ps1'.runs without throwing errors(&quot;E:\Owner\Documents\Google Drive\Programs\Scripts\PowerShell\Permission\src\functions\public\Find-ResolvedIDsWithAccess.ps1&quot;)" time="0.006" asserts="0" success="True" result="Success" executed="True" />
                </results>
              </test-suite>
              <test-suite type="ParameterizedTest" name="function 'Find-ResolvedIDsWithAccess.ps1'.can be tokenized by the PowerShell parser without any errors" executed="True" result="Success" success="True" time="0.0052" asserts="0" description="can be tokenized by the PowerShell parser without any errors">
                <results>
                  <test-case description="can be tokenized by the PowerShell parser without any errors" name="function 'Find-ResolvedIDsWithAccess.ps1'.can be tokenized by the PowerShell parser without any errors(&quot;E:\Owner\Documents\Google Drive\Programs\Scripts\PowerShell\Permission\src\functions\public\Find-ResolvedIDsWithAccess.ps1&quot;)" time="0.0052" asserts="0" success="True" result="Success" executed="True" />
                </results>
              </test-suite>
            </results>
          </test-suite>
          <test-suite type="TestFixture" name="function 'Format-Permission.ps1'" executed="True" result="Success" success="True" time="0.5403" asserts="0" description="function 'Format-Permission.ps1'">
            <results>
              <test-suite type="ParameterizedTest" name="function 'Format-Permission.ps1'.runs without throwing errors" executed="True" result="Success" success="True" time="0.0065" asserts="0" description="runs without throwing errors">
                <results>
                  <test-case description="runs without throwing errors" name="function 'Format-Permission.ps1'.runs without throwing errors(&quot;E:\Owner\Documents\Google Drive\Programs\Scripts\PowerShell\Permission\src\functions\public\Format-Permission.ps1&quot;)" time="0.0065" asserts="0" success="True" result="Success" executed="True" />
                </results>
              </test-suite>
              <test-suite type="ParameterizedTest" name="function 'Format-Permission.ps1'.can be tokenized by the PowerShell parser without any errors" executed="True" result="Success" success="True" time="0.0113" asserts="0" description="can be tokenized by the PowerShell parser without any errors">
                <results>
                  <test-case description="can be tokenized by the PowerShell parser without any errors" name="function 'Format-Permission.ps1'.can be tokenized by the PowerShell parser without any errors(&quot;E:\Owner\Documents\Google Drive\Programs\Scripts\PowerShell\Permission\src\functions\public\Format-Permission.ps1&quot;)" time="0.0113" asserts="0" success="True" result="Success" executed="True" />
                </results>
              </test-suite>
            </results>
          </test-suite>
          <test-suite type="TestFixture" name="function 'Format-TimeSpan.ps1'" executed="True" result="Success" success="True" time="0.5577" asserts="0" description="function 'Format-TimeSpan.ps1'">
            <results>
              <test-suite type="ParameterizedTest" name="function 'Format-TimeSpan.ps1'.runs without throwing errors" executed="True" result="Success" success="True" time="0.0081" asserts="0" description="runs without throwing errors">
                <results>
                  <test-case description="runs without throwing errors" name="function 'Format-TimeSpan.ps1'.runs without throwing errors(&quot;E:\Owner\Documents\Google Drive\Programs\Scripts\PowerShell\Permission\src\functions\public\Format-TimeSpan.ps1&quot;)" time="0.0081" asserts="0" success="True" result="Success" executed="True" />
                </results>
              </test-suite>
              <test-suite type="ParameterizedTest" name="function 'Format-TimeSpan.ps1'.can be tokenized by the PowerShell parser without any errors" executed="True" result="Success" success="True" time="0.0062" asserts="0" description="can be tokenized by the PowerShell parser without any errors">
                <results>
                  <test-case description="can be tokenized by the PowerShell parser without any errors" name="function 'Format-TimeSpan.ps1'.can be tokenized by the PowerShell parser without any errors(&quot;E:\Owner\Documents\Google Drive\Programs\Scripts\PowerShell\Permission\src\functions\public\Format-TimeSpan.ps1&quot;)" time="0.0062" asserts="0" success="True" result="Success" executed="True" />
                </results>
              </test-suite>
            </results>
          </test-suite>
          <test-suite type="TestFixture" name="function 'Get-CachedCimInstance.ps1'" executed="True" result="Success" success="True" time="0.5822" asserts="0" description="function 'Get-CachedCimInstance.ps1'">
            <results>
              <test-suite type="ParameterizedTest" name="function 'Get-CachedCimInstance.ps1'.runs without throwing errors" executed="True" result="Success" success="True" time="0.0072" asserts="0" description="runs without throwing errors">
                <results>
                  <test-case description="runs without throwing errors" name="function 'Get-CachedCimInstance.ps1'.runs without throwing errors(&quot;E:\Owner\Documents\Google Drive\Programs\Scripts\PowerShell\Permission\src\functions\public\Get-CachedCimInstance.ps1&quot;)" time="0.0072" asserts="0" success="True" result="Success" executed="True" />
                </results>
              </test-suite>
              <test-suite type="ParameterizedTest" name="function 'Get-CachedCimInstance.ps1'.can be tokenized by the PowerShell parser without any errors" executed="True" result="Success" success="True" time="0.0139" asserts="0" description="can be tokenized by the PowerShell parser without any errors">
                <results>
                  <test-case description="can be tokenized by the PowerShell parser without any errors" name="function 'Get-CachedCimInstance.ps1'.can be tokenized by the PowerShell parser without any errors(&quot;E:\Owner\Documents\Google Drive\Programs\Scripts\PowerShell\Permission\src\functions\public\Get-CachedCimInstance.ps1&quot;)" time="0.0139" asserts="0" success="True" result="Success" executed="True" />
                </results>
              </test-suite>
            </results>
          </test-suite>
          <test-suite type="TestFixture" name="function 'Get-CachedCimSession.ps1'" executed="True" result="Success" success="True" time="0.6031" asserts="0" description="function 'Get-CachedCimSession.ps1'">
            <results>
              <test-suite type="ParameterizedTest" name="function 'Get-CachedCimSession.ps1'.runs without throwing errors" executed="True" result="Success" success="True" time="0.0056" asserts="0" description="runs without throwing errors">
                <results>
                  <test-case description="runs without throwing errors" name="function 'Get-CachedCimSession.ps1'.runs without throwing errors(&quot;E:\Owner\Documents\Google Drive\Programs\Scripts\PowerShell\Permission\src\functions\public\Get-CachedCimSession.ps1&quot;)" time="0.0056" asserts="0" success="True" result="Success" executed="True" />
                </results>
              </test-suite>
              <test-suite type="ParameterizedTest" name="function 'Get-CachedCimSession.ps1'.can be tokenized by the PowerShell parser without any errors" executed="True" result="Success" success="True" time="0.0053" asserts="0" description="can be tokenized by the PowerShell parser without any errors">
                <results>
                  <test-case description="can be tokenized by the PowerShell parser without any errors" name="function 'Get-CachedCimSession.ps1'.can be tokenized by the PowerShell parser without any errors(&quot;E:\Owner\Documents\Google Drive\Programs\Scripts\PowerShell\Permission\src\functions\public\Get-CachedCimSession.ps1&quot;)" time="0.0053" asserts="0" success="True" result="Success" executed="True" />
                </results>
              </test-suite>
            </results>
          </test-suite>
          <test-suite type="TestFixture" name="function 'Get-FolderAcl.ps1'" executed="True" result="Success" success="True" time="0.6207" asserts="0" description="function 'Get-FolderAcl.ps1'">
            <results>
              <test-suite type="ParameterizedTest" name="function 'Get-FolderAcl.ps1'.runs without throwing errors" executed="True" result="Success" success="True" time="0.0069" asserts="0" description="runs without throwing errors">
                <results>
                  <test-case description="runs without throwing errors" name="function 'Get-FolderAcl.ps1'.runs without throwing errors(&quot;E:\Owner\Documents\Google Drive\Programs\Scripts\PowerShell\Permission\src\functions\public\Get-FolderAcl.ps1&quot;)" time="0.0069" asserts="0" success="True" result="Success" executed="True" />
                </results>
              </test-suite>
              <test-suite type="ParameterizedTest" name="function 'Get-FolderAcl.ps1'.can be tokenized by the PowerShell parser without any errors" executed="True" result="Success" success="True" time="0.0078" asserts="0" description="can be tokenized by the PowerShell parser without any errors">
                <results>
                  <test-case description="can be tokenized by the PowerShell parser without any errors" name="function 'Get-FolderAcl.ps1'.can be tokenized by the PowerShell parser without any errors(&quot;E:\Owner\Documents\Google Drive\Programs\Scripts\PowerShell\Permission\src\functions\public\Get-FolderAcl.ps1&quot;)" time="0.0078" asserts="0" success="True" result="Success" executed="True" />
                </results>
              </test-suite>
            </results>
          </test-suite>
          <test-suite type="TestFixture" name="function 'Get-FolderColumnJson.ps1'" executed="True" result="Success" success="True" time="0.646" asserts="0" description="function 'Get-FolderColumnJson.ps1'">
            <results>
              <test-suite type="ParameterizedTest" name="function 'Get-FolderColumnJson.ps1'.runs without throwing errors" executed="True" result="Success" success="True" time="0.006" asserts="0" description="runs without throwing errors">
                <results>
                  <test-case description="runs without throwing errors" name="function 'Get-FolderColumnJson.ps1'.runs without throwing errors(&quot;E:\Owner\Documents\Google Drive\Programs\Scripts\PowerShell\Permission\src\functions\public\Get-FolderColumnJson.ps1&quot;)" time="0.006" asserts="0" success="True" result="Success" executed="True" />
                </results>
              </test-suite>
              <test-suite type="ParameterizedTest" name="function 'Get-FolderColumnJson.ps1'.can be tokenized by the PowerShell parser without any errors" executed="True" result="Success" success="True" time="0.0158" asserts="0" description="can be tokenized by the PowerShell parser without any errors">
                <results>
                  <test-case description="can be tokenized by the PowerShell parser without any errors" name="function 'Get-FolderColumnJson.ps1'.can be tokenized by the PowerShell parser without any errors(&quot;E:\Owner\Documents\Google Drive\Programs\Scripts\PowerShell\Permission\src\functions\public\Get-FolderColumnJson.ps1&quot;)" time="0.0158" asserts="0" success="True" result="Success" executed="True" />
                </results>
              </test-suite>
            </results>
          </test-suite>
          <test-suite type="TestFixture" name="function 'Get-FolderPermissionsBlock.ps1'" executed="True" result="Success" success="True" time="0.6671" asserts="0" description="function 'Get-FolderPermissionsBlock.ps1'">
            <results>
              <test-suite type="ParameterizedTest" name="function 'Get-FolderPermissionsBlock.ps1'.runs without throwing errors" executed="True" result="Success" success="True" time="0.0073" asserts="0" description="runs without throwing errors">
                <results>
                  <test-case description="runs without throwing errors" name="function 'Get-FolderPermissionsBlock.ps1'.runs without throwing errors(&quot;E:\Owner\Documents\Google Drive\Programs\Scripts\PowerShell\Permission\src\functions\public\Get-FolderPermissionsBlock.ps1&quot;)" time="0.0073" asserts="0" success="True" result="Success" executed="True" />
                </results>
              </test-suite>
              <test-suite type="ParameterizedTest" name="function 'Get-FolderPermissionsBlock.ps1'.can be tokenized by the PowerShell parser without any errors" executed="True" result="Success" success="True" time="0.0096" asserts="0" description="can be tokenized by the PowerShell parser without any errors">
                <results>
                  <test-case description="can be tokenized by the PowerShell parser without any errors" name="function 'Get-FolderPermissionsBlock.ps1'.can be tokenized by the PowerShell parser without any errors(&quot;E:\Owner\Documents\Google Drive\Programs\Scripts\PowerShell\Permission\src\functions\public\Get-FolderPermissionsBlock.ps1&quot;)" time="0.0096" asserts="0" success="True" result="Success" executed="True" />
                </results>
              </test-suite>
            </results>
          </test-suite>
          <test-suite type="TestFixture" name="function 'Get-HtmlReportFooter.ps1'" executed="True" result="Success" success="True" time="0.7227" asserts="0" description="function 'Get-HtmlReportFooter.ps1'">
            <results>
              <test-suite type="ParameterizedTest" name="function 'Get-HtmlReportFooter.ps1'.runs without throwing errors" executed="True" result="Success" success="True" time="0.0391" asserts="0" description="runs without throwing errors">
                <results>
                  <test-case description="runs without throwing errors" name="function 'Get-HtmlReportFooter.ps1'.runs without throwing errors(&quot;E:\Owner\Documents\Google Drive\Programs\Scripts\PowerShell\Permission\src\functions\public\Get-HtmlReportFooter.ps1&quot;)" time="0.0391" asserts="0" success="True" result="Success" executed="True" />
                </results>
              </test-suite>
              <test-suite type="ParameterizedTest" name="function 'Get-HtmlReportFooter.ps1'.can be tokenized by the PowerShell parser without any errors" executed="True" result="Success" success="True" time="0.0131" asserts="0" description="can be tokenized by the PowerShell parser without any errors">
                <results>
                  <test-case description="can be tokenized by the PowerShell parser without any errors" name="function 'Get-HtmlReportFooter.ps1'.can be tokenized by the PowerShell parser without any errors(&quot;E:\Owner\Documents\Google Drive\Programs\Scripts\PowerShell\Permission\src\functions\public\Get-HtmlReportFooter.ps1&quot;)" time="0.0131" asserts="0" success="True" result="Success" executed="True" />
                </results>
              </test-suite>
            </results>
          </test-suite>
          <test-suite type="TestFixture" name="function 'Get-PermissionPrincipal.ps1'" executed="True" result="Success" success="True" time="0.7419" asserts="0" description="function 'Get-PermissionPrincipal.ps1'">
            <results>
              <test-suite type="ParameterizedTest" name="function 'Get-PermissionPrincipal.ps1'.runs without throwing errors" executed="True" result="Success" success="True" time="0.0074" asserts="0" description="runs without throwing errors">
                <results>
                  <test-case description="runs without throwing errors" name="function 'Get-PermissionPrincipal.ps1'.runs without throwing errors(&quot;E:\Owner\Documents\Google Drive\Programs\Scripts\PowerShell\Permission\src\functions\public\Get-PermissionPrincipal.ps1&quot;)" time="0.0074" asserts="0" success="True" result="Success" executed="True" />
                </results>
              </test-suite>
              <test-suite type="ParameterizedTest" name="function 'Get-PermissionPrincipal.ps1'.can be tokenized by the PowerShell parser without any errors" executed="True" result="Success" success="True" time="0.009" asserts="0" description="can be tokenized by the PowerShell parser without any errors">
                <results>
                  <test-case description="can be tokenized by the PowerShell parser without any errors" name="function 'Get-PermissionPrincipal.ps1'.can be tokenized by the PowerShell parser without any errors(&quot;E:\Owner\Documents\Google Drive\Programs\Scripts\PowerShell\Permission\src\functions\public\Get-PermissionPrincipal.ps1&quot;)" time="0.009" asserts="0" success="True" result="Success" executed="True" />
                </results>
              </test-suite>
            </results>
          </test-suite>
          <test-suite type="TestFixture" name="function 'Get-PrtgXmlSensorOutput.ps1'" executed="True" result="Success" success="True" time="0.761" asserts="0" description="function 'Get-PrtgXmlSensorOutput.ps1'">
            <results>
              <test-suite type="ParameterizedTest" name="function 'Get-PrtgXmlSensorOutput.ps1'.runs without throwing errors" executed="True" result="Success" success="True" time="0.0057" asserts="0" description="runs without throwing errors">
                <results>
                  <test-case description="runs without throwing errors" name="function 'Get-PrtgXmlSensorOutput.ps1'.runs without throwing errors(&quot;E:\Owner\Documents\Google Drive\Programs\Scripts\PowerShell\Permission\src\functions\public\Get-PrtgXmlSensorOutput.ps1&quot;)" time="0.0057" asserts="0" success="True" result="Success" executed="True" />
                </results>
              </test-suite>
              <test-suite type="ParameterizedTest" name="function 'Get-PrtgXmlSensorOutput.ps1'.can be tokenized by the PowerShell parser without any errors" executed="True" result="Success" success="True" time="0.006" asserts="0" description="can be tokenized by the PowerShell parser without any errors">
                <results>
                  <test-case description="can be tokenized by the PowerShell parser without any errors" name="function 'Get-PrtgXmlSensorOutput.ps1'.can be tokenized by the PowerShell parser without any errors(&quot;E:\Owner\Documents\Google Drive\Programs\Scripts\PowerShell\Permission\src\functions\public\Get-PrtgXmlSensorOutput.ps1&quot;)" time="0.006" asserts="0" success="True" result="Success" executed="True" />
                </results>
              </test-suite>
            </results>
          </test-suite>
          <test-suite type="TestFixture" name="function 'Get-TimeZoneName.ps1'" executed="True" result="Success" success="True" time="0.7801" asserts="0" description="function 'Get-TimeZoneName.ps1'">
            <results>
              <test-suite type="ParameterizedTest" name="function 'Get-TimeZoneName.ps1'.runs without throwing errors" executed="True" result="Success" success="True" time="0.0055" asserts="0" description="runs without throwing errors">
                <results>
                  <test-case description="runs without throwing errors" name="function 'Get-TimeZoneName.ps1'.runs without throwing errors(&quot;E:\Owner\Documents\Google Drive\Programs\Scripts\PowerShell\Permission\src\functions\public\Get-TimeZoneName.ps1&quot;)" time="0.0055" asserts="0" success="True" result="Success" executed="True" />
                </results>
              </test-suite>
              <test-suite type="ParameterizedTest" name="function 'Get-TimeZoneName.ps1'.can be tokenized by the PowerShell parser without any errors" executed="True" result="Success" success="True" time="0.0056" asserts="0" description="can be tokenized by the PowerShell parser without any errors">
                <results>
                  <test-case description="can be tokenized by the PowerShell parser without any errors" name="function 'Get-TimeZoneName.ps1'.can be tokenized by the PowerShell parser without any errors(&quot;E:\Owner\Documents\Google Drive\Programs\Scripts\PowerShell\Permission\src\functions\public\Get-TimeZoneName.ps1&quot;)" time="0.0056" asserts="0" success="True" result="Success" executed="True" />
                </results>
              </test-suite>
            </results>
          </test-suite>
          <test-suite type="TestFixture" name="function 'Get-UniqueServerFqdn.ps1'" executed="True" result="Success" success="True" time="0.7965" asserts="0" description="function 'Get-UniqueServerFqdn.ps1'">
            <results>
              <test-suite type="ParameterizedTest" name="function 'Get-UniqueServerFqdn.ps1'.runs without throwing errors" executed="True" result="Success" success="True" time="0.0067" asserts="0" description="runs without throwing errors">
                <results>
                  <test-case description="runs without throwing errors" name="function 'Get-UniqueServerFqdn.ps1'.runs without throwing errors(&quot;E:\Owner\Documents\Google Drive\Programs\Scripts\PowerShell\Permission\src\functions\public\Get-UniqueServerFqdn.ps1&quot;)" time="0.0067" asserts="0" success="True" result="Success" executed="True" />
                </results>
              </test-suite>
              <test-suite type="ParameterizedTest" name="function 'Get-UniqueServerFqdn.ps1'.can be tokenized by the PowerShell parser without any errors" executed="True" result="Success" success="True" time="0.0065" asserts="0" description="can be tokenized by the PowerShell parser without any errors">
                <results>
                  <test-case description="can be tokenized by the PowerShell parser without any errors" name="function 'Get-UniqueServerFqdn.ps1'.can be tokenized by the PowerShell parser without any errors(&quot;E:\Owner\Documents\Google Drive\Programs\Scripts\PowerShell\Permission\src\functions\public\Get-UniqueServerFqdn.ps1&quot;)" time="0.0065" asserts="0" success="True" result="Success" executed="True" />
                </results>
              </test-suite>
            </results>
          </test-suite>
          <test-suite type="TestFixture" name="function 'Initialize-Cache.ps1'" executed="True" result="Success" success="True" time="0.8182" asserts="0" description="function 'Initialize-Cache.ps1'">
            <results>
              <test-suite type="ParameterizedTest" name="function 'Initialize-Cache.ps1'.runs without throwing errors" executed="True" result="Success" success="True" time="0.0107" asserts="0" description="runs without throwing errors">
                <results>
                  <test-case description="runs without throwing errors" name="function 'Initialize-Cache.ps1'.runs without throwing errors(&quot;E:\Owner\Documents\Google Drive\Programs\Scripts\PowerShell\Permission\src\functions\public\Initialize-Cache.ps1&quot;)" time="0.0107" asserts="0" success="True" result="Success" executed="True" />
                </results>
              </test-suite>
              <test-suite type="ParameterizedTest" name="function 'Initialize-Cache.ps1'.can be tokenized by the PowerShell parser without any errors" executed="True" result="Success" success="True" time="0.0071" asserts="0" description="can be tokenized by the PowerShell parser without any errors">
                <results>
                  <test-case description="can be tokenized by the PowerShell parser without any errors" name="function 'Initialize-Cache.ps1'.can be tokenized by the PowerShell parser without any errors(&quot;E:\Owner\Documents\Google Drive\Programs\Scripts\PowerShell\Permission\src\functions\public\Initialize-Cache.ps1&quot;)" time="0.0071" asserts="0" success="True" result="Success" executed="True" />
                </results>
              </test-suite>
            </results>
          </test-suite>
          <test-suite type="TestFixture" name="function 'Invoke-PermissionCommand.ps1'" executed="True" result="Success" success="True" time="0.8303" asserts="0" description="function 'Invoke-PermissionCommand.ps1'">
            <results>
              <test-suite type="ParameterizedTest" name="function 'Invoke-PermissionCommand.ps1'.runs without throwing errors" executed="True" result="Success" success="True" time="0.0048" asserts="0" description="runs without throwing errors">
                <results>
                  <test-case description="runs without throwing errors" name="function 'Invoke-PermissionCommand.ps1'.runs without throwing errors(&quot;E:\Owner\Documents\Google Drive\Programs\Scripts\PowerShell\Permission\src\functions\public\Invoke-PermissionCommand.ps1&quot;)" time="0.0048" asserts="0" success="True" result="Success" executed="True" />
                </results>
              </test-suite>
              <test-suite type="ParameterizedTest" name="function 'Invoke-PermissionCommand.ps1'.can be tokenized by the PowerShell parser without any errors" executed="True" result="Success" success="True" time="0.0044" asserts="0" description="can be tokenized by the PowerShell parser without any errors">
                <results>
                  <test-case description="can be tokenized by the PowerShell parser without any errors" name="function 'Invoke-PermissionCommand.ps1'.can be tokenized by the PowerShell parser without any errors(&quot;E:\Owner\Documents\Google Drive\Programs\Scripts\PowerShell\Permission\src\functions\public\Invoke-PermissionCommand.ps1&quot;)" time="0.0044" asserts="0" success="True" result="Success" executed="True" />
                </results>
              </test-suite>
            </results>
          </test-suite>
          <test-suite type="TestFixture" name="function 'Out-PermissionReport.ps1'" executed="True" result="Success" success="True" time="0.8528" asserts="0" description="function 'Out-PermissionReport.ps1'">
            <results>
              <test-suite type="ParameterizedTest" name="function 'Out-PermissionReport.ps1'.runs without throwing errors" executed="True" result="Success" success="True" time="0.0058" asserts="0" description="runs without throwing errors">
                <results>
                  <test-case description="runs without throwing errors" name="function 'Out-PermissionReport.ps1'.runs without throwing errors(&quot;E:\Owner\Documents\Google Drive\Programs\Scripts\PowerShell\Permission\src\functions\public\Out-PermissionReport.ps1&quot;)" time="0.0058" asserts="0" success="True" result="Success" executed="True" />
                </results>
              </test-suite>
              <test-suite type="ParameterizedTest" name="function 'Out-PermissionReport.ps1'.can be tokenized by the PowerShell parser without any errors" executed="True" result="Success" success="True" time="0.0138" asserts="0" description="can be tokenized by the PowerShell parser without any errors">
                <results>
                  <test-case description="can be tokenized by the PowerShell parser without any errors" name="function 'Out-PermissionReport.ps1'.can be tokenized by the PowerShell parser without any errors(&quot;E:\Owner\Documents\Google Drive\Programs\Scripts\PowerShell\Permission\src\functions\public\Out-PermissionReport.ps1&quot;)" time="0.0138" asserts="0" success="True" result="Success" executed="True" />
                </results>
              </test-suite>
            </results>
          </test-suite>
          <test-suite type="TestFixture" name="function 'Remove-CachedCimSession.ps1'" executed="True" result="Success" success="True" time="0.8648" asserts="0" description="function 'Remove-CachedCimSession.ps1'">
            <results>
              <test-suite type="ParameterizedTest" name="function 'Remove-CachedCimSession.ps1'.runs without throwing errors" executed="True" result="Success" success="True" time="0.0052" asserts="0" description="runs without throwing errors">
                <results>
                  <test-case description="runs without throwing errors" name="function 'Remove-CachedCimSession.ps1'.runs without throwing errors(&quot;E:\Owner\Documents\Google Drive\Programs\Scripts\PowerShell\Permission\src\functions\public\Remove-CachedCimSession.ps1&quot;)" time="0.0052" asserts="0" success="True" result="Success" executed="True" />
                </results>
              </test-suite>
              <test-suite type="ParameterizedTest" name="function 'Remove-CachedCimSession.ps1'.can be tokenized by the PowerShell parser without any errors" executed="True" result="Success" success="True" time="0.0043" asserts="0" description="can be tokenized by the PowerShell parser without any errors">
                <results>
                  <test-case description="can be tokenized by the PowerShell parser without any errors" name="function 'Remove-CachedCimSession.ps1'.can be tokenized by the PowerShell parser without any errors(&quot;E:\Owner\Documents\Google Drive\Programs\Scripts\PowerShell\Permission\src\functions\public\Remove-CachedCimSession.ps1&quot;)" time="0.0043" asserts="0" success="True" result="Success" executed="True" />
                </results>
              </test-suite>
            </results>
          </test-suite>
          <test-suite type="TestFixture" name="function 'Resolve-AccessControlList.ps1'" executed="True" result="Success" success="True" time="0.9671" asserts="0" description="function 'Resolve-AccessControlList.ps1'">
            <results>
              <test-suite type="ParameterizedTest" name="function 'Resolve-AccessControlList.ps1'.runs without throwing errors" executed="True" result="Success" success="True" time="0.0356" asserts="0" description="runs without throwing errors">
                <results>
                  <test-case description="runs without throwing errors" name="function 'Resolve-AccessControlList.ps1'.runs without throwing errors(&quot;E:\Owner\Documents\Google Drive\Programs\Scripts\PowerShell\Permission\src\functions\public\Resolve-AccessControlList.ps1&quot;)" time="0.0356" asserts="0" success="True" result="Success" executed="True" />
                </results>
              </test-suite>
              <test-suite type="ParameterizedTest" name="function 'Resolve-AccessControlList.ps1'.can be tokenized by the PowerShell parser without any errors" executed="True" result="Success" success="True" time="0.0626" asserts="0" description="can be tokenized by the PowerShell parser without any errors">
                <results>
                  <test-case description="can be tokenized by the PowerShell parser without any errors" name="function 'Resolve-AccessControlList.ps1'.can be tokenized by the PowerShell parser without any errors(&quot;E:\Owner\Documents\Google Drive\Programs\Scripts\PowerShell\Permission\src\functions\public\Resolve-AccessControlList.ps1&quot;)" time="0.0626" asserts="0" success="True" result="Success" executed="True" />
                </results>
              </test-suite>
            </results>
          </test-suite>
          <test-suite type="TestFixture" name="function 'Resolve-Ace.ps1'" executed="True" result="Success" success="True" time="0.9923" asserts="0" description="function 'Resolve-Ace.ps1'">
            <results>
              <test-suite type="ParameterizedTest" name="function 'Resolve-Ace.ps1'.runs without throwing errors" executed="True" result="Success" success="True" time="0.0126" asserts="0" description="runs without throwing errors">
                <results>
                  <test-case description="runs without throwing errors" name="function 'Resolve-Ace.ps1'.runs without throwing errors(&quot;E:\Owner\Documents\Google Drive\Programs\Scripts\PowerShell\Permission\src\functions\public\Resolve-Ace.ps1&quot;)" time="0.0126" asserts="0" success="True" result="Success" executed="True" />
                </results>
              </test-suite>
              <test-suite type="ParameterizedTest" name="function 'Resolve-Ace.ps1'.can be tokenized by the PowerShell parser without any errors" executed="True" result="Success" success="True" time="0.0081" asserts="0" description="can be tokenized by the PowerShell parser without any errors">
                <results>
                  <test-case description="can be tokenized by the PowerShell parser without any errors" name="function 'Resolve-Ace.ps1'.can be tokenized by the PowerShell parser without any errors(&quot;E:\Owner\Documents\Google Drive\Programs\Scripts\PowerShell\Permission\src\functions\public\Resolve-Ace.ps1&quot;)" time="0.0081" asserts="0" success="True" result="Success" executed="True" />
                </results>
              </test-suite>
            </results>
          </test-suite>
          <test-suite type="TestFixture" name="function 'Resolve-Acl.ps1'" executed="True" result="Success" success="True" time="1.0241" asserts="0" description="function 'Resolve-Acl.ps1'">
            <results>
              <test-suite type="ParameterizedTest" name="function 'Resolve-Acl.ps1'.runs without throwing errors" executed="True" result="Success" success="True" time="0.0085" asserts="0" description="runs without throwing errors">
                <results>
                  <test-case description="runs without throwing errors" name="function 'Resolve-Acl.ps1'.runs without throwing errors(&quot;E:\Owner\Documents\Google Drive\Programs\Scripts\PowerShell\Permission\src\functions\public\Resolve-Acl.ps1&quot;)" time="0.0085" asserts="0" success="True" result="Success" executed="True" />
                </results>
              </test-suite>
              <test-suite type="ParameterizedTest" name="function 'Resolve-Acl.ps1'.can be tokenized by the PowerShell parser without any errors" executed="True" result="Success" success="True" time="0.0196" asserts="0" description="can be tokenized by the PowerShell parser without any errors">
                <results>
                  <test-case description="can be tokenized by the PowerShell parser without any errors" name="function 'Resolve-Acl.ps1'.can be tokenized by the PowerShell parser without any errors(&quot;E:\Owner\Documents\Google Drive\Programs\Scripts\PowerShell\Permission\src\functions\public\Resolve-Acl.ps1&quot;)" time="0.0196" asserts="0" success="True" result="Success" executed="True" />
                </results>
              </test-suite>
            </results>
          </test-suite>
          <test-suite type="TestFixture" name="function 'Resolve-Folder.ps1'" executed="True" result="Success" success="True" time="1.041" asserts="0" description="function 'Resolve-Folder.ps1'">
            <results>
[...]
                  <test-case description="Script 'E:\Owner\Documents\Google Drive\Programs\Scripts\PowerShell\Permission\src\functions\public\Get-FolderAcl.ps1' is valid PowerShell" name="'Permission' Function Tests.Script 'E:\Owner\Documents\Google Drive\Programs\Scripts\PowerShell\Permission\src\functions\public\Get-FolderAcl.ps1' is valid PowerShell" time="0.0061" asserts="0" success="True" result="Success" executed="True" />
                  <test-case description="Script 'E:\Owner\Documents\Google Drive\Programs\Scripts\PowerShell\Permission\src\functions\public\Get-FolderColumnJson.ps1' is valid PowerShell" name="'Permission' Function Tests.Script 'E:\Owner\Documents\Google Drive\Programs\Scripts\PowerShell\Permission\src\functions\public\Get-FolderColumnJson.ps1' is valid PowerShell" time="0.0116" asserts="0" success="True" result="Success" executed="True" />
                  <test-case description="Script 'E:\Owner\Documents\Google Drive\Programs\Scripts\PowerShell\Permission\src\functions\public\Get-FolderPermissionsBlock.ps1' is valid PowerShell" name="'Permission' Function Tests.Script 'E:\Owner\Documents\Google Drive\Programs\Scripts\PowerShell\Permission\src\functions\public\Get-FolderPermissionsBlock.ps1' is valid PowerShell" time="0.0058" asserts="0" success="True" result="Success" executed="True" />
                  <test-case description="Script 'E:\Owner\Documents\Google Drive\Programs\Scripts\PowerShell\Permission\src\functions\public\Get-HtmlReportFooter.ps1' is valid PowerShell" name="'Permission' Function Tests.Script 'E:\Owner\Documents\Google Drive\Programs\Scripts\PowerShell\Permission\src\functions\public\Get-HtmlReportFooter.ps1' is valid PowerShell" time="0.0064" asserts="0" success="True" result="Success" executed="True" />
                  <test-case description="Script 'E:\Owner\Documents\Google Drive\Programs\Scripts\PowerShell\Permission\src\functions\public\Get-PermissionPrincipal.ps1' is valid PowerShell" name="'Permission' Function Tests.Script 'E:\Owner\Documents\Google Drive\Programs\Scripts\PowerShell\Permission\src\functions\public\Get-PermissionPrincipal.ps1' is valid PowerShell" time="0.0154" asserts="0" success="True" result="Success" executed="True" />
                  <test-case description="Script 'E:\Owner\Documents\Google Drive\Programs\Scripts\PowerShell\Permission\src\functions\public\Get-PrtgXmlSensorOutput.ps1' is valid PowerShell" name="'Permission' Function Tests.Script 'E:\Owner\Documents\Google Drive\Programs\Scripts\PowerShell\Permission\src\functions\public\Get-PrtgXmlSensorOutput.ps1' is valid PowerShell" time="0.0066" asserts="0" success="True" result="Success" executed="True" />
                  <test-case description="Script 'E:\Owner\Documents\Google Drive\Programs\Scripts\PowerShell\Permission\src\functions\public\Get-TimeZoneName.ps1' is valid PowerShell" name="'Permission' Function Tests.Script 'E:\Owner\Documents\Google Drive\Programs\Scripts\PowerShell\Permission\src\functions\public\Get-TimeZoneName.ps1' is valid PowerShell" time="0.0105" asserts="0" success="True" result="Success" executed="True" />
                  <test-case description="Script 'E:\Owner\Documents\Google Drive\Programs\Scripts\PowerShell\Permission\src\functions\public\Get-UniqueServerFqdn.ps1' is valid PowerShell" name="'Permission' Function Tests.Script 'E:\Owner\Documents\Google Drive\Programs\Scripts\PowerShell\Permission\src\functions\public\Get-UniqueServerFqdn.ps1' is valid PowerShell" time="0.0062" asserts="0" success="True" result="Success" executed="True" />
                  <test-case description="Script 'E:\Owner\Documents\Google Drive\Programs\Scripts\PowerShell\Permission\src\functions\public\Initialize-Cache.ps1' is valid PowerShell" name="'Permission' Function Tests.Script 'E:\Owner\Documents\Google Drive\Programs\Scripts\PowerShell\Permission\src\functions\public\Initialize-Cache.ps1' is valid PowerShell" time="0.0112" asserts="0" success="True" result="Success" executed="True" />
                  <test-case description="Script 'E:\Owner\Documents\Google Drive\Programs\Scripts\PowerShell\Permission\src\functions\public\Invoke-PermissionCommand.ps1' is valid PowerShell" name="'Permission' Function Tests.Script 'E:\Owner\Documents\Google Drive\Programs\Scripts\PowerShell\Permission\src\functions\public\Invoke-PermissionCommand.ps1' is valid PowerShell" time="0.0153" asserts="0" success="True" result="Success" executed="True" />
                  <test-case description="Script 'E:\Owner\Documents\Google Drive\Programs\Scripts\PowerShell\Permission\src\functions\public\Out-PermissionReport.ps1' is valid PowerShell" name="'Permission' Function Tests.Script 'E:\Owner\Documents\Google Drive\Programs\Scripts\PowerShell\Permission\src\functions\public\Out-PermissionReport.ps1' is valid PowerShell" time="0.011" asserts="0" success="True" result="Success" executed="True" />
                  <test-case description="Script 'E:\Owner\Documents\Google Drive\Programs\Scripts\PowerShell\Permission\src\functions\public\Remove-CachedCimSession.ps1' is valid PowerShell" name="'Permission' Function Tests.Script 'E:\Owner\Documents\Google Drive\Programs\Scripts\PowerShell\Permission\src\functions\public\Remove-CachedCimSession.ps1' is valid PowerShell" time="0.0125" asserts="0" success="True" result="Success" executed="True" />
                  <test-case description="Script 'E:\Owner\Documents\Google Drive\Programs\Scripts\PowerShell\Permission\src\functions\public\Resolve-AccessControlList.ps1' is valid PowerShell" name="'Permission' Function Tests.Script 'E:\Owner\Documents\Google Drive\Programs\Scripts\PowerShell\Permission\src\functions\public\Resolve-AccessControlList.ps1' is valid PowerShell" time="0.0099" asserts="0" success="True" result="Success" executed="True" />
                  <test-case description="Script 'E:\Owner\Documents\Google Drive\Programs\Scripts\PowerShell\Permission\src\functions\public\Resolve-Ace.ps1' is valid PowerShell" name="'Permission' Function Tests.Script 'E:\Owner\Documents\Google Drive\Programs\Scripts\PowerShell\Permission\src\functions\public\Resolve-Ace.ps1' is valid PowerShell" time="0.0086" asserts="0" success="True" result="Success" executed="True" />
                  <test-case description="Script 'E:\Owner\Documents\Google Drive\Programs\Scripts\PowerShell\Permission\src\functions\public\Resolve-Acl.ps1' is valid PowerShell" name="'Permission' Function Tests.Script 'E:\Owner\Documents\Google Drive\Programs\Scripts\PowerShell\Permission\src\functions\public\Resolve-Acl.ps1' is valid PowerShell" time="0.0099" asserts="0" success="True" result="Success" executed="True" />
                  <test-case description="Script 'E:\Owner\Documents\Google Drive\Programs\Scripts\PowerShell\Permission\src\functions\public\Resolve-Folder.ps1' is valid PowerShell" name="'Permission' Function Tests.Script 'E:\Owner\Documents\Google Drive\Programs\Scripts\PowerShell\Permission\src\functions\public\Resolve-Folder.ps1' is valid PowerShell" time="0.0066" asserts="0" success="True" result="Success" executed="True" />
                  <test-case description="Script 'E:\Owner\Documents\Google Drive\Programs\Scripts\PowerShell\Permission\src\functions\public\Resolve-FormatParameter.ps1' is valid PowerShell" name="'Permission' Function Tests.Script 'E:\Owner\Documents\Google Drive\Programs\Scripts\PowerShell\Permission\src\functions\public\Resolve-FormatParameter.ps1' is valid PowerShell" time="0.0062" asserts="0" success="True" result="Success" executed="True" />
                  <test-case description="Script 'E:\Owner\Documents\Google Drive\Programs\Scripts\PowerShell\Permission\src\functions\public\Resolve-IdentityReferenceDomainDNS.ps1' is valid PowerShell" name="'Permission' Function Tests.Script 'E:\Owner\Documents\Google Drive\Programs\Scripts\PowerShell\Permission\src\functions\public\Resolve-IdentityReferenceDomainDNS.ps1' is valid PowerShell" time="0.0068" asserts="0" success="True" result="Success" executed="True" />
                  <test-case description="Script 'E:\Owner\Documents\Google Drive\Programs\Scripts\PowerShell\Permission\src\functions\public\Resolve-PermissionTarget.ps1' is valid PowerShell" name="'Permission' Function Tests.Script 'E:\Owner\Documents\Google Drive\Programs\Scripts\PowerShell\Permission\src\functions\public\Resolve-PermissionTarget.ps1' is valid PowerShell" time="0.0045" asserts="0" success="True" result="Success" executed="True" />
                  <test-case description="Script 'E:\Owner\Documents\Google Drive\Programs\Scripts\PowerShell\Permission\src\functions\public\Select-UniquePrincipal.ps1' is valid PowerShell" name="'Permission' Function Tests.Script 'E:\Owner\Documents\Google Drive\Programs\Scripts\PowerShell\Permission\src\functions\public\Select-UniquePrincipal.ps1' is valid PowerShell" time="0.0105" asserts="0" success="True" result="Success" executed="True" />
                  <test-case description="Script 'E:\Owner\Documents\Google Drive\Programs\Scripts\PowerShell\Permission\src\Permission.psd1' is valid PowerShell" name="'Permission' Function Tests.Script 'E:\Owner\Documents\Google Drive\Programs\Scripts\PowerShell\Permission\src\Permission.psd1' is valid PowerShell" time="0.0051" asserts="0" success="True" result="Success" executed="True" />
                  <test-case description="Script 'E:\Owner\Documents\Google Drive\Programs\Scripts\PowerShell\Permission\src\Permission.psm1' is valid PowerShell" name="'Permission' Function Tests.Script 'E:\Owner\Documents\Google Drive\Programs\Scripts\PowerShell\Permission\src\Permission.psm1' is valid PowerShell" time="0.0067" asserts="0" success="True" result="Success" executed="True" />
                  <test-case description="Script 'E:\Owner\Documents\Google Drive\Programs\Scripts\PowerShell\Permission\tests\functions\public\Get-FolderAcl.tests.ps1' is valid PowerShell" name="'Permission' Function Tests.Script 'E:\Owner\Documents\Google Drive\Programs\Scripts\PowerShell\Permission\tests\functions\public\Get-FolderAcl.tests.ps1' is valid PowerShell" time="0.0112" asserts="0" success="True" result="Success" executed="True" />
                  <test-case description="Script 'E:\Owner\Documents\Google Drive\Programs\Scripts\PowerShell\Permission\tests\Function.tests.ps1' is valid PowerShell" name="'Permission' Function Tests.Script 'E:\Owner\Documents\Google Drive\Programs\Scripts\PowerShell\Permission\tests\Function.tests.ps1' is valid PowerShell" time="0.0058" asserts="0" success="True" result="Success" executed="True" />
                  <test-case description="Script 'E:\Owner\Documents\Google Drive\Programs\Scripts\PowerShell\Permission\tests\Help.tests.ps1' is valid PowerShell" name="'Permission' Function Tests.Script 'E:\Owner\Documents\Google Drive\Programs\Scripts\PowerShell\Permission\tests\Help.tests.ps1' is valid PowerShell" time="0.0065" asserts="0" success="True" result="Success" executed="True" />
                  <test-case description="Script 'E:\Owner\Documents\Google Drive\Programs\Scripts\PowerShell\Permission\tests\Manifest.tests.ps1' is valid PowerShell" name="'Permission' Function Tests.Script 'E:\Owner\Documents\Google Drive\Programs\Scripts\PowerShell\Permission\tests\Manifest.tests.ps1' is valid PowerShell" time="0.0043" asserts="0" success="True" result="Success" executed="True" />
                  <test-case description="Script 'E:\Owner\Documents\Google Drive\Programs\Scripts\PowerShell\Permission\tests\Metadata.tests.ps1' is valid PowerShell" name="'Permission' Function Tests.Script 'E:\Owner\Documents\Google Drive\Programs\Scripts\PowerShell\Permission\tests\Metadata.tests.ps1' is valid PowerShell" time="0.0124" asserts="0" success="True" result="Success" executed="True" />
                  <test-case description="Script 'E:\Owner\Documents\Google Drive\Programs\Scripts\PowerShell\Permission\tests\MetaFixers.psm1' is valid PowerShell" name="'Permission' Function Tests.Script 'E:\Owner\Documents\Google Drive\Programs\Scripts\PowerShell\Permission\tests\MetaFixers.psm1' is valid PowerShell" time="0.0044" asserts="0" success="True" result="Success" executed="True" />
                  <test-case description="Script 'E:\Owner\Documents\Google Drive\Programs\Scripts\PowerShell\Permission\tests\Module.tests.ps1' is valid PowerShell" name="'Permission' Function Tests.Script 'E:\Owner\Documents\Google Drive\Programs\Scripts\PowerShell\Permission\tests\Module.tests.ps1' is valid PowerShell" time="0.007" asserts="0" success="True" result="Success" executed="True" />
                  <test-case description="Script 'E:\Owner\Documents\Google Drive\Programs\Scripts\PowerShell\Permission\tests\Project.tests.ps1' is valid PowerShell" name="'Permission' Function Tests.Script 'E:\Owner\Documents\Google Drive\Programs\Scripts\PowerShell\Permission\tests\Project.tests.ps1' is valid PowerShell" time="0.0056" asserts="0" success="True" result="Success" executed="True" />
                  <test-case description="Script 'E:\Owner\Documents\Google Drive\Programs\Scripts\PowerShell\Permission\tests\ScriptAnalyzerSettings.psd1' is valid PowerShell" name="'Permission' Function Tests.Script 'E:\Owner\Documents\Google Drive\Programs\Scripts\PowerShell\Permission\tests\ScriptAnalyzerSettings.psd1' is valid PowerShell" time="0.0116" asserts="0" success="True" result="Success" executed="True" />
                  <test-case description="Script 'E:\Owner\Documents\Google Drive\Programs\Scripts\PowerShell\Permission\build.ps1' is valid PowerShell" name="'Permission' Function Tests.Script 'E:\Owner\Documents\Google Drive\Programs\Scripts\PowerShell\Permission\build.ps1' is valid PowerShell" time="0.0049" asserts="0" success="True" result="Success" executed="True" />
                  <test-case description="Script 'E:\Owner\Documents\Google Drive\Programs\Scripts\PowerShell\Permission\psakeFile.ps1' is valid PowerShell" name="'Permission' Function Tests.Script 'E:\Owner\Documents\Google Drive\Programs\Scripts\PowerShell\Permission\psakeFile.ps1' is valid PowerShell" time="0.0155" asserts="0" success="True" result="Success" executed="True" />
                  <test-case description="Script 'E:\Owner\Documents\Google Drive\Programs\Scripts\PowerShell\Permission\psdependRequirements.psd1' is valid PowerShell" name="'Permission' Function Tests.Script 'E:\Owner\Documents\Google Drive\Programs\Scripts\PowerShell\Permission\psdependRequirements.psd1' is valid PowerShell" time="0.0055" asserts="0" success="True" result="Success" executed="True" />
                </results>
              </test-suite>
            </results>
          </test-suite>
          <test-suite type="TestFixture" name="'Permission.psm1' Module Tests" executed="True" result="Success" success="True" time="0.6928" asserts="0" description="'Permission.psm1' Module Tests">
            <results>
              <test-suite type="ParameterizedTest" name="'Permission.psm1' Module Tests.Module file '&lt;ThisModule&gt;' can be imported without any errors" executed="True" result="Success" success="True" time="0.0132" asserts="0" description="Module file '&lt;ThisModule&gt;' can be imported without any errors">
                <results>
                  <test-case description="Module file 'E:\Owner\Documents\Google Drive\Programs\Scripts\PowerShell\Permission\dist\0.0.316\Permission\Permission.psm1' can be imported without any errors" name="'Permission.psm1' Module Tests.Module file 'E:\Owner\Documents\Google Drive\Programs\Scripts\PowerShell\Permission\dist\0.0.316\Permission\Permission.psm1' can be imported without any errors" time="0.0132" asserts="0" success="True" result="Success" executed="True" />
                </results>
              </test-suite>
            </results>
          </test-suite>
        </results>
      </test-suite>
      <test-suite type="TestFixture" name="E:\Owner\Documents\Google Drive\Programs\Scripts\PowerShell\Permission\tests\Project.tests.ps1" executed="True" result="Success" success="True" time="0.2253" asserts="0" description="E:\Owner\Documents\Google Drive\Programs\Scripts\PowerShell\Permission\tests\Project.tests.ps1">
        <results>
          <test-suite type="TestFixture" name="change log" executed="True" result="Success" success="True" time="0.0302" asserts="0" description="change log">
            <results>
              <test-suite type="TestFixture" name="change log.- Version" executed="True" result="Success" success="True" time="0.0204" asserts="0" description="change log.- Version">
                <results>
                  <test-case description="has a valid version" name="change log.- Version.has a valid version" time="0.0105" asserts="0" success="True" result="Success" executed="True" />
                  <test-case description="has the same version as the manifest" name="change log.- Version.has the same version as the manifest" time="0.005" asserts="0" success="True" result="Success" executed="True" />
                </results>
              </test-suite>
            </results>
          </test-suite>
        </results>
      </test-suite>
      <test-suite type="TestFixture" name="E:\Owner\Documents\Google Drive\Programs\Scripts\PowerShell\Permission\tests\functions\public\Get-FolderAcl.tests.ps1" executed="True" result="Success" success="True" time="0.0751" asserts="0" description="E:\Owner\Documents\Google Drive\Programs\Scripts\PowerShell\Permission\tests\functions\public\Get-FolderAcl.tests.ps1">
        <results>
          <test-suite type="TestFixture" name="'Get-FolderAcl.ps1' Function Tests" executed="True" result="Success" success="True" time="0.0298" asserts="0" description="'Get-FolderAcl.ps1' Function Tests">
            <results>
              <test-suite type="ParameterizedTest" name="'Get-FolderAcl.ps1' Function Tests.Script file 'Get-FolderAcl.ps1' runs without any errors" executed="True" result="Success" success="True" time="0.0106" asserts="0" description="Script file 'Get-FolderAcl.ps1' runs without any errors">
                <results>
                  <test-case description="Script file 'Get-FolderAcl.ps1' runs without any errors" name="'Get-FolderAcl.ps1' Function Tests.Script file 'Get-FolderAcl.ps1' runs without any errors(&quot;E:\Owner\Documents\Google Drive\Programs\Scripts\PowerShell\Permission\src\functions\public\Get-FolderAcl.ps1&quot;)" time="0.0106" asserts="0" success="True" result="Success" executed="True" />
                </results>
              </test-suite>
              <test-suite type="ParameterizedTest" name="'Get-FolderAcl.ps1' Function Tests.Script '&lt;Script&gt;' can be tokenized by the PowerShell parser without any errors" executed="True" result="Success" success="True" time="0.0157" asserts="0" description="Script '&lt;Script&gt;' can be tokenized by the PowerShell parser without any errors">
                <results>
                  <test-case description="Script 'E:\Owner\Documents\Google Drive\Programs\Scripts\PowerShell\Permission\src\functions\public\Get-FolderAcl.ps1' can be tokenized by the PowerShell parser without any errors" name="'Get-FolderAcl.ps1' Function Tests.Script 'E:\Owner\Documents\Google Drive\Programs\Scripts\PowerShell\Permission\src\functions\public\Get-FolderAcl.ps1' can be tokenized by the PowerShell parser without any errors" time="0.0157" asserts="0" success="True" result="Success" executed="True" />
                </results>
              </test-suite>
            </results>
          </test-suite>
        </results>
      </test-suite>
    </results>
  </test-suite>
</test-results>