<?xml version="1.0" encoding="utf-8" standalone="no"?>
<test-results xmlns:xsi="http://www.w3.org/2001/XMLSchema-instance" xsi:noNamespaceSchemaLocation="nunit_schema_2.5.xsd" name="Pester" total="953" errors="0" failures="186" not-run="0" inconclusive="0" ignored="0" skipped="2" invalid="0" date="2024-04-08" time="16:23:38">
  <environment user-domain="JLA-LoftHTPC" cwd="E:\Owner\Documents\Google Drive\Programs\Scripts\PowerShell\Permission\tests" os-version="10.0.19044" nunit-version="2.5.8.0" clr-version="Unknown" machine-name="JLA-LOFTHTPC" user="Owner" platform="Microsoft Windows 10 Pro|C:\WINDOWS|\Device\Harddisk0\Partition2" />
  <culture-info current-culture="en-US" current-uiculture="en-US" />
  <test-suite type="TestFixture" name="Pester" executed="True" result="Failure" success="False" time="11.6181" asserts="0" description="Pester">
    <results>
      <test-suite type="TestFixture" name="E:\Owner\Documents\Google Drive\Programs\Scripts\PowerShell\Permission\tests\Function.tests.ps1" executed="True" result="Success" success="True" time="1.7916" asserts="0" description="E:\Owner\Documents\Google Drive\Programs\Scripts\PowerShell\Permission\tests\Function.tests.ps1">
        <results>
          <test-suite type="TestFixture" name="function 'ConvertTo-ClassExclusionDiv.ps1'" executed="True" result="Success" success="True" time="0.024" asserts="0" description="function 'ConvertTo-ClassExclusionDiv.ps1'">
            <results>
              <test-suite type="ParameterizedTest" name="function 'ConvertTo-ClassExclusionDiv.ps1'.runs without throwing errors" executed="True" result="Success" success="True" time="0.0058" asserts="0" description="runs without throwing errors">
                <results>
                  <test-case description="runs without throwing errors" name="function 'ConvertTo-ClassExclusionDiv.ps1'.runs without throwing errors(&quot;E:\Owner\Documents\Google Drive\Programs\Scripts\PowerShell\Permission\src\functions\private\ConvertTo-ClassExclusionDiv.ps1&quot;)" time="0.0058" asserts="0" success="True" result="Success" executed="True" />
                </results>
              </test-suite>
              <test-suite type="ParameterizedTest" name="function 'ConvertTo-ClassExclusionDiv.ps1'.can be tokenized by the PowerShell parser without any errors" executed="True" result="Success" success="True" time="0.0142" asserts="0" description="can be tokenized by the PowerShell parser without any errors">
                <results>
                  <test-case description="can be tokenized by the PowerShell parser without any errors" name="function 'ConvertTo-ClassExclusionDiv.ps1'.can be tokenized by the PowerShell parser without any errors(&quot;E:\Owner\Documents\Google Drive\Programs\Scripts\PowerShell\Permission\src\functions\private\ConvertTo-ClassExclusionDiv.ps1&quot;)" time="0.0142" asserts="0" success="True" result="Success" executed="True" />
                </results>
              </test-suite>
            </results>
          </test-suite>
          <test-suite type="TestFixture" name="function 'ConvertTo-FileList.ps1'" executed="True" result="Success" success="True" time="0.0421" asserts="0" description="function 'ConvertTo-FileList.ps1'">
            <results>
              <test-suite type="ParameterizedTest" name="function 'ConvertTo-FileList.ps1'.runs without throwing errors" executed="True" result="Success" success="True" time="0.0073" asserts="0" description="runs without throwing errors">
                <results>
                  <test-case description="runs without throwing errors" name="function 'ConvertTo-FileList.ps1'.runs without throwing errors(&quot;E:\Owner\Documents\Google Drive\Programs\Scripts\PowerShell\Permission\src\functions\private\ConvertTo-FileList.ps1&quot;)" time="0.0073" asserts="0" success="True" result="Success" executed="True" />
                </results>
              </test-suite>
              <test-suite type="ParameterizedTest" name="function 'ConvertTo-FileList.ps1'.can be tokenized by the PowerShell parser without any errors" executed="True" result="Success" success="True" time="0.0078" asserts="0" description="can be tokenized by the PowerShell parser without any errors">
                <results>
                  <test-case description="can be tokenized by the PowerShell parser without any errors" name="function 'ConvertTo-FileList.ps1'.can be tokenized by the PowerShell parser without any errors(&quot;E:\Owner\Documents\Google Drive\Programs\Scripts\PowerShell\Permission\src\functions\private\ConvertTo-FileList.ps1&quot;)" time="0.0078" asserts="0" success="True" result="Success" executed="True" />
                </results>
              </test-suite>
            </results>
          </test-suite>
          <test-suite type="TestFixture" name="function 'ConvertTo-FileListDiv.ps1'" executed="True" result="Success" success="True" time="0.0642" asserts="0" description="function 'ConvertTo-FileListDiv.ps1'">
            <results>
              <test-suite type="ParameterizedTest" name="function 'ConvertTo-FileListDiv.ps1'.runs without throwing errors" executed="True" result="Success" success="True" time="0.007" asserts="0" description="runs without throwing errors">
                <results>
                  <test-case description="runs without throwing errors" name="function 'ConvertTo-FileListDiv.ps1'.runs without throwing errors(&quot;E:\Owner\Documents\Google Drive\Programs\Scripts\PowerShell\Permission\src\functions\private\ConvertTo-FileListDiv.ps1&quot;)" time="0.007" asserts="0" success="True" result="Success" executed="True" />
                </results>
              </test-suite>
              <test-suite type="ParameterizedTest" name="function 'ConvertTo-FileListDiv.ps1'.can be tokenized by the PowerShell parser without any errors" executed="True" result="Success" success="True" time="0.0116" asserts="0" description="can be tokenized by the PowerShell parser without any errors">
                <results>
                  <test-case description="can be tokenized by the PowerShell parser without any errors" name="function 'ConvertTo-FileListDiv.ps1'.can be tokenized by the PowerShell parser without any errors(&quot;E:\Owner\Documents\Google Drive\Programs\Scripts\PowerShell\Permission\src\functions\private\ConvertTo-FileListDiv.ps1&quot;)" time="0.0116" asserts="0" success="True" result="Success" executed="True" />
                </results>
              </test-suite>
            </results>
          </test-suite>
          <test-suite type="TestFixture" name="function 'ConvertTo-IgnoredDomainDiv.ps1'" executed="True" result="Success" success="True" time="0.0829" asserts="0" description="function 'ConvertTo-IgnoredDomainDiv.ps1'">
            <results>
              <test-suite type="ParameterizedTest" name="function 'ConvertTo-IgnoredDomainDiv.ps1'.runs without throwing errors" executed="True" result="Success" success="True" time="0.0067" asserts="0" description="runs without throwing errors">
                <results>
                  <test-case description="runs without throwing errors" name="function 'ConvertTo-IgnoredDomainDiv.ps1'.runs without throwing errors(&quot;E:\Owner\Documents\Google Drive\Programs\Scripts\PowerShell\Permission\src\functions\private\ConvertTo-IgnoredDomainDiv.ps1&quot;)" time="0.0067" asserts="0" success="True" result="Success" executed="True" />
                </results>
              </test-suite>
              <test-suite type="ParameterizedTest" name="function 'ConvertTo-IgnoredDomainDiv.ps1'.can be tokenized by the PowerShell parser without any errors" executed="True" result="Success" success="True" time="0.0088" asserts="0" description="can be tokenized by the PowerShell parser without any errors">
                <results>
                  <test-case description="can be tokenized by the PowerShell parser without any errors" name="function 'ConvertTo-IgnoredDomainDiv.ps1'.can be tokenized by the PowerShell parser without any errors(&quot;E:\Owner\Documents\Google Drive\Programs\Scripts\PowerShell\Permission\src\functions\private\ConvertTo-IgnoredDomainDiv.ps1&quot;)" time="0.0088" asserts="0" success="True" result="Success" executed="True" />
                </results>
              </test-suite>
            </results>
          </test-suite>
          <test-suite type="TestFixture" name="function 'ConvertTo-MemberExclusionDiv.ps1'" executed="True" result="Success" success="True" time="0.1101" asserts="0" description="function 'ConvertTo-MemberExclusionDiv.ps1'">
            <results>
              <test-suite type="ParameterizedTest" name="function 'ConvertTo-MemberExclusionDiv.ps1'.runs without throwing errors" executed="True" result="Success" success="True" time="0.008" asserts="0" description="runs without throwing errors">
                <results>
                  <test-case description="runs without throwing errors" name="function 'ConvertTo-MemberExclusionDiv.ps1'.runs without throwing errors(&quot;E:\Owner\Documents\Google Drive\Programs\Scripts\PowerShell\Permission\src\functions\private\ConvertTo-MemberExclusionDiv.ps1&quot;)" time="0.008" asserts="0" success="True" result="Success" executed="True" />
                </results>
              </test-suite>
              <test-suite type="ParameterizedTest" name="function 'ConvertTo-MemberExclusionDiv.ps1'.can be tokenized by the PowerShell parser without any errors" executed="True" result="Success" success="True" time="0.0164" asserts="0" description="can be tokenized by the PowerShell parser without any errors">
                <results>
                  <test-case description="can be tokenized by the PowerShell parser without any errors" name="function 'ConvertTo-MemberExclusionDiv.ps1'.can be tokenized by the PowerShell parser without any errors(&quot;E:\Owner\Documents\Google Drive\Programs\Scripts\PowerShell\Permission\src\functions\private\ConvertTo-MemberExclusionDiv.ps1&quot;)" time="0.0164" asserts="0" success="True" result="Success" executed="True" />
                </results>
              </test-suite>
            </results>
          </test-suite>
          <test-suite type="TestFixture" name="function 'ConvertTo-NameExclusionDiv.ps1'" executed="True" result="Success" success="True" time="0.126" asserts="0" description="function 'ConvertTo-NameExclusionDiv.ps1'">
            <results>
              <test-suite type="ParameterizedTest" name="function 'ConvertTo-NameExclusionDiv.ps1'.runs without throwing errors" executed="True" result="Success" success="True" time="0.0064" asserts="0" description="runs without throwing errors">
                <results>
                  <test-case description="runs without throwing errors" name="function 'ConvertTo-NameExclusionDiv.ps1'.runs without throwing errors(&quot;E:\Owner\Documents\Google Drive\Programs\Scripts\PowerShell\Permission\src\functions\private\ConvertTo-NameExclusionDiv.ps1&quot;)" time="0.0064" asserts="0" success="True" result="Success" executed="True" />
                </results>
              </test-suite>
              <test-suite type="ParameterizedTest" name="function 'ConvertTo-NameExclusionDiv.ps1'.can be tokenized by the PowerShell parser without any errors" executed="True" result="Success" success="True" time="0.0067" asserts="0" description="can be tokenized by the PowerShell parser without any errors">
                <results>
                  <test-case description="can be tokenized by the PowerShell parser without any errors" name="function 'ConvertTo-NameExclusionDiv.ps1'.can be tokenized by the PowerShell parser without any errors(&quot;E:\Owner\Documents\Google Drive\Programs\Scripts\PowerShell\Permission\src\functions\private\ConvertTo-NameExclusionDiv.ps1&quot;)" time="0.0067" asserts="0" success="True" result="Success" executed="True" />
                </results>
              </test-suite>
            </results>
          </test-suite>
          <test-suite type="TestFixture" name="function 'ConvertTo-PermissionGroup.ps1'" executed="True" result="Success" success="True" time="0.1466" asserts="0" description="function 'ConvertTo-PermissionGroup.ps1'">
            <results>
              <test-suite type="ParameterizedTest" name="function 'ConvertTo-PermissionGroup.ps1'.runs without throwing errors" executed="True" result="Success" success="True" time="0.006" asserts="0" description="runs without throwing errors">
                <results>
                  <test-case description="runs without throwing errors" name="function 'ConvertTo-PermissionGroup.ps1'.runs without throwing errors(&quot;E:\Owner\Documents\Google Drive\Programs\Scripts\PowerShell\Permission\src\functions\private\ConvertTo-PermissionGroup.ps1&quot;)" time="0.006" asserts="0" success="True" result="Success" executed="True" />
                </results>
              </test-suite>
              <test-suite type="ParameterizedTest" name="function 'ConvertTo-PermissionGroup.ps1'.can be tokenized by the PowerShell parser without any errors" executed="True" result="Success" success="True" time="0.0117" asserts="0" description="can be tokenized by the PowerShell parser without any errors">
                <results>
                  <test-case description="can be tokenized by the PowerShell parser without any errors" name="function 'ConvertTo-PermissionGroup.ps1'.can be tokenized by the PowerShell parser without any errors(&quot;E:\Owner\Documents\Google Drive\Programs\Scripts\PowerShell\Permission\src\functions\private\ConvertTo-PermissionGroup.ps1&quot;)" time="0.0117" asserts="0" success="True" result="Success" executed="True" />
                </results>
              </test-suite>
            </results>
          </test-suite>
          <test-suite type="TestFixture" name="function 'ConvertTo-PermissionList.ps1'" executed="True" result="Success" success="True" time="0.1666" asserts="0" description="function 'ConvertTo-PermissionList.ps1'">
            <results>
              <test-suite type="ParameterizedTest" name="function 'ConvertTo-PermissionList.ps1'.runs without throwing errors" executed="True" result="Success" success="True" time="0.0079" asserts="0" description="runs without throwing errors">
                <results>
                  <test-case description="runs without throwing errors" name="function 'ConvertTo-PermissionList.ps1'.runs without throwing errors(&quot;E:\Owner\Documents\Google Drive\Programs\Scripts\PowerShell\Permission\src\functions\private\ConvertTo-PermissionList.ps1&quot;)" time="0.0079" asserts="0" success="True" result="Success" executed="True" />
                </results>
              </test-suite>
              <test-suite type="ParameterizedTest" name="function 'ConvertTo-PermissionList.ps1'.can be tokenized by the PowerShell parser without any errors" executed="True" result="Success" success="True" time="0.0092" asserts="0" description="can be tokenized by the PowerShell parser without any errors">
                <results>
                  <test-case description="can be tokenized by the PowerShell parser without any errors" name="function 'ConvertTo-PermissionList.ps1'.can be tokenized by the PowerShell parser without any errors(&quot;E:\Owner\Documents\Google Drive\Programs\Scripts\PowerShell\Permission\src\functions\private\ConvertTo-PermissionList.ps1&quot;)" time="0.0092" asserts="0" success="True" result="Success" executed="True" />
                </results>
              </test-suite>
            </results>
          </test-suite>
          <test-suite type="TestFixture" name="function 'ConvertTo-ScriptHtml.ps1'" executed="True" result="Success" success="True" time="0.1909" asserts="0" description="function 'ConvertTo-ScriptHtml.ps1'">
            <results>
              <test-suite type="ParameterizedTest" name="function 'ConvertTo-ScriptHtml.ps1'.runs without throwing errors" executed="True" result="Success" success="True" time="0.0068" asserts="0" description="runs without throwing errors">
                <results>
                  <test-case description="runs without throwing errors" name="function 'ConvertTo-ScriptHtml.ps1'.runs without throwing errors(&quot;E:\Owner\Documents\Google Drive\Programs\Scripts\PowerShell\Permission\src\functions\private\ConvertTo-ScriptHtml.ps1&quot;)" time="0.0068" asserts="0" success="True" result="Success" executed="True" />
                </results>
              </test-suite>
              <test-suite type="ParameterizedTest" name="function 'ConvertTo-ScriptHtml.ps1'.can be tokenized by the PowerShell parser without any errors" executed="True" result="Success" success="True" time="0.0139" asserts="0" description="can be tokenized by the PowerShell parser without any errors">
                <results>
                  <test-case description="can be tokenized by the PowerShell parser without any errors" name="function 'ConvertTo-ScriptHtml.ps1'.can be tokenized by the PowerShell parser without any errors(&quot;E:\Owner\Documents\Google Drive\Programs\Scripts\PowerShell\Permission\src\functions\private\ConvertTo-ScriptHtml.ps1&quot;)" time="0.0139" asserts="0" success="True" result="Success" executed="True" />
                </results>
              </test-suite>
            </results>
          </test-suite>
          <test-suite type="TestFixture" name="function 'Expand-AccountPermissionReference.ps1'" executed="True" result="Success" success="True" time="0.2224" asserts="0" description="function 'Expand-AccountPermissionReference.ps1'">
            <results>
              <test-suite type="ParameterizedTest" name="function 'Expand-AccountPermissionReference.ps1'.runs without throwing errors" executed="True" result="Success" success="True" time="0.0199" asserts="0" description="runs without throwing errors">
                <results>
                  <test-case description="runs without throwing errors" name="function 'Expand-AccountPermissionReference.ps1'.runs without throwing errors(&quot;E:\Owner\Documents\Google Drive\Programs\Scripts\PowerShell\Permission\src\functions\private\Expand-AccountPermissionReference.ps1&quot;)" time="0.0199" asserts="0" success="True" result="Success" executed="True" />
                </results>
              </test-suite>
              <test-suite type="ParameterizedTest" name="function 'Expand-AccountPermissionReference.ps1'.can be tokenized by the PowerShell parser without any errors" executed="True" result="Success" success="True" time="0.0073" asserts="0" description="can be tokenized by the PowerShell parser without any errors">
                <results>
                  <test-case description="can be tokenized by the PowerShell parser without any errors" name="function 'Expand-AccountPermissionReference.ps1'.can be tokenized by the PowerShell parser without any errors(&quot;E:\Owner\Documents\Google Drive\Programs\Scripts\PowerShell\Permission\src\functions\private\Expand-AccountPermissionReference.ps1&quot;)" time="0.0073" asserts="0" success="True" result="Success" executed="True" />
                </results>
              </test-suite>
            </results>
          </test-suite>
          <test-suite type="TestFixture" name="function 'Expand-FlatPermissionReference.ps1'" executed="True" result="Success" success="True" time="0.3277" asserts="0" description="function 'Expand-FlatPermissionReference.ps1'">
            <results>
              <test-suite type="ParameterizedTest" name="function 'Expand-FlatPermissionReference.ps1'.runs without throwing errors" executed="True" result="Success" success="True" time="0.0864" asserts="0" description="runs without throwing errors">
                <results>
                  <test-case description="runs without throwing errors" name="function 'Expand-FlatPermissionReference.ps1'.runs without throwing errors(&quot;E:\Owner\Documents\Google Drive\Programs\Scripts\PowerShell\Permission\src\functions\private\Expand-FlatPermissionReference.ps1&quot;)" time="0.0864" asserts="0" success="True" result="Success" executed="True" />
                </results>
              </test-suite>
              <test-suite type="ParameterizedTest" name="function 'Expand-FlatPermissionReference.ps1'.can be tokenized by the PowerShell parser without any errors" executed="True" result="Success" success="True" time="0.015" asserts="0" description="can be tokenized by the PowerShell parser without any errors">
                <results>
                  <test-case description="can be tokenized by the PowerShell parser without any errors" name="function 'Expand-FlatPermissionReference.ps1'.can be tokenized by the PowerShell parser without any errors(&quot;E:\Owner\Documents\Google Drive\Programs\Scripts\PowerShell\Permission\src\functions\private\Expand-FlatPermissionReference.ps1&quot;)" time="0.015" asserts="0" success="True" result="Success" executed="True" />
                </results>
              </test-suite>
            </results>
          </test-suite>
          <test-suite type="TestFixture" name="function 'Expand-ItemPermissionAccountAccessReference.ps1'" executed="True" result="Success" success="True" time="0.377" asserts="0" description="function 'Expand-ItemPermissionAccountAccessReference.ps1'">
            <results>
              <test-suite type="ParameterizedTest" name="function 'Expand-ItemPermissionAccountAccessReference.ps1'.runs without throwing errors" executed="True" result="Success" success="True" time="0.0388" asserts="0" description="runs without throwing errors">
                <results>
                  <test-case description="runs without throwing errors" name="function 'Expand-ItemPermissionAccountAccessReference.ps1'.runs without throwing errors(&quot;E:\Owner\Documents\Google Drive\Programs\Scripts\PowerShell\Permission\src\functions\private\Expand-ItemPermissionAccountAccessReference.ps1&quot;)" time="0.0388" asserts="0" success="True" result="Success" executed="True" />
                </results>
              </test-suite>
              <test-suite type="ParameterizedTest" name="function 'Expand-ItemPermissionAccountAccessReference.ps1'.can be tokenized by the PowerShell parser without any errors" executed="True" result="Success" success="True" time="0.0065" asserts="0" description="can be tokenized by the PowerShell parser without any errors">
                <results>
                  <test-case description="can be tokenized by the PowerShell parser without any errors" name="function 'Expand-ItemPermissionAccountAccessReference.ps1'.can be tokenized by the PowerShell parser without any errors(&quot;E:\Owner\Documents\Google Drive\Programs\Scripts\PowerShell\Permission\src\functions\private\Expand-ItemPermissionAccountAccessReference.ps1&quot;)" time="0.0065" asserts="0" success="True" result="Success" executed="True" />
                </results>
              </test-suite>
            </results>
          </test-suite>
          <test-suite type="TestFixture" name="function 'Expand-ItemPermissionReference.ps1'" executed="True" result="Success" success="True" time="0.417" asserts="0" description="function 'Expand-ItemPermissionReference.ps1'">
            <results>
              <test-suite type="ParameterizedTest" name="function 'Expand-ItemPermissionReference.ps1'.runs without throwing errors" executed="True" result="Success" success="True" time="0.0255" asserts="0" description="runs without throwing errors">
                <results>
                  <test-case description="runs without throwing errors" name="function 'Expand-ItemPermissionReference.ps1'.runs without throwing errors(&quot;E:\Owner\Documents\Google Drive\Programs\Scripts\PowerShell\Permission\src\functions\private\Expand-ItemPermissionReference.ps1&quot;)" time="0.0255" asserts="0" success="True" result="Success" executed="True" />
                </results>
              </test-suite>
              <test-suite type="ParameterizedTest" name="function 'Expand-ItemPermissionReference.ps1'.can be tokenized by the PowerShell parser without any errors" executed="True" result="Success" success="True" time="0.0115" asserts="0" description="can be tokenized by the PowerShell parser without any errors">
                <results>
                  <test-case description="can be tokenized by the PowerShell parser without any errors" name="function 'Expand-ItemPermissionReference.ps1'.can be tokenized by the PowerShell parser without any errors(&quot;E:\Owner\Documents\Google Drive\Programs\Scripts\PowerShell\Permission\src\functions\private\Expand-ItemPermissionReference.ps1&quot;)" time="0.0115" asserts="0" success="True" result="Success" executed="True" />
                </results>
              </test-suite>
            </results>
          </test-suite>
          <test-suite type="TestFixture" name="function 'Expand-TargetPermissionReference.ps1'" executed="True" result="Success" success="True" time="0.4568" asserts="0" description="function 'Expand-TargetPermissionReference.ps1'">
            <results>
              <test-suite type="ParameterizedTest" name="function 'Expand-TargetPermissionReference.ps1'.runs without throwing errors" executed="True" result="Success" success="True" time="0.0236" asserts="0" description="runs without throwing errors">
                <results>
                  <test-case description="runs without throwing errors" name="function 'Expand-TargetPermissionReference.ps1'.runs without throwing errors(&quot;E:\Owner\Documents\Google Drive\Programs\Scripts\PowerShell\Permission\src\functions\private\Expand-TargetPermissionReference.ps1&quot;)" time="0.0236" asserts="0" success="True" result="Success" executed="True" />
                </results>
              </test-suite>
              <test-suite type="ParameterizedTest" name="function 'Expand-TargetPermissionReference.ps1'.can be tokenized by the PowerShell parser without any errors" executed="True" result="Success" success="True" time="0.0084" asserts="0" description="can be tokenized by the PowerShell parser without any errors">
                <results>
                  <test-case description="can be tokenized by the PowerShell parser without any errors" name="function 'Expand-TargetPermissionReference.ps1'.can be tokenized by the PowerShell parser without any errors(&quot;E:\Owner\Documents\Google Drive\Programs\Scripts\PowerShell\Permission\src\functions\private\Expand-TargetPermissionReference.ps1&quot;)" time="0.0084" asserts="0" success="True" result="Success" executed="True" />
                </results>
              </test-suite>
            </results>
          </test-suite>
          <test-suite type="TestFixture" name="function 'Get-ColumnJson.ps1'" executed="True" result="Success" success="True" time="0.4777" asserts="0" description="function 'Get-ColumnJson.ps1'">
            <results>
              <test-suite type="ParameterizedTest" name="function 'Get-ColumnJson.ps1'.runs without throwing errors" executed="True" result="Success" success="True" time="0.0086" asserts="0" description="runs without throwing errors">
                <results>
                  <test-case description="runs without throwing errors" name="function 'Get-ColumnJson.ps1'.runs without throwing errors(&quot;E:\Owner\Documents\Google Drive\Programs\Scripts\PowerShell\Permission\src\functions\private\Get-ColumnJson.ps1&quot;)" time="0.0086" asserts="0" success="True" result="Success" executed="True" />
                </results>
              </test-suite>
              <test-suite type="ParameterizedTest" name="function 'Get-ColumnJson.ps1'.can be tokenized by the PowerShell parser without any errors" executed="True" result="Success" success="True" time="0.0072" asserts="0" description="can be tokenized by the PowerShell parser without any errors">
                <results>
                  <test-case description="can be tokenized by the PowerShell parser without any errors" name="function 'Get-ColumnJson.ps1'.can be tokenized by the PowerShell parser without any errors(&quot;E:\Owner\Documents\Google Drive\Programs\Scripts\PowerShell\Permission\src\functions\private\Get-ColumnJson.ps1&quot;)" time="0.0072" asserts="0" success="True" result="Success" executed="True" />
                </results>
              </test-suite>
            </results>
          </test-suite>
          <test-suite type="TestFixture" name="function 'Get-DetailDivHeader.ps1'" executed="True" result="Success" success="True" time="0.5002" asserts="0" description="function 'Get-DetailDivHeader.ps1'">
            <results>
              <test-suite type="ParameterizedTest" name="function 'Get-DetailDivHeader.ps1'.runs without throwing errors" executed="True" result="Success" success="True" time="0.0078" asserts="0" description="runs without throwing errors">
                <results>
                  <test-case description="runs without throwing errors" name="function 'Get-DetailDivHeader.ps1'.runs without throwing errors(&quot;E:\Owner\Documents\Google Drive\Programs\Scripts\PowerShell\Permission\src\functions\private\Get-DetailDivHeader.ps1&quot;)" time="0.0078" asserts="0" success="True" result="Success" executed="True" />
                </results>
              </test-suite>
              <test-suite type="ParameterizedTest" name="function 'Get-DetailDivHeader.ps1'.can be tokenized by the PowerShell parser without any errors" executed="True" result="Success" success="True" time="0.0067" asserts="0" description="can be tokenized by the PowerShell parser without any errors">
                <results>
                  <test-case description="can be tokenized by the PowerShell parser without any errors" name="function 'Get-DetailDivHeader.ps1'.can be tokenized by the PowerShell parser without any errors(&quot;E:\Owner\Documents\Google Drive\Programs\Scripts\PowerShell\Permission\src\functions\private\Get-DetailDivHeader.ps1&quot;)" time="0.0067" asserts="0" success="True" result="Success" executed="True" />
                </results>
              </test-suite>
            </results>
          </test-suite>
          <test-suite type="TestFixture" name="function 'Get-FolderPermissionTableHeader.ps1'" executed="True" result="Success" success="True" time="0.5194" asserts="0" description="function 'Get-FolderPermissionTableHeader.ps1'">
            <results>
              <test-suite type="ParameterizedTest" name="function 'Get-FolderPermissionTableHeader.ps1'.runs without throwing errors" executed="True" result="Success" success="True" time="0.0073" asserts="0" description="runs without throwing errors">
                <results>
                  <test-case description="runs without throwing errors" name="function 'Get-FolderPermissionTableHeader.ps1'.runs without throwing errors(&quot;E:\Owner\Documents\Google Drive\Programs\Scripts\PowerShell\Permission\src\functions\private\Get-FolderPermissionTableHeader.ps1&quot;)" time="0.0073" asserts="0" success="True" result="Success" executed="True" />
                </results>
              </test-suite>
              <test-suite type="ParameterizedTest" name="function 'Get-FolderPermissionTableHeader.ps1'.can be tokenized by the PowerShell parser without any errors" executed="True" result="Success" success="True" time="0.0087" asserts="0" description="can be tokenized by the PowerShell parser without any errors">
                <results>
                  <test-case description="can be tokenized by the PowerShell parser without any errors" name="function 'Get-FolderPermissionTableHeader.ps1'.can be tokenized by the PowerShell parser without any errors(&quot;E:\Owner\Documents\Google Drive\Programs\Scripts\PowerShell\Permission\src\functions\private\Get-FolderPermissionTableHeader.ps1&quot;)" time="0.0087" asserts="0" success="True" result="Success" executed="True" />
                </results>
              </test-suite>
            </results>
          </test-suite>
          <test-suite type="TestFixture" name="function 'Get-HtmlBody.ps1'" executed="True" result="Success" success="True" time="0.5444" asserts="0" description="function 'Get-HtmlBody.ps1'">
            <results>
              <test-suite type="ParameterizedTest" name="function 'Get-HtmlBody.ps1'.runs without throwing errors" executed="True" result="Success" success="True" time="0.0112" asserts="0" description="runs without throwing errors">
                <results>
                  <test-case description="runs without throwing errors" name="function 'Get-HtmlBody.ps1'.runs without throwing errors(&quot;E:\Owner\Documents\Google Drive\Programs\Scripts\PowerShell\Permission\src\functions\private\Get-HtmlBody.ps1&quot;)" time="0.0112" asserts="0" success="True" result="Success" executed="True" />
                </results>
              </test-suite>
              <test-suite type="ParameterizedTest" name="function 'Get-HtmlBody.ps1'.can be tokenized by the PowerShell parser without any errors" executed="True" result="Success" success="True" time="0.0081" asserts="0" description="can be tokenized by the PowerShell parser without any errors">
                <results>
                  <test-case description="can be tokenized by the PowerShell parser without any errors" name="function 'Get-HtmlBody.ps1'.can be tokenized by the PowerShell parser without any errors(&quot;E:\Owner\Documents\Google Drive\Programs\Scripts\PowerShell\Permission\src\functions\private\Get-HtmlBody.ps1&quot;)" time="0.0081" asserts="0" success="True" result="Success" executed="True" />
                </results>
              </test-suite>
            </results>
          </test-suite>
          <test-suite type="TestFixture" name="function 'Get-HtmlReportElements.ps1'" executed="True" result="Success" success="True" time="0.5683" asserts="0" description="function 'Get-HtmlReportElements.ps1'">
            <results>
              <test-suite type="ParameterizedTest" name="function 'Get-HtmlReportElements.ps1'.runs without throwing errors" executed="True" result="Success" success="True" time="0.0062" asserts="0" description="runs without throwing errors">
                <results>
                  <test-case description="runs without throwing errors" name="function 'Get-HtmlReportElements.ps1'.runs without throwing errors(&quot;E:\Owner\Documents\Google Drive\Programs\Scripts\PowerShell\Permission\src\functions\private\Get-HtmlReportElements.ps1&quot;)" time="0.0062" asserts="0" success="True" result="Success" executed="True" />
                </results>
              </test-suite>
              <test-suite type="ParameterizedTest" name="function 'Get-HtmlReportElements.ps1'.can be tokenized by the PowerShell parser without any errors" executed="True" result="Success" success="True" time="0.0093" asserts="0" description="can be tokenized by the PowerShell parser without any errors">
                <results>
                  <test-case description="can be tokenized by the PowerShell parser without any errors" name="function 'Get-HtmlReportElements.ps1'.can be tokenized by the PowerShell parser without any errors(&quot;E:\Owner\Documents\Google Drive\Programs\Scripts\PowerShell\Permission\src\functions\private\Get-HtmlReportElements.ps1&quot;)" time="0.0093" asserts="0" success="True" result="Success" executed="True" />
                </results>
              </test-suite>
            </results>
          </test-suite>
          <test-suite type="TestFixture" name="function 'Get-HtmlReportFooter.ps1'" executed="True" result="Success" success="True" time="0.5892" asserts="0" description="function 'Get-HtmlReportFooter.ps1'">
            <results>
              <test-suite type="ParameterizedTest" name="function 'Get-HtmlReportFooter.ps1'.runs without throwing errors" executed="True" result="Success" success="True" time="0.0103" asserts="0" description="runs without throwing errors">
                <results>
                  <test-case description="runs without throwing errors" name="function 'Get-HtmlReportFooter.ps1'.runs without throwing errors(&quot;E:\Owner\Documents\Google Drive\Programs\Scripts\PowerShell\Permission\src\functions\private\Get-HtmlReportFooter.ps1&quot;)" time="0.0103" asserts="0" success="True" result="Success" executed="True" />
                </results>
              </test-suite>
              <test-suite type="ParameterizedTest" name="function 'Get-HtmlReportFooter.ps1'.can be tokenized by the PowerShell parser without any errors" executed="True" result="Success" success="True" time="0.0067" asserts="0" description="can be tokenized by the PowerShell parser without any errors">
                <results>
                  <test-case description="can be tokenized by the PowerShell parser without any errors" name="function 'Get-HtmlReportFooter.ps1'.can be tokenized by the PowerShell parser without any errors(&quot;E:\Owner\Documents\Google Drive\Programs\Scripts\PowerShell\Permission\src\functions\private\Get-HtmlReportFooter.ps1&quot;)" time="0.0067" asserts="0" success="True" result="Success" executed="True" />
                </results>
              </test-suite>
            </results>
          </test-suite>
          <test-suite type="TestFixture" name="function 'Get-ReportDescription.ps1'" executed="True" result="Success" success="True" time="0.6028" asserts="0" description="function 'Get-ReportDescription.ps1'">
            <results>
              <test-suite type="ParameterizedTest" name="function 'Get-ReportDescription.ps1'.runs without throwing errors" executed="True" result="Success" success="True" time="0.0049" asserts="0" description="runs without throwing errors">
                <results>
                  <test-case description="runs without throwing errors" name="function 'Get-ReportDescription.ps1'.runs without throwing errors(&quot;E:\Owner\Documents\Google Drive\Programs\Scripts\PowerShell\Permission\src\functions\private\Get-ReportDescription.ps1&quot;)" time="0.0049" asserts="0" success="True" result="Success" executed="True" />
                </results>
              </test-suite>
              <test-suite type="ParameterizedTest" name="function 'Get-ReportDescription.ps1'.can be tokenized by the PowerShell parser without any errors" executed="True" result="Success" success="True" time="0.0056" asserts="0" description="can be tokenized by the PowerShell parser without any errors">
                <results>
                  <test-case description="can be tokenized by the PowerShell parser without any errors" name="function 'Get-ReportDescription.ps1'.can be tokenized by the PowerShell parser without any errors(&quot;E:\Owner\Documents\Google Drive\Programs\Scripts\PowerShell\Permission\src\functions\private\Get-ReportDescription.ps1&quot;)" time="0.0056" asserts="0" success="True" result="Success" executed="True" />
                </results>
              </test-suite>
            </results>
          </test-suite>
          <test-suite type="TestFixture" name="function 'Get-SummaryDivHeader.ps1'" executed="True" result="Success" success="True" time="0.6243" asserts="0" description="function 'Get-SummaryDivHeader.ps1'">
            <results>
              <test-suite type="ParameterizedTest" name="function 'Get-SummaryDivHeader.ps1'.runs without throwing errors" executed="True" result="Success" success="True" time="0.0109" asserts="0" description="runs without throwing errors">
                <results>
                  <test-case description="runs without throwing errors" name="function 'Get-SummaryDivHeader.ps1'.runs without throwing errors(&quot;E:\Owner\Documents\Google Drive\Programs\Scripts\PowerShell\Permission\src\functions\private\Get-SummaryDivHeader.ps1&quot;)" time="0.0109" asserts="0" success="True" result="Success" executed="True" />
                </results>
              </test-suite>
              <test-suite type="ParameterizedTest" name="function 'Get-SummaryDivHeader.ps1'.can be tokenized by the PowerShell parser without any errors" executed="True" result="Success" success="True" time="0.0071" asserts="0" description="can be tokenized by the PowerShell parser without any errors">
                <results>
                  <test-case description="can be tokenized by the PowerShell parser without any errors" name="function 'Get-SummaryDivHeader.ps1'.can be tokenized by the PowerShell parser without any errors(&quot;E:\Owner\Documents\Google Drive\Programs\Scripts\PowerShell\Permission\src\functions\private\Get-SummaryDivHeader.ps1&quot;)" time="0.0071" asserts="0" success="True" result="Success" executed="True" />
                </results>
              </test-suite>
            </results>
          </test-suite>
          <test-suite type="TestFixture" name="function 'Get-SummaryTableHeader.ps1'" executed="True" result="Success" success="True" time="0.6448" asserts="0" description="function 'Get-SummaryTableHeader.ps1'">
            <results>
              <test-suite type="ParameterizedTest" name="function 'Get-SummaryTableHeader.ps1'.runs without throwing errors" executed="True" result="Success" success="True" time="0.0075" asserts="0" description="runs without throwing errors">
                <results>
                  <test-case description="runs without throwing errors" name="function 'Get-SummaryTableHeader.ps1'.runs without throwing errors(&quot;E:\Owner\Documents\Google Drive\Programs\Scripts\PowerShell\Permission\src\functions\private\Get-SummaryTableHeader.ps1&quot;)" time="0.0075" asserts="0" success="True" result="Success" executed="True" />
                </results>
              </test-suite>
              <test-suite type="ParameterizedTest" name="function 'Get-SummaryTableHeader.ps1'.can be tokenized by the PowerShell parser without any errors" executed="True" result="Success" success="True" time="0.0087" asserts="0" description="can be tokenized by the PowerShell parser without any errors">
                <results>
                  <test-case description="can be tokenized by the PowerShell parser without any errors" name="function 'Get-SummaryTableHeader.ps1'.can be tokenized by the PowerShell parser without any errors(&quot;E:\Owner\Documents\Google Drive\Programs\Scripts\PowerShell\Permission\src\functions\private\Get-SummaryTableHeader.ps1&quot;)" time="0.0087" asserts="0" success="True" result="Success" executed="True" />
                </results>
              </test-suite>
            </results>
          </test-suite>
          <test-suite type="TestFixture" name="function 'Group-AccountPermissionReference.ps1'" executed="True" result="Success" success="True" time="0.6891" asserts="0" description="function 'Group-AccountPermissionReference.ps1'">
            <results>
              <test-suite type="ParameterizedTest" name="function 'Group-AccountPermissionReference.ps1'.runs without throwing errors" executed="True" result="Success" success="True" time="0.0348" asserts="0" description="runs without throwing errors">
                <results>
                  <test-case description="runs without throwing errors" name="function 'Group-AccountPermissionReference.ps1'.runs without throwing errors(&quot;E:\Owner\Documents\Google Drive\Programs\Scripts\PowerShell\Permission\src\functions\private\Group-AccountPermissionReference.ps1&quot;)" time="0.0348" asserts="0" success="True" result="Success" executed="True" />
                </results>
              </test-suite>
              <test-suite type="ParameterizedTest" name="function 'Group-AccountPermissionReference.ps1'.can be tokenized by the PowerShell parser without any errors" executed="True" result="Success" success="True" time="0.0058" asserts="0" description="can be tokenized by the PowerShell parser without any errors">
                <results>
                  <test-case description="can be tokenized by the PowerShell parser without any errors" name="function 'Group-AccountPermissionReference.ps1'.can be tokenized by the PowerShell parser without any errors(&quot;E:\Owner\Documents\Google Drive\Programs\Scripts\PowerShell\Permission\src\functions\private\Group-AccountPermissionReference.ps1&quot;)" time="0.0058" asserts="0" success="True" result="Success" executed="True" />
                </results>
              </test-suite>
            </results>
          </test-suite>
          <test-suite type="TestFixture" name="function 'Group-ItemPermissionReference.ps1'" executed="True" result="Success" success="True" time="0.7173" asserts="0" description="function 'Group-ItemPermissionReference.ps1'">
            <results>
              <test-suite type="ParameterizedTest" name="function 'Group-ItemPermissionReference.ps1'.runs without throwing errors" executed="True" result="Success" success="True" time="0.0196" asserts="0" description="runs without throwing errors">
                <results>
                  <test-case description="runs without throwing errors" name="function 'Group-ItemPermissionReference.ps1'.runs without throwing errors(&quot;E:\Owner\Documents\Google Drive\Programs\Scripts\PowerShell\Permission\src\functions\private\Group-ItemPermissionReference.ps1&quot;)" time="0.0196" asserts="0" success="True" result="Success" executed="True" />
                </results>
              </test-suite>
              <test-suite type="ParameterizedTest" name="function 'Group-ItemPermissionReference.ps1'.can be tokenized by the PowerShell parser without any errors" executed="True" result="Success" success="True" time="0.0052" asserts="0" description="can be tokenized by the PowerShell parser without any errors">
                <results>
                  <test-case description="can be tokenized by the PowerShell parser without any errors" name="function 'Group-ItemPermissionReference.ps1'.can be tokenized by the PowerShell parser without any errors(&quot;E:\Owner\Documents\Google Drive\Programs\Scripts\PowerShell\Permission\src\functions\private\Group-ItemPermissionReference.ps1&quot;)" time="0.0052" asserts="0" success="True" result="Success" executed="True" />
                </results>
              </test-suite>
            </results>
          </test-suite>
          <test-suite type="TestFixture" name="function 'Group-TargetPermissionReference.ps1'" executed="True" result="Success" success="True" time="0.7588" asserts="0" description="function 'Group-TargetPermissionReference.ps1'">
            <results>
              <test-suite type="ParameterizedTest" name="function 'Group-TargetPermissionReference.ps1'.runs without throwing errors" executed="True" result="Success" success="True" time="0.0242" asserts="0" description="runs without throwing errors">
                <results>
                  <test-case description="runs without throwing errors" name="function 'Group-TargetPermissionReference.ps1'.runs without throwing errors(&quot;E:\Owner\Documents\Google Drive\Programs\Scripts\PowerShell\Permission\src\functions\private\Group-TargetPermissionReference.ps1&quot;)" time="0.0242" asserts="0" success="True" result="Success" executed="True" />
                </results>
              </test-suite>
              <test-suite type="ParameterizedTest" name="function 'Group-TargetPermissionReference.ps1'.can be tokenized by the PowerShell parser without any errors" executed="True" result="Success" success="True" time="0.0139" asserts="0" description="can be tokenized by the PowerShell parser without any errors">
                <results>
                  <test-case description="can be tokenized by the PowerShell parser without any errors" name="function 'Group-TargetPermissionReference.ps1'.can be tokenized by the PowerShell parser without any errors(&quot;E:\Owner\Documents\Google Drive\Programs\Scripts\PowerShell\Permission\src\functions\private\Group-TargetPermissionReference.ps1&quot;)" time="0.0139" asserts="0" success="True" result="Success" executed="True" />
                </results>
              </test-suite>
            </results>
          </test-suite>
          <test-suite type="TestFixture" name="function 'Memory.ps1'" executed="True" result="Success" success="True" time="0.7756" asserts="0" description="function 'Memory.ps1'">
            <results>
              <test-suite type="ParameterizedTest" name="function 'Memory.ps1'.runs without throwing errors" executed="True" result="Success" success="True" time="0.0066" asserts="0" description="runs without throwing errors">
                <results>
                  <test-case description="runs without throwing errors" name="function 'Memory.ps1'.runs without throwing errors(&quot;E:\Owner\Documents\Google Drive\Programs\Scripts\PowerShell\Permission\src\functions\private\Memory.ps1&quot;)" time="0.0066" asserts="0" success="True" result="Success" executed="True" />
                </results>
              </test-suite>
              <test-suite type="ParameterizedTest" name="function 'Memory.ps1'.can be tokenized by the PowerShell parser without any errors" executed="True" result="Success" success="True" time="0.0074" asserts="0" description="can be tokenized by the PowerShell parser without any errors">
                <results>
                  <test-case description="can be tokenized by the PowerShell parser without any errors" name="function 'Memory.ps1'.can be tokenized by the PowerShell parser without any errors(&quot;E:\Owner\Documents\Google Drive\Programs\Scripts\PowerShell\Permission\src\functions\private\Memory.ps1&quot;)" time="0.0074" asserts="0" success="True" result="Success" executed="True" />
                </results>
              </test-suite>
            </results>
          </test-suite>
          <test-suite type="TestFixture" name="function 'Merge-AceAndPrincipal.ps1'" executed="True" result="Success" success="True" time="0.8012" asserts="0" description="function 'Merge-AceAndPrincipal.ps1'">
            <results>
              <test-suite type="ParameterizedTest" name="function 'Merge-AceAndPrincipal.ps1'.runs without throwing errors" executed="True" result="Success" success="True" time="0.0182" asserts="0" description="runs without throwing errors">
                <results>
                  <test-case description="runs without throwing errors" name="function 'Merge-AceAndPrincipal.ps1'.runs without throwing errors(&quot;E:\Owner\Documents\Google Drive\Programs\Scripts\PowerShell\Permission\src\functions\private\Merge-AceAndPrincipal.ps1&quot;)" time="0.0182" asserts="0" success="True" result="Success" executed="True" />
                </results>
              </test-suite>
              <test-suite type="ParameterizedTest" name="function 'Merge-AceAndPrincipal.ps1'.can be tokenized by the PowerShell parser without any errors" executed="True" result="Success" success="True" time="0.0051" asserts="0" description="can be tokenized by the PowerShell parser without any errors">
                <results>
                  <test-case description="can be tokenized by the PowerShell parser without any errors" name="function 'Merge-AceAndPrincipal.ps1'.can be tokenized by the PowerShell parser without any errors(&quot;E:\Owner\Documents\Google Drive\Programs\Scripts\PowerShell\Permission\src\functions\private\Merge-AceAndPrincipal.ps1&quot;)" time="0.0051" asserts="0" success="True" result="Success" executed="True" />
                </results>
              </test-suite>
            </results>
          </test-suite>
          <test-suite type="TestFixture" name="function 'Out-PermissionDetailReport.ps1'" executed="True" result="Success" success="True" time="0.82" asserts="0" description="function 'Out-PermissionDetailReport.ps1'">
            <results>
              <test-suite type="ParameterizedTest" name="function 'Out-PermissionDetailReport.ps1'.runs without throwing errors" executed="True" result="Success" success="True" time="0.0053" asserts="0" description="runs without throwing errors">
                <results>
                  <test-case description="runs without throwing errors" name="function 'Out-PermissionDetailReport.ps1'.runs without throwing errors(&quot;E:\Owner\Documents\Google Drive\Programs\Scripts\PowerShell\Permission\src\functions\private\Out-PermissionDetailReport.ps1&quot;)" time="0.0053" asserts="0" success="True" result="Success" executed="True" />
                </results>
              </test-suite>
              <test-suite type="ParameterizedTest" name="function 'Out-PermissionDetailReport.ps1'.can be tokenized by the PowerShell parser without any errors" executed="True" result="Success" success="True" time="0.0105" asserts="0" description="can be tokenized by the PowerShell parser without any errors">
                <results>
                  <test-case description="can be tokenized by the PowerShell parser without any errors" name="function 'Out-PermissionDetailReport.ps1'.can be tokenized by the PowerShell parser without any errors(&quot;E:\Owner\Documents\Google Drive\Programs\Scripts\PowerShell\Permission\src\functions\private\Out-PermissionDetailReport.ps1&quot;)" time="0.0105" asserts="0" success="True" result="Success" executed="True" />
                </results>
              </test-suite>
            </results>
          </test-suite>
          <test-suite type="TestFixture" name="function 'Resolve-GroupByParameter.ps1'" executed="True" result="Success" success="True" time="0.8339" asserts="0" description="function 'Resolve-GroupByParameter.ps1'">
            <results>
              <test-suite type="ParameterizedTest" name="function 'Resolve-GroupByParameter.ps1'.runs without throwing errors" executed="True" result="Success" success="True" time="0.0054" asserts="0" description="runs without throwing errors">
                <results>
                  <test-case description="runs without throwing errors" name="function 'Resolve-GroupByParameter.ps1'.runs without throwing errors(&quot;E:\Owner\Documents\Google Drive\Programs\Scripts\PowerShell\Permission\src\functions\private\Resolve-GroupByParameter.ps1&quot;)" time="0.0054" asserts="0" success="True" result="Success" executed="True" />
                </results>
              </test-suite>
              <test-suite type="ParameterizedTest" name="function 'Resolve-GroupByParameter.ps1'.can be tokenized by the PowerShell parser without any errors" executed="True" result="Success" success="True" time="0.0055" asserts="0" description="can be tokenized by the PowerShell parser without any errors">
                <results>
                  <test-case description="can be tokenized by the PowerShell parser without any errors" name="function 'Resolve-GroupByParameter.ps1'.can be tokenized by the PowerShell parser without any errors(&quot;E:\Owner\Documents\Google Drive\Programs\Scripts\PowerShell\Permission\src\functions\private\Resolve-GroupByParameter.ps1&quot;)" time="0.0055" asserts="0" success="True" result="Success" executed="True" />
                </results>
              </test-suite>
            </results>
          </test-suite>
          <test-suite type="TestFixture" name="function 'Resolve-IdentityReferenceDomainDNS.ps1'" executed="True" result="Success" success="True" time="0.8535" asserts="0" description="function 'Resolve-IdentityReferenceDomainDNS.ps1'">
            <results>
              <test-suite type="ParameterizedTest" name="function 'Resolve-IdentityReferenceDomainDNS.ps1'.runs without throwing errors" executed="True" result="Success" success="True" time="0.0065" asserts="0" description="runs without throwing errors">
                <results>
                  <test-case description="runs without throwing errors" name="function 'Resolve-IdentityReferenceDomainDNS.ps1'.runs without throwing errors(&quot;E:\Owner\Documents\Google Drive\Programs\Scripts\PowerShell\Permission\src\functions\private\Resolve-IdentityReferenceDomainDNS.ps1&quot;)" time="0.0065" asserts="0" success="True" result="Success" executed="True" />
                </results>
              </test-suite>
              <test-suite type="ParameterizedTest" name="function 'Resolve-IdentityReferenceDomainDNS.ps1'.can be tokenized by the PowerShell parser without any errors" executed="True" result="Success" success="True" time="0.0062" asserts="0" description="can be tokenized by the PowerShell parser without any errors">
                <results>
                  <test-case description="can be tokenized by the PowerShell parser without any errors" name="function 'Resolve-IdentityReferenceDomainDNS.ps1'.can be tokenized by the PowerShell parser without any errors(&quot;E:\Owner\Documents\Google Drive\Programs\Scripts\PowerShell\Permission\src\functions\private\Resolve-IdentityReferenceDomainDNS.ps1&quot;)" time="0.0062" asserts="0" success="True" result="Success" executed="True" />
                </results>
              </test-suite>
            </results>
          </test-suite>
          <test-suite type="TestFixture" name="function 'Resolve-SplitByParameter.ps1'" executed="True" result="Success" success="True" time="0.874" asserts="0" description="function 'Resolve-SplitByParameter.ps1'">
            <results>
              <test-suite type="ParameterizedTest" name="function 'Resolve-SplitByParameter.ps1'.runs without throwing errors" executed="True" result="Success" success="True" time="0.0054" asserts="0" description="runs without throwing errors">
                <results>
                  <test-case description="runs without throwing errors" name="function 'Resolve-SplitByParameter.ps1'.runs without throwing errors(&quot;E:\Owner\Documents\Google Drive\Programs\Scripts\PowerShell\Permission\src\functions\private\Resolve-SplitByParameter.ps1&quot;)" time="0.0054" asserts="0" success="True" result="Success" executed="True" />
                </results>
              </test-suite>
              <test-suite type="ParameterizedTest" name="function 'Resolve-SplitByParameter.ps1'.can be tokenized by the PowerShell parser without any errors" executed="True" result="Success" success="True" time="0.0066" asserts="0" description="can be tokenized by the PowerShell parser without any errors">
                <results>
                  <test-case description="can be tokenized by the PowerShell parser without any errors" name="function 'Resolve-SplitByParameter.ps1'.can be tokenized by the PowerShell parser without any errors(&quot;E:\Owner\Documents\Google Drive\Programs\Scripts\PowerShell\Permission\src\functions\private\Resolve-SplitByParameter.ps1&quot;)" time="0.0066" asserts="0" success="True" result="Success" executed="True" />
                </results>
              </test-suite>
            </results>
          </test-suite>
          <test-suite type="TestFixture" name="function 'Select-AccountTableProperty.ps1'" executed="True" result="Success" success="True" time="0.8912" asserts="0" description="function 'Select-AccountTableProperty.ps1'">
            <results>
              <test-suite type="ParameterizedTest" name="function 'Select-AccountTableProperty.ps1'.runs without throwing errors" executed="True" result="Success" success="True" time="0.0074" asserts="0" description="runs without throwing errors">
                <results>
                  <test-case description="runs without throwing errors" name="function 'Select-AccountTableProperty.ps1'.runs without throwing errors(&quot;E:\Owner\Documents\Google Drive\Programs\Scripts\PowerShell\Permission\src\functions\private\Select-AccountTableProperty.ps1&quot;)" time="0.0074" asserts="0" success="True" result="Success" executed="True" />
                </results>
              </test-suite>
              <test-suite type="ParameterizedTest" name="function 'Select-AccountTableProperty.ps1'.can be tokenized by the PowerShell parser without any errors" executed="True" result="Success" success="True" time="0.0057" asserts="0" description="can be tokenized by the PowerShell parser without any errors">
                <results>
                  <test-case description="can be tokenized by the PowerShell parser without any errors" name="function 'Select-AccountTableProperty.ps1'.can be tokenized by the PowerShell parser without any errors(&quot;E:\Owner\Documents\Google Drive\Programs\Scripts\PowerShell\Permission\src\functions\private\Select-AccountTableProperty.ps1&quot;)" time="0.0057" asserts="0" success="True" result="Success" executed="True" />
                </results>
              </test-suite>
            </results>
          </test-suite>
          <test-suite type="TestFixture" name="function 'Select-ItemTableProperty.ps1'" executed="True" result="Success" success="True" time="0.9118" asserts="0" description="function 'Select-ItemTableProperty.ps1'">
            <results>
              <test-suite type="ParameterizedTest" name="function 'Select-ItemTableProperty.ps1'.runs without throwing errors" executed="True" result="Success" success="True" time="0.0059" asserts="0" description="runs without throwing errors">
                <results>
                  <test-case description="runs without throwing errors" name="function 'Select-ItemTableProperty.ps1'.runs without throwing errors(&quot;E:\Owner\Documents\Google Drive\Programs\Scripts\PowerShell\Permission\src\functions\private\Select-ItemTableProperty.ps1&quot;)" time="0.0059" asserts="0" success="True" result="Success" executed="True" />
                </results>
              </test-suite>
              <test-suite type="ParameterizedTest" name="function 'Select-ItemTableProperty.ps1'.can be tokenized by the PowerShell parser without any errors" executed="True" result="Success" success="True" time="0.0058" asserts="0" description="can be tokenized by the PowerShell parser without any errors">
                <results>
                  <test-case description="can be tokenized by the PowerShell parser without any errors" name="function 'Select-ItemTableProperty.ps1'.can be tokenized by the PowerShell parser without any errors(&quot;E:\Owner\Documents\Google Drive\Programs\Scripts\PowerShell\Permission\src\functions\private\Select-ItemTableProperty.ps1&quot;)" time="0.0058" asserts="0" success="True" result="Success" executed="True" />
                </results>
              </test-suite>
            </results>
          </test-suite>
          <test-suite type="TestFixture" name="function 'Select-PermissionTableProperty.ps1'" executed="True" result="Success" success="True" time="0.9295" asserts="0" description="function 'Select-PermissionTableProperty.ps1'">
            <results>
              <test-suite type="ParameterizedTest" name="function 'Select-PermissionTableProperty.ps1'.runs without throwing errors" executed="True" result="Success" success="True" time="0.008" asserts="0" description="runs without throwing errors">
                <results>
                  <test-case description="runs without throwing errors" name="function 'Select-PermissionTableProperty.ps1'.runs without throwing errors(&quot;E:\Owner\Documents\Google Drive\Programs\Scripts\PowerShell\Permission\src\functions\private\Select-PermissionTableProperty.ps1&quot;)" time="0.008" asserts="0" success="True" result="Success" executed="True" />
                </results>
              </test-suite>
              <test-suite type="ParameterizedTest" name="function 'Select-PermissionTableProperty.ps1'.can be tokenized by the PowerShell parser without any errors" executed="True" result="Success" success="True" time="0.0052" asserts="0" description="can be tokenized by the PowerShell parser without any errors">
                <results>
                  <test-case description="can be tokenized by the PowerShell parser without any errors" name="function 'Select-PermissionTableProperty.ps1'.can be tokenized by the PowerShell parser without any errors(&quot;E:\Owner\Documents\Google Drive\Programs\Scripts\PowerShell\Permission\src\functions\private\Select-PermissionTableProperty.ps1&quot;)" time="0.0052" asserts="0" success="True" result="Success" executed="True" />
                </results>
              </test-suite>
            </results>
          </test-suite>
          <test-suite type="TestFixture" name="function 'Add-CacheItem.ps1'" executed="True" result="Success" success="True" time="0.9521" asserts="0" description="function 'Add-CacheItem.ps1'">
            <results>
              <test-suite type="ParameterizedTest" name="function 'Add-CacheItem.ps1'.runs without throwing errors" executed="True" result="Success" success="True" time="0.0105" asserts="0" description="runs without throwing errors">
                <results>
                  <test-case description="runs without throwing errors" name="function 'Add-CacheItem.ps1'.runs without throwing errors(&quot;E:\Owner\Documents\Google Drive\Programs\Scripts\PowerShell\Permission\src\functions\public\Add-CacheItem.ps1&quot;)" time="0.0105" asserts="0" success="True" result="Success" executed="True" />
                </results>
              </test-suite>
              <test-suite type="ParameterizedTest" name="function 'Add-CacheItem.ps1'.can be tokenized by the PowerShell parser without any errors" executed="True" result="Success" success="True" time="0.0082" asserts="0" description="can be tokenized by the PowerShell parser without any errors">
                <results>
                  <test-case description="can be tokenized by the PowerShell parser without any errors" name="function 'Add-CacheItem.ps1'.can be tokenized by the PowerShell parser without any errors(&quot;E:\Owner\Documents\Google Drive\Programs\Scripts\PowerShell\Permission\src\functions\public\Add-CacheItem.ps1&quot;)" time="0.0082" asserts="0" success="True" result="Success" executed="True" />
                </results>
              </test-suite>
            </results>
          </test-suite>
          <test-suite type="TestFixture" name="function 'ConvertTo-ItemBlock.ps1'" executed="True" result="Success" success="True" time="0.9674" asserts="0" description="function 'ConvertTo-ItemBlock.ps1'">
            <results>
              <test-suite type="ParameterizedTest" name="function 'ConvertTo-ItemBlock.ps1'.runs without throwing errors" executed="True" result="Success" success="True" time="0.0056" asserts="0" description="runs without throwing errors">
                <results>
                  <test-case description="runs without throwing errors" name="function 'ConvertTo-ItemBlock.ps1'.runs without throwing errors(&quot;E:\Owner\Documents\Google Drive\Programs\Scripts\PowerShell\Permission\src\functions\public\ConvertTo-ItemBlock.ps1&quot;)" time="0.0056" asserts="0" success="True" result="Success" executed="True" />
                </results>
              </test-suite>
              <test-suite type="ParameterizedTest" name="function 'ConvertTo-ItemBlock.ps1'.can be tokenized by the PowerShell parser without any errors" executed="True" result="Success" success="True" time="0.0068" asserts="0" description="can be tokenized by the PowerShell parser without any errors">
                <results>
                  <test-case description="can be tokenized by the PowerShell parser without any errors" name="function 'ConvertTo-ItemBlock.ps1'.can be tokenized by the PowerShell parser without any errors(&quot;E:\Owner\Documents\Google Drive\Programs\Scripts\PowerShell\Permission\src\functions\public\ConvertTo-ItemBlock.ps1&quot;)" time="0.0068" asserts="0" success="True" result="Success" executed="True" />
                </results>
              </test-suite>
            </results>
          </test-suite>
          <test-suite type="TestFixture" name="function 'Expand-Permission.ps1'" executed="True" result="Success" success="True" time="1.0076" asserts="0" description="function 'Expand-Permission.ps1'">
            <results>
              <test-suite type="ParameterizedTest" name="function 'Expand-Permission.ps1'.runs without throwing errors" executed="True" result="Success" success="True" time="0.0279" asserts="0" description="runs without throwing errors">
                <results>
                  <test-case description="runs without throwing errors" name="function 'Expand-Permission.ps1'.runs without throwing errors(&quot;E:\Owner\Documents\Google Drive\Programs\Scripts\PowerShell\Permission\src\functions\public\Expand-Permission.ps1&quot;)" time="0.0279" asserts="0" success="True" result="Success" executed="True" />
                </results>
              </test-suite>
              <test-suite type="ParameterizedTest" name="function 'Expand-Permission.ps1'.can be tokenized by the PowerShell parser without any errors" executed="True" result="Success" success="True" time="0.0088" asserts="0" description="can be tokenized by the PowerShell parser without any errors">
                <results>
                  <test-case description="can be tokenized by the PowerShell parser without any errors" name="function 'Expand-Permission.ps1'.can be tokenized by the PowerShell parser without any errors(&quot;E:\Owner\Documents\Google Drive\Programs\Scripts\PowerShell\Permission\src\functions\public\Expand-Permission.ps1&quot;)" time="0.0088" asserts="0" success="True" result="Success" executed="True" />
                </results>
              </test-suite>
            </results>
          </test-suite>
          <test-suite type="TestFixture" name="function 'Expand-PermissionTarget.ps1'" executed="True" result="Success" success="True" time="1.027" asserts="0" description="function 'Expand-PermissionTarget.ps1'">
            <results>
              <test-suite type="ParameterizedTest" name="function 'Expand-PermissionTarget.ps1'.runs without throwing errors" executed="True" result="Success" success="True" time="0.0088" asserts="0" description="runs without throwing errors">
                <results>
                  <test-case description="runs without throwing errors" name="function 'Expand-PermissionTarget.ps1'.runs without throwing errors(&quot;E:\Owner\Documents\Google Drive\Programs\Scripts\PowerShell\Permission\src\functions\public\Expand-PermissionTarget.ps1&quot;)" time="0.0088" asserts="0" success="True" result="Success" executed="True" />
                </results>
              </test-suite>
              <test-suite type="ParameterizedTest" name="function 'Expand-PermissionTarget.ps1'.can be tokenized by the PowerShell parser without any errors" executed="True" result="Success" success="True" time="0.0067" asserts="0" description="can be tokenized by the PowerShell parser without any errors">
                <results>
                  <test-case description="can be tokenized by the PowerShell parser without any errors" name="function 'Expand-PermissionTarget.ps1'.can be tokenized by the PowerShell parser without any errors(&quot;E:\Owner\Documents\Google Drive\Programs\Scripts\PowerShell\Permission\src\functions\public\Expand-PermissionTarget.ps1&quot;)" time="0.0067" asserts="0" success="True" result="Success" executed="True" />
                </results>
              </test-suite>
            </results>
          </test-suite>
          <test-suite type="TestFixture" name="function 'Find-ResolvedIDsWithAccess.ps1'" executed="True" result="Success" success="True" time="1.048" asserts="0" description="function 'Find-ResolvedIDsWithAccess.ps1'">
            <results>
              <test-suite type="ParameterizedTest" name="function 'Find-ResolvedIDsWithAccess.ps1'.runs without throwing errors" executed="True" result="Success" success="True" time="0.0064" asserts="0" description="runs without throwing errors">
                <results>
                  <test-case description="runs without throwing errors" name="function 'Find-ResolvedIDsWithAccess.ps1'.runs without throwing errors(&quot;E:\Owner\Documents\Google Drive\Programs\Scripts\PowerShell\Permission\src\functions\public\Find-ResolvedIDsWithAccess.ps1&quot;)" time="0.0064" asserts="0" success="True" result="Success" executed="True" />
                </results>
              </test-suite>
              <test-suite type="ParameterizedTest" name="function 'Find-ResolvedIDsWithAccess.ps1'.can be tokenized by the PowerShell parser without any errors" executed="True" result="Success" success="True" time="0.0112" asserts="0" description="can be tokenized by the PowerShell parser without any errors">
                <results>
                  <test-case description="can be tokenized by the PowerShell parser without any errors" name="function 'Find-ResolvedIDsWithAccess.ps1'.can be tokenized by the PowerShell parser without any errors(&quot;E:\Owner\Documents\Google Drive\Programs\Scripts\PowerShell\Permission\src\functions\public\Find-ResolvedIDsWithAccess.ps1&quot;)" time="0.0112" asserts="0" success="True" result="Success" executed="True" />
                </results>
              </test-suite>
            </results>
          </test-suite>
          <test-suite type="TestFixture" name="function 'Find-ServerFqdn.ps1'" executed="True" result="Success" success="True" time="1.0651" asserts="0" description="function 'Find-ServerFqdn.ps1'">
            <results>
              <test-suite type="ParameterizedTest" name="function 'Find-ServerFqdn.ps1'.runs without throwing errors" executed="True" result="Success" success="True" time="0.0076" asserts="0" description="runs without throwing errors">
                <results>
                  <test-case description="runs without throwing errors" name="function 'Find-ServerFqdn.ps1'.runs without throwing errors(&quot;E:\Owner\Documents\Google Drive\Programs\Scripts\PowerShell\Permission\src\functions\public\Find-ServerFqdn.ps1&quot;)" time="0.0076" asserts="0" success="True" result="Success" executed="True" />
                </results>
              </test-suite>
              <test-suite type="ParameterizedTest" name="function 'Find-ServerFqdn.ps1'.can be tokenized by the PowerShell parser without any errors" executed="True" result="Success" success="True" time="0.0046" asserts="0" description="can be tokenized by the PowerShell parser without any errors">
                <results>
                  <test-case description="can be tokenized by the PowerShell parser without any errors" name="function 'Find-ServerFqdn.ps1'.can be tokenized by the PowerShell parser without any errors(&quot;E:\Owner\Documents\Google Drive\Programs\Scripts\PowerShell\Permission\src\functions\public\Find-ServerFqdn.ps1&quot;)" time="0.0046" asserts="0" success="True" result="Success" executed="True" />
                </results>
              </test-suite>
            </results>
          </test-suite>
          <test-suite type="TestFixture" name="function 'Format-Permission.ps1'" executed="True" result="Success" success="True" time="1.0856" asserts="0" description="function 'Format-Permission.ps1'">
            <results>
              <test-suite type="ParameterizedTest" name="function 'Format-Permission.ps1'.runs without throwing errors" executed="True" result="Success" success="True" time="0.0064" asserts="0" description="runs without throwing errors">
                <results>
                  <test-case description="runs without throwing errors" name="function 'Format-Permission.ps1'.runs without throwing errors(&quot;E:\Owner\Documents\Google Drive\Programs\Scripts\PowerShell\Permission\src\functions\public\Format-Permission.ps1&quot;)" time="0.0064" asserts="0" success="True" result="Success" executed="True" />
                </results>
              </test-suite>
              <test-suite type="ParameterizedTest" name="function 'Format-Permission.ps1'.can be tokenized by the PowerShell parser without any errors" executed="True" result="Success" success="True" time="0.0112" asserts="0" description="can be tokenized by the PowerShell parser without any errors">
                <results>
                  <test-case description="can be tokenized by the PowerShell parser without any errors" name="function 'Format-Permission.ps1'.can be tokenized by the PowerShell parser without any errors(&quot;E:\Owner\Documents\Google Drive\Programs\Scripts\PowerShell\Permission\src\functions\public\Format-Permission.ps1&quot;)" time="0.0112" asserts="0" success="True" result="Success" executed="True" />
                </results>
              </test-suite>
            </results>
          </test-suite>
          <test-suite type="TestFixture" name="function 'Format-TimeSpan.ps1'" executed="True" result="Success" success="True" time="1.1019" asserts="0" description="function 'Format-TimeSpan.ps1'">
            <results>
              <test-suite type="ParameterizedTest" name="function 'Format-TimeSpan.ps1'.runs without throwing errors" executed="True" result="Success" success="True" time="0.006" asserts="0" description="runs without throwing errors">
                <results>
                  <test-case description="runs without throwing errors" name="function 'Format-TimeSpan.ps1'.runs without throwing errors(&quot;E:\Owner\Documents\Google Drive\Programs\Scripts\PowerShell\Permission\src\functions\public\Format-TimeSpan.ps1&quot;)" time="0.006" asserts="0" success="True" result="Success" executed="True" />
                </results>
              </test-suite>
              <test-suite type="ParameterizedTest" name="function 'Format-TimeSpan.ps1'.can be tokenized by the PowerShell parser without any errors" executed="True" result="Success" success="True" time="0.0079" asserts="0" description="can be tokenized by the PowerShell parser without any errors">
                <results>
                  <test-case description="can be tokenized by the PowerShell parser without any errors" name="function 'Format-TimeSpan.ps1'.can be tokenized by the PowerShell parser without any errors(&quot;E:\Owner\Documents\Google Drive\Programs\Scripts\PowerShell\Permission\src\functions\public\Format-TimeSpan.ps1&quot;)" time="0.0079" asserts="0" success="True" result="Success" executed="True" />
                </results>
              </test-suite>
            </results>
          </test-suite>
          <test-suite type="TestFixture" name="function 'Get-AccessControlList.ps1'" executed="True" result="Success" success="True" time="1.1237" asserts="0" description="function 'Get-AccessControlList.ps1'">
            <results>
              <test-suite type="ParameterizedTest" name="function 'Get-AccessControlList.ps1'.runs without throwing errors" executed="True" result="Success" success="True" time="0.0112" asserts="0" description="runs without throwing errors">
                <results>
                  <test-case description="runs without throwing errors" name="function 'Get-AccessControlList.ps1'.runs without throwing errors(&quot;E:\Owner\Documents\Google Drive\Programs\Scripts\PowerShell\Permission\src\functions\public\Get-AccessControlList.ps1&quot;)" time="0.0112" asserts="0" success="True" result="Success" executed="True" />
                </results>
              </test-suite>
              <test-suite type="ParameterizedTest" name="function 'Get-AccessControlList.ps1'.can be tokenized by the PowerShell parser without any errors" executed="True" result="Success" success="True" time="0.0078" asserts="0" description="can be tokenized by the PowerShell parser without any errors">
                <results>
[...]
                  <test-case description="Script 'E:\Owner\Documents\Google Drive\Programs\Scripts\PowerShell\Permission\src\functions\public\Find-ServerFqdn.ps1' is valid PowerShell" name="'Permission' Function Tests.Script 'E:\Owner\Documents\Google Drive\Programs\Scripts\PowerShell\Permission\src\functions\public\Find-ServerFqdn.ps1' is valid PowerShell" time="0.0074" asserts="0" success="True" result="Success" executed="True" />
                  <test-case description="Script 'E:\Owner\Documents\Google Drive\Programs\Scripts\PowerShell\Permission\src\functions\public\Format-Permission.ps1' is valid PowerShell" name="'Permission' Function Tests.Script 'E:\Owner\Documents\Google Drive\Programs\Scripts\PowerShell\Permission\src\functions\public\Format-Permission.ps1' is valid PowerShell" time="0.006" asserts="0" success="True" result="Success" executed="True" />
                  <test-case description="Script 'E:\Owner\Documents\Google Drive\Programs\Scripts\PowerShell\Permission\src\functions\public\Format-TimeSpan.ps1' is valid PowerShell" name="'Permission' Function Tests.Script 'E:\Owner\Documents\Google Drive\Programs\Scripts\PowerShell\Permission\src\functions\public\Format-TimeSpan.ps1' is valid PowerShell" time="0.0078" asserts="0" success="True" result="Success" executed="True" />
                  <test-case description="Script 'E:\Owner\Documents\Google Drive\Programs\Scripts\PowerShell\Permission\src\functions\public\Get-AccessControlList.ps1' is valid PowerShell" name="'Permission' Function Tests.Script 'E:\Owner\Documents\Google Drive\Programs\Scripts\PowerShell\Permission\src\functions\public\Get-AccessControlList.ps1' is valid PowerShell" time="0.0113" asserts="0" success="True" result="Success" executed="True" />
                  <test-case description="Script 'E:\Owner\Documents\Google Drive\Programs\Scripts\PowerShell\Permission\src\functions\public\Get-CachedCimInstance.ps1' is valid PowerShell" name="'Permission' Function Tests.Script 'E:\Owner\Documents\Google Drive\Programs\Scripts\PowerShell\Permission\src\functions\public\Get-CachedCimInstance.ps1' is valid PowerShell" time="0.0069" asserts="0" success="True" result="Success" executed="True" />
                  <test-case description="Script 'E:\Owner\Documents\Google Drive\Programs\Scripts\PowerShell\Permission\src\functions\public\Get-CachedCimSession.ps1' is valid PowerShell" name="'Permission' Function Tests.Script 'E:\Owner\Documents\Google Drive\Programs\Scripts\PowerShell\Permission\src\functions\public\Get-CachedCimSession.ps1' is valid PowerShell" time="0.0097" asserts="0" success="True" result="Success" executed="True" />
                  <test-case description="Script 'E:\Owner\Documents\Google Drive\Programs\Scripts\PowerShell\Permission\src\functions\public\Get-PermissionPrincipal.ps1' is valid PowerShell" name="'Permission' Function Tests.Script 'E:\Owner\Documents\Google Drive\Programs\Scripts\PowerShell\Permission\src\functions\public\Get-PermissionPrincipal.ps1' is valid PowerShell" time="0.0068" asserts="0" success="True" result="Success" executed="True" />
                  <test-case description="Script 'E:\Owner\Documents\Google Drive\Programs\Scripts\PowerShell\Permission\src\functions\public\Get-PrtgXmlSensorOutput.ps1' is valid PowerShell" name="'Permission' Function Tests.Script 'E:\Owner\Documents\Google Drive\Programs\Scripts\PowerShell\Permission\src\functions\public\Get-PrtgXmlSensorOutput.ps1' is valid PowerShell" time="0.0066" asserts="0" success="True" result="Success" executed="True" />
                  <test-case description="Script 'E:\Owner\Documents\Google Drive\Programs\Scripts\PowerShell\Permission\src\functions\public\Get-TimeZoneName.ps1' is valid PowerShell" name="'Permission' Function Tests.Script 'E:\Owner\Documents\Google Drive\Programs\Scripts\PowerShell\Permission\src\functions\public\Get-TimeZoneName.ps1' is valid PowerShell" time="0.0059" asserts="0" success="True" result="Success" executed="True" />
                  <test-case description="Script 'E:\Owner\Documents\Google Drive\Programs\Scripts\PowerShell\Permission\src\functions\public\Initialize-Cache.ps1' is valid PowerShell" name="'Permission' Function Tests.Script 'E:\Owner\Documents\Google Drive\Programs\Scripts\PowerShell\Permission\src\functions\public\Initialize-Cache.ps1' is valid PowerShell" time="0.007" asserts="0" success="True" result="Success" executed="True" />
                  <test-case description="Script 'E:\Owner\Documents\Google Drive\Programs\Scripts\PowerShell\Permission\src\functions\public\Invoke-PermissionCommand.ps1' is valid PowerShell" name="'Permission' Function Tests.Script 'E:\Owner\Documents\Google Drive\Programs\Scripts\PowerShell\Permission\src\functions\public\Invoke-PermissionCommand.ps1' is valid PowerShell" time="0.0105" asserts="0" success="True" result="Success" executed="True" />
                  <test-case description="Script 'E:\Owner\Documents\Google Drive\Programs\Scripts\PowerShell\Permission\src\functions\public\Out-PermissionReport.ps1' is valid PowerShell" name="'Permission' Function Tests.Script 'E:\Owner\Documents\Google Drive\Programs\Scripts\PowerShell\Permission\src\functions\public\Out-PermissionReport.ps1' is valid PowerShell" time="0.0151" asserts="0" success="True" result="Success" executed="True" />
                  <test-case description="Script 'E:\Owner\Documents\Google Drive\Programs\Scripts\PowerShell\Permission\src\functions\public\Remove-CachedCimSession.ps1' is valid PowerShell" name="'Permission' Function Tests.Script 'E:\Owner\Documents\Google Drive\Programs\Scripts\PowerShell\Permission\src\functions\public\Remove-CachedCimSession.ps1' is valid PowerShell" time="0.005" asserts="0" success="True" result="Success" executed="True" />
                  <test-case description="Script 'E:\Owner\Documents\Google Drive\Programs\Scripts\PowerShell\Permission\src\functions\public\Resolve-AccessControlList.ps1' is valid PowerShell" name="'Permission' Function Tests.Script 'E:\Owner\Documents\Google Drive\Programs\Scripts\PowerShell\Permission\src\functions\public\Resolve-AccessControlList.ps1' is valid PowerShell" time="0.0066" asserts="0" success="True" result="Success" executed="True" />
                  <test-case description="Script 'E:\Owner\Documents\Google Drive\Programs\Scripts\PowerShell\Permission\src\functions\public\Resolve-Ace.ps1' is valid PowerShell" name="'Permission' Function Tests.Script 'E:\Owner\Documents\Google Drive\Programs\Scripts\PowerShell\Permission\src\functions\public\Resolve-Ace.ps1' is valid PowerShell" time="0.0067" asserts="0" success="True" result="Success" executed="True" />
                  <test-case description="Script 'E:\Owner\Documents\Google Drive\Programs\Scripts\PowerShell\Permission\src\functions\public\Resolve-Acl.ps1' is valid PowerShell" name="'Permission' Function Tests.Script 'E:\Owner\Documents\Google Drive\Programs\Scripts\PowerShell\Permission\src\functions\public\Resolve-Acl.ps1' is valid PowerShell" time="0.0141" asserts="0" success="True" result="Success" executed="True" />
                  <test-case description="Script 'E:\Owner\Documents\Google Drive\Programs\Scripts\PowerShell\Permission\src\functions\public\Resolve-Folder.ps1' is valid PowerShell" name="'Permission' Function Tests.Script 'E:\Owner\Documents\Google Drive\Programs\Scripts\PowerShell\Permission\src\functions\public\Resolve-Folder.ps1' is valid PowerShell" time="0.0061" asserts="0" success="True" result="Success" executed="True" />
                  <test-case description="Script 'E:\Owner\Documents\Google Drive\Programs\Scripts\PowerShell\Permission\src\functions\public\Resolve-FormatParameter.ps1' is valid PowerShell" name="'Permission' Function Tests.Script 'E:\Owner\Documents\Google Drive\Programs\Scripts\PowerShell\Permission\src\functions\public\Resolve-FormatParameter.ps1' is valid PowerShell" time="0.0047" asserts="0" success="True" result="Success" executed="True" />
                  <test-case description="Script 'E:\Owner\Documents\Google Drive\Programs\Scripts\PowerShell\Permission\src\functions\public\Resolve-PermissionTarget.ps1' is valid PowerShell" name="'Permission' Function Tests.Script 'E:\Owner\Documents\Google Drive\Programs\Scripts\PowerShell\Permission\src\functions\public\Resolve-PermissionTarget.ps1' is valid PowerShell" time="0.0104" asserts="0" success="True" result="Success" executed="True" />
                  <test-case description="Script 'E:\Owner\Documents\Google Drive\Programs\Scripts\PowerShell\Permission\src\functions\public\Select-UniquePrincipal.ps1' is valid PowerShell" name="'Permission' Function Tests.Script 'E:\Owner\Documents\Google Drive\Programs\Scripts\PowerShell\Permission\src\functions\public\Select-UniquePrincipal.ps1' is valid PowerShell" time="0.0063" asserts="0" success="True" result="Success" executed="True" />
                  <test-case description="Script 'E:\Owner\Documents\Google Drive\Programs\Scripts\PowerShell\Permission\src\Permission.psd1' is valid PowerShell" name="'Permission' Function Tests.Script 'E:\Owner\Documents\Google Drive\Programs\Scripts\PowerShell\Permission\src\Permission.psd1' is valid PowerShell" time="0.0048" asserts="0" success="True" result="Success" executed="True" />
                  <test-case description="Script 'E:\Owner\Documents\Google Drive\Programs\Scripts\PowerShell\Permission\src\Permission.psm1' is valid PowerShell" name="'Permission' Function Tests.Script 'E:\Owner\Documents\Google Drive\Programs\Scripts\PowerShell\Permission\src\Permission.psm1' is valid PowerShell" time="0.0127" asserts="0" success="True" result="Success" executed="True" />
                  <test-case description="Script 'E:\Owner\Documents\Google Drive\Programs\Scripts\PowerShell\Permission\tests\functions\public\Get-AccessControlList.tests.ps1' is valid PowerShell" name="'Permission' Function Tests.Script 'E:\Owner\Documents\Google Drive\Programs\Scripts\PowerShell\Permission\tests\functions\public\Get-AccessControlList.tests.ps1' is valid PowerShell" time="0.0072" asserts="0" success="True" result="Success" executed="True" />
                  <test-case description="Script 'E:\Owner\Documents\Google Drive\Programs\Scripts\PowerShell\Permission\tests\Function.tests.ps1' is valid PowerShell" name="'Permission' Function Tests.Script 'E:\Owner\Documents\Google Drive\Programs\Scripts\PowerShell\Permission\tests\Function.tests.ps1' is valid PowerShell" time="0.0049" asserts="0" success="True" result="Success" executed="True" />
                  <test-case description="Script 'E:\Owner\Documents\Google Drive\Programs\Scripts\PowerShell\Permission\tests\Help.tests.ps1' is valid PowerShell" name="'Permission' Function Tests.Script 'E:\Owner\Documents\Google Drive\Programs\Scripts\PowerShell\Permission\tests\Help.tests.ps1' is valid PowerShell" time="0.0066" asserts="0" success="True" result="Success" executed="True" />
                  <test-case description="Script 'E:\Owner\Documents\Google Drive\Programs\Scripts\PowerShell\Permission\tests\Manifest.tests.ps1' is valid PowerShell" name="'Permission' Function Tests.Script 'E:\Owner\Documents\Google Drive\Programs\Scripts\PowerShell\Permission\tests\Manifest.tests.ps1' is valid PowerShell" time="0.0052" asserts="0" success="True" result="Success" executed="True" />
                  <test-case description="Script 'E:\Owner\Documents\Google Drive\Programs\Scripts\PowerShell\Permission\tests\Metadata.tests.ps1' is valid PowerShell" name="'Permission' Function Tests.Script 'E:\Owner\Documents\Google Drive\Programs\Scripts\PowerShell\Permission\tests\Metadata.tests.ps1' is valid PowerShell" time="0.0128" asserts="0" success="True" result="Success" executed="True" />
                  <test-case description="Script 'E:\Owner\Documents\Google Drive\Programs\Scripts\PowerShell\Permission\tests\MetaFixers.psm1' is valid PowerShell" name="'Permission' Function Tests.Script 'E:\Owner\Documents\Google Drive\Programs\Scripts\PowerShell\Permission\tests\MetaFixers.psm1' is valid PowerShell" time="0.0075" asserts="0" success="True" result="Success" executed="True" />
                  <test-case description="Script 'E:\Owner\Documents\Google Drive\Programs\Scripts\PowerShell\Permission\tests\Module.tests.ps1' is valid PowerShell" name="'Permission' Function Tests.Script 'E:\Owner\Documents\Google Drive\Programs\Scripts\PowerShell\Permission\tests\Module.tests.ps1' is valid PowerShell" time="0.0068" asserts="0" success="True" result="Success" executed="True" />
                  <test-case description="Script 'E:\Owner\Documents\Google Drive\Programs\Scripts\PowerShell\Permission\tests\Project.tests.ps1' is valid PowerShell" name="'Permission' Function Tests.Script 'E:\Owner\Documents\Google Drive\Programs\Scripts\PowerShell\Permission\tests\Project.tests.ps1' is valid PowerShell" time="0.0053" asserts="0" success="True" result="Success" executed="True" />
                  <test-case description="Script 'E:\Owner\Documents\Google Drive\Programs\Scripts\PowerShell\Permission\tests\ScriptAnalyzerSettings.psd1' is valid PowerShell" name="'Permission' Function Tests.Script 'E:\Owner\Documents\Google Drive\Programs\Scripts\PowerShell\Permission\tests\ScriptAnalyzerSettings.psd1' is valid PowerShell" time="0.0061" asserts="0" success="True" result="Success" executed="True" />
                  <test-case description="Script 'E:\Owner\Documents\Google Drive\Programs\Scripts\PowerShell\Permission\build.ps1' is valid PowerShell" name="'Permission' Function Tests.Script 'E:\Owner\Documents\Google Drive\Programs\Scripts\PowerShell\Permission\build.ps1' is valid PowerShell" time="0.0117" asserts="0" success="True" result="Success" executed="True" />
                  <test-case description="Script 'E:\Owner\Documents\Google Drive\Programs\Scripts\PowerShell\Permission\psakeFile.ps1' is valid PowerShell" name="'Permission' Function Tests.Script 'E:\Owner\Documents\Google Drive\Programs\Scripts\PowerShell\Permission\psakeFile.ps1' is valid PowerShell" time="0.0089" asserts="0" success="True" result="Success" executed="True" />
                  <test-case description="Script 'E:\Owner\Documents\Google Drive\Programs\Scripts\PowerShell\Permission\psdependRequirements.psd1' is valid PowerShell" name="'Permission' Function Tests.Script 'E:\Owner\Documents\Google Drive\Programs\Scripts\PowerShell\Permission\psdependRequirements.psd1' is valid PowerShell" time="0.0099" asserts="0" success="True" result="Success" executed="True" />
                </results>
              </test-suite>
            </results>
          </test-suite>
          <test-suite type="TestFixture" name="'Permission.psm1' Module Tests" executed="True" result="Success" success="True" time="0.8328" asserts="0" description="'Permission.psm1' Module Tests">
            <results>
              <test-suite type="ParameterizedTest" name="'Permission.psm1' Module Tests.Module file '&lt;ThisModule&gt;' can be imported without any errors" executed="True" result="Success" success="True" time="0.0148" asserts="0" description="Module file '&lt;ThisModule&gt;' can be imported without any errors">
                <results>
                  <test-case description="Module file 'E:\Owner\Documents\Google Drive\Programs\Scripts\PowerShell\Permission\dist\0.0.569\Permission\Permission.psm1' can be imported without any errors" name="'Permission.psm1' Module Tests.Module file 'E:\Owner\Documents\Google Drive\Programs\Scripts\PowerShell\Permission\dist\0.0.569\Permission\Permission.psm1' can be imported without any errors" time="0.0148" asserts="0" success="True" result="Success" executed="True" />
                </results>
              </test-suite>
            </results>
          </test-suite>
        </results>
      </test-suite>
      <test-suite type="TestFixture" name="E:\Owner\Documents\Google Drive\Programs\Scripts\PowerShell\Permission\tests\Project.tests.ps1" executed="True" result="Success" success="True" time="0.1617" asserts="0" description="E:\Owner\Documents\Google Drive\Programs\Scripts\PowerShell\Permission\tests\Project.tests.ps1">
        <results>
          <test-suite type="TestFixture" name="change log" executed="True" result="Success" success="True" time="0.0185" asserts="0" description="change log">
            <results>
              <test-suite type="TestFixture" name="change log.- Version" executed="True" result="Success" success="True" time="0.0166" asserts="0" description="change log.- Version">
                <results>
                  <test-case description="has a valid version" name="change log.- Version.has a valid version" time="0.0043" asserts="0" success="True" result="Success" executed="True" />
                  <test-case description="has the same version as the manifest" name="change log.- Version.has the same version as the manifest" time="0.0102" asserts="0" success="True" result="Success" executed="True" />
                </results>
              </test-suite>
            </results>
          </test-suite>
        </results>
      </test-suite>
      <test-suite type="TestFixture" name="E:\Owner\Documents\Google Drive\Programs\Scripts\PowerShell\Permission\tests\functions\public\Get-AccessControlList.tests.ps1" executed="True" result="Success" success="True" time="0.0833" asserts="0" description="E:\Owner\Documents\Google Drive\Programs\Scripts\PowerShell\Permission\tests\functions\public\Get-AccessControlList.tests.ps1">
        <results>
          <test-suite type="TestFixture" name="'Get-AccessControlList.ps1' Function Tests" executed="True" result="Success" success="True" time="0.0221" asserts="0" description="'Get-AccessControlList.ps1' Function Tests">
            <results>
              <test-suite type="ParameterizedTest" name="'Get-AccessControlList.ps1' Function Tests.Script file 'Get-AccessControlList.ps1' runs without any errors" executed="True" result="Success" success="True" time="0.0117" asserts="0" description="Script file 'Get-AccessControlList.ps1' runs without any errors">
                <results>
                  <test-case description="Script file 'Get-AccessControlList.ps1' runs without any errors" name="'Get-AccessControlList.ps1' Function Tests.Script file 'Get-AccessControlList.ps1' runs without any errors(&quot;E:\Owner\Documents\Google Drive\Programs\Scripts\PowerShell\Permission\src\functions\public\Get-AccessControlList.ps1&quot;)" time="0.0117" asserts="0" success="True" result="Success" executed="True" />
                </results>
              </test-suite>
              <test-suite type="ParameterizedTest" name="'Get-AccessControlList.ps1' Function Tests.Script '&lt;Script&gt;' can be tokenized by the PowerShell parser without any errors" executed="True" result="Success" success="True" time="0.0063" asserts="0" description="Script '&lt;Script&gt;' can be tokenized by the PowerShell parser without any errors">
                <results>
                  <test-case description="Script 'E:\Owner\Documents\Google Drive\Programs\Scripts\PowerShell\Permission\src\functions\public\Get-AccessControlList.ps1' can be tokenized by the PowerShell parser without any errors" name="'Get-AccessControlList.ps1' Function Tests.Script 'E:\Owner\Documents\Google Drive\Programs\Scripts\PowerShell\Permission\src\functions\public\Get-AccessControlList.ps1' can be tokenized by the PowerShell parser without any errors" time="0.0063" asserts="0" success="True" result="Success" executed="True" />
                </results>
              </test-suite>
            </results>
          </test-suite>
        </results>
      </test-suite>
    </results>
  </test-suite>
</test-results>