<?xml version="1.0" encoding="utf-8" standalone="no"?>
<test-results xmlns:xsi="http://www.w3.org/2001/XMLSchema-instance" xsi:noNamespaceSchemaLocation="nunit_schema_2.5.xsd" name="Pester" total="179" errors="0" failures="27" not-run="0" inconclusive="0" ignored="0" skipped="2" invalid="0" date="2022-09-04" time="02:00:09">
  <environment os-version="10.0.19044" user-domain="JLA-LoftHTPC" cwd="E:\Owner\Documents\Google Drive\Programs\Scripts\PowerShell\Permission\tests" clr-version="Unknown" machine-name="JLA-LOFTHTPC" nunit-version="2.5.8.0" user="Owner" platform="Microsoft Windows 10 Pro|C:\WINDOWS|\Device\Harddisk0\Partition2" />
  <culture-info current-culture="en-US" current-uiculture="en-US" />
  <test-suite type="TestFixture" name="Pester" executed="True" result="Failure" success="False" time="3.5439" asserts="0" description="Pester">
    <results>
      <test-suite type="TestFixture" name="E:\Owner\Documents\Google Drive\Programs\Scripts\PowerShell\Permission\tests\Function.tests.ps1" executed="True" result="Failure" success="False" time="0.5268" asserts="0" description="E:\Owner\Documents\Google Drive\Programs\Scripts\PowerShell\Permission\tests\Function.tests.ps1">
        <results>
          <test-suite type="TestFixture" name="function 'Get-FolderAccessList.ps1'" executed="True" result="Success" success="True" time="0.0419" asserts="0" description="function 'Get-FolderAccessList.ps1'">
            <results>
              <test-suite type="ParameterizedTest" name="function 'Get-FolderAccessList.ps1'.runs without throwing errors" executed="True" result="Success" success="True" time="0.0247" asserts="0" description="runs without throwing errors">
                <results>
                  <test-case description="runs without throwing errors" name="function 'Get-FolderAccessList.ps1'.runs without throwing errors(&quot;E:\Owner\Documents\Google Drive\Programs\Scripts\PowerShell\Permission\src\functions\public\Get-FolderAccessList.ps1&quot;)" time="0.0247" asserts="0" success="True" result="Success" executed="True" />
                </results>
              </test-suite>
              <test-suite type="ParameterizedTest" name="function 'Get-FolderAccessList.ps1'.can be tokenized by the PowerShell parser without any errors" executed="True" result="Success" success="True" time="0.0106" asserts="0" description="can be tokenized by the PowerShell parser without any errors">
                <results>
                  <test-case description="can be tokenized by the PowerShell parser without any errors" name="function 'Get-FolderAccessList.ps1'.can be tokenized by the PowerShell parser without any errors(&quot;E:\Owner\Documents\Google Drive\Programs\Scripts\PowerShell\Permission\src\functions\public\Get-FolderAccessList.ps1&quot;)" time="0.0106" asserts="0" success="True" result="Success" executed="True" />
                </results>
              </test-suite>
            </results>
          </test-suite>
          <test-suite type="TestFixture" name="function 'Get-FolderPermissionsBlock.ps1'" executed="True" result="Success" success="True" time="0.0701" asserts="0" description="function 'Get-FolderPermissionsBlock.ps1'">
            <results>
              <test-suite type="ParameterizedTest" name="function 'Get-FolderPermissionsBlock.ps1'.runs without throwing errors" executed="True" result="Success" success="True" time="0.0078" asserts="0" description="runs without throwing errors">
                <results>
                  <test-case description="runs without throwing errors" name="function 'Get-FolderPermissionsBlock.ps1'.runs without throwing errors(&quot;E:\Owner\Documents\Google Drive\Programs\Scripts\PowerShell\Permission\src\functions\public\Get-FolderPermissionsBlock.ps1&quot;)" time="0.0078" asserts="0" success="True" result="Success" executed="True" />
                </results>
              </test-suite>
              <test-suite type="ParameterizedTest" name="function 'Get-FolderPermissionsBlock.ps1'.can be tokenized by the PowerShell parser without any errors" executed="True" result="Success" success="True" time="0.0141" asserts="0" description="can be tokenized by the PowerShell parser without any errors">
                <results>
                  <test-case description="can be tokenized by the PowerShell parser without any errors" name="function 'Get-FolderPermissionsBlock.ps1'.can be tokenized by the PowerShell parser without any errors(&quot;E:\Owner\Documents\Google Drive\Programs\Scripts\PowerShell\Permission\src\functions\public\Get-FolderPermissionsBlock.ps1&quot;)" time="0.0141" asserts="0" success="True" result="Success" executed="True" />
                </results>
              </test-suite>
            </results>
          </test-suite>
          <test-suite type="TestFixture" name="function 'Get-FolderTableHeader.ps1'" executed="True" result="Success" success="True" time="0.0987" asserts="0" description="function 'Get-FolderTableHeader.ps1'">
            <results>
              <test-suite type="ParameterizedTest" name="function 'Get-FolderTableHeader.ps1'.runs without throwing errors" executed="True" result="Success" success="True" time="0.0132" asserts="0" description="runs without throwing errors">
                <results>
                  <test-case description="runs without throwing errors" name="function 'Get-FolderTableHeader.ps1'.runs without throwing errors(&quot;E:\Owner\Documents\Google Drive\Programs\Scripts\PowerShell\Permission\src\functions\public\Get-FolderTableHeader.ps1&quot;)" time="0.0132" asserts="0" success="True" result="Success" executed="True" />
                </results>
              </test-suite>
              <test-suite type="ParameterizedTest" name="function 'Get-FolderTableHeader.ps1'.can be tokenized by the PowerShell parser without any errors" executed="True" result="Success" success="True" time="0.0113" asserts="0" description="can be tokenized by the PowerShell parser without any errors">
                <results>
                  <test-case description="can be tokenized by the PowerShell parser without any errors" name="function 'Get-FolderTableHeader.ps1'.can be tokenized by the PowerShell parser without any errors(&quot;E:\Owner\Documents\Google Drive\Programs\Scripts\PowerShell\Permission\src\functions\public\Get-FolderTableHeader.ps1&quot;)" time="0.0113" asserts="0" success="True" result="Success" executed="True" />
                </results>
              </test-suite>
            </results>
          </test-suite>
          <test-suite type="TestFixture" name="function 'Get-HtmlBody.ps1'" executed="True" result="Success" success="True" time="0.1168" asserts="0" description="function 'Get-HtmlBody.ps1'">
            <results>
              <test-suite type="ParameterizedTest" name="function 'Get-HtmlBody.ps1'.runs without throwing errors" executed="True" result="Success" success="True" time="0.0076" asserts="0" description="runs without throwing errors">
                <results>
                  <test-case description="runs without throwing errors" name="function 'Get-HtmlBody.ps1'.runs without throwing errors(&quot;E:\Owner\Documents\Google Drive\Programs\Scripts\PowerShell\Permission\src\functions\public\Get-HtmlBody.ps1&quot;)" time="0.0076" asserts="0" success="True" result="Success" executed="True" />
                </results>
              </test-suite>
              <test-suite type="ParameterizedTest" name="function 'Get-HtmlBody.ps1'.can be tokenized by the PowerShell parser without any errors" executed="True" result="Success" success="True" time="0.0064" asserts="0" description="can be tokenized by the PowerShell parser without any errors">
                <results>
                  <test-case description="can be tokenized by the PowerShell parser without any errors" name="function 'Get-HtmlBody.ps1'.can be tokenized by the PowerShell parser without any errors(&quot;E:\Owner\Documents\Google Drive\Programs\Scripts\PowerShell\Permission\src\functions\public\Get-HtmlBody.ps1&quot;)" time="0.0064" asserts="0" success="True" result="Success" executed="True" />
                </results>
              </test-suite>
            </results>
          </test-suite>
          <test-suite type="TestFixture" name="function 'Get-HtmlFolderList.ps1'" executed="True" result="Success" success="True" time="0.1522" asserts="0" description="function 'Get-HtmlFolderList.ps1'">
            <results>
              <test-suite type="ParameterizedTest" name="function 'Get-HtmlFolderList.ps1'.runs without throwing errors" executed="True" result="Success" success="True" time="0.0227" asserts="0" description="runs without throwing errors">
                <results>
                  <test-case description="runs without throwing errors" name="function 'Get-HtmlFolderList.ps1'.runs without throwing errors(&quot;E:\Owner\Documents\Google Drive\Programs\Scripts\PowerShell\Permission\src\functions\public\Get-HtmlFolderList.ps1&quot;)" time="0.0227" asserts="0" success="True" result="Success" executed="True" />
                </results>
              </test-suite>
              <test-suite type="ParameterizedTest" name="function 'Get-HtmlFolderList.ps1'.can be tokenized by the PowerShell parser without any errors" executed="True" result="Success" success="True" time="0.0082" asserts="0" description="can be tokenized by the PowerShell parser without any errors">
                <results>
                  <test-case description="can be tokenized by the PowerShell parser without any errors" name="function 'Get-HtmlFolderList.ps1'.can be tokenized by the PowerShell parser without any errors(&quot;E:\Owner\Documents\Google Drive\Programs\Scripts\PowerShell\Permission\src\functions\public\Get-HtmlFolderList.ps1&quot;)" time="0.0082" asserts="0" success="True" result="Success" executed="True" />
                </results>
              </test-suite>
            </results>
          </test-suite>
          <test-suite type="TestFixture" name="function 'Get-PrtgXmlSensorOutput.ps1'" executed="True" result="Success" success="True" time="0.1756" asserts="0" description="function 'Get-PrtgXmlSensorOutput.ps1'">
            <results>
              <test-suite type="ParameterizedTest" name="function 'Get-PrtgXmlSensorOutput.ps1'.runs without throwing errors" executed="True" result="Success" success="True" time="0.0114" asserts="0" description="runs without throwing errors">
                <results>
                  <test-case description="runs without throwing errors" name="function 'Get-PrtgXmlSensorOutput.ps1'.runs without throwing errors(&quot;E:\Owner\Documents\Google Drive\Programs\Scripts\PowerShell\Permission\src\functions\public\Get-PrtgXmlSensorOutput.ps1&quot;)" time="0.0114" asserts="0" success="True" result="Success" executed="True" />
                </results>
              </test-suite>
              <test-suite type="ParameterizedTest" name="function 'Get-PrtgXmlSensorOutput.ps1'.can be tokenized by the PowerShell parser without any errors" executed="True" result="Success" success="True" time="0.0085" asserts="0" description="can be tokenized by the PowerShell parser without any errors">
                <results>
                  <test-case description="can be tokenized by the PowerShell parser without any errors" name="function 'Get-PrtgXmlSensorOutput.ps1'.can be tokenized by the PowerShell parser without any errors(&quot;E:\Owner\Documents\Google Drive\Programs\Scripts\PowerShell\Permission\src\functions\public\Get-PrtgXmlSensorOutput.ps1&quot;)" time="0.0085" asserts="0" success="True" result="Success" executed="True" />
                </results>
              </test-suite>
            </results>
          </test-suite>
          <test-suite type="TestFixture" name="function 'Get-ReportDescription.ps1'" executed="True" result="Success" success="True" time="0.2036" asserts="0" description="function 'Get-ReportDescription.ps1'">
            <results>
              <test-suite type="ParameterizedTest" name="function 'Get-ReportDescription.ps1'.runs without throwing errors" executed="True" result="Success" success="True" time="0.009" asserts="0" description="runs without throwing errors">
                <results>
                  <test-case description="runs without throwing errors" name="function 'Get-ReportDescription.ps1'.runs without throwing errors(&quot;E:\Owner\Documents\Google Drive\Programs\Scripts\PowerShell\Permission\src\functions\public\Get-ReportDescription.ps1&quot;)" time="0.009" asserts="0" success="True" result="Success" executed="True" />
                </results>
              </test-suite>
              <test-suite type="ParameterizedTest" name="function 'Get-ReportDescription.ps1'.can be tokenized by the PowerShell parser without any errors" executed="True" result="Success" success="True" time="0.0156" asserts="0" description="can be tokenized by the PowerShell parser without any errors">
                <results>
                  <test-case description="can be tokenized by the PowerShell parser without any errors" name="function 'Get-ReportDescription.ps1'.can be tokenized by the PowerShell parser without any errors(&quot;E:\Owner\Documents\Google Drive\Programs\Scripts\PowerShell\Permission\src\functions\public\Get-ReportDescription.ps1&quot;)" time="0.0156" asserts="0" success="True" result="Success" executed="True" />
                </results>
              </test-suite>
            </results>
          </test-suite>
          <test-suite type="TestFixture" name="function 'Select-FolderTableProperty.ps1'" executed="True" result="Success" success="True" time="0.2302" asserts="0" description="function 'Select-FolderTableProperty.ps1'">
            <results>
              <test-suite type="ParameterizedTest" name="function 'Select-FolderTableProperty.ps1'.runs without throwing errors" executed="True" result="Success" success="True" time="0.0101" asserts="0" description="runs without throwing errors">
                <results>
                  <test-case description="runs without throwing errors" name="function 'Select-FolderTableProperty.ps1'.runs without throwing errors(&quot;E:\Owner\Documents\Google Drive\Programs\Scripts\PowerShell\Permission\src\functions\public\Select-FolderTableProperty.ps1&quot;)" time="0.0101" asserts="0" success="True" result="Success" executed="True" />
                </results>
              </test-suite>
              <test-suite type="ParameterizedTest" name="function 'Select-FolderTableProperty.ps1'.can be tokenized by the PowerShell parser without any errors" executed="True" result="Success" success="True" time="0.0116" asserts="0" description="can be tokenized by the PowerShell parser without any errors">
                <results>
                  <test-case description="can be tokenized by the PowerShell parser without any errors" name="function 'Select-FolderTableProperty.ps1'.can be tokenized by the PowerShell parser without any errors(&quot;E:\Owner\Documents\Google Drive\Programs\Scripts\PowerShell\Permission\src\functions\public\Select-FolderTableProperty.ps1&quot;)" time="0.0116" asserts="0" success="True" result="Success" executed="True" />
                </results>
              </test-suite>
            </results>
          </test-suite>
          <test-suite type="TestFixture" name="function 'Select-UniqueAccountPermission.ps1'" executed="True" result="Success" success="True" time="0.2712" asserts="0" description="function 'Select-UniqueAccountPermission.ps1'">
            <results>
              <test-suite type="ParameterizedTest" name="function 'Select-UniqueAccountPermission.ps1'.runs without throwing errors" executed="True" result="Success" success="True" time="0.0163" asserts="0" description="runs without throwing errors">
                <results>
                  <test-case description="runs without throwing errors" name="function 'Select-UniqueAccountPermission.ps1'.runs without throwing errors(&quot;E:\Owner\Documents\Google Drive\Programs\Scripts\PowerShell\Permission\src\functions\public\Select-UniqueAccountPermission.ps1&quot;)" time="0.0163" asserts="0" success="True" result="Success" executed="True" />
                </results>
              </test-suite>
              <test-suite type="ParameterizedTest" name="function 'Select-UniqueAccountPermission.ps1'.can be tokenized by the PowerShell parser without any errors" executed="True" result="Success" success="True" time="0.0145" asserts="0" description="can be tokenized by the PowerShell parser without any errors">
                <results>
                  <test-case description="can be tokenized by the PowerShell parser without any errors" name="function 'Select-UniqueAccountPermission.ps1'.can be tokenized by the PowerShell parser without any errors(&quot;E:\Owner\Documents\Google Drive\Programs\Scripts\PowerShell\Permission\src\functions\public\Select-UniqueAccountPermission.ps1&quot;)" time="0.0145" asserts="0" success="True" result="Success" executed="True" />
                </results>
              </test-suite>
            </results>
          </test-suite>
          <test-suite type="TestFixture" name="function 'test.ps1'" executed="True" result="Failure" success="False" time="0.3039" asserts="0" description="function 'test.ps1'">
            <results>
              <test-suite type="ParameterizedTest" name="function 'test.ps1'.runs without throwing errors" executed="True" result="Success" success="True" time="0.0101" asserts="0" description="runs without throwing errors">
                <results>
                  <test-case description="runs without throwing errors" name="function 'test.ps1'.runs without throwing errors(&quot;E:\Owner\Documents\Google Drive\Programs\Scripts\PowerShell\Permission\src\functions\public\test.ps1&quot;)" time="0.0101" asserts="0" success="True" result="Success" executed="True" />
                </results>
              </test-suite>
              <test-suite type="ParameterizedTest" name="function 'test.ps1'.can be tokenized by the PowerShell parser without any errors" executed="True" result="Failure" success="False" time="0.0177" asserts="0" description="can be tokenized by the PowerShell parser without any errors">
                <results>
                  <test-case description="can be tokenized by the PowerShell parser without any errors" name="function 'test.ps1'.can be tokenized by the PowerShell parser without any errors(&quot;E:\Owner\Documents\Google Drive\Programs\Scripts\PowerShell\Permission\src\functions\public\test.ps1&quot;)" time="0.0177" asserts="0" success="False" result="Failure" executed="True">
                    <failure>
                      <message>PSArgumentNullException: Cannot process argument because the value of argument "script" is null. Change the value of argument "script" to a non-null value.
MethodInvocationException: Exception calling "Tokenize" with "2" argument(s): "Cannot process argument because the value of argument "script" is null. Change the value of argument "script" to a non-null value."</message>
                      <stack-trace>at &lt;ScriptBlock&gt;, E:\Owner\Documents\Google Drive\Programs\Scripts\PowerShell\Permission\tests\Function.tests.ps1:12</stack-trace>
                    </failure>
                  </test-case>
                </results>
              </test-suite>
            </results>
          </test-suite>
          <test-suite type="TestFixture" name="function 'Update-CaptionCapitalization.ps1'" executed="True" result="Success" success="True" time="0.3626" asserts="0" description="function 'Update-CaptionCapitalization.ps1'">
            <results>
              <test-suite type="ParameterizedTest" name="function 'Update-CaptionCapitalization.ps1'.runs without throwing errors" executed="True" result="Success" success="True" time="0.0054" asserts="0" description="runs without throwing errors">
                <results>
                  <test-case description="runs without throwing errors" name="function 'Update-CaptionCapitalization.ps1'.runs without throwing errors(&quot;E:\Owner\Documents\Google Drive\Programs\Scripts\PowerShell\Permission\src\functions\public\Update-CaptionCapitalization.ps1&quot;)" time="0.0054" asserts="0" success="True" result="Success" executed="True" />
                </results>
              </test-suite>
              <test-suite type="ParameterizedTest" name="function 'Update-CaptionCapitalization.ps1'.can be tokenized by the PowerShell parser without any errors" executed="True" result="Success" success="True" time="0.0399" asserts="0" description="can be tokenized by the PowerShell parser without any errors">
                <results>
                  <test-case description="can be tokenized by the PowerShell parser without any errors" name="function 'Update-CaptionCapitalization.ps1'.can be tokenized by the PowerShell parser without any errors(&quot;E:\Owner\Documents\Google Drive\Programs\Scripts\PowerShell\Permission\src\functions\public\Update-CaptionCapitalization.ps1&quot;)" time="0.0399" asserts="0" success="True" result="Success" executed="True" />
                </results>
              </test-suite>
            </results>
          </test-suite>
        </results>
      </test-suite>
      <test-suite type="TestFixture" name="E:\Owner\Documents\Google Drive\Programs\Scripts\PowerShell\Permission\tests\Help.tests.ps1" executed="True" result="Failure" success="False" time="1.5298" asserts="0" description="E:\Owner\Documents\Google Drive\Programs\Scripts\PowerShell\Permission\tests\Help.tests.ps1">
        <results>
          <test-suite type="TestFixture" name="help for Get-FolderAccessList" executed="True" result="Failure" success="False" time="0.2735" asserts="0" description="help for Get-FolderAccessList">
            <results>
              <test-suite type="TestFixture" name="help for Get-FolderAccessList.- Help for parameter 'DebugOutputStream'" executed="True" result="Failure" success="False" time="0.0604" asserts="0" description="help for Get-FolderAccessList.- Help for parameter 'DebugOutputStream'">
                <results>
                  <test-case description="has a description" name="help for Get-FolderAccessList.- Help for parameter 'DebugOutputStream'.has a description" time="0.0058" asserts="0" success="True" result="Success" executed="True" />
                  <test-case description="has the correct [mandatory] value" name="help for Get-FolderAccessList.- Help for parameter 'DebugOutputStream'.has the correct [mandatory] value" time="0.0055" asserts="0" success="True" result="Success" executed="True" />
                  <test-case description="has the correct parameter type" name="help for Get-FolderAccessList.- Help for parameter 'DebugOutputStream'.has the correct parameter type" time="0.012" asserts="0" success="False" result="Failure" executed="True">
                    <failure>
                      <message>Expected strings to be the same, but they were different.
Expected length: 6
Actual length:   13
Strings differ at index 1.
Expected: 'String'
But was:  'System.String'
           -^</message>
                      <stack-trace>at $parameterHelpType | Should -Be $parameter.ParameterType.Name, E:\Owner\Documents\Google Drive\Programs\Scripts\PowerShell\Permission\tests\Help.tests.ps1:114
at &lt;ScriptBlock&gt;, E:\Owner\Documents\Google Drive\Programs\Scripts\PowerShell\Permission\tests\Help.tests.ps1:114</stack-trace>
                    </failure>
                  </test-case>
                </results>
              </test-suite>
              <test-suite type="TestFixture" name="help for Get-FolderAccessList.- Help for parameter 'FolderTargets'" executed="True" result="Failure" success="False" time="0.0939" asserts="0" description="help for Get-FolderAccessList.- Help for parameter 'FolderTargets'">
                <results>
                  <test-case description="has a description" name="help for Get-FolderAccessList.- Help for parameter 'FolderTargets'.has a description" time="0.0076" asserts="0" success="True" result="Success" executed="True" />
                  <test-case description="has the correct [mandatory] value" name="help for Get-FolderAccessList.- Help for parameter 'FolderTargets'.has the correct [mandatory] value" time="0.0048" asserts="0" success="True" result="Success" executed="True" />
                  <test-case description="has the correct parameter type" name="help for Get-FolderAccessList.- Help for parameter 'FolderTargets'.has the correct parameter type" time="0.0145" asserts="0" success="False" result="Failure" executed="True">
                    <failure>
                      <message>Expected strings to be the same, but they were different.
Expected length: 6
Actual length:   13
Strings differ at index 0.
Expected: 'Object'
But was:  'System.Object'
           ^</message>
                      <stack-trace>at $parameterHelpType | Should -Be $parameter.ParameterType.Name, E:\Owner\Documents\Google Drive\Programs\Scripts\PowerShell\Permission\tests\Help.tests.ps1:114
at &lt;ScriptBlock&gt;, E:\Owner\Documents\Google Drive\Programs\Scripts\PowerShell\Permission\tests\Help.tests.ps1:114</stack-trace>
                    </failure>
                  </test-case>
                </results>
              </test-suite>
              <test-suite type="TestFixture" name="help for Get-FolderAccessList.- Help for parameter 'LevelsOfSubfolders'" executed="True" result="Failure" success="False" time="0.1271" asserts="0" description="help for Get-FolderAccessList.- Help for parameter 'LevelsOfSubfolders'">
                <results>
                  <test-case description="has a description" name="help for Get-FolderAccessList.- Help for parameter 'LevelsOfSubfolders'.has a description" time="0.0065" asserts="0" success="True" result="Success" executed="True" />
                  <test-case description="has the correct [mandatory] value" name="help for Get-FolderAccessList.- Help for parameter 'LevelsOfSubfolders'.has the correct [mandatory] value" time="0.0045" asserts="0" success="True" result="Success" executed="True" />
                  <test-case description="has the correct parameter type" name="help for Get-FolderAccessList.- Help for parameter 'LevelsOfSubfolders'.has the correct parameter type" time="0.0112" asserts="0" success="False" result="Failure" executed="True">
                    <failure>
                      <message>Expected strings to be the same, but they were different.
Expected length: 6
Actual length:   13
Strings differ at index 0.
Expected: 'Object'
But was:  'System.Object'
           ^</message>
                      <stack-trace>at $parameterHelpType | Should -Be $parameter.ParameterType.Name, E:\Owner\Documents\Google Drive\Programs\Scripts\PowerShell\Permission\tests\Help.tests.ps1:114
at &lt;ScriptBlock&gt;, E:\Owner\Documents\Google Drive\Programs\Scripts\PowerShell\Permission\tests\Help.tests.ps1:114</stack-trace>
                    </failure>
                  </test-case>
                </results>
              </test-suite>
              <test-suite type="TestFixture" name="help for Get-FolderAccessList.- Help for parameter 'LogMsgCache'" executed="True" result="Failure" success="False" time="0.1533" asserts="0" description="help for Get-FolderAccessList.- Help for parameter 'LogMsgCache'">
                <results>
                  <test-case description="has a description" name="help for Get-FolderAccessList.- Help for parameter 'LogMsgCache'.has a description" time="0.005" asserts="0" success="True" result="Success" executed="True" />
                  <test-case description="has the correct [mandatory] value" name="help for Get-FolderAccessList.- Help for parameter 'LogMsgCache'.has the correct [mandatory] value" time="0.0041" asserts="0" success="True" result="Success" executed="True" />
                  <test-case description="has the correct parameter type" name="help for Get-FolderAccessList.- Help for parameter 'LogMsgCache'.has the correct parameter type" time="0.0131" asserts="0" success="False" result="Failure" executed="True">
                    <failure>
                      <message>Expected strings to be the same, but they were different.
Expected length: 9
Actual length:   28
Strings differ at index 0.
Expected: 'Hashtable'
But was:  'System.Collections.Hashtable'
           ^</message>
                      <stack-trace>at $parameterHelpType | Should -Be $parameter.ParameterType.Name, E:\Owner\Documents\Google Drive\Programs\Scripts\PowerShell\Permission\tests\Help.tests.ps1:114
at &lt;ScriptBlock&gt;, E:\Owner\Documents\Google Drive\Programs\Scripts\PowerShell\Permission\tests\Help.tests.ps1:114</stack-trace>
                    </failure>
                  </test-case>
                </results>
              </test-suite>
              <test-suite type="TestFixture" name="help for Get-FolderAccessList.- Help for parameter 'ThreadCount'" executed="True" result="Failure" success="False" time="0.1855" asserts="0" description="help for Get-FolderAccessList.- Help for parameter 'ThreadCount'">
                <results>
                  <test-case description="has a description" name="help for Get-FolderAccessList.- Help for parameter 'ThreadCount'.has a description" time="0.0096" asserts="0" success="True" result="Success" executed="True" />
                  <test-case description="has the correct [mandatory] value" name="help for Get-FolderAccessList.- Help for parameter 'ThreadCount'.has the correct [mandatory] value" time="0.0072" asserts="0" success="True" result="Success" executed="True" />
                  <test-case description="has the correct parameter type" name="help for Get-FolderAccessList.- Help for parameter 'ThreadCount'.has the correct parameter type" time="0.0089" asserts="0" success="False" result="Failure" executed="True">
                    <failure>
                      <message>Expected strings to be the same, but they were different.
Expected length: 6
Actual length:   13
Strings differ at index 0.
Expected: 'UInt16'
But was:  'System.UInt16'
           ^</message>
                      <stack-trace>at $parameterHelpType | Should -Be $parameter.ParameterType.Name, E:\Owner\Documents\Google Drive\Programs\Scripts\PowerShell\Permission\tests\Help.tests.ps1:114
at &lt;ScriptBlock&gt;, E:\Owner\Documents\Google Drive\Programs\Scripts\PowerShell\Permission\tests\Help.tests.ps1:114</stack-trace>
                    </failure>
                  </test-case>
                </results>
              </test-suite>
              <test-suite type="TestFixture" name="help for Get-FolderAccessList.- Help for parameter 'TodaysHostname'" executed="True" result="Failure" success="False" time="0.2181" asserts="0" description="help for Get-FolderAccessList.- Help for parameter 'TodaysHostname'">
                <results>
                  <test-case description="has a description" name="help for Get-FolderAccessList.- Help for parameter 'TodaysHostname'.has a description" time="0.0054" asserts="0" success="True" result="Success" executed="True" />
                  <test-case description="has the correct [mandatory] value" name="help for Get-FolderAccessList.- Help for parameter 'TodaysHostname'.has the correct [mandatory] value" time="0.0113" asserts="0" success="True" result="Success" executed="True" />
                  <test-case description="has the correct parameter type" name="help for Get-FolderAccessList.- Help for parameter 'TodaysHostname'.has the correct parameter type" time="0.0105" asserts="0" success="False" result="Failure" executed="True">
                    <failure>
                      <message>Expected strings to be the same, but they were different.
Expected length: 6
Actual length:   13
Strings differ at index 1.
Expected: 'String'
But was:  'System.String'
           -^</message>
                      <stack-trace>at $parameterHelpType | Should -Be $parameter.ParameterType.Name, E:\Owner\Documents\Google Drive\Programs\Scripts\PowerShell\Permission\tests\Help.tests.ps1:114
at &lt;ScriptBlock&gt;, E:\Owner\Documents\Google Drive\Programs\Scripts\PowerShell\Permission\tests\Help.tests.ps1:114</stack-trace>
                    </failure>
                  </test-case>
                </results>
              </test-suite>
              <test-suite type="TestFixture" name="help for Get-FolderAccessList.- Help for parameter 'WhoAmI'" executed="True" result="Failure" success="False" time="0.2544" asserts="0" description="help for Get-FolderAccessList.- Help for parameter 'WhoAmI'">
                <results>
                  <test-case description="has a description" name="help for Get-FolderAccessList.- Help for parameter 'WhoAmI'.has a description" time="0.0091" asserts="0" success="True" result="Success" executed="True" />
                  <test-case description="has the correct [mandatory] value" name="help for Get-FolderAccessList.- Help for parameter 'WhoAmI'.has the correct [mandatory] value" time="0.0044" asserts="0" success="True" result="Success" executed="True" />
                  <test-case description="has the correct parameter type" name="help for Get-FolderAccessList.- Help for parameter 'WhoAmI'.has the correct parameter type" time="0.0177" asserts="0" success="False" result="Failure" executed="True">
                    <failure>
                      <message>Expected strings to be the same, but they were different.
Expected length: 6
Actual length:   13
Strings differ at index 1.
Expected: 'String'
But was:  'System.String'
           -^</message>
                      <stack-trace>at $parameterHelpType | Should -Be $parameter.ParameterType.Name, E:\Owner\Documents\Google Drive\Programs\Scripts\PowerShell\Permission\tests\Help.tests.ps1:114
at &lt;ScriptBlock&gt;, E:\Owner\Documents\Google Drive\Programs\Scripts\PowerShell\Permission\tests\Help.tests.ps1:114</stack-trace>
                    </failure>
                  </test-case>
                </results>
              </test-suite>
              <test-case description="is not auto-generated" name="help for Get-FolderAccessList.is not auto-generated" time="0.0067" asserts="0" success="True" result="Success" executed="True" />
              <test-case description="has a description" name="help for Get-FolderAccessList.has a description" time="0.0063" asserts="0" success="True" result="Success" executed="True" />
              <test-case description="has example code" name="help for Get-FolderAccessList.has example code" time="0.0062" asserts="0" success="True" result="Success" executed="True" />
              <test-case description="has example help" name="help for Get-FolderAccessList.has example help" time="0.0097" asserts="0" success="True" result="Success" executed="True" />
            </results>
          </test-suite>
          <test-suite type="TestFixture" name="help for Get-FolderPermissionsBlock" executed="True" result="Failure" success="False" time="0.4418" asserts="0" description="help for Get-FolderPermissionsBlock">
            <results>
              <test-suite type="TestFixture" name="help for Get-FolderPermissionsBlock.- Help for parameter 'ExcludeAccount'" executed="True" result="Failure" success="False" time="0.0559" asserts="0" description="help for Get-FolderPermissionsBlock.- Help for parameter 'ExcludeAccount'">
                <results>
                  <test-case description="has a description" name="help for Get-FolderPermissionsBlock.- Help for parameter 'ExcludeAccount'.has a description" time="0.0058" asserts="0" success="True" result="Success" executed="True" />
                  <test-case description="has the correct [mandatory] value" name="help for Get-FolderPermissionsBlock.- Help for parameter 'ExcludeAccount'.has the correct [mandatory] value" time="0.0077" asserts="0" success="True" result="Success" executed="True" />
                  <test-case description="has the correct parameter type" name="help for Get-FolderPermissionsBlock.- Help for parameter 'ExcludeAccount'.has the correct parameter type" time="0.0086" asserts="0" success="False" result="Failure" executed="True">
                    <failure>
                      <message>Expected strings to be the same, but they were different.
Expected length: 8
Actual length:   15
Strings differ at index 1.
Expected: 'String[]'
But was:  'System.String[]'
           -^</message>
                      <stack-trace>at $parameterHelpType | Should -Be $parameter.ParameterType.Name, E:\Owner\Documents\Google Drive\Programs\Scripts\PowerShell\Permission\tests\Help.tests.ps1:114
at &lt;ScriptBlock&gt;, E:\Owner\Documents\Google Drive\Programs\Scripts\PowerShell\Permission\tests\Help.tests.ps1:114</stack-trace>
                    </failure>
                  </test-case>
                </results>
              </test-suite>
              <test-suite type="TestFixture" name="help for Get-FolderPermissionsBlock.- Help for parameter 'ExcludeEmptyGroups'" executed="True" result="Failure" success="False" time="0.0876" asserts="0" description="help for Get-FolderPermissionsBlock.- Help for parameter 'ExcludeEmptyGroups'">
                <results>
                  <test-case description="has a description" name="help for Get-FolderPermissionsBlock.- Help for parameter 'ExcludeEmptyGroups'.has a description" time="0.0051" asserts="0" success="True" result="Success" executed="True" />
                  <test-case description="has the correct [mandatory] value" name="help for Get-FolderPermissionsBlock.- Help for parameter 'ExcludeEmptyGroups'.has the correct [mandatory] value" time="0.0102" asserts="0" success="True" result="Success" executed="True" />
                  <test-case description="has the correct parameter type" name="help for Get-FolderPermissionsBlock.- Help for parameter 'ExcludeEmptyGroups'.has the correct parameter type" time="0.0097" asserts="0" success="False" result="Failure" executed="True">
                    <failure>
                      <message>Expected strings to be the same, but they were different.
Expected length: 6
Actual length:   13
Strings differ at index 0.
Expected: 'Object'
But was:  'System.Object'
           ^</message>
                      <stack-trace>at $parameterHelpType | Should -Be $parameter.ParameterType.Name, E:\Owner\Documents\Google Drive\Programs\Scripts\PowerShell\Permission\tests\Help.tests.ps1:114
at &lt;ScriptBlock&gt;, E:\Owner\Documents\Google Drive\Programs\Scripts\PowerShell\Permission\tests\Help.tests.ps1:114</stack-trace>
                    </failure>
                  </test-case>
                </results>
              </test-suite>
              <test-suite type="TestFixture" name="help for Get-FolderPermissionsBlock.- Help for parameter 'FolderPermissions'" executed="True" result="Failure" success="False" time="0.1218" asserts="0" description="help for Get-FolderPermissionsBlock.- Help for parameter 'FolderPermissions'">
                <results>
                  <test-case description="has a description" name="help for Get-FolderPermissionsBlock.- Help for parameter 'FolderPermissions'.has a description" time="0.0072" asserts="0" success="True" result="Success" executed="True" />
                  <test-case description="has the correct [mandatory] value" name="help for Get-FolderPermissionsBlock.- Help for parameter 'FolderPermissions'.has the correct [mandatory] value" time="0.0047" asserts="0" success="True" result="Success" executed="True" />
                  <test-case description="has the correct parameter type" name="help for Get-FolderPermissionsBlock.- Help for parameter 'FolderPermissions'.has the correct parameter type" time="0.0173" asserts="0" success="False" result="Failure" executed="True">
                    <failure>
                      <message>Expected strings to be the same, but they were different.
Expected length: 6
Actual length:   13
Strings differ at index 0.
Expected: 'Object'
But was:  'System.Object'
           ^</message>
                      <stack-trace>at $parameterHelpType | Should -Be $parameter.ParameterType.Name, E:\Owner\Documents\Google Drive\Programs\Scripts\PowerShell\Permission\tests\Help.tests.ps1:114
at &lt;ScriptBlock&gt;, E:\Owner\Documents\Google Drive\Programs\Scripts\PowerShell\Permission\tests\Help.tests.ps1:114</stack-trace>
                    </failure>
                  </test-case>
                </results>
              </test-suite>
              <test-suite type="TestFixture" name="help for Get-FolderPermissionsBlock.- Help for parameter 'IgnoreDomain'" executed="True" result="Failure" success="False" time="0.1556" asserts="0" description="help for Get-FolderPermissionsBlock.- Help for parameter 'IgnoreDomain'">
                <results>
                  <test-case description="has a description" name="help for Get-FolderPermissionsBlock.- Help for parameter 'IgnoreDomain'.has a description" time="0.0042" asserts="0" success="True" result="Success" executed="True" />
                  <test-case description="has the correct [mandatory] value" name="help for Get-FolderPermissionsBlock.- Help for parameter 'IgnoreDomain'.has the correct [mandatory] value" time="0.0041" asserts="0" success="True" result="Success" executed="True" />
                  <test-case description="has the correct parameter type" name="help for Get-FolderPermissionsBlock.- Help for parameter 'IgnoreDomain'.has the correct parameter type" time="0.0157" asserts="0" success="False" result="Failure" executed="True">
                    <failure>
                      <message>Expected strings to be the same, but they were different.
Expected length: 8
Actual length:   15
Strings differ at index 1.
Expected: 'String[]'
But was:  'System.String[]'
           -^</message>
                      <stack-trace>at $parameterHelpType | Should -Be $parameter.ParameterType.Name, E:\Owner\Documents\Google Drive\Programs\Scripts\PowerShell\Permission\tests\Help.tests.ps1:114
at &lt;ScriptBlock&gt;, E:\Owner\Documents\Google Drive\Programs\Scripts\PowerShell\Permission\tests\Help.tests.ps1:114</stack-trace>
                    </failure>
                  </test-case>
                </results>
              </test-suite>
              <test-case description="is not auto-generated" name="help for Get-FolderPermissionsBlock.is not auto-generated" time="0.0081" asserts="0" success="True" result="Success" executed="True" />
              <test-case description="has a description" name="help for Get-FolderPermissionsBlock.has a description" time="0.0034" asserts="0" success="True" result="Success" executed="True" />
              <test-case description="has example code" name="help for Get-FolderPermissionsBlock.has example code" time="0.006" asserts="0" success="True" result="Success" executed="True" />
              <test-case description="has example help" name="help for Get-FolderPermissionsBlock.has example help" time="0.0033" asserts="0" success="True" result="Success" executed="True" />
            </results>
          </test-suite>
          <test-suite type="TestFixture" name="help for Get-FolderTableHeader" executed="True" result="Failure" success="False" time="0.5161" asserts="0" description="help for Get-FolderTableHeader">
            <results>
              <test-suite type="TestFixture" name="help for Get-FolderTableHeader.- Help for parameter 'LevelsOfSubfolders'" executed="True" result="Failure" success="False" time="0.0641" asserts="0" description="help for Get-FolderTableHeader.- Help for parameter 'LevelsOfSubfolders'">
                <results>
                  <test-case description="has a description" name="help for Get-FolderTableHeader.- Help for parameter 'LevelsOfSubfolders'.has a description" time="0.0107" asserts="0" success="True" result="Success" executed="True" />
                  <test-case description="has the correct [mandatory] value" name="help for Get-FolderTableHeader.- Help for parameter 'LevelsOfSubfolders'.has the correct [mandatory] value" time="0.0074" asserts="0" success="True" result="Success" executed="True" />
                  <test-case description="has the correct parameter type" name="help for Get-FolderTableHeader.- Help for parameter 'LevelsOfSubfolders'.has the correct parameter type" time="0.0165" asserts="0" success="False" result="Failure" executed="True">
                    <failure>
                      <message>Expected strings to be the same, but they were different.
Expected length: 6
Actual length:   13
Strings differ at index 0.
Expected: 'Object'
But was:  'System.Object'
           ^</message>
                      <stack-trace>at $parameterHelpType | Should -Be $parameter.ParameterType.Name, E:\Owner\Documents\Google Drive\Programs\Scripts\PowerShell\Permission\tests\Help.tests.ps1:114
at &lt;ScriptBlock&gt;, E:\Owner\Documents\Google Drive\Programs\Scripts\PowerShell\Permission\tests\Help.tests.ps1:114</stack-trace>
                    </failure>
                  </test-case>
                </results>
              </test-suite>
              <test-case description="is not auto-generated" name="help for Get-FolderTableHeader.is not auto-generated" time="0.0052" asserts="0" success="True" result="Success" executed="True" />
              <test-case description="has a description" name="help for Get-FolderTableHeader.has a description" time="0.0056" asserts="0" success="True" result="Success" executed="True" />
              <test-case description="has example code" name="help for Get-FolderTableHeader.has example code" time="0.0047" asserts="0" success="True" result="Success" executed="True" />
              <test-case description="has example help" name="help for Get-FolderTableHeader.has example help" time="0.0039" asserts="0" success="True" result="Success" executed="True" />
            </results>
          </test-suite>
          <test-suite type="TestFixture" name="help for Get-HtmlBody" executed="True" result="Failure" success="False" time="0.6385" asserts="0" description="help for Get-HtmlBody">
            <results>
              <test-suite type="TestFixture" name="help for Get-HtmlBody.- Help for parameter 'FolderList'" executed="True" result="Failure" success="False" time="0.0712" asserts="0" description="help for Get-HtmlBody.- Help for parameter 'FolderList'">
                <results>
                  <test-case description="has a description" name="help for Get-HtmlBody.- Help for parameter 'FolderList'.has a description" time="0.0074" asserts="0" success="True" result="Success" executed="True" />
                  <test-case description="has the correct [mandatory] value" name="help for Get-HtmlBody.- Help for parameter 'FolderList'.has the correct [mandatory] value" time="0.0054" asserts="0" success="True" result="Success" executed="True" />
                  <test-case description="has the correct parameter type" name="help for Get-HtmlBody.- Help for parameter 'FolderList'.has the correct parameter type" time="0.0214" asserts="0" success="False" result="Failure" executed="True">
                    <failure>
                      <message>Expected strings to be the same, but they were different.
Expected length: 6
Actual length:   13
Strings differ at index 0.
Expected: 'Object'
But was:  'System.Object'
           ^</message>
                      <stack-trace>at $parameterHelpType | Should -Be $parameter.ParameterType.Name, E:\Owner\Documents\Google Drive\Programs\Scripts\PowerShell\Permission\tests\Help.tests.ps1:114
at &lt;ScriptBlock&gt;, E:\Owner\Documents\Google Drive\Programs\Scripts\PowerShell\Permission\tests\Help.tests.ps1:114</stack-trace>
                    </failure>
                  </test-case>
                </results>
              </test-suite>
              <test-suite type="TestFixture" name="help for Get-HtmlBody.- Help for parameter 'HtmlFolderPermissions'" executed="True" result="Failure" success="False" time="0.108" asserts="0" description="help for Get-HtmlBody.- Help for parameter 'HtmlFolderPermissions'">
                <results>
                  <test-case description="has a description" name="help for Get-HtmlBody.- Help for parameter 'HtmlFolderPermissions'.has a description" time="0.0053" asserts="0" success="True" result="Success" executed="True" />
                  <test-case description="has the correct [mandatory] value" name="help for Get-HtmlBody.- Help for parameter 'HtmlFolderPermissions'.has the correct [mandatory] value" time="0.0052" asserts="0" success="True" result="Success" executed="True" />
                  <test-case description="has the correct parameter type" name="help for Get-HtmlBody.- Help for parameter 'HtmlFolderPermissions'.has the correct parameter type" time="0.0181" asserts="0" success="False" result="Failure" executed="True">
                    <failure>
                      <message>Expected strings to be the same, but they were different.
Expected length: 6
Actual length:   13
Strings differ at index 0.
Expected: 'Object'
But was:  'System.Object'
           ^</message>
                      <stack-trace>at $parameterHelpType | Should -Be $parameter.ParameterType.Name, E:\Owner\Documents\Google Drive\Programs\Scripts\PowerShell\Permission\tests\Help.tests.ps1:114
at &lt;ScriptBlock&gt;, E:\Owner\Documents\Google Drive\Programs\Scripts\PowerShell\Permission\tests\Help.tests.ps1:114</stack-trace>
                    </failure>
                  </test-case>
                </results>
              </test-suite>
              <test-case description="is not auto-generated" name="help for Get-HtmlBody.is not auto-generated" time="0.015" asserts="0" success="True" result="Success" executed="True" />
              <test-case description="has a description" name="help for Get-HtmlBody.has a description" time="0.0057" asserts="0" success="True" result="Success" executed="True" />
              <test-case description="has example code" name="help for Get-HtmlBody.has example code" time="0.0041" asserts="0" success="True" result="Success" executed="True" />
              <test-case description="has example help" name="help for Get-HtmlBody.has example help" time="0.0045" asserts="0" success="True" result="Success" executed="True" />
            </results>
          </test-suite>
          <test-suite type="TestFixture" name="help for Get-HtmlFolderList" executed="True" result="Failure" success="False" time="0.7343" asserts="0" description="help for Get-HtmlFolderList">
            <results>
              <test-suite type="TestFixture" name="help for Get-HtmlFolderList.- Help for parameter 'FolderTableHeader'" executed="True" result="Failure" success="False" time="0.053" asserts="0" description="help for Get-HtmlFolderList.- Help for parameter 'FolderTableHeader'">
                <results>
                  <test-case description="has a description" name="help for Get-HtmlFolderList.- Help for parameter 'FolderTableHeader'.has a description" time="0.0087" asserts="0" success="True" result="Success" executed="True" />
                  <test-case description="has the correct [mandatory] value" name="help for Get-HtmlFolderList.- Help for parameter 'FolderTableHeader'.has the correct [mandatory] value" time="0.0058" asserts="0" success="True" result="Success" executed="True" />
                  <test-case description="has the correct parameter type" name="help for Get-HtmlFolderList.- Help for parameter 'FolderTableHeader'.has the correct parameter type" time="0.0095" asserts="0" success="False" result="Failure" executed="True">
                    <failure>
                      <message>Expected strings to be the same, but they were different.
Expected length: 6
Actual length:   13
Strings differ at index 0.
Expected: 'Object'
But was:  'System.Object'
           ^</message>
                      <stack-trace>at $parameterHelpType | Should -Be $parameter.ParameterType.Name, E:\Owner\Documents\Google Drive\Programs\Scripts\PowerShell\Permission\tests\Help.tests.ps1:114
at &lt;ScriptBlock&gt;, E:\Owner\Documents\Google Drive\Programs\Scripts\PowerShell\Permission\tests\Help.tests.ps1:114</stack-trace>
                    </failure>
                  </test-case>
                </results>
              </test-suite>
              <test-suite type="TestFixture" name="help for Get-HtmlFolderList.- Help for parameter 'HtmlTableOfFolders'" executed="True" result="Failure" success="False" time="0.0818" asserts="0" description="help for Get-HtmlFolderList.- Help for parameter 'HtmlTableOfFolders'">
                <results>
                  <test-case description="has a description" name="help for Get-HtmlFolderList.- Help for parameter 'HtmlTableOfFolders'.has a description" time="0.0053" asserts="0" success="True" result="Success" executed="True" />
                  <test-case description="has the correct [mandatory] value" name="help for Get-HtmlFolderList.- Help for parameter 'HtmlTableOfFolders'.has the correct [mandatory] value" time="0.01" asserts="0" success="True" result="Success" executed="True" />
                  <test-case description="has the correct parameter type" name="help for Get-HtmlFolderList.- Help for parameter 'HtmlTableOfFolders'.has the correct parameter type" time="0.0092" asserts="0" success="False" result="Failure" executed="True">
                    <failure>
                      <message>Expected strings to be the same, but they were different.
Expected length: 6
Actual length:   13
Strings differ at index 0.
Expected: 'Object'
But was:  'System.Object'
           ^</message>
                      <stack-trace>at $parameterHelpType | Should -Be $parameter.ParameterType.Name, E:\Owner\Documents\Google Drive\Programs\Scripts\PowerShell\Permission\tests\Help.tests.ps1:114
at &lt;ScriptBlock&gt;, E:\Owner\Documents\Google Drive\Programs\Scripts\PowerShell\Permission\tests\Help.tests.ps1:114</stack-trace>
                    </failure>
                  </test-case>
                </results>
              </test-suite>
              <test-case description="is not auto-generated" name="help for Get-HtmlFolderList.is not auto-generated" time="0.0066" asserts="0" success="True" result="Success" executed="True" />
              <test-case description="has a description" name="help for Get-HtmlFolderList.has a description" time="0.0037" asserts="0" success="True" result="Success" executed="True" />
              <test-case description="has example code" name="help for Get-HtmlFolderList.has example code" time="0.0038" asserts="0" success="True" result="Success" executed="True" />
              <test-case description="has example help" name="help for Get-HtmlFolderList.has example help" time="0.0043" asserts="0" success="True" result="Success" executed="True" />
            </results>
          </test-suite>
          <test-suite type="TestFixture" name="help for Get-PrtgXmlSensorOutput" executed="True" result="Failure" success="False" time="0.8144" asserts="0" description="help for Get-PrtgXmlSensorOutput">
            <results>
              <test-suite type="TestFixture" name="help for Get-PrtgXmlSensorOutput.- Help for parameter 'NtfsIssues'" executed="True" result="Failure" success="False" time="0.0695" asserts="0" description="help for Get-PrtgXmlSensorOutput.- Help for parameter 'NtfsIssues'">
                <results>
                  <test-case description="has a description" name="help for Get-PrtgXmlSensorOutput.- Help for parameter 'NtfsIssues'.has a description" time="0.0055" asserts="0" success="True" result="Success" executed="True" />
                  <test-case description="has the correct [mandatory] value" name="help for Get-PrtgXmlSensorOutput.- Help for parameter 'NtfsIssues'.has the correct [mandatory] value" time="0.0064" asserts="0" success="True" result="Success" executed="True" />
                  <test-case description="has the correct parameter type" name="help for Get-PrtgXmlSensorOutput.- Help for parameter 'NtfsIssues'.has the correct parameter type" time="0.0175" asserts="0" success="False" result="Failure" executed="True">
                    <failure>
                      <message>Expected strings to be the same, but they were different.
Expected length: 6
Actual length:   13
Strings differ at index 0.
Expected: 'Object'
But was:  'System.Object'
           ^</message>
                      <stack-trace>at $parameterHelpType | Should -Be $parameter.ParameterType.Name, E:\Owner\Documents\Google Drive\Programs\Scripts\PowerShell\Permission\tests\Help.tests.ps1:114
at &lt;ScriptBlock&gt;, E:\Owner\Documents\Google Drive\Programs\Scripts\PowerShell\Permission\tests\Help.tests.ps1:114</stack-trace>
                    </failure>
                  </test-case>
                </results>
              </test-suite>
              <test-case description="is not auto-generated" name="help for Get-PrtgXmlSensorOutput.is not auto-generated" time="0.012" asserts="0" success="True" result="Success" executed="True" />
              <test-case description="has a description" name="help for Get-PrtgXmlSensorOutput.has a description" time="0.0107" asserts="0" success="True" result="Success" executed="True" />
              <test-case description="has example code" name="help for Get-PrtgXmlSensorOutput.has example code" time="0.0033" asserts="0" success="True" result="Success" executed="True" />
              <test-case description="has example help" name="help for Get-PrtgXmlSensorOutput.has example help" time="0.0081" asserts="0" success="True" result="Success" executed="True" />
            </results>
          </test-suite>
          <test-suite type="TestFixture" name="help for Get-ReportDescription" executed="True" result="Failure" success="False" time="0.9007" asserts="0" description="help for Get-ReportDescription">
            <results>
              <test-suite type="TestFixture" name="help for Get-ReportDescription.- Help for parameter 'LevelsOfSubfolders'" executed="True" result="Failure" success="False" time="0.0683" asserts="0" description="help for Get-ReportDescription.- Help for parameter 'LevelsOfSubfolders'">
                <results>
                  <test-case description="has a description" name="help for Get-ReportDescription.- Help for parameter 'LevelsOfSubfolders'.has a description" time="0.0078" asserts="0" success="True" result="Success" executed="True" />
                  <test-case description="has the correct [mandatory] value" name="help for Get-ReportDescription.- Help for parameter 'LevelsOfSubfolders'.has the correct [mandatory] value" time="0.0048" asserts="0" success="True" result="Success" executed="True" />
                  <test-case description="has the correct parameter type" name="help for Get-ReportDescription.- Help for parameter 'LevelsOfSubfolders'.has the correct parameter type" time="0.0243" asserts="0" success="False" result="Failure" executed="True">
                    <failure>
                      <message>Expected strings to be the same, but they were different.
Expected length: 6
Actual length:   13
Strings differ at index 0.
Expected: 'Object'
But was:  'System.Object'
           ^</message>
                      <stack-trace>at $parameterHelpType | Should -Be $parameter.ParameterType.Name, E:\Owner\Documents\Google Drive\Programs\Scripts\PowerShell\Permission\tests\Help.tests.ps1:114
at &lt;ScriptBlock&gt;, E:\Owner\Documents\Google Drive\Programs\Scripts\PowerShell\Permission\tests\Help.tests.ps1:114</stack-trace>
                    </failure>
                  </test-case>
                </results>
              </test-suite>
              <test-case description="is not auto-generated" name="help for Get-ReportDescription.is not auto-generated" time="0.0063" asserts="0" success="True" result="Success" executed="True" />
              <test-case description="has a description" name="help for Get-ReportDescription.has a description" time="0.0045" asserts="0" success="True" result="Success" executed="True" />
              <test-case description="has example code" name="help for Get-ReportDescription.has example code" time="0.0041" asserts="0" success="True" result="Success" executed="True" />
              <test-case description="has example help" name="help for Get-ReportDescription.has example help" time="0.0054" asserts="0" success="True" result="Success" executed="True" />
            </results>
          </test-suite>
          <test-suite type="TestFixture" name="help for Select-FolderTableProperty" executed="True" result="Failure" success="False" time="0.981" asserts="0" description="help for Select-FolderTableProperty">
            <results>
              <test-suite type="TestFixture" name="help for Select-FolderTableProperty.- Help for parameter 'InputObject'" executed="True" result="Failure" success="False" time="0.0585" asserts="0" description="help for Select-FolderTableProperty.- Help for parameter 'InputObject'">
                <results>
                  <test-case description="has a description" name="help for Select-FolderTableProperty.- Help for parameter 'InputObject'.has a description" time="0.0059" asserts="0" success="True" result="Success" executed="True" />
                  <test-case description="has the correct [mandatory] value" name="help for Select-FolderTableProperty.- Help for parameter 'InputObject'.has the correct [mandatory] value" time="0.0045" asserts="0" success="True" result="Success" executed="True" />
                  <test-case description="has the correct parameter type" name="help for Select-FolderTableProperty.- Help for parameter 'InputObject'.has the correct parameter type" time="0.0134" asserts="0" success="False" result="Failure" executed="True">
                    <failure>
                      <message>Expected strings to be the same, but they were different.
Expected length: 6
Actual length:   13
Strings differ at index 0.
Expected: 'Object'
But was:  'System.Object'
           ^</message>
                      <stack-trace>at $parameterHelpType | Should -Be $parameter.ParameterType.Name, E:\Owner\Documents\Google Drive\Programs\Scripts\PowerShell\Permission\tests\Help.tests.ps1:114
at &lt;ScriptBlock&gt;, E:\Owner\Documents\Google Drive\Programs\Scripts\PowerShell\Permission\tests\Help.tests.ps1:114</stack-trace>
                    </failure>
                  </test-case>
                </results>
              </test-suite>
              <test-case description="is not auto-generated" name="help for Select-FolderTableProperty.is not auto-generated" time="0.0111" asserts="0" success="True" result="Success" executed="True" />
              <test-case description="has a description" name="help for Select-FolderTableProperty.has a description" time="0.0029" asserts="0" success="True" result="Success" executed="True" />
              <test-case description="has example code" name="help for Select-FolderTableProperty.has example code" time="0.0048" asserts="0" success="True" result="Success" executed="True" />
              <test-case description="has example help" name="help for Select-FolderTableProperty.has example help" time="0.0102" asserts="0" success="True" result="Success" executed="True" />
            </results>
          </test-suite>
          <test-suite type="TestFixture" name="help for Select-UniqueAccountPermission" executed="True" result="Failure" success="False" time="1.1197" asserts="0" description="help for Select-UniqueAccountPermission">
            <results>
              <test-suite type="TestFixture" name="help for Select-UniqueAccountPermission.- Help for parameter 'AccountPermission'" executed="True" result="Failure" success="False" time="0.0524" asserts="0" description="help for Select-UniqueAccountPermission.- Help for parameter 'AccountPermission'">
                <results>
                  <test-case description="has a description" name="help for Select-UniqueAccountPermission.- Help for parameter 'AccountPermission'.has a description" time="0.0049" asserts="0" success="True" result="Success" executed="True" />
                  <test-case description="has the correct [mandatory] value" name="help for Select-UniqueAccountPermission.- Help for parameter 'AccountPermission'.has the correct [mandatory] value" time="0.0109" asserts="0" success="True" result="Success" executed="True" />
                  <test-case description="has the correct parameter type" name="help for Select-UniqueAccountPermission.- Help for parameter 'AccountPermission'.has the correct parameter type" time="0.0103" asserts="0" success="False" result="Failure" executed="True">
                    <failure>
                      <message>Expected strings to be the same, but they were different.
Expected length: 6
Actual length:   13
Strings differ at index 0.
Expected: 'Object'
But was:  'System.Object'
           ^</message>
                      <stack-trace>at $parameterHelpType | Should -Be $parameter.ParameterType.Name, E:\Owner\Documents\Google Drive\Programs\Scripts\PowerShell\Permission\tests\Help.tests.ps1:114
at &lt;ScriptBlock&gt;, E:\Owner\Documents\Google Drive\Programs\Scripts\PowerShell\Permission\tests\Help.tests.ps1:114</stack-trace>
                    </failure>
                  </test-case>
                </results>
              </test-suite>
              <test-suite type="TestFixture" name="help for Select-UniqueAccountPermission.- Help for parameter 'IgnoreDomain'" executed="True" result="Failure" success="False" time="0.0904" asserts="0" description="help for Select-UniqueAccountPermission.- Help for parameter 'IgnoreDomain'">
                <results>
                  <test-case description="has a description" name="help for Select-UniqueAccountPermission.- Help for parameter 'IgnoreDomain'.has a description" time="0.0062" asserts="0" success="True" result="Success" executed="True" />
                  <test-case description="has the correct [mandatory] value" name="help for Select-UniqueAccountPermission.- Help for parameter 'IgnoreDomain'.has the correct [mandatory] value" time="0.0033" asserts="0" success="True" result="Success" executed="True" />
                  <test-case description="has the correct parameter type" name="help for Select-UniqueAccountPermission.- Help for parameter 'IgnoreDomain'.has the correct parameter type" time="0.0208" asserts="0" success="False" result="Failure" executed="True">
                    <failure>
                      <message>Expected strings to be the same, but they were different.
Expected length: 8
Actual length:   15
Strings differ at index 1.
Expected: 'String[]'
But was:  'System.String[]'
           -^</message>
                      <stack-trace>at $parameterHelpType | Should -Be $parameter.ParameterType.Name, E:\Owner\Documents\Google Drive\Programs\Scripts\PowerShell\Permission\tests\Help.tests.ps1:114
at &lt;ScriptBlock&gt;, E:\Owner\Documents\Google Drive\Programs\Scripts\PowerShell\Permission\tests\Help.tests.ps1:114</stack-trace>
                    </failure>
                  </test-case>
                </results>
              </test-suite>
              <test-suite type="TestFixture" name="help for Select-UniqueAccountPermission.- Help for parameter 'KnownUsers'" executed="True" result="Failure" success="False" time="0.118" asserts="0" description="help for Select-UniqueAccountPermission.- Help for parameter 'KnownUsers'">
                <results>
                  <test-case description="has a description" name="help for Select-UniqueAccountPermission.- Help for parameter 'KnownUsers'.has a description" time="0.0051" asserts="0" success="True" result="Success" executed="True" />
                  <test-case description="has the correct [mandatory] value" name="help for Select-UniqueAccountPermission.- Help for parameter 'KnownUsers'.has the correct [mandatory] value" time="0.0066" asserts="0" success="True" result="Success" executed="True" />
                  <test-case description="has the correct parameter type" name="help for Select-UniqueAccountPermission.- Help for parameter 'KnownUsers'.has the correct parameter type" time="0.0084" asserts="0" success="False" result="Failure" executed="True">
                    <failure>
                      <message>Expected strings to be the same, but they were different.
Expected length: 6
Actual length:   13
Strings differ at index 0.
Expected: 'Object'
But was:  'System.Object'
           ^</message>
                      <stack-trace>at $parameterHelpType | Should -Be $parameter.ParameterType.Name, E:\Owner\Documents\Google Drive\Programs\Scripts\PowerShell\Permission\tests\Help.tests.ps1:114
at &lt;ScriptBlock&gt;, E:\Owner\Documents\Google Drive\Programs\Scripts\PowerShell\Permission\tests\Help.tests.ps1:114</stack-trace>
                    </failure>
                  </test-case>
                </results>
              </test-suite>
              <test-case description="is not auto-generated" name="help for Select-UniqueAccountPermission.is not auto-generated" time="0.0059" asserts="0" success="True" result="Success" executed="True" />
              <test-case description="has a description" name="help for Select-UniqueAccountPermission.has a description" time="0.0035" asserts="0" success="True" result="Success" executed="True" />
              <test-case description="has example code" name="help for Select-UniqueAccountPermission.has example code" time="0.0031" asserts="0" success="True" result="Success" executed="True" />
              <test-case description="has example help" name="help for Select-UniqueAccountPermission.has example help" time="0.0043" asserts="0" success="True" result="Success" executed="True" />
            </results>
          </test-suite>
          <test-suite type="TestFixture" name="help for Update-CaptionCapitalization" executed="True" result="Failure" success="False" time="1.3177" asserts="0" description="help for Update-CaptionCapitalization">
            <results>
              <test-suite type="TestFixture" name="help for Update-CaptionCapitalization.- Help for parameter 'ThisHostName'" executed="True" result="Failure" success="False" time="0.1437" asserts="0" description="help for Update-CaptionCapitalization.- Help for parameter 'ThisHostName'">
                <results>
                  <test-case description="has a description" name="help for Update-CaptionCapitalization.- Help for parameter 'ThisHostName'.has a description" time="0.0508" asserts="0" success="True" result="Success" executed="True" />
                  <test-case description="has the correct [mandatory] value" name="help for Update-CaptionCapitalization.- Help for parameter 'ThisHostName'.has the correct [mandatory] value" time="0.0075" asserts="0" success="True" result="Success" executed="True" />
                  <test-case description="has the correct parameter type" name="help for Update-CaptionCapitalization.- Help for parameter 'ThisHostName'.has the correct parameter type" time="0.0532" asserts="0" success="False" result="Failure" executed="True">
                    <failure>
                      <message>Expected strings to be the same, but they were different.
Expected length: 6
Actual length:   13
Strings differ at index 1.
Expected: 'String'
But was:  'System.String'
           -^</message>
                      <stack-trace>at $parameterHelpType | Should -Be $parameter.ParameterType.Name, E:\Owner\Documents\Google Drive\Programs\Scripts\PowerShell\Permission\tests\Help.tests.ps1:114
at &lt;ScriptBlock&gt;, E:\Owner\Documents\Google Drive\Programs\Scripts\PowerShell\Permission\tests\Help.tests.ps1:114</stack-trace>
                    </failure>
                  </test-case>
                </results>
              </test-suite>
              <test-suite type="TestFixture" name="help for Update-CaptionCapitalization.- Help for parameter 'Win32AccountsByCaption'" executed="True" result="Failure" success="False" time="0.1843" asserts="0" description="help for Update-CaptionCapitalization.- Help for parameter 'Win32AccountsByCaption'">
                <results>
                  <test-case description="has a description" name="help for Update-CaptionCapitalization.- Help for parameter 'Win32AccountsByCaption'.has a description" time="0.0063" asserts="0" success="True" result="Success" executed="True" />
                  <test-case description="has the correct [mandatory] value" name="help for Update-CaptionCapitalization.- Help for parameter 'Win32AccountsByCaption'.has the correct [mandatory] value" time="0.0047" asserts="0" success="True" result="Success" executed="True" />
                  <test-case description="has the correct parameter type" name="help for Update-CaptionCapitalization.- Help for parameter 'Win32AccountsByCaption'.has the correct parameter type" time="0.0088" asserts="0" success="False" result="Failure" executed="True">
                    <failure>
                      <message>Expected strings to be the same, but they were different.
Expected length: 9
Actual length:   28
Strings differ at index 0.
Expected: 'Hashtable'
But was:  'System.Collections.Hashtable'
           ^</message>
                      <stack-trace>at $parameterHelpType | Should -Be $parameter.ParameterType.Name, E:\Owner\Documents\Google Drive\Programs\Scripts\PowerShell\Permission\tests\Help.tests.ps1:114
at &lt;ScriptBlock&gt;, E:\Owner\Documents\Google Drive\Programs\Scripts\PowerShell\Permission\tests\Help.tests.ps1:114</stack-trace>
                    </failure>
                  </test-case>
                </results>
              </test-suite>
              <test-case description="is not auto-generated" name="help for Update-CaptionCapitalization.is not auto-generated" time="0.0044" asserts="0" success="True" result="Success" executed="True" />
              <test-case description="has a description" name="help for Update-CaptionCapitalization.has a description" time="0.0098" asserts="0" success="True" result="Success" executed="True" />
              <test-case description="has example code" name="help for Update-CaptionCapitalization.has example code" time="0.0058" asserts="0" success="True" result="Success" executed="True" />
              <test-case description="has example help" name="help for Update-CaptionCapitalization.has example help" time="0.0039" asserts="0" success="True" result="Success" executed="True" />
            </results>
          </test-suite>
        </results>
      </test-suite>
      <test-suite type="TestFixture" name="E:\Owner\Documents\Google Drive\Programs\Scripts\PowerShell\Permission\tests\Manifest.tests.ps1" executed="True" result="Failure" success="False" time="0.3126" asserts="0" description="E:\Owner\Documents\Google Drive\Programs\Scripts\PowerShell\Permission\tests\Manifest.tests.ps1">
        <results>
          <test-suite type="TestFixture" name="module manifest 'Permission.psd1'" executed="True" result="Failure" success="False" time="0.0681" asserts="0" description="module manifest 'Permission.psd1'">
            <results>
              <test-suite type="TestFixture" name="module manifest 'Permission.psd1'.- Validation" executed="True" result="Failure" success="False" time="0.0646" asserts="0" description="module manifest 'Permission.psd1'.- Validation">
                <results>
                  <test-case description="is a valid manifest" name="module manifest 'Permission.psd1'.- Validation.is a valid manifest" time="0.0049" asserts="0" success="True" result="Success" executed="True" />
                  <test-case description="has a valid name in the manifest" name="module manifest 'Permission.psd1'.- Validation.has a valid name in the manifest" time="0.0054" asserts="0" success="True" result="Success" executed="True" />
                  <test-case description="has a valid root module" name="module manifest 'Permission.psd1'.- Validation.has a valid root module" time="0.0141" asserts="0" success="False" result="Failure" executed="True">
                    <failure>
                      <message>Expected strings to be the same, but they were different.
Expected length: 10
Actual length:   15
Strings differ at index 10.
Expected: 'Permission'
But was:  'Permission.psm1'
           ----------^</message>
                      <stack-trace>at $manifestData.RootModule | Should -Be $moduleName, E:\Owner\Documents\Google Drive\Programs\Scripts\PowerShell\Permission\tests\Manifest.tests.ps1:36
at &lt;ScriptBlock&gt;, E:\Owner\Documents\Google Drive\Programs\Scripts\PowerShell\Permission\tests\Manifest.tests.ps1:36</stack-trace>
                    </failure>
                  </test-case>
                  <test-case description="has a valid version" name="module manifest 'Permission.psd1'.- Validation.has a valid version" time="0.0062" asserts="0" success="True" result="Success" executed="True" />
                  <test-case description="has a valid description" name="module manifest 'Permission.psd1'.- Validation.has a valid description" time="0.0076" asserts="0" success="True" result="Success" executed="True" />
                  <test-case description="has a valid author" name="module manifest 'Permission.psd1'.- Validation.has a valid author" time="0.0103" asserts="0" success="True" result="Success" executed="True" />
                  <test-case description="has a valid guid" name="module manifest 'Permission.psd1'.- Validation.has a valid guid" time="0.0048" asserts="0" success="True" result="Success" executed="True" />
                  <test-case description="has a valid copyright" name="module manifest 'Permission.psd1'.- Validation.has a valid copyright" time="0.0043" asserts="0" success="True" result="Success" executed="True" />
                </results>
              </test-suite>
            </results>
          </test-suite>
          <test-suite type="TestFixture" name="Git tagging" executed="True" result="Ignored" success="True" time="0.0946" asserts="0" description="Git tagging">
            <results>
              <test-suite type="TestFixture" name="Git tagging.- Git tag version ''" executed="True" result="Ignored" success="True" time="0.0174" asserts="0" description="Git tagging.- Git tag version ''">
                <results>
                  <test-case description="is a valid version" name="Git tagging.- Git tag version ''.is a valid version" time="0.0056" asserts="0" success="False" result="Ignored" executed="False" />
                  <test-case description="matches the module manifest version" name="Git tagging.- Git tag version ''.matches the module manifest version" time="0.0027" asserts="0" success="False" result="Ignored" executed="False" />
                </results>
              </test-suite>
            </results>
          </test-suite>
        </results>
      </test-suite>
      <test-suite type="TestFixture" name="E:\Owner\Documents\Google Drive\Programs\Scripts\PowerShell\Permission\tests\Metadata.tests.ps1" executed="True" result="Success" success="True" time="0.1817" asserts="0" description="E:\Owner\Documents\Google Drive\Programs\Scripts\PowerShell\Permission\tests\Metadata.tests.ps1">
[...]
                </results>
              </test-suite>
              <test-suite type="TestFixture" name="text files.- Indentations" executed="True" result="Success" success="True" time="0.0192" asserts="0" description="text files.- Indentations">
                <results>
                  <test-case description="do not use tabs for indentations" name="text files.- Indentations.do not use tabs for indentations" time="0.0047" asserts="0" success="True" result="Success" executed="True" />
                </results>
              </test-suite>
            </results>
          </test-suite>
        </results>
      </test-suite>
      <test-suite type="TestFixture" name="E:\Owner\Documents\Google Drive\Programs\Scripts\PowerShell\Permission\tests\Module.tests.ps1" executed="True" result="Failure" success="False" time="0.667" asserts="0" description="E:\Owner\Documents\Google Drive\Programs\Scripts\PowerShell\Permission\tests\Module.tests.ps1">
        <results>
          <test-suite type="TestFixture" name="'Permission.psd1' Module Manifest Tests" executed="True" result="Success" success="True" time="0.14" asserts="0" description="'Permission.psd1' Module Manifest Tests">
            <results>
              <test-suite type="ParameterizedTest" name="'Permission.psd1' Module Manifest Tests.Module manifest 'Permission.psd1' passes Test-ModuleManifest" executed="True" result="Success" success="True" time="0.1355" asserts="0" description="Module manifest 'Permission.psd1' passes Test-ModuleManifest">
                <results>
                  <test-case description="Module manifest 'Permission.psd1' passes Test-ModuleManifest" name="'Permission.psd1' Module Manifest Tests.Module manifest 'Permission.psd1' passes Test-ModuleManifest(E:\Owner\Documents\Google Drive\Programs\Scripts\PowerShell\Permission\dist\0.0.29\Permission\Permission.psd1)" time="0.1355" asserts="0" success="True" result="Success" executed="True" />
                </results>
              </test-suite>
            </results>
          </test-suite>
          <test-suite type="TestFixture" name="'Permission' Function Tests" executed="True" result="Failure" success="False" time="0.5119" asserts="0" description="'Permission' Function Tests">
            <results>
              <test-suite type="ParameterizedTest" name="'Permission' Function Tests.Script '&lt;Script&gt;' is valid PowerShell" executed="True" result="Failure" success="False" time="0.3546" asserts="0" description="Script '&lt;Script&gt;' is valid PowerShell">
                <results>
                  <test-case description="Script 'E:\Owner\Documents\Google Drive\Programs\Scripts\PowerShell\Permission\dist\0.0.29\Permission\Permission.psd1' is valid PowerShell" name="'Permission' Function Tests.Script 'E:\Owner\Documents\Google Drive\Programs\Scripts\PowerShell\Permission\dist\0.0.29\Permission\Permission.psd1' is valid PowerShell" time="0.0155" asserts="0" success="True" result="Success" executed="True" />
                  <test-case description="Script 'E:\Owner\Documents\Google Drive\Programs\Scripts\PowerShell\Permission\dist\0.0.29\Permission\Permission.psm1' is valid PowerShell" name="'Permission' Function Tests.Script 'E:\Owner\Documents\Google Drive\Programs\Scripts\PowerShell\Permission\dist\0.0.29\Permission\Permission.psm1' is valid PowerShell" time="0.0155" asserts="0" success="True" result="Success" executed="True" />
                  <test-case description="Script 'E:\Owner\Documents\Google Drive\Programs\Scripts\PowerShell\Permission\src\functions\public\Get-FolderAccessList.ps1' is valid PowerShell" name="'Permission' Function Tests.Script 'E:\Owner\Documents\Google Drive\Programs\Scripts\PowerShell\Permission\src\functions\public\Get-FolderAccessList.ps1' is valid PowerShell" time="0.0107" asserts="0" success="True" result="Success" executed="True" />
                  <test-case description="Script 'E:\Owner\Documents\Google Drive\Programs\Scripts\PowerShell\Permission\src\functions\public\Get-FolderPermissionsBlock.ps1' is valid PowerShell" name="'Permission' Function Tests.Script 'E:\Owner\Documents\Google Drive\Programs\Scripts\PowerShell\Permission\src\functions\public\Get-FolderPermissionsBlock.ps1' is valid PowerShell" time="0.0257" asserts="0" success="True" result="Success" executed="True" />
                  <test-case description="Script 'E:\Owner\Documents\Google Drive\Programs\Scripts\PowerShell\Permission\src\functions\public\Get-FolderTableHeader.ps1' is valid PowerShell" name="'Permission' Function Tests.Script 'E:\Owner\Documents\Google Drive\Programs\Scripts\PowerShell\Permission\src\functions\public\Get-FolderTableHeader.ps1' is valid PowerShell" time="0.011" asserts="0" success="True" result="Success" executed="True" />
                  <test-case description="Script 'E:\Owner\Documents\Google Drive\Programs\Scripts\PowerShell\Permission\src\functions\public\Get-HtmlBody.ps1' is valid PowerShell" name="'Permission' Function Tests.Script 'E:\Owner\Documents\Google Drive\Programs\Scripts\PowerShell\Permission\src\functions\public\Get-HtmlBody.ps1' is valid PowerShell" time="0.0095" asserts="0" success="True" result="Success" executed="True" />
                  <test-case description="Script 'E:\Owner\Documents\Google Drive\Programs\Scripts\PowerShell\Permission\src\functions\public\Get-HtmlFolderList.ps1' is valid PowerShell" name="'Permission' Function Tests.Script 'E:\Owner\Documents\Google Drive\Programs\Scripts\PowerShell\Permission\src\functions\public\Get-HtmlFolderList.ps1' is valid PowerShell" time="0.0152" asserts="0" success="True" result="Success" executed="True" />
                  <test-case description="Script 'E:\Owner\Documents\Google Drive\Programs\Scripts\PowerShell\Permission\src\functions\public\Get-PrtgXmlSensorOutput.ps1' is valid PowerShell" name="'Permission' Function Tests.Script 'E:\Owner\Documents\Google Drive\Programs\Scripts\PowerShell\Permission\src\functions\public\Get-PrtgXmlSensorOutput.ps1' is valid PowerShell" time="0.0197" asserts="0" success="True" result="Success" executed="True" />
                  <test-case description="Script 'E:\Owner\Documents\Google Drive\Programs\Scripts\PowerShell\Permission\src\functions\public\Get-ReportDescription.ps1' is valid PowerShell" name="'Permission' Function Tests.Script 'E:\Owner\Documents\Google Drive\Programs\Scripts\PowerShell\Permission\src\functions\public\Get-ReportDescription.ps1' is valid PowerShell" time="0.0076" asserts="0" success="True" result="Success" executed="True" />
                  <test-case description="Script 'E:\Owner\Documents\Google Drive\Programs\Scripts\PowerShell\Permission\src\functions\public\Select-FolderTableProperty.ps1' is valid PowerShell" name="'Permission' Function Tests.Script 'E:\Owner\Documents\Google Drive\Programs\Scripts\PowerShell\Permission\src\functions\public\Select-FolderTableProperty.ps1' is valid PowerShell" time="0.0107" asserts="0" success="True" result="Success" executed="True" />
                  <test-case description="Script 'E:\Owner\Documents\Google Drive\Programs\Scripts\PowerShell\Permission\src\functions\public\Select-UniqueAccountPermission.ps1' is valid PowerShell" name="'Permission' Function Tests.Script 'E:\Owner\Documents\Google Drive\Programs\Scripts\PowerShell\Permission\src\functions\public\Select-UniqueAccountPermission.ps1' is valid PowerShell" time="0.0168" asserts="0" success="True" result="Success" executed="True" />
                  <test-case description="Script 'E:\Owner\Documents\Google Drive\Programs\Scripts\PowerShell\Permission\src\functions\public\test.ps1' is valid PowerShell" name="'Permission' Function Tests.Script 'E:\Owner\Documents\Google Drive\Programs\Scripts\PowerShell\Permission\src\functions\public\test.ps1' is valid PowerShell" time="0.014" asserts="0" success="False" result="Failure" executed="True">
                    <failure>
                      <message>PSArgumentNullException: Cannot process argument because the value of argument "script" is null. Change the value of argument "script" to a non-null value.
MethodInvocationException: Exception calling "Tokenize" with "2" argument(s): "Cannot process argument because the value of argument "script" is null. Change the value of argument "script" to a non-null value."</message>
                      <stack-trace>at &lt;ScriptBlock&gt;, E:\Owner\Documents\Google Drive\Programs\Scripts\PowerShell\Permission\tests\Module.tests.ps1:36</stack-trace>
                    </failure>
                  </test-case>
                  <test-case description="Script 'E:\Owner\Documents\Google Drive\Programs\Scripts\PowerShell\Permission\src\functions\public\Update-CaptionCapitalization.ps1' is valid PowerShell" name="'Permission' Function Tests.Script 'E:\Owner\Documents\Google Drive\Programs\Scripts\PowerShell\Permission\src\functions\public\Update-CaptionCapitalization.ps1' is valid PowerShell" time="0.0108" asserts="0" success="True" result="Success" executed="True" />
                  <test-case description="Script 'E:\Owner\Documents\Google Drive\Programs\Scripts\PowerShell\Permission\src\Permission.psd1' is valid PowerShell" name="'Permission' Function Tests.Script 'E:\Owner\Documents\Google Drive\Programs\Scripts\PowerShell\Permission\src\Permission.psd1' is valid PowerShell" time="0.0118" asserts="0" success="True" result="Success" executed="True" />
                  <test-case description="Script 'E:\Owner\Documents\Google Drive\Programs\Scripts\PowerShell\Permission\src\Permission.psm1' is valid PowerShell" name="'Permission' Function Tests.Script 'E:\Owner\Documents\Google Drive\Programs\Scripts\PowerShell\Permission\src\Permission.psm1' is valid PowerShell" time="0.0116" asserts="0" success="True" result="Success" executed="True" />
                  <test-case description="Script 'E:\Owner\Documents\Google Drive\Programs\Scripts\PowerShell\Permission\tests\functions\public\Get-FolderAccessList.tests.ps1' is valid PowerShell" name="'Permission' Function Tests.Script 'E:\Owner\Documents\Google Drive\Programs\Scripts\PowerShell\Permission\tests\functions\public\Get-FolderAccessList.tests.ps1' is valid PowerShell" time="0.0062" asserts="0" success="True" result="Success" executed="True" />
                  <test-case description="Script 'E:\Owner\Documents\Google Drive\Programs\Scripts\PowerShell\Permission\tests\Function.tests.ps1' is valid PowerShell" name="'Permission' Function Tests.Script 'E:\Owner\Documents\Google Drive\Programs\Scripts\PowerShell\Permission\tests\Function.tests.ps1' is valid PowerShell" time="0.0112" asserts="0" success="True" result="Success" executed="True" />
                  <test-case description="Script 'E:\Owner\Documents\Google Drive\Programs\Scripts\PowerShell\Permission\tests\Help.tests.ps1' is valid PowerShell" name="'Permission' Function Tests.Script 'E:\Owner\Documents\Google Drive\Programs\Scripts\PowerShell\Permission\tests\Help.tests.ps1' is valid PowerShell" time="0.0166" asserts="0" success="True" result="Success" executed="True" />
                  <test-case description="Script 'E:\Owner\Documents\Google Drive\Programs\Scripts\PowerShell\Permission\tests\Manifest.tests.ps1' is valid PowerShell" name="'Permission' Function Tests.Script 'E:\Owner\Documents\Google Drive\Programs\Scripts\PowerShell\Permission\tests\Manifest.tests.ps1' is valid PowerShell" time="0.0138" asserts="0" success="True" result="Success" executed="True" />
                  <test-case description="Script 'E:\Owner\Documents\Google Drive\Programs\Scripts\PowerShell\Permission\tests\Metadata.tests.ps1' is valid PowerShell" name="'Permission' Function Tests.Script 'E:\Owner\Documents\Google Drive\Programs\Scripts\PowerShell\Permission\tests\Metadata.tests.ps1' is valid PowerShell" time="0.0097" asserts="0" success="True" result="Success" executed="True" />
                  <test-case description="Script 'E:\Owner\Documents\Google Drive\Programs\Scripts\PowerShell\Permission\tests\MetaFixers.psm1' is valid PowerShell" name="'Permission' Function Tests.Script 'E:\Owner\Documents\Google Drive\Programs\Scripts\PowerShell\Permission\tests\MetaFixers.psm1' is valid PowerShell" time="0.0065" asserts="0" success="True" result="Success" executed="True" />
                  <test-case description="Script 'E:\Owner\Documents\Google Drive\Programs\Scripts\PowerShell\Permission\tests\Module.tests.ps1' is valid PowerShell" name="'Permission' Function Tests.Script 'E:\Owner\Documents\Google Drive\Programs\Scripts\PowerShell\Permission\tests\Module.tests.ps1' is valid PowerShell" time="0.0124" asserts="0" success="True" result="Success" executed="True" />
                  <test-case description="Script 'E:\Owner\Documents\Google Drive\Programs\Scripts\PowerShell\Permission\tests\Project.tests.ps1' is valid PowerShell" name="'Permission' Function Tests.Script 'E:\Owner\Documents\Google Drive\Programs\Scripts\PowerShell\Permission\tests\Project.tests.ps1' is valid PowerShell" time="0.0152" asserts="0" success="True" result="Success" executed="True" />
                  <test-case description="Script 'E:\Owner\Documents\Google Drive\Programs\Scripts\PowerShell\Permission\tests\ScriptAnalyzerSettings.psd1' is valid PowerShell" name="'Permission' Function Tests.Script 'E:\Owner\Documents\Google Drive\Programs\Scripts\PowerShell\Permission\tests\ScriptAnalyzerSettings.psd1' is valid PowerShell" time="0.0108" asserts="0" success="True" result="Success" executed="True" />
                  <test-case description="Script 'E:\Owner\Documents\Google Drive\Programs\Scripts\PowerShell\Permission\build.ps1' is valid PowerShell" name="'Permission' Function Tests.Script 'E:\Owner\Documents\Google Drive\Programs\Scripts\PowerShell\Permission\build.ps1' is valid PowerShell" time="0.0073" asserts="0" success="True" result="Success" executed="True" />
                  <test-case description="Script 'E:\Owner\Documents\Google Drive\Programs\Scripts\PowerShell\Permission\psakeFile.ps1' is valid PowerShell" name="'Permission' Function Tests.Script 'E:\Owner\Documents\Google Drive\Programs\Scripts\PowerShell\Permission\psakeFile.ps1' is valid PowerShell" time="0.027" asserts="0" success="True" result="Success" executed="True" />
                  <test-case description="Script 'E:\Owner\Documents\Google Drive\Programs\Scripts\PowerShell\Permission\psdependRequirements.psd1' is valid PowerShell" name="'Permission' Function Tests.Script 'E:\Owner\Documents\Google Drive\Programs\Scripts\PowerShell\Permission\psdependRequirements.psd1' is valid PowerShell" time="0.0119" asserts="0" success="True" result="Success" executed="True" />
                </results>
              </test-suite>
            </results>
          </test-suite>
          <test-suite type="TestFixture" name="'Permission.psm1' Module Tests" executed="True" result="Success" success="True" time="0.5349" asserts="0" description="'Permission.psm1' Module Tests">
            <results>
              <test-suite type="ParameterizedTest" name="'Permission.psm1' Module Tests.Module file '&lt;ThisModule&gt;' can be imported without any errors" executed="True" result="Success" success="True" time="0.0184" asserts="0" description="Module file '&lt;ThisModule&gt;' can be imported without any errors">
                <results>
                  <test-case description="Module file 'E:\Owner\Documents\Google Drive\Programs\Scripts\PowerShell\Permission\dist\0.0.29\Permission\Permission.psm1' can be imported without any errors" name="'Permission.psm1' Module Tests.Module file 'E:\Owner\Documents\Google Drive\Programs\Scripts\PowerShell\Permission\dist\0.0.29\Permission\Permission.psm1' can be imported without any errors" time="0.0184" asserts="0" success="True" result="Success" executed="True" />
                </results>
              </test-suite>
            </results>
          </test-suite>
        </results>
      </test-suite>
      <test-suite type="TestFixture" name="E:\Owner\Documents\Google Drive\Programs\Scripts\PowerShell\Permission\tests\Project.tests.ps1" executed="True" result="Success" success="True" time="0.225" asserts="0" description="E:\Owner\Documents\Google Drive\Programs\Scripts\PowerShell\Permission\tests\Project.tests.ps1">
        <results>
          <test-suite type="TestFixture" name="change log" executed="True" result="Success" success="True" time="0.0268" asserts="0" description="change log">
            <results>
              <test-suite type="TestFixture" name="change log.- Version" executed="True" result="Success" success="True" time="0.0243" asserts="0" description="change log.- Version">
                <results>
                  <test-case description="has a valid version" name="change log.- Version.has a valid version" time="0.011" asserts="0" success="True" result="Success" executed="True" />
                  <test-case description="has the same version as the manifest" name="change log.- Version.has the same version as the manifest" time="0.0096" asserts="0" success="True" result="Success" executed="True" />
                </results>
              </test-suite>
            </results>
          </test-suite>
        </results>
      </test-suite>
      <test-suite type="TestFixture" name="E:\Owner\Documents\Google Drive\Programs\Scripts\PowerShell\Permission\tests\functions\public\Get-FolderAccessList.tests.ps1" executed="True" result="Success" success="True" time="0.1009" asserts="0" description="E:\Owner\Documents\Google Drive\Programs\Scripts\PowerShell\Permission\tests\functions\public\Get-FolderAccessList.tests.ps1">
        <results>
          <test-suite type="TestFixture" name="'Get-FolderAccessList.ps1' Function Tests" executed="True" result="Success" success="True" time="0.0244" asserts="0" description="'Get-FolderAccessList.ps1' Function Tests">
            <results>
              <test-suite type="ParameterizedTest" name="'Get-FolderAccessList.ps1' Function Tests.Script file 'Get-FolderAccessList.ps1' can be run without any errors" executed="True" result="Success" success="True" time="0.0067" asserts="0" description="Script file 'Get-FolderAccessList.ps1' can be run without any errors">
                <results>
                  <test-case description="Script file 'Get-FolderAccessList.ps1' can be run without any errors" name="'Get-FolderAccessList.ps1' Function Tests.Script file 'Get-FolderAccessList.ps1' can be run without any errors(&quot;E:\Owner\Documents\Google Drive\Programs\Scripts\PowerShell\Permission\src\functions\public\Get-FolderAccessList.ps1&quot;)" time="0.0067" asserts="0" success="True" result="Success" executed="True" />
                </results>
              </test-suite>
              <test-suite type="ParameterizedTest" name="'Get-FolderAccessList.ps1' Function Tests.Script '&lt;Script&gt;' is valid PowerShell" executed="True" result="Success" success="True" time="0.0078" asserts="0" description="Script '&lt;Script&gt;' is valid PowerShell">
                <results>
                  <test-case description="Script 'E:\Owner\Documents\Google Drive\Programs\Scripts\PowerShell\Permission\src\functions\public\Get-FolderAccessList.ps1' is valid PowerShell" name="'Get-FolderAccessList.ps1' Function Tests.Script 'E:\Owner\Documents\Google Drive\Programs\Scripts\PowerShell\Permission\src\functions\public\Get-FolderAccessList.ps1' is valid PowerShell" time="0.0078" asserts="0" success="True" result="Success" executed="True" />
                </results>
              </test-suite>
            </results>
          </test-suite>
        </results>
      </test-suite>
    </results>
  </test-suite>
</test-results>