<?xml version="1.0" encoding="utf-8" standalone="no"?>
<test-results xmlns:xsi="http://www.w3.org/2001/XMLSchema-instance" xsi:noNamespaceSchemaLocation="nunit_schema_2.5.xsd" name="Pester" total="257" errors="0" failures="46" not-run="0" inconclusive="0" ignored="0" skipped="2" invalid="0" date="2022-09-05" time="22:21:52">
  <environment os-version="10.0.19044" user-domain="JLA-LoftHTPC" cwd="E:\Owner\Documents\Google Drive\Programs\Scripts\PowerShell\Permission\tests" clr-version="Unknown" machine-name="JLA-LOFTHTPC" nunit-version="2.5.8.0" user="Owner" platform="Microsoft Windows 10 Pro|C:\WINDOWS|\Device\Harddisk0\Partition2" />
  <culture-info current-culture="en-US" current-uiculture="en-US" />
  <test-suite type="TestFixture" name="Pester" executed="True" result="Failure" success="False" time="4.7559" asserts="0" description="Pester">
    <results>
      <test-suite type="TestFixture" name="E:\Owner\Documents\Google Drive\Programs\Scripts\PowerShell\Permission\tests\Function.tests.ps1" executed="True" result="Failure" success="False" time="0.5535" asserts="0" description="E:\Owner\Documents\Google Drive\Programs\Scripts\PowerShell\Permission\tests\Function.tests.ps1">
        <results>
          <test-suite type="TestFixture" name="function 'Expand-Folder.ps1'" executed="True" result="Success" success="True" time="0.0277" asserts="0" description="function 'Expand-Folder.ps1'">
            <results>
              <test-suite type="ParameterizedTest" name="function 'Expand-Folder.ps1'.runs without throwing errors" executed="True" result="Success" success="True" time="0.0081" asserts="0" description="runs without throwing errors">
                <results>
                  <test-case description="runs without throwing errors" name="function 'Expand-Folder.ps1'.runs without throwing errors(&quot;E:\Owner\Documents\Google Drive\Programs\Scripts\PowerShell\Permission\src\functions\public\Expand-Folder.ps1&quot;)" time="0.0081" asserts="0" success="True" result="Success" executed="True" />
                </results>
              </test-suite>
              <test-suite type="ParameterizedTest" name="function 'Expand-Folder.ps1'.can be tokenized by the PowerShell parser without any errors" executed="True" result="Success" success="True" time="0.0118" asserts="0" description="can be tokenized by the PowerShell parser without any errors">
                <results>
                  <test-case description="can be tokenized by the PowerShell parser without any errors" name="function 'Expand-Folder.ps1'.can be tokenized by the PowerShell parser without any errors(&quot;E:\Owner\Documents\Google Drive\Programs\Scripts\PowerShell\Permission\src\functions\public\Expand-Folder.ps1&quot;)" time="0.0118" asserts="0" success="True" result="Success" executed="True" />
                </results>
              </test-suite>
            </results>
          </test-suite>
          <test-suite type="TestFixture" name="function 'Format-TimeSpan.ps1'" executed="True" result="Success" success="True" time="0.055" asserts="0" description="function 'Format-TimeSpan.ps1'">
            <results>
              <test-suite type="ParameterizedTest" name="function 'Format-TimeSpan.ps1'.runs without throwing errors" executed="True" result="Success" success="True" time="0.0068" asserts="0" description="runs without throwing errors">
                <results>
                  <test-case description="runs without throwing errors" name="function 'Format-TimeSpan.ps1'.runs without throwing errors(&quot;E:\Owner\Documents\Google Drive\Programs\Scripts\PowerShell\Permission\src\functions\public\Format-TimeSpan.ps1&quot;)" time="0.0068" asserts="0" success="True" result="Success" executed="True" />
                </results>
              </test-suite>
              <test-suite type="ParameterizedTest" name="function 'Format-TimeSpan.ps1'.can be tokenized by the PowerShell parser without any errors" executed="True" result="Success" success="True" time="0.015" asserts="0" description="can be tokenized by the PowerShell parser without any errors">
                <results>
                  <test-case description="can be tokenized by the PowerShell parser without any errors" name="function 'Format-TimeSpan.ps1'.can be tokenized by the PowerShell parser without any errors(&quot;E:\Owner\Documents\Google Drive\Programs\Scripts\PowerShell\Permission\src\functions\public\Format-TimeSpan.ps1&quot;)" time="0.015" asserts="0" success="True" result="Success" executed="True" />
                </results>
              </test-suite>
            </results>
          </test-suite>
          <test-suite type="TestFixture" name="function 'Get-FolderAccessList.ps1'" executed="True" result="Success" success="True" time="0.1138" asserts="0" description="function 'Get-FolderAccessList.ps1'">
            <results>
              <test-suite type="ParameterizedTest" name="function 'Get-FolderAccessList.ps1'.runs without throwing errors" executed="True" result="Success" success="True" time="0.0057" asserts="0" description="runs without throwing errors">
                <results>
                  <test-case description="runs without throwing errors" name="function 'Get-FolderAccessList.ps1'.runs without throwing errors(&quot;E:\Owner\Documents\Google Drive\Programs\Scripts\PowerShell\Permission\src\functions\public\Get-FolderAccessList.ps1&quot;)" time="0.0057" asserts="0" success="True" result="Success" executed="True" />
                </results>
              </test-suite>
              <test-suite type="ParameterizedTest" name="function 'Get-FolderAccessList.ps1'.can be tokenized by the PowerShell parser without any errors" executed="True" result="Success" success="True" time="0.0429" asserts="0" description="can be tokenized by the PowerShell parser without any errors">
                <results>
                  <test-case description="can be tokenized by the PowerShell parser without any errors" name="function 'Get-FolderAccessList.ps1'.can be tokenized by the PowerShell parser without any errors(&quot;E:\Owner\Documents\Google Drive\Programs\Scripts\PowerShell\Permission\src\functions\public\Get-FolderAccessList.ps1&quot;)" time="0.0429" asserts="0" success="True" result="Success" executed="True" />
                </results>
              </test-suite>
            </results>
          </test-suite>
          <test-suite type="TestFixture" name="function 'Get-FolderPermissionsBlock.ps1'" executed="True" result="Success" success="True" time="0.1457" asserts="0" description="function 'Get-FolderPermissionsBlock.ps1'">
            <results>
              <test-suite type="ParameterizedTest" name="function 'Get-FolderPermissionsBlock.ps1'.runs without throwing errors" executed="True" result="Success" success="True" time="0.0164" asserts="0" description="runs without throwing errors">
                <results>
                  <test-case description="runs without throwing errors" name="function 'Get-FolderPermissionsBlock.ps1'.runs without throwing errors(&quot;E:\Owner\Documents\Google Drive\Programs\Scripts\PowerShell\Permission\src\functions\public\Get-FolderPermissionsBlock.ps1&quot;)" time="0.0164" asserts="0" success="True" result="Success" executed="True" />
                </results>
              </test-suite>
              <test-suite type="ParameterizedTest" name="function 'Get-FolderPermissionsBlock.ps1'.can be tokenized by the PowerShell parser without any errors" executed="True" result="Success" success="True" time="0.0118" asserts="0" description="can be tokenized by the PowerShell parser without any errors">
                <results>
                  <test-case description="can be tokenized by the PowerShell parser without any errors" name="function 'Get-FolderPermissionsBlock.ps1'.can be tokenized by the PowerShell parser without any errors(&quot;E:\Owner\Documents\Google Drive\Programs\Scripts\PowerShell\Permission\src\functions\public\Get-FolderPermissionsBlock.ps1&quot;)" time="0.0118" asserts="0" success="True" result="Success" executed="True" />
                </results>
              </test-suite>
            </results>
          </test-suite>
          <test-suite type="TestFixture" name="function 'Get-FolderTableHeader.ps1'" executed="True" result="Success" success="True" time="0.1617" asserts="0" description="function 'Get-FolderTableHeader.ps1'">
            <results>
              <test-suite type="ParameterizedTest" name="function 'Get-FolderTableHeader.ps1'.runs without throwing errors" executed="True" result="Success" success="True" time="0.0073" asserts="0" description="runs without throwing errors">
                <results>
                  <test-case description="runs without throwing errors" name="function 'Get-FolderTableHeader.ps1'.runs without throwing errors(&quot;E:\Owner\Documents\Google Drive\Programs\Scripts\PowerShell\Permission\src\functions\public\Get-FolderTableHeader.ps1&quot;)" time="0.0073" asserts="0" success="True" result="Success" executed="True" />
                </results>
              </test-suite>
              <test-suite type="ParameterizedTest" name="function 'Get-FolderTableHeader.ps1'.can be tokenized by the PowerShell parser without any errors" executed="True" result="Success" success="True" time="0.0056" asserts="0" description="can be tokenized by the PowerShell parser without any errors">
                <results>
                  <test-case description="can be tokenized by the PowerShell parser without any errors" name="function 'Get-FolderTableHeader.ps1'.can be tokenized by the PowerShell parser without any errors(&quot;E:\Owner\Documents\Google Drive\Programs\Scripts\PowerShell\Permission\src\functions\public\Get-FolderTableHeader.ps1&quot;)" time="0.0056" asserts="0" success="True" result="Success" executed="True" />
                </results>
              </test-suite>
            </results>
          </test-suite>
          <test-suite type="TestFixture" name="function 'Get-HtmlBody.ps1'" executed="True" result="Success" success="True" time="0.1931" asserts="0" description="function 'Get-HtmlBody.ps1'">
            <results>
              <test-suite type="ParameterizedTest" name="function 'Get-HtmlBody.ps1'.runs without throwing errors" executed="True" result="Success" success="True" time="0.0189" asserts="0" description="runs without throwing errors">
                <results>
                  <test-case description="runs without throwing errors" name="function 'Get-HtmlBody.ps1'.runs without throwing errors(&quot;E:\Owner\Documents\Google Drive\Programs\Scripts\PowerShell\Permission\src\functions\public\Get-HtmlBody.ps1&quot;)" time="0.0189" asserts="0" success="True" result="Success" executed="True" />
                </results>
              </test-suite>
              <test-suite type="ParameterizedTest" name="function 'Get-HtmlBody.ps1'.can be tokenized by the PowerShell parser without any errors" executed="True" result="Success" success="True" time="0.0092" asserts="0" description="can be tokenized by the PowerShell parser without any errors">
                <results>
                  <test-case description="can be tokenized by the PowerShell parser without any errors" name="function 'Get-HtmlBody.ps1'.can be tokenized by the PowerShell parser without any errors(&quot;E:\Owner\Documents\Google Drive\Programs\Scripts\PowerShell\Permission\src\functions\public\Get-HtmlBody.ps1&quot;)" time="0.0092" asserts="0" success="True" result="Success" executed="True" />
                </results>
              </test-suite>
            </results>
          </test-suite>
          <test-suite type="TestFixture" name="function 'Get-HtmlReportFooter.ps1'" executed="True" result="Success" success="True" time="0.2266" asserts="0" description="function 'Get-HtmlReportFooter.ps1'">
            <results>
              <test-suite type="ParameterizedTest" name="function 'Get-HtmlReportFooter.ps1'.runs without throwing errors" executed="True" result="Success" success="True" time="0.0203" asserts="0" description="runs without throwing errors">
                <results>
                  <test-case description="runs without throwing errors" name="function 'Get-HtmlReportFooter.ps1'.runs without throwing errors(&quot;E:\Owner\Documents\Google Drive\Programs\Scripts\PowerShell\Permission\src\functions\public\Get-HtmlReportFooter.ps1&quot;)" time="0.0203" asserts="0" success="True" result="Success" executed="True" />
                </results>
              </test-suite>
              <test-suite type="ParameterizedTest" name="function 'Get-HtmlReportFooter.ps1'.can be tokenized by the PowerShell parser without any errors" executed="True" result="Success" success="True" time="0.0098" asserts="0" description="can be tokenized by the PowerShell parser without any errors">
                <results>
                  <test-case description="can be tokenized by the PowerShell parser without any errors" name="function 'Get-HtmlReportFooter.ps1'.can be tokenized by the PowerShell parser without any errors(&quot;E:\Owner\Documents\Google Drive\Programs\Scripts\PowerShell\Permission\src\functions\public\Get-HtmlReportFooter.ps1&quot;)" time="0.0098" asserts="0" success="True" result="Success" executed="True" />
                </results>
              </test-suite>
            </results>
          </test-suite>
          <test-suite type="TestFixture" name="function 'Get-PrtgXmlSensorOutput.ps1'" executed="True" result="Success" success="True" time="0.2568" asserts="0" description="function 'Get-PrtgXmlSensorOutput.ps1'">
            <results>
              <test-suite type="ParameterizedTest" name="function 'Get-PrtgXmlSensorOutput.ps1'.runs without throwing errors" executed="True" result="Success" success="True" time="0.0094" asserts="0" description="runs without throwing errors">
                <results>
                  <test-case description="runs without throwing errors" name="function 'Get-PrtgXmlSensorOutput.ps1'.runs without throwing errors(&quot;E:\Owner\Documents\Google Drive\Programs\Scripts\PowerShell\Permission\src\functions\public\Get-PrtgXmlSensorOutput.ps1&quot;)" time="0.0094" asserts="0" success="True" result="Success" executed="True" />
                </results>
              </test-suite>
              <test-suite type="ParameterizedTest" name="function 'Get-PrtgXmlSensorOutput.ps1'.can be tokenized by the PowerShell parser without any errors" executed="True" result="Success" success="True" time="0.0165" asserts="0" description="can be tokenized by the PowerShell parser without any errors">
                <results>
                  <test-case description="can be tokenized by the PowerShell parser without any errors" name="function 'Get-PrtgXmlSensorOutput.ps1'.can be tokenized by the PowerShell parser without any errors(&quot;E:\Owner\Documents\Google Drive\Programs\Scripts\PowerShell\Permission\src\functions\public\Get-PrtgXmlSensorOutput.ps1&quot;)" time="0.0165" asserts="0" success="True" result="Success" executed="True" />
                </results>
              </test-suite>
            </results>
          </test-suite>
          <test-suite type="TestFixture" name="function 'Get-ReportDescription.ps1'" executed="True" result="Success" success="True" time="0.2759" asserts="0" description="function 'Get-ReportDescription.ps1'">
            <results>
              <test-suite type="ParameterizedTest" name="function 'Get-ReportDescription.ps1'.runs without throwing errors" executed="True" result="Success" success="True" time="0.006" asserts="0" description="runs without throwing errors">
                <results>
                  <test-case description="runs without throwing errors" name="function 'Get-ReportDescription.ps1'.runs without throwing errors(&quot;E:\Owner\Documents\Google Drive\Programs\Scripts\PowerShell\Permission\src\functions\public\Get-ReportDescription.ps1&quot;)" time="0.006" asserts="0" success="True" result="Success" executed="True" />
                </results>
              </test-suite>
              <test-suite type="ParameterizedTest" name="function 'Get-ReportDescription.ps1'.can be tokenized by the PowerShell parser without any errors" executed="True" result="Success" success="True" time="0.0095" asserts="0" description="can be tokenized by the PowerShell parser without any errors">
                <results>
                  <test-case description="can be tokenized by the PowerShell parser without any errors" name="function 'Get-ReportDescription.ps1'.can be tokenized by the PowerShell parser without any errors(&quot;E:\Owner\Documents\Google Drive\Programs\Scripts\PowerShell\Permission\src\functions\public\Get-ReportDescription.ps1&quot;)" time="0.0095" asserts="0" success="True" result="Success" executed="True" />
                </results>
              </test-suite>
            </results>
          </test-suite>
          <test-suite type="TestFixture" name="function 'Get-TimeZoneName.ps1'" executed="True" result="Success" success="True" time="0.2984" asserts="0" description="function 'Get-TimeZoneName.ps1'">
            <results>
              <test-suite type="ParameterizedTest" name="function 'Get-TimeZoneName.ps1'.runs without throwing errors" executed="True" result="Success" success="True" time="0.0097" asserts="0" description="runs without throwing errors">
                <results>
                  <test-case description="runs without throwing errors" name="function 'Get-TimeZoneName.ps1'.runs without throwing errors(&quot;E:\Owner\Documents\Google Drive\Programs\Scripts\PowerShell\Permission\src\functions\public\Get-TimeZoneName.ps1&quot;)" time="0.0097" asserts="0" success="True" result="Success" executed="True" />
                </results>
              </test-suite>
              <test-suite type="ParameterizedTest" name="function 'Get-TimeZoneName.ps1'.can be tokenized by the PowerShell parser without any errors" executed="True" result="Success" success="True" time="0.0086" asserts="0" description="can be tokenized by the PowerShell parser without any errors">
                <results>
                  <test-case description="can be tokenized by the PowerShell parser without any errors" name="function 'Get-TimeZoneName.ps1'.can be tokenized by the PowerShell parser without any errors(&quot;E:\Owner\Documents\Google Drive\Programs\Scripts\PowerShell\Permission\src\functions\public\Get-TimeZoneName.ps1&quot;)" time="0.0086" asserts="0" success="True" result="Success" executed="True" />
                </results>
              </test-suite>
            </results>
          </test-suite>
          <test-suite type="TestFixture" name="function 'Select-FolderTableProperty.ps1'" executed="True" result="Success" success="True" time="0.3223" asserts="0" description="function 'Select-FolderTableProperty.ps1'">
            <results>
              <test-suite type="ParameterizedTest" name="function 'Select-FolderTableProperty.ps1'.runs without throwing errors" executed="True" result="Success" success="True" time="0.0082" asserts="0" description="runs without throwing errors">
                <results>
                  <test-case description="runs without throwing errors" name="function 'Select-FolderTableProperty.ps1'.runs without throwing errors(&quot;E:\Owner\Documents\Google Drive\Programs\Scripts\PowerShell\Permission\src\functions\public\Select-FolderTableProperty.ps1&quot;)" time="0.0082" asserts="0" success="True" result="Success" executed="True" />
                </results>
              </test-suite>
              <test-suite type="ParameterizedTest" name="function 'Select-FolderTableProperty.ps1'.can be tokenized by the PowerShell parser without any errors" executed="True" result="Success" success="True" time="0.009" asserts="0" description="can be tokenized by the PowerShell parser without any errors">
                <results>
                  <test-case description="can be tokenized by the PowerShell parser without any errors" name="function 'Select-FolderTableProperty.ps1'.can be tokenized by the PowerShell parser without any errors(&quot;E:\Owner\Documents\Google Drive\Programs\Scripts\PowerShell\Permission\src\functions\public\Select-FolderTableProperty.ps1&quot;)" time="0.009" asserts="0" success="True" result="Success" executed="True" />
                </results>
              </test-suite>
            </results>
          </test-suite>
          <test-suite type="TestFixture" name="function 'Select-UniqueAccountPermission.ps1'" executed="True" result="Success" success="True" time="0.3486" asserts="0" description="function 'Select-UniqueAccountPermission.ps1'">
            <results>
              <test-suite type="ParameterizedTest" name="function 'Select-UniqueAccountPermission.ps1'.runs without throwing errors" executed="True" result="Success" success="True" time="0.0095" asserts="0" description="runs without throwing errors">
                <results>
                  <test-case description="runs without throwing errors" name="function 'Select-UniqueAccountPermission.ps1'.runs without throwing errors(&quot;E:\Owner\Documents\Google Drive\Programs\Scripts\PowerShell\Permission\src\functions\public\Select-UniqueAccountPermission.ps1&quot;)" time="0.0095" asserts="0" success="True" result="Success" executed="True" />
                </results>
              </test-suite>
              <test-suite type="ParameterizedTest" name="function 'Select-UniqueAccountPermission.ps1'.can be tokenized by the PowerShell parser without any errors" executed="True" result="Success" success="True" time="0.0059" asserts="0" description="can be tokenized by the PowerShell parser without any errors">
                <results>
                  <test-case description="can be tokenized by the PowerShell parser without any errors" name="function 'Select-UniqueAccountPermission.ps1'.can be tokenized by the PowerShell parser without any errors(&quot;E:\Owner\Documents\Google Drive\Programs\Scripts\PowerShell\Permission\src\functions\public\Select-UniqueAccountPermission.ps1&quot;)" time="0.0059" asserts="0" success="True" result="Success" executed="True" />
                </results>
              </test-suite>
            </results>
          </test-suite>
          <test-suite type="TestFixture" name="function 'test.ps1'" executed="True" result="Failure" success="False" time="0.3751" asserts="0" description="function 'test.ps1'">
            <results>
              <test-suite type="ParameterizedTest" name="function 'test.ps1'.runs without throwing errors" executed="True" result="Success" success="True" time="0.0061" asserts="0" description="runs without throwing errors">
                <results>
                  <test-case description="runs without throwing errors" name="function 'test.ps1'.runs without throwing errors(&quot;E:\Owner\Documents\Google Drive\Programs\Scripts\PowerShell\Permission\src\functions\public\test.ps1&quot;)" time="0.0061" asserts="0" success="True" result="Success" executed="True" />
                </results>
              </test-suite>
              <test-suite type="ParameterizedTest" name="function 'test.ps1'.can be tokenized by the PowerShell parser without any errors" executed="True" result="Failure" success="False" time="0.0141" asserts="0" description="can be tokenized by the PowerShell parser without any errors">
                <results>
                  <test-case description="can be tokenized by the PowerShell parser without any errors" name="function 'test.ps1'.can be tokenized by the PowerShell parser without any errors(&quot;E:\Owner\Documents\Google Drive\Programs\Scripts\PowerShell\Permission\src\functions\public\test.ps1&quot;)" time="0.0141" asserts="0" success="False" result="Failure" executed="True">
                    <failure>
                      <message>PSArgumentNullException: Cannot process argument because the value of argument "script" is null. Change the value of argument "script" to a non-null value.
MethodInvocationException: Exception calling "Tokenize" with "2" argument(s): "Cannot process argument because the value of argument "script" is null. Change the value of argument "script" to a non-null value."</message>
                      <stack-trace>at &lt;ScriptBlock&gt;, E:\Owner\Documents\Google Drive\Programs\Scripts\PowerShell\Permission\tests\Function.tests.ps1:12</stack-trace>
                    </failure>
                  </test-case>
                </results>
              </test-suite>
            </results>
          </test-suite>
          <test-suite type="TestFixture" name="function 'Update-CaptionCapitalization.ps1'" executed="True" result="Success" success="True" time="0.406" asserts="0" description="function 'Update-CaptionCapitalization.ps1'">
            <results>
              <test-suite type="ParameterizedTest" name="function 'Update-CaptionCapitalization.ps1'.runs without throwing errors" executed="True" result="Success" success="True" time="0.0167" asserts="0" description="runs without throwing errors">
                <results>
                  <test-case description="runs without throwing errors" name="function 'Update-CaptionCapitalization.ps1'.runs without throwing errors(&quot;E:\Owner\Documents\Google Drive\Programs\Scripts\PowerShell\Permission\src\functions\public\Update-CaptionCapitalization.ps1&quot;)" time="0.0167" asserts="0" success="True" result="Success" executed="True" />
                </results>
              </test-suite>
              <test-suite type="ParameterizedTest" name="function 'Update-CaptionCapitalization.ps1'.can be tokenized by the PowerShell parser without any errors" executed="True" result="Success" success="True" time="0.0095" asserts="0" description="can be tokenized by the PowerShell parser without any errors">
                <results>
                  <test-case description="can be tokenized by the PowerShell parser without any errors" name="function 'Update-CaptionCapitalization.ps1'.can be tokenized by the PowerShell parser without any errors(&quot;E:\Owner\Documents\Google Drive\Programs\Scripts\PowerShell\Permission\src\functions\public\Update-CaptionCapitalization.ps1&quot;)" time="0.0095" asserts="0" success="True" result="Success" executed="True" />
                </results>
              </test-suite>
            </results>
          </test-suite>
        </results>
      </test-suite>
      <test-suite type="TestFixture" name="E:\Owner\Documents\Google Drive\Programs\Scripts\PowerShell\Permission\tests\Help.tests.ps1" executed="True" result="Failure" success="False" time="2.8125" asserts="0" description="E:\Owner\Documents\Google Drive\Programs\Scripts\PowerShell\Permission\tests\Help.tests.ps1">
        <results>
          <test-suite type="TestFixture" name="help for Expand-Folder" executed="True" result="Failure" success="False" time="0.5758" asserts="0" description="help for Expand-Folder">
            <results>
              <test-suite type="TestFixture" name="help for Expand-Folder.- Help for parameter 'DebugOutputStream'" executed="True" result="Failure" success="False" time="0.0593" asserts="0" description="help for Expand-Folder.- Help for parameter 'DebugOutputStream'">
                <results>
                  <test-case description="has a description" name="help for Expand-Folder.- Help for parameter 'DebugOutputStream'.has a description" time="0.0064" asserts="0" success="True" result="Success" executed="True" />
                  <test-case description="has the correct [mandatory] value" name="help for Expand-Folder.- Help for parameter 'DebugOutputStream'.has the correct [mandatory] value" time="0.0056" asserts="0" success="True" result="Success" executed="True" />
                  <test-case description="has the correct parameter type" name="help for Expand-Folder.- Help for parameter 'DebugOutputStream'.has the correct parameter type" time="0.0198" asserts="0" success="False" result="Failure" executed="True">
                    <failure>
                      <message>Expected strings to be the same, but they were different.
Expected length: 6
Actual length:   13
Strings differ at index 1.
Expected: 'String'
But was:  'System.String'
           -^</message>
                      <stack-trace>at $parameterHelpType | Should -Be $parameter.ParameterType.Name, E:\Owner\Documents\Google Drive\Programs\Scripts\PowerShell\Permission\tests\Help.tests.ps1:114
at &lt;ScriptBlock&gt;, E:\Owner\Documents\Google Drive\Programs\Scripts\PowerShell\Permission\tests\Help.tests.ps1:114</stack-trace>
                    </failure>
                  </test-case>
                </results>
              </test-suite>
              <test-suite type="TestFixture" name="help for Expand-Folder.- Help for parameter 'Folder'" executed="True" result="Failure" success="False" time="0.1376" asserts="0" description="help for Expand-Folder.- Help for parameter 'Folder'">
                <results>
                  <test-case description="has a description" name="help for Expand-Folder.- Help for parameter 'Folder'.has a description" time="0.0286" asserts="0" success="True" result="Success" executed="True" />
                  <test-case description="has the correct [mandatory] value" name="help for Expand-Folder.- Help for parameter 'Folder'.has the correct [mandatory] value" time="0.0164" asserts="0" success="True" result="Success" executed="True" />
                  <test-case description="has the correct parameter type" name="help for Expand-Folder.- Help for parameter 'Folder'.has the correct parameter type" time="0.0238" asserts="0" success="False" result="Failure" executed="True">
                    <failure>
                      <message>Expected strings to be the same, but they were different.
Expected length: 6
Actual length:   13
Strings differ at index 0.
Expected: 'Object'
But was:  'System.Object'
           ^</message>
                      <stack-trace>at $parameterHelpType | Should -Be $parameter.ParameterType.Name, E:\Owner\Documents\Google Drive\Programs\Scripts\PowerShell\Permission\tests\Help.tests.ps1:114
at &lt;ScriptBlock&gt;, E:\Owner\Documents\Google Drive\Programs\Scripts\PowerShell\Permission\tests\Help.tests.ps1:114</stack-trace>
                    </failure>
                  </test-case>
                </results>
              </test-suite>
              <test-suite type="TestFixture" name="help for Expand-Folder.- Help for parameter 'LevelsOfSubfolders'" executed="True" result="Failure" success="False" time="0.1987" asserts="0" description="help for Expand-Folder.- Help for parameter 'LevelsOfSubfolders'">
                <results>
                  <test-case description="has a description" name="help for Expand-Folder.- Help for parameter 'LevelsOfSubfolders'.has a description" time="0.0177" asserts="0" success="True" result="Success" executed="True" />
                  <test-case description="has the correct [mandatory] value" name="help for Expand-Folder.- Help for parameter 'LevelsOfSubfolders'.has the correct [mandatory] value" time="0.0076" asserts="0" success="True" result="Success" executed="True" />
                  <test-case description="has the correct parameter type" name="help for Expand-Folder.- Help for parameter 'LevelsOfSubfolders'.has the correct parameter type" time="0.0155" asserts="0" success="False" result="Failure" executed="True">
                    <failure>
                      <message>Expected strings to be the same, but they were different.
Expected length: 6
Actual length:   13
Strings differ at index 0.
Expected: 'Object'
But was:  'System.Object'
           ^</message>
                      <stack-trace>at $parameterHelpType | Should -Be $parameter.ParameterType.Name, E:\Owner\Documents\Google Drive\Programs\Scripts\PowerShell\Permission\tests\Help.tests.ps1:114
at &lt;ScriptBlock&gt;, E:\Owner\Documents\Google Drive\Programs\Scripts\PowerShell\Permission\tests\Help.tests.ps1:114</stack-trace>
                    </failure>
                  </test-case>
                </results>
              </test-suite>
              <test-suite type="TestFixture" name="help for Expand-Folder.- Help for parameter 'LogMsgCache'" executed="True" result="Failure" success="False" time="0.2798" asserts="0" description="help for Expand-Folder.- Help for parameter 'LogMsgCache'">
                <results>
                  <test-case description="has a description" name="help for Expand-Folder.- Help for parameter 'LogMsgCache'.has a description" time="0.0221" asserts="0" success="True" result="Success" executed="True" />
                  <test-case description="has the correct [mandatory] value" name="help for Expand-Folder.- Help for parameter 'LogMsgCache'.has the correct [mandatory] value" time="0.0073" asserts="0" success="True" result="Success" executed="True" />
                  <test-case description="has the correct parameter type" name="help for Expand-Folder.- Help for parameter 'LogMsgCache'.has the correct parameter type" time="0.0448" asserts="0" success="False" result="Failure" executed="True">
                    <failure>
                      <message>Expected strings to be the same, but they were different.
Expected length: 9
Actual length:   28
Strings differ at index 0.
Expected: 'Hashtable'
But was:  'System.Collections.Hashtable'
           ^</message>
                      <stack-trace>at $parameterHelpType | Should -Be $parameter.ParameterType.Name, E:\Owner\Documents\Google Drive\Programs\Scripts\PowerShell\Permission\tests\Help.tests.ps1:114
at &lt;ScriptBlock&gt;, E:\Owner\Documents\Google Drive\Programs\Scripts\PowerShell\Permission\tests\Help.tests.ps1:114</stack-trace>
                    </failure>
                  </test-case>
                </results>
              </test-suite>
              <test-suite type="TestFixture" name="help for Expand-Folder.- Help for parameter 'ThreadCount'" executed="True" result="Failure" success="False" time="0.3957" asserts="0" description="help for Expand-Folder.- Help for parameter 'ThreadCount'">
                <results>
                  <test-case description="has a description" name="help for Expand-Folder.- Help for parameter 'ThreadCount'.has a description" time="0.0281" asserts="0" success="True" result="Success" executed="True" />
                  <test-case description="has the correct [mandatory] value" name="help for Expand-Folder.- Help for parameter 'ThreadCount'.has the correct [mandatory] value" time="0.0236" asserts="0" success="True" result="Success" executed="True" />
                  <test-case description="has the correct parameter type" name="help for Expand-Folder.- Help for parameter 'ThreadCount'.has the correct parameter type" time="0.0573" asserts="0" success="False" result="Failure" executed="True">
                    <failure>
                      <message>Expected strings to be the same, but they were different.
Expected length: 6
Actual length:   13
Strings differ at index 0.
Expected: 'UInt16'
But was:  'System.UInt16'
           ^</message>
                      <stack-trace>at $parameterHelpType | Should -Be $parameter.ParameterType.Name, E:\Owner\Documents\Google Drive\Programs\Scripts\PowerShell\Permission\tests\Help.tests.ps1:114
at &lt;ScriptBlock&gt;, E:\Owner\Documents\Google Drive\Programs\Scripts\PowerShell\Permission\tests\Help.tests.ps1:114</stack-trace>
                    </failure>
                  </test-case>
                </results>
              </test-suite>
              <test-suite type="TestFixture" name="help for Expand-Folder.- Help for parameter 'TodaysHostname'" executed="True" result="Failure" success="False" time="0.4866" asserts="0" description="help for Expand-Folder.- Help for parameter 'TodaysHostname'">
                <results>
                  <test-case description="has a description" name="help for Expand-Folder.- Help for parameter 'TodaysHostname'.has a description" time="0.0217" asserts="0" success="True" result="Success" executed="True" />
                  <test-case description="has the correct [mandatory] value" name="help for Expand-Folder.- Help for parameter 'TodaysHostname'.has the correct [mandatory] value" time="0.0053" asserts="0" success="True" result="Success" executed="True" />
                  <test-case description="has the correct parameter type" name="help for Expand-Folder.- Help for parameter 'TodaysHostname'.has the correct parameter type" time="0.056" asserts="0" success="False" result="Failure" executed="True">
                    <failure>
                      <message>Expected strings to be the same, but they were different.
Expected length: 6
Actual length:   13
Strings differ at index 1.
Expected: 'String'
But was:  'System.String'
           -^</message>
                      <stack-trace>at $parameterHelpType | Should -Be $parameter.ParameterType.Name, E:\Owner\Documents\Google Drive\Programs\Scripts\PowerShell\Permission\tests\Help.tests.ps1:114
at &lt;ScriptBlock&gt;, E:\Owner\Documents\Google Drive\Programs\Scripts\PowerShell\Permission\tests\Help.tests.ps1:114</stack-trace>
                    </failure>
                  </test-case>
                </results>
              </test-suite>
              <test-suite type="TestFixture" name="help for Expand-Folder.- Help for parameter 'WhoAmI'" executed="True" result="Failure" success="False" time="0.5437" asserts="0" description="help for Expand-Folder.- Help for parameter 'WhoAmI'">
                <results>
                  <test-case description="has a description" name="help for Expand-Folder.- Help for parameter 'WhoAmI'.has a description" time="0.0076" asserts="0" success="True" result="Success" executed="True" />
                  <test-case description="has the correct [mandatory] value" name="help for Expand-Folder.- Help for parameter 'WhoAmI'.has the correct [mandatory] value" time="0.0091" asserts="0" success="True" result="Success" executed="True" />
                  <test-case description="has the correct parameter type" name="help for Expand-Folder.- Help for parameter 'WhoAmI'.has the correct parameter type" time="0.027" asserts="0" success="False" result="Failure" executed="True">
                    <failure>
                      <message>Expected strings to be the same, but they were different.
Expected length: 6
Actual length:   13
Strings differ at index 1.
Expected: 'String'
But was:  'System.String'
           -^</message>
                      <stack-trace>at $parameterHelpType | Should -Be $parameter.ParameterType.Name, E:\Owner\Documents\Google Drive\Programs\Scripts\PowerShell\Permission\tests\Help.tests.ps1:114
at &lt;ScriptBlock&gt;, E:\Owner\Documents\Google Drive\Programs\Scripts\PowerShell\Permission\tests\Help.tests.ps1:114</stack-trace>
                    </failure>
                  </test-case>
                </results>
              </test-suite>
              <test-case description="is not auto-generated" name="help for Expand-Folder.is not auto-generated" time="0.0051" asserts="0" success="True" result="Success" executed="True" />
              <test-case description="has a description" name="help for Expand-Folder.has a description" time="0.0059" asserts="0" success="True" result="Success" executed="True" />
              <test-case description="has example code" name="help for Expand-Folder.has example code" time="0.003" asserts="0" success="True" result="Success" executed="True" />
              <test-case description="has example help" name="help for Expand-Folder.has example help" time="0.006" asserts="0" success="True" result="Success" executed="True" />
            </results>
          </test-suite>
          <test-suite type="TestFixture" name="help for Format-TimeSpan" executed="True" result="Failure" success="False" time="0.6871" asserts="0" description="help for Format-TimeSpan">
            <results>
              <test-suite type="TestFixture" name="help for Format-TimeSpan.- Help for parameter 'TimeSpan'" executed="True" result="Failure" success="False" time="0.0585" asserts="0" description="help for Format-TimeSpan.- Help for parameter 'TimeSpan'">
                <results>
                  <test-case description="has a description" name="help for Format-TimeSpan.- Help for parameter 'TimeSpan'.has a description" time="0.0147" asserts="0" success="True" result="Success" executed="True" />
                  <test-case description="has the correct [mandatory] value" name="help for Format-TimeSpan.- Help for parameter 'TimeSpan'.has the correct [mandatory] value" time="0.0033" asserts="0" success="True" result="Success" executed="True" />
                  <test-case description="has the correct parameter type" name="help for Format-TimeSpan.- Help for parameter 'TimeSpan'.has the correct parameter type" time="0.0138" asserts="0" success="False" result="Failure" executed="True">
                    <failure>
                      <message>Expected strings to be the same, but they were different.
Expected length: 8
Actual length:   15
Strings differ at index 0.
Expected: 'TimeSpan'
But was:  'System.TimeSpan'
           ^</message>
                      <stack-trace>at $parameterHelpType | Should -Be $parameter.ParameterType.Name, E:\Owner\Documents\Google Drive\Programs\Scripts\PowerShell\Permission\tests\Help.tests.ps1:114
at &lt;ScriptBlock&gt;, E:\Owner\Documents\Google Drive\Programs\Scripts\PowerShell\Permission\tests\Help.tests.ps1:114</stack-trace>
                    </failure>
                  </test-case>
                </results>
              </test-suite>
              <test-suite type="TestFixture" name="help for Format-TimeSpan.- Help for parameter 'UnitsToResolve'" executed="True" result="Failure" success="False" time="0.093" asserts="0" description="help for Format-TimeSpan.- Help for parameter 'UnitsToResolve'">
                <results>
                  <test-case description="has a description" name="help for Format-TimeSpan.- Help for parameter 'UnitsToResolve'.has a description" time="0.008" asserts="0" success="True" result="Success" executed="True" />
                  <test-case description="has the correct [mandatory] value" name="help for Format-TimeSpan.- Help for parameter 'UnitsToResolve'.has the correct [mandatory] value" time="0.011" asserts="0" success="True" result="Success" executed="True" />
                  <test-case description="has the correct parameter type" name="help for Format-TimeSpan.- Help for parameter 'UnitsToResolve'.has the correct parameter type" time="0.0107" asserts="0" success="False" result="Failure" executed="True">
                    <failure>
                      <message>Expected strings to be the same, but they were different.
Expected length: 8
Actual length:   15
Strings differ at index 1.
Expected: 'String[]'
But was:  'System.String[]'
           -^</message>
                      <stack-trace>at $parameterHelpType | Should -Be $parameter.ParameterType.Name, E:\Owner\Documents\Google Drive\Programs\Scripts\PowerShell\Permission\tests\Help.tests.ps1:114
at &lt;ScriptBlock&gt;, E:\Owner\Documents\Google Drive\Programs\Scripts\PowerShell\Permission\tests\Help.tests.ps1:114</stack-trace>
                    </failure>
                  </test-case>
                </results>
              </test-suite>
              <test-case description="is not auto-generated" name="help for Format-TimeSpan.is not auto-generated" time="0.0064" asserts="0" success="True" result="Success" executed="True" />
              <test-case description="has a description" name="help for Format-TimeSpan.has a description" time="0.0059" asserts="0" success="True" result="Success" executed="True" />
              <test-case description="has example code" name="help for Format-TimeSpan.has example code" time="0.0047" asserts="0" success="True" result="Success" executed="True" />
              <test-case description="has example help" name="help for Format-TimeSpan.has example help" time="0.004" asserts="0" success="True" result="Success" executed="True" />
            </results>
          </test-suite>
          <test-suite type="TestFixture" name="help for Get-FolderAccessList" executed="True" result="Failure" success="False" time="1.0012" asserts="0" description="help for Get-FolderAccessList">
            <results>
              <test-suite type="TestFixture" name="help for Get-FolderAccessList.- Help for parameter 'DebugOutputStream'" executed="True" result="Failure" success="False" time="0.069" asserts="0" description="help for Get-FolderAccessList.- Help for parameter 'DebugOutputStream'">
                <results>
                  <test-case description="has a description" name="help for Get-FolderAccessList.- Help for parameter 'DebugOutputStream'.has a description" time="0.0066" asserts="0" success="True" result="Success" executed="True" />
                  <test-case description="has the correct [mandatory] value" name="help for Get-FolderAccessList.- Help for parameter 'DebugOutputStream'.has the correct [mandatory] value" time="0.0048" asserts="0" success="True" result="Success" executed="True" />
                  <test-case description="has the correct parameter type" name="help for Get-FolderAccessList.- Help for parameter 'DebugOutputStream'.has the correct parameter type" time="0.0175" asserts="0" success="False" result="Failure" executed="True">
                    <failure>
                      <message>Expected strings to be the same, but they were different.
Expected length: 6
Actual length:   13
Strings differ at index 1.
Expected: 'String'
But was:  'System.String'
           -^</message>
                      <stack-trace>at $parameterHelpType | Should -Be $parameter.ParameterType.Name, E:\Owner\Documents\Google Drive\Programs\Scripts\PowerShell\Permission\tests\Help.tests.ps1:114
at &lt;ScriptBlock&gt;, E:\Owner\Documents\Google Drive\Programs\Scripts\PowerShell\Permission\tests\Help.tests.ps1:114</stack-trace>
                    </failure>
                  </test-case>
                </results>
              </test-suite>
              <test-suite type="TestFixture" name="help for Get-FolderAccessList.- Help for parameter 'Folder'" executed="True" result="Failure" success="False" time="0.1014" asserts="0" description="help for Get-FolderAccessList.- Help for parameter 'Folder'">
                <results>
                  <test-case description="has a description" name="help for Get-FolderAccessList.- Help for parameter 'Folder'.has a description" time="0.0054" asserts="0" success="True" result="Success" executed="True" />
                  <test-case description="has the correct [mandatory] value" name="help for Get-FolderAccessList.- Help for parameter 'Folder'.has the correct [mandatory] value" time="0.0071" asserts="0" success="True" result="Success" executed="True" />
                  <test-case description="has the correct parameter type" name="help for Get-FolderAccessList.- Help for parameter 'Folder'.has the correct parameter type" time="0.0133" asserts="0" success="False" result="Failure" executed="True">
                    <failure>
                      <message>Expected strings to be the same, but they were different.
Expected length: 6
Actual length:   13
Strings differ at index 0.
Expected: 'Object'
But was:  'System.Object'
           ^</message>
                      <stack-trace>at $parameterHelpType | Should -Be $parameter.ParameterType.Name, E:\Owner\Documents\Google Drive\Programs\Scripts\PowerShell\Permission\tests\Help.tests.ps1:114
at &lt;ScriptBlock&gt;, E:\Owner\Documents\Google Drive\Programs\Scripts\PowerShell\Permission\tests\Help.tests.ps1:114</stack-trace>
                    </failure>
                  </test-case>
                </results>
              </test-suite>
              <test-suite type="TestFixture" name="help for Get-FolderAccessList.- Help for parameter 'LogMsgCache'" executed="True" result="Failure" success="False" time="0.1336" asserts="0" description="help for Get-FolderAccessList.- Help for parameter 'LogMsgCache'">
                <results>
                  <test-case description="has a description" name="help for Get-FolderAccessList.- Help for parameter 'LogMsgCache'.has a description" time="0.0039" asserts="0" success="True" result="Success" executed="True" />
                  <test-case description="has the correct [mandatory] value" name="help for Get-FolderAccessList.- Help for parameter 'LogMsgCache'.has the correct [mandatory] value" time="0.0075" asserts="0" success="True" result="Success" executed="True" />
                  <test-case description="has the correct parameter type" name="help for Get-FolderAccessList.- Help for parameter 'LogMsgCache'.has the correct parameter type" time="0.013" asserts="0" success="False" result="Failure" executed="True">
                    <failure>
                      <message>Expected strings to be the same, but they were different.
Expected length: 9
Actual length:   28
Strings differ at index 0.
Expected: 'Hashtable'
But was:  'System.Collections.Hashtable'
           ^</message>
                      <stack-trace>at $parameterHelpType | Should -Be $parameter.ParameterType.Name, E:\Owner\Documents\Google Drive\Programs\Scripts\PowerShell\Permission\tests\Help.tests.ps1:114
at &lt;ScriptBlock&gt;, E:\Owner\Documents\Google Drive\Programs\Scripts\PowerShell\Permission\tests\Help.tests.ps1:114</stack-trace>
                    </failure>
                  </test-case>
                </results>
              </test-suite>
              <test-suite type="TestFixture" name="help for Get-FolderAccessList.- Help for parameter 'Subfolder'" executed="True" result="Failure" success="False" time="0.1669" asserts="0" description="help for Get-FolderAccessList.- Help for parameter 'Subfolder'">
                <results>
                  <test-case description="has a description" name="help for Get-FolderAccessList.- Help for parameter 'Subfolder'.has a description" time="0.0067" asserts="0" success="True" result="Success" executed="True" />
                  <test-case description="has the correct [mandatory] value" name="help for Get-FolderAccessList.- Help for parameter 'Subfolder'.has the correct [mandatory] value" time="0.0057" asserts="0" success="True" result="Success" executed="True" />
                  <test-case description="has the correct parameter type" name="help for Get-FolderAccessList.- Help for parameter 'Subfolder'.has the correct parameter type" time="0.0137" asserts="0" success="False" result="Failure" executed="True">
                    <failure>
                      <message>Expected strings to be the same, but they were different.
Expected length: 6
Actual length:   13
Strings differ at index 0.
Expected: 'Object'
But was:  'System.Object'
           ^</message>
                      <stack-trace>at $parameterHelpType | Should -Be $parameter.ParameterType.Name, E:\Owner\Documents\Google Drive\Programs\Scripts\PowerShell\Permission\tests\Help.tests.ps1:114
at &lt;ScriptBlock&gt;, E:\Owner\Documents\Google Drive\Programs\Scripts\PowerShell\Permission\tests\Help.tests.ps1:114</stack-trace>
                    </failure>
                  </test-case>
                </results>
              </test-suite>
              <test-suite type="TestFixture" name="help for Get-FolderAccessList.- Help for parameter 'ThreadCount'" executed="True" result="Failure" success="False" time="0.208" asserts="0" description="help for Get-FolderAccessList.- Help for parameter 'ThreadCount'">
                <results>
                  <test-case description="has a description" name="help for Get-FolderAccessList.- Help for parameter 'ThreadCount'.has a description" time="0.0061" asserts="0" success="True" result="Success" executed="True" />
                  <test-case description="has the correct [mandatory] value" name="help for Get-FolderAccessList.- Help for parameter 'ThreadCount'.has the correct [mandatory] value" time="0.0074" asserts="0" success="True" result="Success" executed="True" />
                  <test-case description="has the correct parameter type" name="help for Get-FolderAccessList.- Help for parameter 'ThreadCount'.has the correct parameter type" time="0.0147" asserts="0" success="False" result="Failure" executed="True">
                    <failure>
                      <message>Expected strings to be the same, but they were different.
Expected length: 6
Actual length:   13
Strings differ at index 0.
Expected: 'UInt16'
But was:  'System.UInt16'
           ^</message>
                      <stack-trace>at $parameterHelpType | Should -Be $parameter.ParameterType.Name, E:\Owner\Documents\Google Drive\Programs\Scripts\PowerShell\Permission\tests\Help.tests.ps1:114
at &lt;ScriptBlock&gt;, E:\Owner\Documents\Google Drive\Programs\Scripts\PowerShell\Permission\tests\Help.tests.ps1:114</stack-trace>
                    </failure>
                  </test-case>
                </results>
              </test-suite>
              <test-suite type="TestFixture" name="help for Get-FolderAccessList.- Help for parameter 'TodaysHostname'" executed="True" result="Failure" success="False" time="0.2458" asserts="0" description="help for Get-FolderAccessList.- Help for parameter 'TodaysHostname'">
                <results>
                  <test-case description="has a description" name="help for Get-FolderAccessList.- Help for parameter 'TodaysHostname'.has a description" time="0.0101" asserts="0" success="True" result="Success" executed="True" />
                  <test-case description="has the correct [mandatory] value" name="help for Get-FolderAccessList.- Help for parameter 'TodaysHostname'.has the correct [mandatory] value" time="0.0064" asserts="0" success="True" result="Success" executed="True" />
                  <test-case description="has the correct parameter type" name="help for Get-FolderAccessList.- Help for parameter 'TodaysHostname'.has the correct parameter type" time="0.0154" asserts="0" success="False" result="Failure" executed="True">
                    <failure>
                      <message>Expected strings to be the same, but they were different.
Expected length: 6
Actual length:   13
Strings differ at index 1.
Expected: 'String'
But was:  'System.String'
           -^</message>
                      <stack-trace>at $parameterHelpType | Should -Be $parameter.ParameterType.Name, E:\Owner\Documents\Google Drive\Programs\Scripts\PowerShell\Permission\tests\Help.tests.ps1:114
at &lt;ScriptBlock&gt;, E:\Owner\Documents\Google Drive\Programs\Scripts\PowerShell\Permission\tests\Help.tests.ps1:114</stack-trace>
                    </failure>
                  </test-case>
                </results>
              </test-suite>
              <test-suite type="TestFixture" name="help for Get-FolderAccessList.- Help for parameter 'WhoAmI'" executed="True" result="Failure" success="False" time="0.2943" asserts="0" description="help for Get-FolderAccessList.- Help for parameter 'WhoAmI'">
                <results>
                  <test-case description="has a description" name="help for Get-FolderAccessList.- Help for parameter 'WhoAmI'.has a description" time="0.0074" asserts="0" success="True" result="Success" executed="True" />
                  <test-case description="has the correct [mandatory] value" name="help for Get-FolderAccessList.- Help for parameter 'WhoAmI'.has the correct [mandatory] value" time="0.0068" asserts="0" success="True" result="Success" executed="True" />
                  <test-case description="has the correct parameter type" name="help for Get-FolderAccessList.- Help for parameter 'WhoAmI'.has the correct parameter type" time="0.0151" asserts="0" success="False" result="Failure" executed="True">
                    <failure>
                      <message>Expected strings to be the same, but they were different.
Expected length: 6
Actual length:   13
Strings differ at index 1.
Expected: 'String'
But was:  'System.String'
           -^</message>
                      <stack-trace>at $parameterHelpType | Should -Be $parameter.ParameterType.Name, E:\Owner\Documents\Google Drive\Programs\Scripts\PowerShell\Permission\tests\Help.tests.ps1:114
at &lt;ScriptBlock&gt;, E:\Owner\Documents\Google Drive\Programs\Scripts\PowerShell\Permission\tests\Help.tests.ps1:114</stack-trace>
                    </failure>
                  </test-case>
                </results>
              </test-suite>
              <test-case description="is not auto-generated" name="help for Get-FolderAccessList.is not auto-generated" time="0.0054" asserts="0" success="True" result="Success" executed="True" />
              <test-case description="has a description" name="help for Get-FolderAccessList.has a description" time="0.0111" asserts="0" success="True" result="Success" executed="True" />
              <test-case description="has example code" name="help for Get-FolderAccessList.has example code" time="0.0067" asserts="0" success="True" result="Success" executed="True" />
              <test-case description="has example help" name="help for Get-FolderAccessList.has example help" time="0.0062" asserts="0" success="True" result="Success" executed="True" />
            </results>
          </test-suite>
          <test-suite type="TestFixture" name="help for Get-FolderPermissionsBlock" executed="True" result="Failure" success="False" time="1.1686" asserts="0" description="help for Get-FolderPermissionsBlock">
            <results>
              <test-suite type="TestFixture" name="help for Get-FolderPermissionsBlock.- Help for parameter 'ExcludeAccount'" executed="True" result="Failure" success="False" time="0.0575" asserts="0" description="help for Get-FolderPermissionsBlock.- Help for parameter 'ExcludeAccount'">
                <results>
                  <test-case description="has a description" name="help for Get-FolderPermissionsBlock.- Help for parameter 'ExcludeAccount'.has a description" time="0.0071" asserts="0" success="True" result="Success" executed="True" />
                  <test-case description="has the correct [mandatory] value" name="help for Get-FolderPermissionsBlock.- Help for parameter 'ExcludeAccount'.has the correct [mandatory] value" time="0.0041" asserts="0" success="True" result="Success" executed="True" />
                  <test-case description="has the correct parameter type" name="help for Get-FolderPermissionsBlock.- Help for parameter 'ExcludeAccount'.has the correct parameter type" time="0.0176" asserts="0" success="False" result="Failure" executed="True">
                    <failure>
                      <message>Expected strings to be the same, but they were different.
Expected length: 8
Actual length:   15
Strings differ at index 1.
Expected: 'String[]'
But was:  'System.String[]'
           -^</message>
                      <stack-trace>at $parameterHelpType | Should -Be $parameter.ParameterType.Name, E:\Owner\Documents\Google Drive\Programs\Scripts\PowerShell\Permission\tests\Help.tests.ps1:114
at &lt;ScriptBlock&gt;, E:\Owner\Documents\Google Drive\Programs\Scripts\PowerShell\Permission\tests\Help.tests.ps1:114</stack-trace>
                    </failure>
                  </test-case>
                </results>
              </test-suite>
              <test-suite type="TestFixture" name="help for Get-FolderPermissionsBlock.- Help for parameter 'ExcludeEmptyGroups'" executed="True" result="Failure" success="False" time="0.0895" asserts="0" description="help for Get-FolderPermissionsBlock.- Help for parameter 'ExcludeEmptyGroups'">
                <results>
                  <test-case description="has a description" name="help for Get-FolderPermissionsBlock.- Help for parameter 'ExcludeEmptyGroups'.has a description" time="0.0068" asserts="0" success="True" result="Success" executed="True" />
                  <test-case description="has the correct [mandatory] value" name="help for Get-FolderPermissionsBlock.- Help for parameter 'ExcludeEmptyGroups'.has the correct [mandatory] value" time="0.0057" asserts="0" success="True" result="Success" executed="True" />
                  <test-case description="has the correct parameter type" name="help for Get-FolderPermissionsBlock.- Help for parameter 'ExcludeEmptyGroups'.has the correct parameter type" time="0.015" asserts="0" success="False" result="Failure" executed="True">
                    <failure>
                      <message>Expected strings to be the same, but they were different.
Expected length: 6
Actual length:   13
Strings differ at index 0.
Expected: 'Object'
But was:  'System.Object'
           ^</message>
                      <stack-trace>at $parameterHelpType | Should -Be $parameter.ParameterType.Name, E:\Owner\Documents\Google Drive\Programs\Scripts\PowerShell\Permission\tests\Help.tests.ps1:114
at &lt;ScriptBlock&gt;, E:\Owner\Documents\Google Drive\Programs\Scripts\PowerShell\Permission\tests\Help.tests.ps1:114</stack-trace>
                    </failure>
                  </test-case>
                </results>
              </test-suite>
              <test-suite type="TestFixture" name="help for Get-FolderPermissionsBlock.- Help for parameter 'FolderPermissions'" executed="True" result="Failure" success="False" time="0.1176" asserts="0" description="help for Get-FolderPermissionsBlock.- Help for parameter 'FolderPermissions'">
                <results>
                  <test-case description="has a description" name="help for Get-FolderPermissionsBlock.- Help for parameter 'FolderPermissions'.has a description" time="0.0068" asserts="0" success="True" result="Success" executed="True" />
                  <test-case description="has the correct [mandatory] value" name="help for Get-FolderPermissionsBlock.- Help for parameter 'FolderPermissions'.has the correct [mandatory] value" time="0.0052" asserts="0" success="True" result="Success" executed="True" />
                  <test-case description="has the correct parameter type" name="help for Get-FolderPermissionsBlock.- Help for parameter 'FolderPermissions'.has the correct parameter type" time="0.0119" asserts="0" success="False" result="Failure" executed="True">
                    <failure>
                      <message>Expected strings to be the same, but they were different.
Expected length: 6
Actual length:   13
Strings differ at index 0.
Expected: 'Object'
But was:  'System.Object'
           ^</message>
                      <stack-trace>at $parameterHelpType | Should -Be $parameter.ParameterType.Name, E:\Owner\Documents\Google Drive\Programs\Scripts\PowerShell\Permission\tests\Help.tests.ps1:114
at &lt;ScriptBlock&gt;, E:\Owner\Documents\Google Drive\Programs\Scripts\PowerShell\Permission\tests\Help.tests.ps1:114</stack-trace>
                    </failure>
                  </test-case>
                </results>
              </test-suite>
              <test-suite type="TestFixture" name="help for Get-FolderPermissionsBlock.- Help for parameter 'IgnoreDomain'" executed="True" result="Failure" success="False" time="0.1502" asserts="0" description="help for Get-FolderPermissionsBlock.- Help for parameter 'IgnoreDomain'">
                <results>
                  <test-case description="has a description" name="help for Get-FolderPermissionsBlock.- Help for parameter 'IgnoreDomain'.has a description" time="0.0054" asserts="0" success="True" result="Success" executed="True" />
                  <test-case description="has the correct [mandatory] value" name="help for Get-FolderPermissionsBlock.- Help for parameter 'IgnoreDomain'.has the correct [mandatory] value" time="0.0052" asserts="0" success="True" result="Success" executed="True" />
                  <test-case description="has the correct parameter type" name="help for Get-FolderPermissionsBlock.- Help for parameter 'IgnoreDomain'.has the correct parameter type" time="0.0116" asserts="0" success="False" result="Failure" executed="True">
                    <failure>
                      <message>Expected strings to be the same, but they were different.
Expected length: 8
Actual length:   15
Strings differ at index 1.
Expected: 'String[]'
But was:  'System.String[]'
           -^</message>
                      <stack-trace>at $parameterHelpType | Should -Be $parameter.ParameterType.Name, E:\Owner\Documents\Google Drive\Programs\Scripts\PowerShell\Permission\tests\Help.tests.ps1:114
at &lt;ScriptBlock&gt;, E:\Owner\Documents\Google Drive\Programs\Scripts\PowerShell\Permission\tests\Help.tests.ps1:114</stack-trace>
                    </failure>
                  </test-case>
                </results>
              </test-suite>
              <test-case description="is not auto-generated" name="help for Get-FolderPermissionsBlock.is not auto-generated" time="0.0125" asserts="0" success="True" result="Success" executed="True" />
              <test-case description="has a description" name="help for Get-FolderPermissionsBlock.has a description" time="0.003" asserts="0" success="True" result="Success" executed="True" />
              <test-case description="has example code" name="help for Get-FolderPermissionsBlock.has example code" time="0.0056" asserts="0" success="True" result="Success" executed="True" />
              <test-case description="has example help" name="help for Get-FolderPermissionsBlock.has example help" time="0.0028" asserts="0" success="True" result="Success" executed="True" />
            </results>
          </test-suite>
          <test-suite type="TestFixture" name="help for Get-FolderTableHeader" executed="True" result="Failure" success="False" time="1.2437" asserts="0" description="help for Get-FolderTableHeader">
            <results>
              <test-suite type="TestFixture" name="help for Get-FolderTableHeader.- Help for parameter 'LevelsOfSubfolders'" executed="True" result="Failure" success="False" time="0.0631" asserts="0" description="help for Get-FolderTableHeader.- Help for parameter 'LevelsOfSubfolders'">
                <results>
                  <test-case description="has a description" name="help for Get-FolderTableHeader.- Help for parameter 'LevelsOfSubfolders'.has a description" time="0.0058" asserts="0" success="True" result="Success" executed="True" />
                  <test-case description="has the correct [mandatory] value" name="help for Get-FolderTableHeader.- Help for parameter 'LevelsOfSubfolders'.has the correct [mandatory] value" time="0.0066" asserts="0" success="True" result="Success" executed="True" />
                  <test-case description="has the correct parameter type" name="help for Get-FolderTableHeader.- Help for parameter 'LevelsOfSubfolders'.has the correct parameter type" time="0.0166" asserts="0" success="False" result="Failure" executed="True">
                    <failure>
                      <message>Expected strings to be the same, but they were different.
Expected length: 6
Actual length:   13
Strings differ at index 0.
Expected: 'Object'
But was:  'System.Object'
           ^</message>
                      <stack-trace>at $parameterHelpType | Should -Be $parameter.ParameterType.Name, E:\Owner\Documents\Google Drive\Programs\Scripts\PowerShell\Permission\tests\Help.tests.ps1:114
at &lt;ScriptBlock&gt;, E:\Owner\Documents\Google Drive\Programs\Scripts\PowerShell\Permission\tests\Help.tests.ps1:114</stack-trace>
                    </failure>
                  </test-case>
                </results>
              </test-suite>
              <test-case description="is not auto-generated" name="help for Get-FolderTableHeader.is not auto-generated" time="0.011" asserts="0" success="True" result="Success" executed="True" />
              <test-case description="has a description" name="help for Get-FolderTableHeader.has a description" time="0.004" asserts="0" success="True" result="Success" executed="True" />
              <test-case description="has example code" name="help for Get-FolderTableHeader.has example code" time="0.0062" asserts="0" success="True" result="Success" executed="True" />
              <test-case description="has example help" name="help for Get-FolderTableHeader.has example help" time="0.0066" asserts="0" success="True" result="Success" executed="True" />
            </results>
          </test-suite>
          <test-suite type="TestFixture" name="help for Get-HtmlBody" executed="True" result="Failure" success="False" time="1.5267" asserts="0" description="help for Get-HtmlBody">
            <results>
              <test-suite type="TestFixture" name="help for Get-HtmlBody.- Help for parameter 'FolderList'" executed="True" result="Failure" success="False" time="0.0505" asserts="0" description="help for Get-HtmlBody.- Help for parameter 'FolderList'">
                <results>
                  <test-case description="has a description" name="help for Get-HtmlBody.- Help for parameter 'FolderList'.has a description" time="0.0061" asserts="0" success="True" result="Success" executed="True" />
                  <test-case description="has the correct [mandatory] value" name="help for Get-HtmlBody.- Help for parameter 'FolderList'.has the correct [mandatory] value" time="0.0094" asserts="0" success="True" result="Success" executed="True" />
                  <test-case description="has the correct parameter type" name="help for Get-HtmlBody.- Help for parameter 'FolderList'.has the correct parameter type" time="0.0102" asserts="0" success="False" result="Failure" executed="True">
                    <failure>
                      <message>Expected strings to be the same, but they were different.
Expected length: 6
Actual length:   13
Strings differ at index 0.
Expected: 'Object'
But was:  'System.Object'
           ^</message>
                      <stack-trace>at $parameterHelpType | Should -Be $parameter.ParameterType.Name, E:\Owner\Documents\Google Drive\Programs\Scripts\PowerShell\Permission\tests\Help.tests.ps1:114
at &lt;ScriptBlock&gt;, E:\Owner\Documents\Google Drive\Programs\Scripts\PowerShell\Permission\tests\Help.tests.ps1:114</stack-trace>
                    </failure>
                  </test-case>
                </results>
              </test-suite>
              <test-suite type="TestFixture" name="help for Get-HtmlBody.- Help for parameter 'HtmlExclusions'" executed="True" result="Failure" success="False" time="0.0829" asserts="0" description="help for Get-HtmlBody.- Help for parameter 'HtmlExclusions'">
                <results>
                  <test-case description="has a description" name="help for Get-HtmlBody.- Help for parameter 'HtmlExclusions'.has a description" time="0.0049" asserts="0" success="True" result="Success" executed="True" />
                  <test-case description="has the correct [mandatory] value" name="help for Get-HtmlBody.- Help for parameter 'HtmlExclusions'.has the correct [mandatory] value" time="0.0032" asserts="0" success="True" result="Success" executed="True" />
                  <test-case description="has the correct parameter type" name="help for Get-HtmlBody.- Help for parameter 'HtmlExclusions'.has the correct parameter type" time="0.0193" asserts="0" success="False" result="Failure" executed="True">
                    <failure>
                      <message>Expected strings to be the same, but they were different.
Expected length: 6
Actual length:   13
Strings differ at index 0.
Expected: 'Object'
But was:  'System.Object'
           ^</message>
                      <stack-trace>at $parameterHelpType | Should -Be $parameter.ParameterType.Name, E:\Owner\Documents\Google Drive\Programs\Scripts\PowerShell\Permission\tests\Help.tests.ps1:114
at &lt;ScriptBlock&gt;, E:\Owner\Documents\Google Drive\Programs\Scripts\PowerShell\Permission\tests\Help.tests.ps1:114</stack-trace>
                    </failure>
                  </test-case>
                </results>
              </test-suite>
              <test-suite type="TestFixture" name="help for Get-HtmlBody.- Help for parameter 'HtmlFileList'" executed="True" result="Failure" success="False" time="0.1225" asserts="0" description="help for Get-HtmlBody.- Help for parameter 'HtmlFileList'">
                <results>
                  <test-case description="has a description" name="help for Get-HtmlBody.- Help for parameter 'HtmlFileList'.has a description" time="0.0076" asserts="0" success="True" result="Success" executed="True" />
                  <test-case description="has the correct [mandatory] value" name="help for Get-HtmlBody.- Help for parameter 'HtmlFileList'.has the correct [mandatory] value" time="0.0047" asserts="0" success="True" result="Success" executed="True" />
                  <test-case description="has the correct parameter type" name="help for Get-HtmlBody.- Help for parameter 'HtmlFileList'.has the correct parameter type" time="0.0204" asserts="0" success="False" result="Failure" executed="True">
                    <failure>
                      <message>Expected strings to be the same, but they were different.
Expected length: 6
Actual length:   13
Strings differ at index 0.
Expected: 'Object'
But was:  'System.Object'
           ^</message>
                      <stack-trace>at $parameterHelpType | Should -Be $parameter.ParameterType.Name, E:\Owner\Documents\Google Drive\Programs\Scripts\PowerShell\Permission\tests\Help.tests.ps1:114
at &lt;ScriptBlock&gt;, E:\Owner\Documents\Google Drive\Programs\Scripts\PowerShell\Permission\tests\Help.tests.ps1:114</stack-trace>
                    </failure>
                  </test-case>
                </results>
              </test-suite>
              <test-suite type="TestFixture" name="help for Get-HtmlBody.- Help for parameter 'HtmlFolderPermissions'" executed="True" result="Failure" success="False" time="0.1574" asserts="0" description="help for Get-HtmlBody.- Help for parameter 'HtmlFolderPermissions'">
                <results>
                  <test-case description="has a description" name="help for Get-HtmlBody.- Help for parameter 'HtmlFolderPermissions'.has a description" time="0.0061" asserts="0" success="True" result="Success" executed="True" />
                  <test-case description="has the correct [mandatory] value" name="help for Get-HtmlBody.- Help for parameter 'HtmlFolderPermissions'.has the correct [mandatory] value" time="0.004" asserts="0" success="True" result="Success" executed="True" />
                  <test-case description="has the correct parameter type" name="help for Get-HtmlBody.- Help for parameter 'HtmlFolderPermissions'.has the correct parameter type" time="0.0161" asserts="0" success="False" result="Failure" executed="True">
                    <failure>
                      <message>Expected strings to be the same, but they were different.
Expected length: 6
Actual length:   13
Strings differ at index 0.
Expected: 'Object'
But was:  'System.Object'
           ^</message>
                      <stack-trace>at $parameterHelpType | Should -Be $parameter.ParameterType.Name, E:\Owner\Documents\Google Drive\Programs\Scripts\PowerShell\Permission\tests\Help.tests.ps1:114
at &lt;ScriptBlock&gt;, E:\Owner\Documents\Google Drive\Programs\Scripts\PowerShell\Permission\tests\Help.tests.ps1:114</stack-trace>
                    </failure>
                  </test-case>
                </results>
              </test-suite>
              <test-suite type="TestFixture" name="help for Get-HtmlBody.- Help for parameter 'LogDir'" executed="True" result="Failure" success="False" time="0.198" asserts="0" description="help for Get-HtmlBody.- Help for parameter 'LogDir'">
                <results>
                  <test-case description="has a description" name="help for Get-HtmlBody.- Help for parameter 'LogDir'.has a description" time="0.006" asserts="0" success="True" result="Success" executed="True" />
                  <test-case description="has the correct [mandatory] value" name="help for Get-HtmlBody.- Help for parameter 'LogDir'.has the correct [mandatory] value" time="0.003" asserts="0" success="True" result="Success" executed="True" />
                  <test-case description="has the correct parameter type" name="help for Get-HtmlBody.- Help for parameter 'LogDir'.has the correct parameter type" time="0.0125" asserts="0" success="False" result="Failure" executed="True">
                    <failure>
                      <message>Expected strings to be the same, but they were different.
Expected length: 6
Actual length:   13
Strings differ at index 0.
Expected: 'Object'
But was:  'System.Object'
           ^</message>
                      <stack-trace>at $parameterHelpType | Should -Be $parameter.ParameterType.Name, E:\Owner\Documents\Google Drive\Programs\Scripts\PowerShell\Permission\tests\Help.tests.ps1:114
at &lt;ScriptBlock&gt;, E:\Owner\Documents\Google Drive\Programs\Scripts\PowerShell\Permission\tests\Help.tests.ps1:114</stack-trace>
                    </failure>
                  </test-case>
                </results>
              </test-suite>
              <test-suite type="TestFixture" name="help for Get-HtmlBody.- Help for parameter 'ReportFooter'" executed="True" result="Failure" success="False" time="0.2669" asserts="0" description="help for Get-HtmlBody.- Help for parameter 'ReportFooter'">
                <results>
                  <test-case description="has a description" name="help for Get-HtmlBody.- Help for parameter 'ReportFooter'.has a description" time="0.0448" asserts="0" success="True" result="Success" executed="True" />
                  <test-case description="has the correct [mandatory] value" name="help for Get-HtmlBody.- Help for parameter 'ReportFooter'.has the correct [mandatory] value" time="0.0034" asserts="0" success="True" result="Success" executed="True" />
                  <test-case description="has the correct parameter type" name="help for Get-HtmlBody.- Help for parameter 'ReportFooter'.has the correct parameter type" time="0.0147" asserts="0" success="False" result="Failure" executed="True">
                    <failure>
                      <message>Expected strings to be the same, but they were different.
Expected length: 6
Actual length:   13
Strings differ at index 0.
Expected: 'Object'
But was:  'System.Object'
           ^</message>
                      <stack-trace>at $parameterHelpType | Should -Be $parameter.ParameterType.Name, E:\Owner\Documents\Google Drive\Programs\Scripts\PowerShell\Permission\tests\Help.tests.ps1:114
at &lt;ScriptBlock&gt;, E:\Owner\Documents\Google Drive\Programs\Scripts\PowerShell\Permission\tests\Help.tests.ps1:114</stack-trace>
                    </failure>
                  </test-case>
                </results>
              </test-suite>
              <test-case description="is not auto-generated" name="help for Get-HtmlBody.is not auto-generated" time="0.0063" asserts="0" success="True" result="Success" executed="True" />
              <test-case description="has a description" name="help for Get-HtmlBody.has a description" time="0.003" asserts="0" success="True" result="Success" executed="True" />
[...]
            <results>
              <test-suite type="ParameterizedTest" name="'Permission.psd1' Module Manifest Tests.Module manifest 'Permission.psd1' passes Test-ModuleManifest" executed="True" result="Success" success="True" time="0.1641" asserts="0" description="Module manifest 'Permission.psd1' passes Test-ModuleManifest">
                <results>
                  <test-case description="Module manifest 'Permission.psd1' passes Test-ModuleManifest" name="'Permission.psd1' Module Manifest Tests.Module manifest 'Permission.psd1' passes Test-ModuleManifest(E:\Owner\Documents\Google Drive\Programs\Scripts\PowerShell\Permission\dist\0.0.37\Permission\Permission.psd1)" time="0.1641" asserts="0" success="True" result="Success" executed="True" />
                </results>
              </test-suite>
            </results>
          </test-suite>
          <test-suite type="TestFixture" name="'Permission' Function Tests" executed="True" result="Failure" success="False" time="0.4796" asserts="0" description="'Permission' Function Tests">
            <results>
              <test-suite type="ParameterizedTest" name="'Permission' Function Tests.Script '&lt;Script&gt;' is valid PowerShell" executed="True" result="Failure" success="False" time="0.3033" asserts="0" description="Script '&lt;Script&gt;' is valid PowerShell">
                <results>
                  <test-case description="Script 'E:\Owner\Documents\Google Drive\Programs\Scripts\PowerShell\Permission\dist\0.0.37\Permission\Permission.psd1' is valid PowerShell" name="'Permission' Function Tests.Script 'E:\Owner\Documents\Google Drive\Programs\Scripts\PowerShell\Permission\dist\0.0.37\Permission\Permission.psd1' is valid PowerShell" time="0.0103" asserts="0" success="True" result="Success" executed="True" />
                  <test-case description="Script 'E:\Owner\Documents\Google Drive\Programs\Scripts\PowerShell\Permission\dist\0.0.37\Permission\Permission.psm1' is valid PowerShell" name="'Permission' Function Tests.Script 'E:\Owner\Documents\Google Drive\Programs\Scripts\PowerShell\Permission\dist\0.0.37\Permission\Permission.psm1' is valid PowerShell" time="0.013" asserts="0" success="True" result="Success" executed="True" />
                  <test-case description="Script 'E:\Owner\Documents\Google Drive\Programs\Scripts\PowerShell\Permission\src\functions\public\Expand-Folder.ps1' is valid PowerShell" name="'Permission' Function Tests.Script 'E:\Owner\Documents\Google Drive\Programs\Scripts\PowerShell\Permission\src\functions\public\Expand-Folder.ps1' is valid PowerShell" time="0.0048" asserts="0" success="True" result="Success" executed="True" />
                  <test-case description="Script 'E:\Owner\Documents\Google Drive\Programs\Scripts\PowerShell\Permission\src\functions\public\Format-TimeSpan.ps1' is valid PowerShell" name="'Permission' Function Tests.Script 'E:\Owner\Documents\Google Drive\Programs\Scripts\PowerShell\Permission\src\functions\public\Format-TimeSpan.ps1' is valid PowerShell" time="0.0108" asserts="0" success="True" result="Success" executed="True" />
                  <test-case description="Script 'E:\Owner\Documents\Google Drive\Programs\Scripts\PowerShell\Permission\src\functions\public\Get-FolderAccessList.ps1' is valid PowerShell" name="'Permission' Function Tests.Script 'E:\Owner\Documents\Google Drive\Programs\Scripts\PowerShell\Permission\src\functions\public\Get-FolderAccessList.ps1' is valid PowerShell" time="0.013" asserts="0" success="True" result="Success" executed="True" />
                  <test-case description="Script 'E:\Owner\Documents\Google Drive\Programs\Scripts\PowerShell\Permission\src\functions\public\Get-FolderPermissionsBlock.ps1' is valid PowerShell" name="'Permission' Function Tests.Script 'E:\Owner\Documents\Google Drive\Programs\Scripts\PowerShell\Permission\src\functions\public\Get-FolderPermissionsBlock.ps1' is valid PowerShell" time="0.008" asserts="0" success="True" result="Success" executed="True" />
                  <test-case description="Script 'E:\Owner\Documents\Google Drive\Programs\Scripts\PowerShell\Permission\src\functions\public\Get-FolderTableHeader.ps1' is valid PowerShell" name="'Permission' Function Tests.Script 'E:\Owner\Documents\Google Drive\Programs\Scripts\PowerShell\Permission\src\functions\public\Get-FolderTableHeader.ps1' is valid PowerShell" time="0.0074" asserts="0" success="True" result="Success" executed="True" />
                  <test-case description="Script 'E:\Owner\Documents\Google Drive\Programs\Scripts\PowerShell\Permission\src\functions\public\Get-HtmlBody.ps1' is valid PowerShell" name="'Permission' Function Tests.Script 'E:\Owner\Documents\Google Drive\Programs\Scripts\PowerShell\Permission\src\functions\public\Get-HtmlBody.ps1' is valid PowerShell" time="0.0107" asserts="0" success="True" result="Success" executed="True" />
                  <test-case description="Script 'E:\Owner\Documents\Google Drive\Programs\Scripts\PowerShell\Permission\src\functions\public\Get-HtmlReportFooter.ps1' is valid PowerShell" name="'Permission' Function Tests.Script 'E:\Owner\Documents\Google Drive\Programs\Scripts\PowerShell\Permission\src\functions\public\Get-HtmlReportFooter.ps1' is valid PowerShell" time="0.0083" asserts="0" success="True" result="Success" executed="True" />
                  <test-case description="Script 'E:\Owner\Documents\Google Drive\Programs\Scripts\PowerShell\Permission\src\functions\public\Get-PrtgXmlSensorOutput.ps1' is valid PowerShell" name="'Permission' Function Tests.Script 'E:\Owner\Documents\Google Drive\Programs\Scripts\PowerShell\Permission\src\functions\public\Get-PrtgXmlSensorOutput.ps1' is valid PowerShell" time="0.011" asserts="0" success="True" result="Success" executed="True" />
                  <test-case description="Script 'E:\Owner\Documents\Google Drive\Programs\Scripts\PowerShell\Permission\src\functions\public\Get-ReportDescription.ps1' is valid PowerShell" name="'Permission' Function Tests.Script 'E:\Owner\Documents\Google Drive\Programs\Scripts\PowerShell\Permission\src\functions\public\Get-ReportDescription.ps1' is valid PowerShell" time="0.0094" asserts="0" success="True" result="Success" executed="True" />
                  <test-case description="Script 'E:\Owner\Documents\Google Drive\Programs\Scripts\PowerShell\Permission\src\functions\public\Get-TimeZoneName.ps1' is valid PowerShell" name="'Permission' Function Tests.Script 'E:\Owner\Documents\Google Drive\Programs\Scripts\PowerShell\Permission\src\functions\public\Get-TimeZoneName.ps1' is valid PowerShell" time="0.0127" asserts="0" success="True" result="Success" executed="True" />
                  <test-case description="Script 'E:\Owner\Documents\Google Drive\Programs\Scripts\PowerShell\Permission\src\functions\public\Select-FolderTableProperty.ps1' is valid PowerShell" name="'Permission' Function Tests.Script 'E:\Owner\Documents\Google Drive\Programs\Scripts\PowerShell\Permission\src\functions\public\Select-FolderTableProperty.ps1' is valid PowerShell" time="0.0089" asserts="0" success="True" result="Success" executed="True" />
                  <test-case description="Script 'E:\Owner\Documents\Google Drive\Programs\Scripts\PowerShell\Permission\src\functions\public\Select-UniqueAccountPermission.ps1' is valid PowerShell" name="'Permission' Function Tests.Script 'E:\Owner\Documents\Google Drive\Programs\Scripts\PowerShell\Permission\src\functions\public\Select-UniqueAccountPermission.ps1' is valid PowerShell" time="0.0127" asserts="0" success="True" result="Success" executed="True" />
                  <test-case description="Script 'E:\Owner\Documents\Google Drive\Programs\Scripts\PowerShell\Permission\src\functions\public\test.ps1' is valid PowerShell" name="'Permission' Function Tests.Script 'E:\Owner\Documents\Google Drive\Programs\Scripts\PowerShell\Permission\src\functions\public\test.ps1' is valid PowerShell" time="0.0151" asserts="0" success="False" result="Failure" executed="True">
                    <failure>
                      <message>PSArgumentNullException: Cannot process argument because the value of argument "script" is null. Change the value of argument "script" to a non-null value.
MethodInvocationException: Exception calling "Tokenize" with "2" argument(s): "Cannot process argument because the value of argument "script" is null. Change the value of argument "script" to a non-null value."</message>
                      <stack-trace>at &lt;ScriptBlock&gt;, E:\Owner\Documents\Google Drive\Programs\Scripts\PowerShell\Permission\tests\Module.tests.ps1:36</stack-trace>
                    </failure>
                  </test-case>
                  <test-case description="Script 'E:\Owner\Documents\Google Drive\Programs\Scripts\PowerShell\Permission\src\functions\public\Update-CaptionCapitalization.ps1' is valid PowerShell" name="'Permission' Function Tests.Script 'E:\Owner\Documents\Google Drive\Programs\Scripts\PowerShell\Permission\src\functions\public\Update-CaptionCapitalization.ps1' is valid PowerShell" time="0.0087" asserts="0" success="True" result="Success" executed="True" />
                  <test-case description="Script 'E:\Owner\Documents\Google Drive\Programs\Scripts\PowerShell\Permission\src\Permission.psd1' is valid PowerShell" name="'Permission' Function Tests.Script 'E:\Owner\Documents\Google Drive\Programs\Scripts\PowerShell\Permission\src\Permission.psd1' is valid PowerShell" time="0.0093" asserts="0" success="True" result="Success" executed="True" />
                  <test-case description="Script 'E:\Owner\Documents\Google Drive\Programs\Scripts\PowerShell\Permission\src\Permission.psm1' is valid PowerShell" name="'Permission' Function Tests.Script 'E:\Owner\Documents\Google Drive\Programs\Scripts\PowerShell\Permission\src\Permission.psm1' is valid PowerShell" time="0.0074" asserts="0" success="True" result="Success" executed="True" />
                  <test-case description="Script 'E:\Owner\Documents\Google Drive\Programs\Scripts\PowerShell\Permission\tests\functions\public\Get-FolderAccessList.tests.ps1' is valid PowerShell" name="'Permission' Function Tests.Script 'E:\Owner\Documents\Google Drive\Programs\Scripts\PowerShell\Permission\tests\functions\public\Get-FolderAccessList.tests.ps1' is valid PowerShell" time="0.0118" asserts="0" success="True" result="Success" executed="True" />
                  <test-case description="Script 'E:\Owner\Documents\Google Drive\Programs\Scripts\PowerShell\Permission\tests\Function.tests.ps1' is valid PowerShell" name="'Permission' Function Tests.Script 'E:\Owner\Documents\Google Drive\Programs\Scripts\PowerShell\Permission\tests\Function.tests.ps1' is valid PowerShell" time="0.0084" asserts="0" success="True" result="Success" executed="True" />
                  <test-case description="Script 'E:\Owner\Documents\Google Drive\Programs\Scripts\PowerShell\Permission\tests\Help.tests.ps1' is valid PowerShell" name="'Permission' Function Tests.Script 'E:\Owner\Documents\Google Drive\Programs\Scripts\PowerShell\Permission\tests\Help.tests.ps1' is valid PowerShell" time="0.0161" asserts="0" success="True" result="Success" executed="True" />
                  <test-case description="Script 'E:\Owner\Documents\Google Drive\Programs\Scripts\PowerShell\Permission\tests\Manifest.tests.ps1' is valid PowerShell" name="'Permission' Function Tests.Script 'E:\Owner\Documents\Google Drive\Programs\Scripts\PowerShell\Permission\tests\Manifest.tests.ps1' is valid PowerShell" time="0.0054" asserts="0" success="True" result="Success" executed="True" />
                  <test-case description="Script 'E:\Owner\Documents\Google Drive\Programs\Scripts\PowerShell\Permission\tests\Metadata.tests.ps1' is valid PowerShell" name="'Permission' Function Tests.Script 'E:\Owner\Documents\Google Drive\Programs\Scripts\PowerShell\Permission\tests\Metadata.tests.ps1' is valid PowerShell" time="0.0089" asserts="0" success="True" result="Success" executed="True" />
                  <test-case description="Script 'E:\Owner\Documents\Google Drive\Programs\Scripts\PowerShell\Permission\tests\MetaFixers.psm1' is valid PowerShell" name="'Permission' Function Tests.Script 'E:\Owner\Documents\Google Drive\Programs\Scripts\PowerShell\Permission\tests\MetaFixers.psm1' is valid PowerShell" time="0.0084" asserts="0" success="True" result="Success" executed="True" />
                  <test-case description="Script 'E:\Owner\Documents\Google Drive\Programs\Scripts\PowerShell\Permission\tests\Module.tests.ps1' is valid PowerShell" name="'Permission' Function Tests.Script 'E:\Owner\Documents\Google Drive\Programs\Scripts\PowerShell\Permission\tests\Module.tests.ps1' is valid PowerShell" time="0.0101" asserts="0" success="True" result="Success" executed="True" />
                  <test-case description="Script 'E:\Owner\Documents\Google Drive\Programs\Scripts\PowerShell\Permission\tests\Project.tests.ps1' is valid PowerShell" name="'Permission' Function Tests.Script 'E:\Owner\Documents\Google Drive\Programs\Scripts\PowerShell\Permission\tests\Project.tests.ps1' is valid PowerShell" time="0.0133" asserts="0" success="True" result="Success" executed="True" />
                  <test-case description="Script 'E:\Owner\Documents\Google Drive\Programs\Scripts\PowerShell\Permission\tests\ScriptAnalyzerSettings.psd1' is valid PowerShell" name="'Permission' Function Tests.Script 'E:\Owner\Documents\Google Drive\Programs\Scripts\PowerShell\Permission\tests\ScriptAnalyzerSettings.psd1' is valid PowerShell" time="0.0056" asserts="0" success="True" result="Success" executed="True" />
                  <test-case description="Script 'E:\Owner\Documents\Google Drive\Programs\Scripts\PowerShell\Permission\build.ps1' is valid PowerShell" name="'Permission' Function Tests.Script 'E:\Owner\Documents\Google Drive\Programs\Scripts\PowerShell\Permission\build.ps1' is valid PowerShell" time="0.0096" asserts="0" success="True" result="Success" executed="True" />
                  <test-case description="Script 'E:\Owner\Documents\Google Drive\Programs\Scripts\PowerShell\Permission\psakeFile.ps1' is valid PowerShell" name="'Permission' Function Tests.Script 'E:\Owner\Documents\Google Drive\Programs\Scripts\PowerShell\Permission\psakeFile.ps1' is valid PowerShell" time="0.0153" asserts="0" success="True" result="Success" executed="True" />
                  <test-case description="Script 'E:\Owner\Documents\Google Drive\Programs\Scripts\PowerShell\Permission\psdependRequirements.psd1' is valid PowerShell" name="'Permission' Function Tests.Script 'E:\Owner\Documents\Google Drive\Programs\Scripts\PowerShell\Permission\psdependRequirements.psd1' is valid PowerShell" time="0.0087" asserts="0" success="True" result="Success" executed="True" />
                </results>
              </test-suite>
            </results>
          </test-suite>
          <test-suite type="TestFixture" name="'Permission.psm1' Module Tests" executed="True" result="Success" success="True" time="0.5491" asserts="0" description="'Permission.psm1' Module Tests">
            <results>
              <test-suite type="ParameterizedTest" name="'Permission.psm1' Module Tests.Module file '&lt;ThisModule&gt;' can be imported without any errors" executed="True" result="Success" success="True" time="0.0615" asserts="0" description="Module file '&lt;ThisModule&gt;' can be imported without any errors">
                <results>
                  <test-case description="Module file 'E:\Owner\Documents\Google Drive\Programs\Scripts\PowerShell\Permission\dist\0.0.37\Permission\Permission.psm1' can be imported without any errors" name="'Permission.psm1' Module Tests.Module file 'E:\Owner\Documents\Google Drive\Programs\Scripts\PowerShell\Permission\dist\0.0.37\Permission\Permission.psm1' can be imported without any errors" time="0.0615" asserts="0" success="True" result="Success" executed="True" />
                </results>
              </test-suite>
            </results>
          </test-suite>
        </results>
      </test-suite>
      <test-suite type="TestFixture" name="E:\Owner\Documents\Google Drive\Programs\Scripts\PowerShell\Permission\tests\Project.tests.ps1" executed="True" result="Success" success="True" time="0.1915" asserts="0" description="E:\Owner\Documents\Google Drive\Programs\Scripts\PowerShell\Permission\tests\Project.tests.ps1">
        <results>
          <test-suite type="TestFixture" name="change log" executed="True" result="Success" success="True" time="0.0181" asserts="0" description="change log">
            <results>
              <test-suite type="TestFixture" name="change log.- Version" executed="True" result="Success" success="True" time="0.0146" asserts="0" description="change log.- Version">
                <results>
                  <test-case description="has a valid version" name="change log.- Version.has a valid version" time="0.0054" asserts="0" success="True" result="Success" executed="True" />
                  <test-case description="has the same version as the manifest" name="change log.- Version.has the same version as the manifest" time="0.0031" asserts="0" success="True" result="Success" executed="True" />
                </results>
              </test-suite>
            </results>
          </test-suite>
        </results>
      </test-suite>
      <test-suite type="TestFixture" name="E:\Owner\Documents\Google Drive\Programs\Scripts\PowerShell\Permission\tests\functions\public\Get-FolderAccessList.tests.ps1" executed="True" result="Success" success="True" time="0.076" asserts="0" description="E:\Owner\Documents\Google Drive\Programs\Scripts\PowerShell\Permission\tests\functions\public\Get-FolderAccessList.tests.ps1">
        <results>
          <test-suite type="TestFixture" name="'Get-FolderAccessList.ps1' Function Tests" executed="True" result="Success" success="True" time="0.0213" asserts="0" description="'Get-FolderAccessList.ps1' Function Tests">
            <results>
              <test-suite type="ParameterizedTest" name="'Get-FolderAccessList.ps1' Function Tests.Script file 'Get-FolderAccessList.ps1' can be run without any errors" executed="True" result="Success" success="True" time="0.0102" asserts="0" description="Script file 'Get-FolderAccessList.ps1' can be run without any errors">
                <results>
                  <test-case description="Script file 'Get-FolderAccessList.ps1' can be run without any errors" name="'Get-FolderAccessList.ps1' Function Tests.Script file 'Get-FolderAccessList.ps1' can be run without any errors(&quot;E:\Owner\Documents\Google Drive\Programs\Scripts\PowerShell\Permission\src\functions\public\Get-FolderAccessList.ps1&quot;)" time="0.0102" asserts="0" success="True" result="Success" executed="True" />
                </results>
              </test-suite>
              <test-suite type="ParameterizedTest" name="'Get-FolderAccessList.ps1' Function Tests.Script '&lt;Script&gt;' is valid PowerShell" executed="True" result="Success" success="True" time="0.006" asserts="0" description="Script '&lt;Script&gt;' is valid PowerShell">
                <results>
                  <test-case description="Script 'E:\Owner\Documents\Google Drive\Programs\Scripts\PowerShell\Permission\src\functions\public\Get-FolderAccessList.ps1' is valid PowerShell" name="'Get-FolderAccessList.ps1' Function Tests.Script 'E:\Owner\Documents\Google Drive\Programs\Scripts\PowerShell\Permission\src\functions\public\Get-FolderAccessList.ps1' is valid PowerShell" time="0.006" asserts="0" success="True" result="Success" executed="True" />
                </results>
              </test-suite>
            </results>
          </test-suite>
        </results>
      </test-suite>
    </results>
  </test-suite>
</test-results>